[0.013s] Invoking command in '/home/lzy/ros2/ros2_study/build/robot_state_pub_interface': CMAKE_PREFIX_PATH=${CMAKE_PREFIX_PATH}:/opt/ros/humble /usr/bin/cmake /home/lzy/ros2/ros2_study/src/robot_state_pub_interface -DCMAKE_INSTALL_PREFIX=/home/lzy/ros2/ros2_study/install/robot_state_pub_interface
[0.152s] -- The C compiler identification is GNU 11.4.0
[0.251s] -- The CXX compiler identification is GNU 11.4.0
[0.264s] -- Detecting C compiler ABI info
[0.330s] -- Detecting C compiler ABI info - done
[0.332s] -- Check for working C compiler: /usr/bin/cc - skipped
[0.332s] -- Detecting C compile features
[0.333s] -- Detecting C compile features - done
[0.336s] -- Detecting CXX compiler ABI info
[0.406s] -- Detecting CXX compiler ABI info - done
[0.414s] -- Check for working CXX compiler: /usr/bin/c++ - skipped
[0.415s] -- Detecting CXX compile features
[0.415s] -- Detecting CXX compile features - done
[0.435s] -- Found ament_cmake: 1.3.11 (/opt/ros/humble/share/ament_cmake/cmake)
[0.557s] -- Found Python3: /usr/bin/python3 (found version "3.10.12") found components: Interpreter 
[0.650s] -- Found std_msgs: 4.9.0 (/opt/ros/humble/share/std_msgs/cmake)
[0.690s] -- Found rosidl_generator_c: 3.1.6 (/opt/ros/humble/share/rosidl_generator_c/cmake)
[0.696s] -- Found rosidl_adapter: 3.1.6 (/opt/ros/humble/share/rosidl_adapter/cmake)
[0.710s] -- Found rosidl_generator_cpp: 3.1.6 (/opt/ros/humble/share/rosidl_generator_cpp/cmake)
[0.731s] -- Using all available rosidl_typesupport_c: rosidl_typesupport_fastrtps_c;rosidl_typesupport_introspection_c
[0.749s] -- Using all available rosidl_typesupport_cpp: rosidl_typesupport_fastrtps_cpp;rosidl_typesupport_introspection_cpp
[0.774s] -- Found rosidl_default_generators: 1.2.0 (/opt/ros/humble/share/rosidl_default_generators/cmake)
[0.785s] -- Found ament_lint_auto: 0.12.12 (/opt/ros/humble/share/ament_lint_auto/cmake)
[1.016s] -- Found ament_cmake_ros: 0.10.0 (/opt/ros/humble/share/ament_cmake_ros/cmake)
[1.304s] -- Using all available rosidl_typesupport_c: rosidl_typesupport_fastrtps_c;rosidl_typesupport_introspection_c
[1.410s] -- Using all available rosidl_typesupport_cpp: rosidl_typesupport_fastrtps_cpp;rosidl_typesupport_introspection_cpp
[1.428s] -- Found PythonInterp: /usr/bin/python3 (found suitable version "3.10.12", minimum required is "3.6") 
[1.430s] -- Found python_cmake_module: 0.10.0 (/opt/ros/humble/share/python_cmake_module/cmake)
[1.451s] -- Found PythonLibs: /usr/lib/x86_64-linux-gnu/libpython3.10.so (found suitable version "3.10.12", minimum required is "3.5") 
[1.451s] -- Using PYTHON_EXECUTABLE: /usr/bin/python3
[1.451s] -- Using PYTHON_INCLUDE_DIRS: /usr/include/python3.10
[1.451s] -- Using PYTHON_LIBRARIES: /usr/lib/x86_64-linux-gnu/libpython3.10.so
[1.467s] -- Found PythonExtra: .so  
[1.502s] -- Added test 'lint_cmake' to check CMake code style
[1.503s] -- Added test 'xmllint' to check XML markup files
[1.514s] -- Configuring done
[1.534s] -- Generating done
[1.539s] -- Build files have been written to: /home/lzy/ros2/ros2_study/build/robot_state_pub_interface
[1.546s] Invoked command in '/home/lzy/ros2/ros2_study/build/robot_state_pub_interface' returned '0': CMAKE_PREFIX_PATH=${CMAKE_PREFIX_PATH}:/opt/ros/humble /usr/bin/cmake /home/lzy/ros2/ros2_study/src/robot_state_pub_interface -DCMAKE_INSTALL_PREFIX=/home/lzy/ros2/ros2_study/install/robot_state_pub_interface
[1.547s] Invoking command in '/home/lzy/ros2/ros2_study/build/robot_state_pub_interface': CMAKE_PREFIX_PATH=${CMAKE_PREFIX_PATH}:/opt/ros/humble /usr/bin/cmake --build /home/lzy/ros2/ros2_study/build/robot_state_pub_interface -- -j4 -l4
[1.582s] [  3%] [34m[1mGenerating C code for ROS interfaces[0m
[1.590s] [  6%] [34m[1mGenerating C++ code for ROS interfaces[0m
[1.598s] [  6%] Built target ament_cmake_python_copy_robot_state_pub_interface
[1.734s] running egg_info
[1.734s] creating robot_state_pub_interface.egg-info
[1.734s] [  9%] [32mBuilding C object CMakeFiles/robot_state_pub_interface__rosidl_generator_c.dir/rosidl_generator_c/robot_state_pub_interface/msg/detail/robot_state__functions.c.o[0m
[1.734s] writing robot_state_pub_interface.egg-info/PKG-INFO
[1.734s] writing dependency_links to robot_state_pub_interface.egg-info/dependency_links.txt
[1.734s] writing top-level names to robot_state_pub_interface.egg-info/top_level.txt
[1.735s] writing manifest file 'robot_state_pub_interface.egg-info/SOURCES.txt'
[1.735s] [  9%] Built target robot_state_pub_interface__cpp
[1.738s] reading manifest file 'robot_state_pub_interface.egg-info/SOURCES.txt'
[1.738s] writing manifest file 'robot_state_pub_interface.egg-info/SOURCES.txt'
[1.745s] [ 16%] [34m[1mGenerating C++ introspection for ROS interfaces[0m
[1.745s] [ 16%] [34m[1mGenerating C++ type support for eProsima Fast-RTPS[0m
[1.768s] [ 16%] Built target ament_cmake_python_build_robot_state_pub_interface_egg
[1.778s] [ 19%] [34m[1mGenerating C++ type support dispatch for ROS interfaces[0m
[1.798s] [ 22%] [32m[1mLinking C shared library librobot_state_pub_interface__rosidl_generator_c.so[0m
[1.826s] [ 22%] Built target robot_state_pub_interface__rosidl_generator_c
[1.837s] [ 25%] [34m[1mGenerating C introspection for ROS interfaces[0m
[1.875s] [ 29%] [32mBuilding CXX object CMakeFiles/robot_state_pub_interface__rosidl_typesupport_introspection_cpp.dir/rosidl_typesupport_introspection_cpp/robot_state_pub_interface/msg/detail/robot_state__type_support.cpp.o[0m
[1.875s] [ 32%] [32mBuilding CXX object CMakeFiles/robot_state_pub_interface__rosidl_typesupport_fastrtps_cpp.dir/rosidl_typesupport_fastrtps_cpp/robot_state_pub_interface/msg/detail/dds_fastrtps/robot_state__type_support.cpp.o[0m
[1.912s] [ 35%] [32mBuilding CXX object CMakeFiles/robot_state_pub_interface__rosidl_typesupport_cpp.dir/rosidl_typesupport_cpp/robot_state_pub_interface/msg/robot_state__type_support.cpp.o[0m
[1.989s] [ 38%] [32mBuilding C object CMakeFiles/robot_state_pub_interface__rosidl_typesupport_introspection_c.dir/rosidl_typesupport_introspection_c/robot_state_pub_interface/msg/detail/robot_state__type_support.c.o[0m
[2.020s] [ 41%] [32m[1mLinking C shared library librobot_state_pub_interface__rosidl_typesupport_introspection_c.so[0m
[2.060s] [ 41%] Built target robot_state_pub_interface__rosidl_typesupport_introspection_c
[2.063s] [ 45%] [32m[1mLinking CXX shared library librobot_state_pub_interface__rosidl_typesupport_cpp.so[0m
[2.067s] [ 48%] [34m[1mGenerating C type support dispatch for ROS interfaces[0m
[2.100s] [ 48%] Built target robot_state_pub_interface__rosidl_typesupport_cpp
[2.107s] [ 51%] [34m[1mGenerating C type support for eProsima Fast-RTPS[0m
[2.167s] [ 54%] [32m[1mLinking CXX shared library librobot_state_pub_interface__rosidl_typesupport_introspection_cpp.so[0m
[2.189s] [ 58%] [32m[1mLinking CXX shared library librobot_state_pub_interface__rosidl_typesupport_fastrtps_cpp.so[0m
[2.193s] [ 61%] [32mBuilding CXX object CMakeFiles/robot_state_pub_interface__rosidl_typesupport_c.dir/rosidl_typesupport_c/robot_state_pub_interface/msg/robot_state__type_support.cpp.o[0m
[2.216s] [ 64%] [32m[1mLinking CXX shared library librobot_state_pub_interface__rosidl_typesupport_c.so[0m
[2.221s] [ 64%] Built target robot_state_pub_interface__rosidl_typesupport_introspection_cpp
[2.245s] [ 64%] Built target robot_state_pub_interface__rosidl_typesupport_fastrtps_cpp
[2.253s] [ 64%] Built target robot_state_pub_interface__rosidl_typesupport_c
[2.259s] [ 67%] [32mBuilding CXX object CMakeFiles/robot_state_pub_interface__rosidl_typesupport_fastrtps_c.dir/rosidl_typesupport_fastrtps_c/robot_state_pub_interface/msg/detail/robot_state__type_support_c.cpp.o[0m
[2.461s] [ 70%] [32m[1mLinking CXX shared library librobot_state_pub_interface__rosidl_typesupport_fastrtps_c.so[0m
[2.516s] [ 70%] Built target robot_state_pub_interface__rosidl_typesupport_fastrtps_c
[2.536s] [ 70%] Built target robot_state_pub_interface
[2.555s] [ 74%] [34m[1mGenerating Python code for ROS interfaces[0m
[2.709s] [ 74%] Built target robot_state_pub_interface__py
[2.728s] [ 77%] [32mBuilding C object CMakeFiles/robot_state_pub_interface__rosidl_generator_py.dir/rosidl_generator_py/robot_state_pub_interface/msg/_robot_state_s.c.o[0m
[2.848s] [ 80%] [32m[1mLinking C shared library rosidl_generator_py/robot_state_pub_interface/librobot_state_pub_interface__rosidl_generator_py.so[0m
[2.882s] [ 80%] Built target robot_state_pub_interface__rosidl_generator_py
[2.900s] [ 87%] [32mBuilding C object CMakeFiles/robot_state_pub_interface__rosidl_typesupport_fastrtps_c__pyext.dir/rosidl_generator_py/robot_state_pub_interface/_robot_state_pub_interface_s.ep.rosidl_typesupport_fastrtps_c.c.o[0m
[2.900s] [ 87%] [32mBuilding C object CMakeFiles/robot_state_pub_interface__rosidl_typesupport_c__pyext.dir/rosidl_generator_py/robot_state_pub_interface/_robot_state_pub_interface_s.ep.rosidl_typesupport_c.c.o[0m
[2.900s] [ 90%] [32mBuilding C object CMakeFiles/robot_state_pub_interface__rosidl_typesupport_introspection_c__pyext.dir/rosidl_generator_py/robot_state_pub_interface/_robot_state_pub_interface_s.ep.rosidl_typesupport_introspection_c.c.o[0m
[2.956s] [ 96%] [32m[1mLinking C shared library rosidl_generator_py/robot_state_pub_interface/robot_state_pub_interface_s__rosidl_typesupport_introspection_c.cpython-310-x86_64-linux-gnu.so[0m
[2.956s] [ 93%] [32m[1mLinking C shared library rosidl_generator_py/robot_state_pub_interface/robot_state_pub_interface_s__rosidl_typesupport_c.cpython-310-x86_64-linux-gnu.so[0m
[2.957s] [100%] [32m[1mLinking C shared library rosidl_generator_py/robot_state_pub_interface/robot_state_pub_interface_s__rosidl_typesupport_fastrtps_c.cpython-310-x86_64-linux-gnu.so[0m
[2.986s] [100%] Built target robot_state_pub_interface__rosidl_typesupport_c__pyext
[2.986s] [100%] Built target robot_state_pub_interface__rosidl_typesupport_introspection_c__pyext
[2.986s] [100%] Built target robot_state_pub_interface__rosidl_typesupport_fastrtps_c__pyext
[2.994s] Invoked command in '/home/lzy/ros2/ros2_study/build/robot_state_pub_interface' returned '0': CMAKE_PREFIX_PATH=${CMAKE_PREFIX_PATH}:/opt/ros/humble /usr/bin/cmake --build /home/lzy/ros2/ros2_study/build/robot_state_pub_interface -- -j4 -l4
[3.002s] Invoking command in '/home/lzy/ros2/ros2_study/build/robot_state_pub_interface': CMAKE_PREFIX_PATH=${CMAKE_PREFIX_PATH}:/opt/ros/humble /usr/bin/cmake --install /home/lzy/ros2/ros2_study/build/robot_state_pub_interface
[3.008s] -- Install configuration: ""
[3.008s] -- Installing: /home/lzy/ros2/ros2_study/install/robot_state_pub_interface/share/ament_index/resource_index/rosidl_interfaces/robot_state_pub_interface
[3.008s] -- Installing: /home/lzy/ros2/ros2_study/install/robot_state_pub_interface/include/robot_state_pub_interface/robot_state_pub_interface
[3.008s] -- Installing: /home/lzy/ros2/ros2_study/install/robot_state_pub_interface/include/robot_state_pub_interface/robot_state_pub_interface/msg
[3.008s] -- Installing: /home/lzy/ros2/ros2_study/install/robot_state_pub_interface/include/robot_state_pub_interface/robot_state_pub_interface/msg/detail
[3.008s] -- Installing: /home/lzy/ros2/ros2_study/install/robot_state_pub_interface/include/robot_state_pub_interface/robot_state_pub_interface/msg/detail/robot_state__functions.c
[3.008s] -- Installing: /home/lzy/ros2/ros2_study/install/robot_state_pub_interface/include/robot_state_pub_interface/robot_state_pub_interface/msg/detail/robot_state__functions.h
[3.009s] -- Installing: /home/lzy/ros2/ros2_study/install/robot_state_pub_interface/include/robot_state_pub_interface/robot_state_pub_interface/msg/detail/robot_state__type_support.h
[3.009s] -- Installing: /home/lzy/ros2/ros2_study/install/robot_state_pub_interface/include/robot_state_pub_interface/robot_state_pub_interface/msg/detail/robot_state__struct.h
[3.009s] -- Installing: /home/lzy/ros2/ros2_study/install/robot_state_pub_interface/include/robot_state_pub_interface/robot_state_pub_interface/msg/rosidl_generator_c__visibility_control.h
[3.009s] -- Installing: /home/lzy/ros2/ros2_study/install/robot_state_pub_interface/include/robot_state_pub_interface/robot_state_pub_interface/msg/robot_state.h
[3.009s] -- Installing: /home/lzy/ros2/ros2_study/install/robot_state_pub_interface/share/robot_state_pub_interface/environment/library_path.sh
[3.009s] -- Installing: /home/lzy/ros2/ros2_study/install/robot_state_pub_interface/share/robot_state_pub_interface/environment/library_path.dsv
[3.009s] -- Installing: /home/lzy/ros2/ros2_study/install/robot_state_pub_interface/lib/librobot_state_pub_interface__rosidl_generator_c.so
[3.009s] -- Set runtime path of "/home/lzy/ros2/ros2_study/install/robot_state_pub_interface/lib/librobot_state_pub_interface__rosidl_generator_c.so" to ""
[3.009s] -- Up-to-date: /home/lzy/ros2/ros2_study/install/robot_state_pub_interface/include/robot_state_pub_interface/robot_state_pub_interface
[3.009s] -- Up-to-date: /home/lzy/ros2/ros2_study/install/robot_state_pub_interface/include/robot_state_pub_interface/robot_state_pub_interface/msg
[3.009s] -- Up-to-date: /home/lzy/ros2/ros2_study/install/robot_state_pub_interface/include/robot_state_pub_interface/robot_state_pub_interface/msg/detail
[3.009s] -- Installing: /home/lzy/ros2/ros2_study/install/robot_state_pub_interface/include/robot_state_pub_interface/robot_state_pub_interface/msg/detail/robot_state__rosidl_typesupport_fastrtps_c.h
[3.009s] -- Installing: /home/lzy/ros2/ros2_study/install/robot_state_pub_interface/include/robot_state_pub_interface/robot_state_pub_interface/msg/rosidl_typesupport_fastrtps_c__visibility_control.h
[3.009s] -- Installing: /home/lzy/ros2/ros2_study/install/robot_state_pub_interface/lib/librobot_state_pub_interface__rosidl_typesupport_fastrtps_c.so
[3.010s] -- Set runtime path of "/home/lzy/ros2/ros2_study/install/robot_state_pub_interface/lib/librobot_state_pub_interface__rosidl_typesupport_fastrtps_c.so" to ""
[3.010s] -- Up-to-date: /home/lzy/ros2/ros2_study/install/robot_state_pub_interface/include/robot_state_pub_interface/robot_state_pub_interface
[3.010s] -- Up-to-date: /home/lzy/ros2/ros2_study/install/robot_state_pub_interface/include/robot_state_pub_interface/robot_state_pub_interface/msg
[3.010s] -- Installing: /home/lzy/ros2/ros2_study/install/robot_state_pub_interface/include/robot_state_pub_interface/robot_state_pub_interface/msg/robot_state.hpp
[3.010s] -- Up-to-date: /home/lzy/ros2/ros2_study/install/robot_state_pub_interface/include/robot_state_pub_interface/robot_state_pub_interface/msg/detail
[3.010s] -- Installing: /home/lzy/ros2/ros2_study/install/robot_state_pub_interface/include/robot_state_pub_interface/robot_state_pub_interface/msg/detail/robot_state__struct.hpp
[3.010s] -- Installing: /home/lzy/ros2/ros2_study/install/robot_state_pub_interface/include/robot_state_pub_interface/robot_state_pub_interface/msg/detail/robot_state__builder.hpp
[3.010s] -- Installing: /home/lzy/ros2/ros2_study/install/robot_state_pub_interface/include/robot_state_pub_interface/robot_state_pub_interface/msg/detail/robot_state__type_support.hpp
[3.010s] -- Installing: /home/lzy/ros2/ros2_study/install/robot_state_pub_interface/include/robot_state_pub_interface/robot_state_pub_interface/msg/detail/robot_state__traits.hpp
[3.010s] -- Installing: /home/lzy/ros2/ros2_study/install/robot_state_pub_interface/include/robot_state_pub_interface/robot_state_pub_interface/msg/rosidl_generator_cpp__visibility_control.hpp
[3.010s] -- Up-to-date: /home/lzy/ros2/ros2_study/install/robot_state_pub_interface/include/robot_state_pub_interface/robot_state_pub_interface
[3.010s] -- Up-to-date: /home/lzy/ros2/ros2_study/install/robot_state_pub_interface/include/robot_state_pub_interface/robot_state_pub_interface/msg
[3.010s] -- Up-to-date: /home/lzy/ros2/ros2_study/install/robot_state_pub_interface/include/robot_state_pub_interface/robot_state_pub_interface/msg/detail
[3.010s] -- Installing: /home/lzy/ros2/ros2_study/install/robot_state_pub_interface/include/robot_state_pub_interface/robot_state_pub_interface/msg/detail/dds_fastrtps
[3.010s] -- Installing: /home/lzy/ros2/ros2_study/install/robot_state_pub_interface/include/robot_state_pub_interface/robot_state_pub_interface/msg/detail/robot_state__rosidl_typesupport_fastrtps_cpp.hpp
[3.010s] -- Installing: /home/lzy/ros2/ros2_study/install/robot_state_pub_interface/include/robot_state_pub_interface/robot_state_pub_interface/msg/rosidl_typesupport_fastrtps_cpp__visibility_control.h
[3.010s] -- Installing: /home/lzy/ros2/ros2_study/install/robot_state_pub_interface/lib/librobot_state_pub_interface__rosidl_typesupport_fastrtps_cpp.so
[3.010s] -- Set runtime path of "/home/lzy/ros2/ros2_study/install/robot_state_pub_interface/lib/librobot_state_pub_interface__rosidl_typesupport_fastrtps_cpp.so" to ""
[3.010s] -- Up-to-date: /home/lzy/ros2/ros2_study/install/robot_state_pub_interface/include/robot_state_pub_interface/robot_state_pub_interface
[3.011s] -- Up-to-date: /home/lzy/ros2/ros2_study/install/robot_state_pub_interface/include/robot_state_pub_interface/robot_state_pub_interface/msg
[3.011s] -- Up-to-date: /home/lzy/ros2/ros2_study/install/robot_state_pub_interface/include/robot_state_pub_interface/robot_state_pub_interface/msg/detail
[3.011s] -- Installing: /home/lzy/ros2/ros2_study/install/robot_state_pub_interface/include/robot_state_pub_interface/robot_state_pub_interface/msg/detail/robot_state__type_support.c
[3.011s] -- Installing: /home/lzy/ros2/ros2_study/install/robot_state_pub_interface/include/robot_state_pub_interface/robot_state_pub_interface/msg/detail/robot_state__rosidl_typesupport_introspection_c.h
[3.011s] -- Installing: /home/lzy/ros2/ros2_study/install/robot_state_pub_interface/include/robot_state_pub_interface/robot_state_pub_interface/msg/rosidl_typesupport_introspection_c__visibility_control.h
[3.011s] -- Installing: /home/lzy/ros2/ros2_study/install/robot_state_pub_interface/lib/librobot_state_pub_interface__rosidl_typesupport_introspection_c.so
[3.011s] -- Set runtime path of "/home/lzy/ros2/ros2_study/install/robot_state_pub_interface/lib/librobot_state_pub_interface__rosidl_typesupport_introspection_c.so" to ""
[3.011s] -- Installing: /home/lzy/ros2/ros2_study/install/robot_state_pub_interface/lib/librobot_state_pub_interface__rosidl_typesupport_c.so
[3.011s] -- Set runtime path of "/home/lzy/ros2/ros2_study/install/robot_state_pub_interface/lib/librobot_state_pub_interface__rosidl_typesupport_c.so" to ""
[3.011s] -- Up-to-date: /home/lzy/ros2/ros2_study/install/robot_state_pub_interface/include/robot_state_pub_interface/robot_state_pub_interface
[3.011s] -- Up-to-date: /home/lzy/ros2/ros2_study/install/robot_state_pub_interface/include/robot_state_pub_interface/robot_state_pub_interface/msg
[3.011s] -- Up-to-date: /home/lzy/ros2/ros2_study/install/robot_state_pub_interface/include/robot_state_pub_interface/robot_state_pub_interface/msg/detail
[3.011s] -- Installing: /home/lzy/ros2/ros2_study/install/robot_state_pub_interface/include/robot_state_pub_interface/robot_state_pub_interface/msg/detail/robot_state__type_support.cpp
[3.011s] -- Installing: /home/lzy/ros2/ros2_study/install/robot_state_pub_interface/include/robot_state_pub_interface/robot_state_pub_interface/msg/detail/robot_state__rosidl_typesupport_introspection_cpp.hpp
[3.011s] -- Installing: /home/lzy/ros2/ros2_study/install/robot_state_pub_interface/lib/librobot_state_pub_interface__rosidl_typesupport_introspection_cpp.so
[3.011s] -- Set runtime path of "/home/lzy/ros2/ros2_study/install/robot_state_pub_interface/lib/librobot_state_pub_interface__rosidl_typesupport_introspection_cpp.so" to ""
[3.011s] -- Installing: /home/lzy/ros2/ros2_study/install/robot_state_pub_interface/lib/librobot_state_pub_interface__rosidl_typesupport_cpp.so
[3.012s] -- Set runtime path of "/home/lzy/ros2/ros2_study/install/robot_state_pub_interface/lib/librobot_state_pub_interface__rosidl_typesupport_cpp.so" to ""
[3.012s] -- Installing: /home/lzy/ros2/ros2_study/install/robot_state_pub_interface/share/robot_state_pub_interface/environment/pythonpath.sh
[3.012s] -- Installing: /home/lzy/ros2/ros2_study/install/robot_state_pub_interface/share/robot_state_pub_interface/environment/pythonpath.dsv
[3.012s] -- Installing: /home/lzy/ros2/ros2_study/install/robot_state_pub_interface/local/lib/python3.10/dist-packages/robot_state_pub_interface-0.0.0-py3.10.egg-info
[3.012s] -- Installing: /home/lzy/ros2/ros2_study/install/robot_state_pub_interface/local/lib/python3.10/dist-packages/robot_state_pub_interface-0.0.0-py3.10.egg-info/dependency_links.txt
[3.012s] -- Installing: /home/lzy/ros2/ros2_study/install/robot_state_pub_interface/local/lib/python3.10/dist-packages/robot_state_pub_interface-0.0.0-py3.10.egg-info/SOURCES.txt
[3.012s] -- Installing: /home/lzy/ros2/ros2_study/install/robot_state_pub_interface/local/lib/python3.10/dist-packages/robot_state_pub_interface-0.0.0-py3.10.egg-info/top_level.txt
[3.012s] -- Installing: /home/lzy/ros2/ros2_study/install/robot_state_pub_interface/local/lib/python3.10/dist-packages/robot_state_pub_interface-0.0.0-py3.10.egg-info/PKG-INFO
[3.012s] -- Installing: /home/lzy/ros2/ros2_study/install/robot_state_pub_interface/local/lib/python3.10/dist-packages/robot_state_pub_interface
[3.012s] -- Installing: /home/lzy/ros2/ros2_study/install/robot_state_pub_interface/local/lib/python3.10/dist-packages/robot_state_pub_interface/robot_state_pub_interface_s__rosidl_typesupport_introspection_c.cpython-310-x86_64-linux-gnu.so
[3.012s] -- Installing: /home/lzy/ros2/ros2_study/install/robot_state_pub_interface/local/lib/python3.10/dist-packages/robot_state_pub_interface/_robot_state_pub_interface_s.ep.rosidl_typesupport_fastrtps_c.c
[3.013s] -- Installing: /home/lzy/ros2/ros2_study/install/robot_state_pub_interface/local/lib/python3.10/dist-packages/robot_state_pub_interface/librobot_state_pub_interface__rosidl_generator_py.so
[3.013s] -- Installing: /home/lzy/ros2/ros2_study/install/robot_state_pub_interface/local/lib/python3.10/dist-packages/robot_state_pub_interface/__init__.py
[3.013s] -- Installing: /home/lzy/ros2/ros2_study/install/robot_state_pub_interface/local/lib/python3.10/dist-packages/robot_state_pub_interface/msg
[3.013s] -- Installing: /home/lzy/ros2/ros2_study/install/robot_state_pub_interface/local/lib/python3.10/dist-packages/robot_state_pub_interface/msg/_robot_state.py
[3.013s] -- Installing: /home/lzy/ros2/ros2_study/install/robot_state_pub_interface/local/lib/python3.10/dist-packages/robot_state_pub_interface/msg/__init__.py
[3.013s] -- Installing: /home/lzy/ros2/ros2_study/install/robot_state_pub_interface/local/lib/python3.10/dist-packages/robot_state_pub_interface/msg/_robot_state_s.c
[3.013s] -- Installing: /home/lzy/ros2/ros2_study/install/robot_state_pub_interface/local/lib/python3.10/dist-packages/robot_state_pub_interface/_robot_state_pub_interface_s.ep.rosidl_typesupport_c.c
[3.013s] -- Installing: /home/lzy/ros2/ros2_study/install/robot_state_pub_interface/local/lib/python3.10/dist-packages/robot_state_pub_interface/_robot_state_pub_interface_s.ep.rosidl_typesupport_introspection_c.c
[3.013s] -- Installing: /home/lzy/ros2/ros2_study/install/robot_state_pub_interface/local/lib/python3.10/dist-packages/robot_state_pub_interface/robot_state_pub_interface_s__rosidl_typesupport_fastrtps_c.cpython-310-x86_64-linux-gnu.so
[3.013s] -- Installing: /home/lzy/ros2/ros2_study/install/robot_state_pub_interface/local/lib/python3.10/dist-packages/robot_state_pub_interface/robot_state_pub_interface_s__rosidl_typesupport_c.cpython-310-x86_64-linux-gnu.so
[3.036s] Listing '/home/lzy/ros2/ros2_study/install/robot_state_pub_interface/local/lib/python3.10/dist-packages/robot_state_pub_interface'...
[3.036s] Compiling '/home/lzy/ros2/ros2_study/install/robot_state_pub_interface/local/lib/python3.10/dist-packages/robot_state_pub_interface/__init__.py'...
[3.036s] Listing '/home/lzy/ros2/ros2_study/install/robot_state_pub_interface/local/lib/python3.10/dist-packages/robot_state_pub_interface/msg'...
[3.036s] Compiling '/home/lzy/ros2/ros2_study/install/robot_state_pub_interface/local/lib/python3.10/dist-packages/robot_state_pub_interface/msg/__init__.py'...
[3.036s] Compiling '/home/lzy/ros2/ros2_study/install/robot_state_pub_interface/local/lib/python3.10/dist-packages/robot_state_pub_interface/msg/_robot_state.py'...
[3.039s] -- Installing: /home/lzy/ros2/ros2_study/install/robot_state_pub_interface/local/lib/python3.10/dist-packages/robot_state_pub_interface/robot_state_pub_interface_s__rosidl_typesupport_fastrtps_c.cpython-310-x86_64-linux-gnu.so
[3.039s] -- Set runtime path of "/home/lzy/ros2/ros2_study/install/robot_state_pub_interface/local/lib/python3.10/dist-packages/robot_state_pub_interface/robot_state_pub_interface_s__rosidl_typesupport_fastrtps_c.cpython-310-x86_64-linux-gnu.so" to ""
[3.039s] -- Installing: /home/lzy/ros2/ros2_study/install/robot_state_pub_interface/local/lib/python3.10/dist-packages/robot_state_pub_interface/robot_state_pub_interface_s__rosidl_typesupport_introspection_c.cpython-310-x86_64-linux-gnu.so
[3.039s] -- Set runtime path of "/home/lzy/ros2/ros2_study/install/robot_state_pub_interface/local/lib/python3.10/dist-packages/robot_state_pub_interface/robot_state_pub_interface_s__rosidl_typesupport_introspection_c.cpython-310-x86_64-linux-gnu.so" to ""
[3.039s] -- Installing: /home/lzy/ros2/ros2_study/install/robot_state_pub_interface/local/lib/python3.10/dist-packages/robot_state_pub_interface/robot_state_pub_interface_s__rosidl_typesupport_c.cpython-310-x86_64-linux-gnu.so
[3.040s] -- Set runtime path of "/home/lzy/ros2/ros2_study/install/robot_state_pub_interface/local/lib/python3.10/dist-packages/robot_state_pub_interface/robot_state_pub_interface_s__rosidl_typesupport_c.cpython-310-x86_64-linux-gnu.so" to ""
[3.040s] -- Installing: /home/lzy/ros2/ros2_study/install/robot_state_pub_interface/lib/librobot_state_pub_interface__rosidl_generator_py.so
[3.040s] -- Set runtime path of "/home/lzy/ros2/ros2_study/install/robot_state_pub_interface/lib/librobot_state_pub_interface__rosidl_generator_py.so" to ""
[3.040s] -- Installing: /home/lzy/ros2/ros2_study/install/robot_state_pub_interface/share/robot_state_pub_interface/msg/RobotState.idl
[3.040s] -- Installing: /home/lzy/ros2/ros2_study/install/robot_state_pub_interface/share/robot_state_pub_interface/msg/RobotState.msg
[3.040s] -- Installing: /home/lzy/ros2/ros2_study/install/robot_state_pub_interface/share/ament_index/resource_index/package_run_dependencies/robot_state_pub_interface
[3.040s] -- Installing: /home/lzy/ros2/ros2_study/install/robot_state_pub_interface/share/ament_index/resource_index/parent_prefix_path/robot_state_pub_interface
[3.040s] -- Installing: /home/lzy/ros2/ros2_study/install/robot_state_pub_interface/share/robot_state_pub_interface/environment/ament_prefix_path.sh
[3.040s] -- Installing: /home/lzy/ros2/ros2_study/install/robot_state_pub_interface/share/robot_state_pub_interface/environment/ament_prefix_path.dsv
[3.040s] -- Installing: /home/lzy/ros2/ros2_study/install/robot_state_pub_interface/share/robot_state_pub_interface/environment/path.sh
[3.041s] -- Installing: /home/lzy/ros2/ros2_study/install/robot_state_pub_interface/share/robot_state_pub_interface/environment/path.dsv
[3.041s] -- Installing: /home/lzy/ros2/ros2_study/install/robot_state_pub_interface/share/robot_state_pub_interface/local_setup.bash
[3.041s] -- Installing: /home/lzy/ros2/ros2_study/install/robot_state_pub_interface/share/robot_state_pub_interface/local_setup.sh
[3.041s] -- Installing: /home/lzy/ros2/ros2_study/install/robot_state_pub_interface/share/robot_state_pub_interface/local_setup.zsh
[3.041s] -- Installing: /home/lzy/ros2/ros2_study/install/robot_state_pub_interface/share/robot_state_pub_interface/local_setup.dsv
[3.041s] -- Installing: /home/lzy/ros2/ros2_study/install/robot_state_pub_interface/share/robot_state_pub_interface/package.dsv
[3.041s] -- Installing: /home/lzy/ros2/ros2_study/install/robot_state_pub_interface/share/ament_index/resource_index/packages/robot_state_pub_interface
[3.041s] -- Installing: /home/lzy/ros2/ros2_study/install/robot_state_pub_interface/share/robot_state_pub_interface/cmake/export_robot_state_pub_interface__rosidl_generator_cExport.cmake
[3.041s] -- Installing: /home/lzy/ros2/ros2_study/install/robot_state_pub_interface/share/robot_state_pub_interface/cmake/export_robot_state_pub_interface__rosidl_generator_cExport-noconfig.cmake
[3.041s] -- Installing: /home/lzy/ros2/ros2_study/install/robot_state_pub_interface/share/robot_state_pub_interface/cmake/export_robot_state_pub_interface__rosidl_typesupport_fastrtps_cExport.cmake
[3.041s] -- Installing: /home/lzy/ros2/ros2_study/install/robot_state_pub_interface/share/robot_state_pub_interface/cmake/export_robot_state_pub_interface__rosidl_typesupport_fastrtps_cExport-noconfig.cmake
[3.041s] -- Installing: /home/lzy/ros2/ros2_study/install/robot_state_pub_interface/share/robot_state_pub_interface/cmake/export_robot_state_pub_interface__rosidl_generator_cppExport.cmake
[3.041s] -- Installing: /home/lzy/ros2/ros2_study/install/robot_state_pub_interface/share/robot_state_pub_interface/cmake/export_robot_state_pub_interface__rosidl_typesupport_fastrtps_cppExport.cmake
[3.041s] -- Installing: /home/lzy/ros2/ros2_study/install/robot_state_pub_interface/share/robot_state_pub_interface/cmake/export_robot_state_pub_interface__rosidl_typesupport_fastrtps_cppExport-noconfig.cmake
[3.041s] -- Installing: /home/lzy/ros2/ros2_study/install/robot_state_pub_interface/share/robot_state_pub_interface/cmake/robot_state_pub_interface__rosidl_typesupport_introspection_cExport.cmake
[3.042s] -- Installing: /home/lzy/ros2/ros2_study/install/robot_state_pub_interface/share/robot_state_pub_interface/cmake/robot_state_pub_interface__rosidl_typesupport_introspection_cExport-noconfig.cmake
[3.042s] -- Installing: /home/lzy/ros2/ros2_study/install/robot_state_pub_interface/share/robot_state_pub_interface/cmake/robot_state_pub_interface__rosidl_typesupport_cExport.cmake
[3.042s] -- Installing: /home/lzy/ros2/ros2_study/install/robot_state_pub_interface/share/robot_state_pub_interface/cmake/robot_state_pub_interface__rosidl_typesupport_cExport-noconfig.cmake
[3.042s] -- Installing: /home/lzy/ros2/ros2_study/install/robot_state_pub_interface/share/robot_state_pub_interface/cmake/robot_state_pub_interface__rosidl_typesupport_introspection_cppExport.cmake
[3.042s] -- Installing: /home/lzy/ros2/ros2_study/install/robot_state_pub_interface/share/robot_state_pub_interface/cmake/robot_state_pub_interface__rosidl_typesupport_introspection_cppExport-noconfig.cmake
[3.042s] -- Installing: /home/lzy/ros2/ros2_study/install/robot_state_pub_interface/share/robot_state_pub_interface/cmake/robot_state_pub_interface__rosidl_typesupport_cppExport.cmake
[3.042s] -- Installing: /home/lzy/ros2/ros2_study/install/robot_state_pub_interface/share/robot_state_pub_interface/cmake/robot_state_pub_interface__rosidl_typesupport_cppExport-noconfig.cmake
[3.042s] -- Installing: /home/lzy/ros2/ros2_study/install/robot_state_pub_interface/share/robot_state_pub_interface/cmake/export_robot_state_pub_interface__rosidl_generator_pyExport.cmake
[3.042s] -- Installing: /home/lzy/ros2/ros2_study/install/robot_state_pub_interface/share/robot_state_pub_interface/cmake/export_robot_state_pub_interface__rosidl_generator_pyExport-noconfig.cmake
[3.042s] -- Installing: /home/lzy/ros2/ros2_study/install/robot_state_pub_interface/share/robot_state_pub_interface/cmake/rosidl_cmake-extras.cmake
[3.042s] -- Installing: /home/lzy/ros2/ros2_study/install/robot_state_pub_interface/share/robot_state_pub_interface/cmake/ament_cmake_export_dependencies-extras.cmake
[3.043s] -- Installing: /home/lzy/ros2/ros2_study/install/robot_state_pub_interface/share/robot_state_pub_interface/cmake/ament_cmake_export_include_directories-extras.cmake
[3.043s] -- Installing: /home/lzy/ros2/ros2_study/install/robot_state_pub_interface/share/robot_state_pub_interface/cmake/ament_cmake_export_libraries-extras.cmake
[3.043s] -- Installing: /home/lzy/ros2/ros2_study/install/robot_state_pub_interface/share/robot_state_pub_interface/cmake/ament_cmake_export_targets-extras.cmake
[3.043s] -- Installing: /home/lzy/ros2/ros2_study/install/robot_state_pub_interface/share/robot_state_pub_interface/cmake/rosidl_cmake_export_typesupport_targets-extras.cmake
[3.043s] -- Installing: /home/lzy/ros2/ros2_study/install/robot_state_pub_interface/share/robot_state_pub_interface/cmake/rosidl_cmake_export_typesupport_libraries-extras.cmake
[3.043s] -- Installing: /home/lzy/ros2/ros2_study/install/robot_state_pub_interface/share/robot_state_pub_interface/cmake/robot_state_pub_interfaceConfig.cmake
[3.043s] -- Installing: /home/lzy/ros2/ros2_study/install/robot_state_pub_interface/share/robot_state_pub_interface/cmake/robot_state_pub_interfaceConfig-version.cmake
[3.043s] -- Installing: /home/lzy/ros2/ros2_study/install/robot_state_pub_interface/share/robot_state_pub_interface/package.xml
[3.047s] Invoked command in '/home/lzy/ros2/ros2_study/build/robot_state_pub_interface' returned '0': CMAKE_PREFIX_PATH=${CMAKE_PREFIX_PATH}:/opt/ros/humble /usr/bin/cmake --install /home/lzy/ros2/ros2_study/build/robot_state_pub_interface
