[0.022s] Invoking command in '/home/lzy/ros2_study/balance_car_ws/build/robot_description_pkg': AMENT_PREFIX_PATH=/home/lzy/ros2_study/balance_car_ws/install/lqr_controller:/home/lzy/ros2_study/balance_car_ws/install/robot_state_pub_interface:${AMENT_PREFIX_PATH} CMAKE_PREFIX_PATH=/home/lzy/ros2_study/balance_car_ws/install/lqr_controller:/home/lzy/ros2_study/balance_car_ws/install/robot_state_pub_interface:/opt/ros/humble LD_LIBRARY_PATH=/home/lzy/ros2_study/balance_car_ws/install/lqr_controller/lib:/home/lzy/ros2_study/balance_car_ws/install/robot_state_pub_interface/lib:${LD_LIBRARY_PATH} PYTHONPATH=/home/lzy/ros2_study/balance_car_ws/install/robot_state_pub_interface/local/lib/python3.10/dist-packages:${PYTHONPATH} /usr/bin/cmake --build /home/lzy/ros2_study/balance_car_ws/build/robot_description_pkg -- -j8 -l8
[0.079s] Invoked command in '/home/lzy/ros2_study/balance_car_ws/build/robot_description_pkg' returned '0': AMENT_PREFIX_PATH=/home/lzy/ros2_study/balance_car_ws/install/lqr_controller:/home/lzy/ros2_study/balance_car_ws/install/robot_state_pub_interface:${AMENT_PREFIX_PATH} CMAKE_PREFIX_PATH=/home/lzy/ros2_study/balance_car_ws/install/lqr_controller:/home/lzy/ros2_study/balance_car_ws/install/robot_state_pub_interface:/opt/ros/humble LD_LIBRARY_PATH=/home/lzy/ros2_study/balance_car_ws/install/lqr_controller/lib:/home/lzy/ros2_study/balance_car_ws/install/robot_state_pub_interface/lib:${LD_LIBRARY_PATH} PYTHONPATH=/home/lzy/ros2_study/balance_car_ws/install/robot_state_pub_interface/local/lib/python3.10/dist-packages:${PYTHONPATH} /usr/bin/cmake --build /home/lzy/ros2_study/balance_car_ws/build/robot_description_pkg -- -j8 -l8
[0.086s] Invoking command in '/home/lzy/ros2_study/balance_car_ws/build/robot_description_pkg': AMENT_PREFIX_PATH=/home/lzy/ros2_study/balance_car_ws/install/lqr_controller:/home/lzy/ros2_study/balance_car_ws/install/robot_state_pub_interface:${AMENT_PREFIX_PATH} CMAKE_PREFIX_PATH=/home/lzy/ros2_study/balance_car_ws/install/lqr_controller:/home/lzy/ros2_study/balance_car_ws/install/robot_state_pub_interface:/opt/ros/humble LD_LIBRARY_PATH=/home/lzy/ros2_study/balance_car_ws/install/lqr_controller/lib:/home/lzy/ros2_study/balance_car_ws/install/robot_state_pub_interface/lib:${LD_LIBRARY_PATH} PYTHONPATH=/home/lzy/ros2_study/balance_car_ws/install/robot_state_pub_interface/local/lib/python3.10/dist-packages:${PYTHONPATH} /usr/bin/cmake --install /home/lzy/ros2_study/balance_car_ws/build/robot_description_pkg
[0.093s] -- Install configuration: ""
[0.095s] -- Up-to-date: /home/lzy/ros2_study/balance_car_ws/install/robot_description_pkg/share/robot_description_pkg/config
[0.095s] -- Up-to-date: /home/lzy/ros2_study/balance_car_ws/install/robot_description_pkg/share/robot_description_pkg/config/balance_car_ros2_controller.yaml
[0.095s] -- Up-to-date: /home/lzy/ros2_study/balance_car_ws/install/robot_description_pkg/share/robot_description_pkg/config/rviz2_default_config.rviz
[0.095s] -- Up-to-date: /home/lzy/ros2_study/balance_car_ws/install/robot_description_pkg/share/robot_description_pkg/launch
[0.095s] -- Up-to-date: /home/lzy/ros2_study/balance_car_ws/install/robot_description_pkg/share/robot_description_pkg/launch/robot_display.launch.py
[0.096s] -- Up-to-date: /home/lzy/ros2_study/balance_car_ws/install/robot_description_pkg/share/robot_description_pkg/urdf
[0.096s] -- Up-to-date: /home/lzy/ros2_study/balance_car_ws/install/robot_description_pkg/share/robot_description_pkg/urdf/common_inertia.xacro
[0.096s] -- Up-to-date: /home/lzy/ros2_study/balance_car_ws/install/robot_description_pkg/share/robot_description_pkg/urdf/base_link.urdf.xacro
[0.096s] -- Up-to-date: /home/lzy/ros2_study/balance_car_ws/install/robot_description_pkg/share/robot_description_pkg/urdf/sensor
[0.096s] -- Up-to-date: /home/lzy/ros2_study/balance_car_ws/install/robot_description_pkg/share/robot_description_pkg/urdf/sensor/imu_link.urdf.xacro
[0.096s] -- Up-to-date: /home/lzy/ros2_study/balance_car_ws/install/robot_description_pkg/share/robot_description_pkg/urdf/leg_link.urdf.xacro
[0.097s] -- Up-to-date: /home/lzy/ros2_study/balance_car_ws/install/robot_description_pkg/share/robot_description_pkg/urdf/balance_car.ros2_control.xacro
[0.097s] -- Up-to-date: /home/lzy/ros2_study/balance_car_ws/install/robot_description_pkg/share/robot_description_pkg/urdf/balance_car.urdf.xacro
[0.097s] -- Up-to-date: /home/lzy/ros2_study/balance_car_ws/install/robot_description_pkg/share/robot_description_pkg/urdf/actor
[0.097s] -- Up-to-date: /home/lzy/ros2_study/balance_car_ws/install/robot_description_pkg/share/robot_description_pkg/urdf/actor/wheel_link.urdf.xacro
[0.097s] -- Up-to-date: /home/lzy/ros2_study/balance_car_ws/install/robot_description_pkg/share/robot_description_pkg/plugins
[0.097s] -- Up-to-date: /home/lzy/ros2_study/balance_car_ws/install/robot_description_pkg/share/robot_description_pkg/plugins/gazebo_sensor_imu.xacro
[0.098s] -- Up-to-date: /home/lzy/ros2_study/balance_car_ws/install/robot_description_pkg/share/ament_index/resource_index/package_run_dependencies/robot_description_pkg
[0.099s] -- Up-to-date: /home/lzy/ros2_study/balance_car_ws/install/robot_description_pkg/share/ament_index/resource_index/parent_prefix_path/robot_description_pkg
[0.099s] -- Up-to-date: /home/lzy/ros2_study/balance_car_ws/install/robot_description_pkg/share/robot_description_pkg/environment/ament_prefix_path.sh
[0.099s] -- Up-to-date: /home/lzy/ros2_study/balance_car_ws/install/robot_description_pkg/share/robot_description_pkg/environment/ament_prefix_path.dsv
[0.099s] -- Up-to-date: /home/lzy/ros2_study/balance_car_ws/install/robot_description_pkg/share/robot_description_pkg/environment/path.sh
[0.099s] -- Up-to-date: /home/lzy/ros2_study/balance_car_ws/install/robot_description_pkg/share/robot_description_pkg/environment/path.dsv
[0.099s] -- Up-to-date: /home/lzy/ros2_study/balance_car_ws/install/robot_description_pkg/share/robot_description_pkg/local_setup.bash
[0.099s] -- Up-to-date: /home/lzy/ros2_study/balance_car_ws/install/robot_description_pkg/share/robot_description_pkg/local_setup.sh
[0.100s] -- Up-to-date: /home/lzy/ros2_study/balance_car_ws/install/robot_description_pkg/share/robot_description_pkg/local_setup.zsh
[0.100s] -- Up-to-date: /home/lzy/ros2_study/balance_car_ws/install/robot_description_pkg/share/robot_description_pkg/local_setup.dsv
[0.100s] -- Installing: /home/lzy/ros2_study/balance_car_ws/install/robot_description_pkg/share/robot_description_pkg/package.dsv
[0.100s] -- Up-to-date: /home/lzy/ros2_study/balance_car_ws/install/robot_description_pkg/share/ament_index/resource_index/packages/robot_description_pkg
[0.101s] -- Up-to-date: /home/lzy/ros2_study/balance_car_ws/install/robot_description_pkg/share/robot_description_pkg/cmake/robot_description_pkgConfig.cmake
[0.101s] -- Up-to-date: /home/lzy/ros2_study/balance_car_ws/install/robot_description_pkg/share/robot_description_pkg/cmake/robot_description_pkgConfig-version.cmake
[0.103s] -- Up-to-date: /home/lzy/ros2_study/balance_car_ws/install/robot_description_pkg/share/robot_description_pkg/package.xml
[0.105s] Invoked command in '/home/lzy/ros2_study/balance_car_ws/build/robot_description_pkg' returned '0': AMENT_PREFIX_PATH=/home/lzy/ros2_study/balance_car_ws/install/lqr_controller:/home/lzy/ros2_study/balance_car_ws/install/robot_state_pub_interface:${AMENT_PREFIX_PATH} CMAKE_PREFIX_PATH=/home/lzy/ros2_study/balance_car_ws/install/lqr_controller:/home/lzy/ros2_study/balance_car_ws/install/robot_state_pub_interface:/opt/ros/humble LD_LIBRARY_PATH=/home/lzy/ros2_study/balance_car_ws/install/lqr_controller/lib:/home/lzy/ros2_study/balance_car_ws/install/robot_state_pub_interface/lib:${LD_LIBRARY_PATH} PYTHONPATH=/home/lzy/ros2_study/balance_car_ws/install/robot_state_pub_interface/local/lib/python3.10/dist-packages:${PYTHONPATH} /usr/bin/cmake --install /home/lzy/ros2_study/balance_car_ws/build/robot_description_pkg
