-- The C compiler identification is GNU 11.4.0
-- The CXX compiler identification is GNU 11.4.0
-- Detecting C compiler ABI info
-- Detecting C compiler ABI info - done
-- Check for working C compiler: /usr/bin/cc - skipped
-- Detecting C compile features
-- Detecting C compile features - done
-- Detecting CXX compiler ABI info
-- Detecting CXX compiler ABI info - done
-- Check for working CXX compiler: /usr/bin/c++ - skipped
-- Detecting CXX compile features
-- Detecting CXX compile features - done
-- Found ament_cmake: 1.3.11 (/opt/ros/humble/share/ament_cmake/cmake)
-- Found Python3: /usr/bin/python3 (found version "3.10.12") found components: Interpreter 
-- Found lqr_controller: 0.0.0 (/home/lzy/ros2_study/balance_car_ws/install/lqr_controller/share/lqr_controller/cmake)
-- Found rosidl_generator_c: 3.1.6 (/opt/ros/humble/share/rosidl_generator_c/cmake)
-- Found rosidl_adapter: 3.1.6 (/opt/ros/humble/share/rosidl_adapter/cmake)
-- Found rosidl_generator_cpp: 3.1.6 (/opt/ros/humble/share/rosidl_generator_cpp/cmake)
-- Using all available rosidl_typesupport_c: rosidl_typesupport_fastrtps_c;rosidl_typesupport_introspection_c
-- Using all available rosidl_typesupport_cpp: rosidl_typesupport_fastrtps_cpp;rosidl_typesupport_introspection_cpp
-- Found rmw_implementation_cmake: 6.1.2 (/opt/ros/humble/share/rmw_implementation_cmake/cmake)
-- Found rmw_fastrtps_cpp: 6.2.7 (/opt/ros/humble/share/rmw_fastrtps_cpp/cmake)
-- Found OpenSSL: /usr/lib/x86_64-linux-gnu/libcrypto.so (found version "3.0.2")  
-- Found FastRTPS: /opt/ros/humble/include  
-- Using RMW implementation 'rmw_fastrtps_cpp' as default
-- Looking for pthread.h
-- Looking for pthread.h - found
-- Performing Test CMAKE_HAVE_LIBC_PTHREAD
-- Performing Test CMAKE_HAVE_LIBC_PTHREAD - Success
-- Found Threads: TRUE  
-- Found eigen3_cmake_module: 0.1.1 (/opt/ros/humble/share/eigen3_cmake_module/cmake)
-- Found Eigen3: TRUE (found version "3.4.0") 
-- Ensuring Eigen3 include directory is part of orocos-kdl CMake target
-- Found ament_lint_auto: 0.12.12 (/opt/ros/humble/share/ament_lint_auto/cmake)
-- Added test 'flake8' to check Python code syntax and style conventions
-- Added test 'lint_cmake' to check CMake code style
-- Added test 'pep257' to check Python code against some of the docstring style conventions in PEP 257
-- Added test 'xmllint' to check XML markup files
-- Configuring done
-- Generating done
-- Build files have been written to: /home/lzy/ros2_study/balance_car_ws/build/robot_description_pkg
-- Install configuration: ""
-- Installing: /home/lzy/ros2_study/balance_car_ws/install/robot_description_pkg/share/robot_description_pkg/config
-- Installing: /home/lzy/ros2_study/balance_car_ws/install/robot_description_pkg/share/robot_description_pkg/config/balance_car_ros2_controller.yaml
-- Installing: /home/lzy/ros2_study/balance_car_ws/install/robot_description_pkg/share/robot_description_pkg/config/rviz2_default_config.rviz
-- Installing: /home/lzy/ros2_study/balance_car_ws/install/robot_description_pkg/share/robot_description_pkg/launch
-- Installing: /home/lzy/ros2_study/balance_car_ws/install/robot_description_pkg/share/robot_description_pkg/launch/robot_display.launch.py
-- Installing: /home/lzy/ros2_study/balance_car_ws/install/robot_description_pkg/share/robot_description_pkg/urdf
-- Installing: /home/lzy/ros2_study/balance_car_ws/install/robot_description_pkg/share/robot_description_pkg/urdf/common_inertia.xacro
-- Installing: /home/lzy/ros2_study/balance_car_ws/install/robot_description_pkg/share/robot_description_pkg/urdf/base_link.urdf.xacro
-- Installing: /home/lzy/ros2_study/balance_car_ws/install/robot_description_pkg/share/robot_description_pkg/urdf/sensor
-- Installing: /home/lzy/ros2_study/balance_car_ws/install/robot_description_pkg/share/robot_description_pkg/urdf/sensor/imu_link.urdf.xacro
-- Installing: /home/lzy/ros2_study/balance_car_ws/install/robot_description_pkg/share/robot_description_pkg/urdf/leg_link.urdf.xacro
-- Installing: /home/lzy/ros2_study/balance_car_ws/install/robot_description_pkg/share/robot_description_pkg/urdf/balance_car.ros2_control.xacro
-- Installing: /home/lzy/ros2_study/balance_car_ws/install/robot_description_pkg/share/robot_description_pkg/urdf/balance_car.urdf.xacro
-- Installing: /home/lzy/ros2_study/balance_car_ws/install/robot_description_pkg/share/robot_description_pkg/urdf/actor
-- Installing: /home/lzy/ros2_study/balance_car_ws/install/robot_description_pkg/share/robot_description_pkg/urdf/actor/wheel_link.urdf.xacro
-- Installing: /home/lzy/ros2_study/balance_car_ws/install/robot_description_pkg/share/robot_description_pkg/plugins
-- Installing: /home/lzy/ros2_study/balance_car_ws/install/robot_description_pkg/share/robot_description_pkg/plugins/gazebo_sensor_imu.xacro
-- Installing: /home/lzy/ros2_study/balance_car_ws/install/robot_description_pkg/share/ament_index/resource_index/package_run_dependencies/robot_description_pkg
-- Installing: /home/lzy/ros2_study/balance_car_ws/install/robot_description_pkg/share/ament_index/resource_index/parent_prefix_path/robot_description_pkg
-- Installing: /home/lzy/ros2_study/balance_car_ws/install/robot_description_pkg/share/robot_description_pkg/environment/ament_prefix_path.sh
-- Installing: /home/lzy/ros2_study/balance_car_ws/install/robot_description_pkg/share/robot_description_pkg/environment/ament_prefix_path.dsv
-- Installing: /home/lzy/ros2_study/balance_car_ws/install/robot_description_pkg/share/robot_description_pkg/environment/path.sh
-- Installing: /home/lzy/ros2_study/balance_car_ws/install/robot_description_pkg/share/robot_description_pkg/environment/path.dsv
-- Installing: /home/lzy/ros2_study/balance_car_ws/install/robot_description_pkg/share/robot_description_pkg/local_setup.bash
-- Installing: /home/lzy/ros2_study/balance_car_ws/install/robot_description_pkg/share/robot_description_pkg/local_setup.sh
-- Installing: /home/lzy/ros2_study/balance_car_ws/install/robot_description_pkg/share/robot_description_pkg/local_setup.zsh
-- Installing: /home/lzy/ros2_study/balance_car_ws/install/robot_description_pkg/share/robot_description_pkg/local_setup.dsv
-- Installing: /home/lzy/ros2_study/balance_car_ws/install/robot_description_pkg/share/robot_description_pkg/package.dsv
-- Installing: /home/lzy/ros2_study/balance_car_ws/install/robot_description_pkg/share/ament_index/resource_index/packages/robot_description_pkg
-- Installing: /home/lzy/ros2_study/balance_car_ws/install/robot_description_pkg/share/robot_description_pkg/cmake/robot_description_pkgConfig.cmake
-- Installing: /home/lzy/ros2_study/balance_car_ws/install/robot_description_pkg/share/robot_description_pkg/cmake/robot_description_pkgConfig-version.cmake
-- Installing: /home/lzy/ros2_study/balance_car_ws/install/robot_description_pkg/share/robot_description_pkg/package.xml
