-- The C compiler identification is GNU 11.4.0
-- The CXX compiler identification is GNU 11.4.0
-- Detecting C compiler ABI info
-- Detecting C compiler ABI info - done
-- Check for working C compiler: /usr/bin/cc - skipped
-- Detecting C compile features
-- Detecting C compile features - done
-- Detecting CXX compiler ABI info
-- Detecting CXX compiler ABI info - done
-- Check for working CXX compiler: /usr/bin/c++ - skipped
-- Detecting CXX compile features
-- Detecting CXX compile features - done
-- Found ament_cmake: 1.3.11 (/opt/ros/humble/share/ament_cmake/cmake)
-- Found Python3: /usr/bin/python3 (found version "3.10.12") found components: Interpreter 
-- Found std_msgs: 4.9.0 (/opt/ros/humble/share/std_msgs/cmake)
-- Found rosidl_generator_c: 3.1.6 (/opt/ros/humble/share/rosidl_generator_c/cmake)
-- Found rosidl_adapter: 3.1.6 (/opt/ros/humble/share/rosidl_adapter/cmake)
-- Found rosidl_generator_cpp: 3.1.6 (/opt/ros/humble/share/rosidl_generator_cpp/cmake)
-- Using all available rosidl_typesupport_c: rosidl_typesupport_fastrtps_c;rosidl_typesupport_introspection_c
-- Using all available rosidl_typesupport_cpp: rosidl_typesupport_fastrtps_cpp;rosidl_typesupport_introspection_cpp
-- Found rosidl_default_generators: 1.2.0 (/opt/ros/humble/share/rosidl_default_generators/cmake)
-- Found ament_lint_auto: 0.12.12 (/opt/ros/humble/share/ament_lint_auto/cmake)
-- Found ament_cmake_ros: 0.10.0 (/opt/ros/humble/share/ament_cmake_ros/cmake)
-- Using all available rosidl_typesupport_c: rosidl_typesupport_fastrtps_c;rosidl_typesupport_introspection_c
-- Using all available rosidl_typesupport_cpp: rosidl_typesupport_fastrtps_cpp;rosidl_typesupport_introspection_cpp
-- Found PythonInterp: /usr/bin/python3 (found suitable version "3.10.12", minimum required is "3.6") 
-- Found python_cmake_module: 0.10.0 (/opt/ros/humble/share/python_cmake_module/cmake)
-- Found PythonLibs: /usr/lib/x86_64-linux-gnu/libpython3.10.so (found suitable version "3.10.12", minimum required is "3.5") 
-- Using PYTHON_EXECUTABLE: /usr/bin/python3
-- Using PYTHON_INCLUDE_DIRS: /usr/include/python3.10
-- Using PYTHON_LIBRARIES: /usr/lib/x86_64-linux-gnu/libpython3.10.so
-- Found PythonExtra: .so  
-- Added test 'lint_cmake' to check CMake code style
-- Added test 'xmllint' to check XML markup files
-- Configuring done
-- Generating done
-- Build files have been written to: /home/lzy/ros2/ros2_study/build/robot_state_pub_interface
[  3%] [34m[1mGenerating C code for ROS interfaces[0m
[  6%] [34m[1mGenerating C++ code for ROS interfaces[0m
[  6%] Built target ament_cmake_python_copy_robot_state_pub_interface
[  6%] Built target robot_state_pub_interface__cpp
running egg_info
creating robot_state_pub_interface.egg-info
writing robot_state_pub_interface.egg-info/PKG-INFO
writing dependency_links to robot_state_pub_interface.egg-info/dependency_links.txt
writing top-level names to robot_state_pub_interface.egg-info/top_level.txt
writing manifest file 'robot_state_pub_interface.egg-info/SOURCES.txt'
[  9%] [34m[1mGenerating C++ type support for eProsima Fast-RTPS[0m
reading manifest file 'robot_state_pub_interface.egg-info/SOURCES.txt'
writing manifest file 'robot_state_pub_interface.egg-info/SOURCES.txt'
[ 12%] [34m[1mGenerating C++ introspection for ROS interfaces[0m
[ 16%] [32mBuilding C object CMakeFiles/robot_state_pub_interface__rosidl_generator_c.dir/rosidl_generator_c/robot_state_pub_interface/msg/detail/robot_state__functions.c.o[0m
[ 16%] Built target ament_cmake_python_build_robot_state_pub_interface_egg
[ 19%] [34m[1mGenerating C++ type support dispatch for ROS interfaces[0m
[ 22%] [32m[1mLinking C shared library librobot_state_pub_interface__rosidl_generator_c.so[0m
[ 22%] Built target robot_state_pub_interface__rosidl_generator_c
[ 25%] [34m[1mGenerating C introspection for ROS interfaces[0m
[ 29%] [32mBuilding CXX object CMakeFiles/robot_state_pub_interface__rosidl_typesupport_fastrtps_cpp.dir/rosidl_typesupport_fastrtps_cpp/robot_state_pub_interface/msg/detail/dds_fastrtps/robot_state__type_support.cpp.o[0m
[ 32%] [32mBuilding CXX object CMakeFiles/robot_state_pub_interface__rosidl_typesupport_introspection_cpp.dir/rosidl_typesupport_introspection_cpp/robot_state_pub_interface/msg/detail/robot_state__type_support.cpp.o[0m
[ 35%] [32mBuilding CXX object CMakeFiles/robot_state_pub_interface__rosidl_typesupport_cpp.dir/rosidl_typesupport_cpp/robot_state_pub_interface/msg/robot_state__type_support.cpp.o[0m
[ 38%] [32mBuilding C object CMakeFiles/robot_state_pub_interface__rosidl_typesupport_introspection_c.dir/rosidl_typesupport_introspection_c/robot_state_pub_interface/msg/detail/robot_state__type_support.c.o[0m
[ 41%] [32m[1mLinking C shared library librobot_state_pub_interface__rosidl_typesupport_introspection_c.so[0m
[ 45%] [32m[1mLinking CXX shared library librobot_state_pub_interface__rosidl_typesupport_cpp.so[0m
[ 45%] Built target robot_state_pub_interface__rosidl_typesupport_introspection_c
[ 45%] Built target robot_state_pub_interface__rosidl_typesupport_cpp
[ 48%] [34m[1mGenerating C type support dispatch for ROS interfaces[0m
[ 51%] [34m[1mGenerating C type support for eProsima Fast-RTPS[0m
[ 54%] [32m[1mLinking CXX shared library librobot_state_pub_interface__rosidl_typesupport_introspection_cpp.so[0m
[ 58%] [32m[1mLinking CXX shared library librobot_state_pub_interface__rosidl_typesupport_fastrtps_cpp.so[0m
[ 58%] Built target robot_state_pub_interface__rosidl_typesupport_introspection_cpp
[ 58%] Built target robot_state_pub_interface__rosidl_typesupport_fastrtps_cpp
[ 61%] [32mBuilding CXX object CMakeFiles/robot_state_pub_interface__rosidl_typesupport_fastrtps_c.dir/rosidl_typesupport_fastrtps_c/robot_state_pub_interface/msg/detail/robot_state__type_support_c.cpp.o[0m
[ 64%] [32mBuilding CXX object CMakeFiles/robot_state_pub_interface__rosidl_typesupport_c.dir/rosidl_typesupport_c/robot_state_pub_interface/msg/robot_state__type_support.cpp.o[0m
[ 67%] [32m[1mLinking CXX shared library librobot_state_pub_interface__rosidl_typesupport_c.so[0m
[ 67%] Built target robot_state_pub_interface__rosidl_typesupport_c
[ 70%] [32m[1mLinking CXX shared library librobot_state_pub_interface__rosidl_typesupport_fastrtps_c.so[0m
[ 70%] Built target robot_state_pub_interface__rosidl_typesupport_fastrtps_c
[ 70%] Built target robot_state_pub_interface
[ 74%] [34m[1mGenerating Python code for ROS interfaces[0m
[ 74%] Built target robot_state_pub_interface__py
[ 77%] [32mBuilding C object CMakeFiles/robot_state_pub_interface__rosidl_generator_py.dir/rosidl_generator_py/robot_state_pub_interface/msg/_robot_state_s.c.o[0m
[ 80%] [32m[1mLinking C shared library rosidl_generator_py/robot_state_pub_interface/librobot_state_pub_interface__rosidl_generator_py.so[0m
[ 80%] Built target robot_state_pub_interface__rosidl_generator_py
[ 83%] [32mBuilding C object CMakeFiles/robot_state_pub_interface__rosidl_typesupport_introspection_c__pyext.dir/rosidl_generator_py/robot_state_pub_interface/_robot_state_pub_interface_s.ep.rosidl_typesupport_introspection_c.c.o[0m
[ 87%] [32mBuilding C object CMakeFiles/robot_state_pub_interface__rosidl_typesupport_fastrtps_c__pyext.dir/rosidl_generator_py/robot_state_pub_interface/_robot_state_pub_interface_s.ep.rosidl_typesupport_fastrtps_c.c.o[0m
[ 90%] [32mBuilding C object CMakeFiles/robot_state_pub_interface__rosidl_typesupport_c__pyext.dir/rosidl_generator_py/robot_state_pub_interface/_robot_state_pub_interface_s.ep.rosidl_typesupport_c.c.o[0m
[ 93%] [32m[1mLinking C shared library rosidl_generator_py/robot_state_pub_interface/robot_state_pub_interface_s__rosidl_typesupport_introspection_c.cpython-310-x86_64-linux-gnu.so[0m
[ 96%] [32m[1mLinking C shared library rosidl_generator_py/robot_state_pub_interface/robot_state_pub_interface_s__rosidl_typesupport_fastrtps_c.cpython-310-x86_64-linux-gnu.so[0m
[100%] [32m[1mLinking C shared library rosidl_generator_py/robot_state_pub_interface/robot_state_pub_interface_s__rosidl_typesupport_c.cpython-310-x86_64-linux-gnu.so[0m
[100%] Built target robot_state_pub_interface__rosidl_typesupport_introspection_c__pyext
[100%] Built target robot_state_pub_interface__rosidl_typesupport_c__pyext
[100%] Built target robot_state_pub_interface__rosidl_typesupport_fastrtps_c__pyext
-- Install configuration: ""
-- Installing: /home/lzy/ros2/ros2_study/install/robot_state_pub_interface/share/ament_index/resource_index/rosidl_interfaces/robot_state_pub_interface
-- Installing: /home/lzy/ros2/ros2_study/install/robot_state_pub_interface/include/robot_state_pub_interface/robot_state_pub_interface
-- Installing: /home/lzy/ros2/ros2_study/install/robot_state_pub_interface/include/robot_state_pub_interface/robot_state_pub_interface/msg
-- Installing: /home/lzy/ros2/ros2_study/install/robot_state_pub_interface/include/robot_state_pub_interface/robot_state_pub_interface/msg/detail
-- Installing: /home/lzy/ros2/ros2_study/install/robot_state_pub_interface/include/robot_state_pub_interface/robot_state_pub_interface/msg/detail/robot_state__functions.c
-- Installing: /home/lzy/ros2/ros2_study/install/robot_state_pub_interface/include/robot_state_pub_interface/robot_state_pub_interface/msg/detail/robot_state__functions.h
-- Installing: /home/lzy/ros2/ros2_study/install/robot_state_pub_interface/include/robot_state_pub_interface/robot_state_pub_interface/msg/detail/robot_state__type_support.h
-- Installing: /home/lzy/ros2/ros2_study/install/robot_state_pub_interface/include/robot_state_pub_interface/robot_state_pub_interface/msg/detail/robot_state__struct.h
-- Installing: /home/lzy/ros2/ros2_study/install/robot_state_pub_interface/include/robot_state_pub_interface/robot_state_pub_interface/msg/rosidl_generator_c__visibility_control.h
-- Installing: /home/lzy/ros2/ros2_study/install/robot_state_pub_interface/include/robot_state_pub_interface/robot_state_pub_interface/msg/robot_state.h
-- Installing: /home/lzy/ros2/ros2_study/install/robot_state_pub_interface/share/robot_state_pub_interface/environment/library_path.sh
-- Installing: /home/lzy/ros2/ros2_study/install/robot_state_pub_interface/share/robot_state_pub_interface/environment/library_path.dsv
-- Installing: /home/lzy/ros2/ros2_study/install/robot_state_pub_interface/lib/librobot_state_pub_interface__rosidl_generator_c.so
-- Set runtime path of "/home/lzy/ros2/ros2_study/install/robot_state_pub_interface/lib/librobot_state_pub_interface__rosidl_generator_c.so" to ""
-- Up-to-date: /home/lzy/ros2/ros2_study/install/robot_state_pub_interface/include/robot_state_pub_interface/robot_state_pub_interface
-- Up-to-date: /home/lzy/ros2/ros2_study/install/robot_state_pub_interface/include/robot_state_pub_interface/robot_state_pub_interface/msg
-- Up-to-date: /home/lzy/ros2/ros2_study/install/robot_state_pub_interface/include/robot_state_pub_interface/robot_state_pub_interface/msg/detail
-- Installing: /home/lzy/ros2/ros2_study/install/robot_state_pub_interface/include/robot_state_pub_interface/robot_state_pub_interface/msg/detail/robot_state__rosidl_typesupport_fastrtps_c.h
-- Installing: /home/lzy/ros2/ros2_study/install/robot_state_pub_interface/include/robot_state_pub_interface/robot_state_pub_interface/msg/rosidl_typesupport_fastrtps_c__visibility_control.h
-- Installing: /home/lzy/ros2/ros2_study/install/robot_state_pub_interface/lib/librobot_state_pub_interface__rosidl_typesupport_fastrtps_c.so
-- Set runtime path of "/home/lzy/ros2/ros2_study/install/robot_state_pub_interface/lib/librobot_state_pub_interface__rosidl_typesupport_fastrtps_c.so" to ""
-- Up-to-date: /home/lzy/ros2/ros2_study/install/robot_state_pub_interface/include/robot_state_pub_interface/robot_state_pub_interface
-- Up-to-date: /home/lzy/ros2/ros2_study/install/robot_state_pub_interface/include/robot_state_pub_interface/robot_state_pub_interface/msg
-- Installing: /home/lzy/ros2/ros2_study/install/robot_state_pub_interface/include/robot_state_pub_interface/robot_state_pub_interface/msg/robot_state.hpp
-- Up-to-date: /home/lzy/ros2/ros2_study/install/robot_state_pub_interface/include/robot_state_pub_interface/robot_state_pub_interface/msg/detail
-- Installing: /home/lzy/ros2/ros2_study/install/robot_state_pub_interface/include/robot_state_pub_interface/robot_state_pub_interface/msg/detail/robot_state__struct.hpp
-- Installing: /home/lzy/ros2/ros2_study/install/robot_state_pub_interface/include/robot_state_pub_interface/robot_state_pub_interface/msg/detail/robot_state__builder.hpp
-- Installing: /home/lzy/ros2/ros2_study/install/robot_state_pub_interface/include/robot_state_pub_interface/robot_state_pub_interface/msg/detail/robot_state__type_support.hpp
-- Installing: /home/lzy/ros2/ros2_study/install/robot_state_pub_interface/include/robot_state_pub_interface/robot_state_pub_interface/msg/detail/robot_state__traits.hpp
-- Installing: /home/lzy/ros2/ros2_study/install/robot_state_pub_interface/include/robot_state_pub_interface/robot_state_pub_interface/msg/rosidl_generator_cpp__visibility_control.hpp
-- Up-to-date: /home/lzy/ros2/ros2_study/install/robot_state_pub_interface/include/robot_state_pub_interface/robot_state_pub_interface
-- Up-to-date: /home/lzy/ros2/ros2_study/install/robot_state_pub_interface/include/robot_state_pub_interface/robot_state_pub_interface/msg
-- Up-to-date: /home/lzy/ros2/ros2_study/install/robot_state_pub_interface/include/robot_state_pub_interface/robot_state_pub_interface/msg/detail
-- Installing: /home/lzy/ros2/ros2_study/install/robot_state_pub_interface/include/robot_state_pub_interface/robot_state_pub_interface/msg/detail/dds_fastrtps
-- Installing: /home/lzy/ros2/ros2_study/install/robot_state_pub_interface/include/robot_state_pub_interface/robot_state_pub_interface/msg/detail/robot_state__rosidl_typesupport_fastrtps_cpp.hpp
-- Installing: /home/lzy/ros2/ros2_study/install/robot_state_pub_interface/include/robot_state_pub_interface/robot_state_pub_interface/msg/rosidl_typesupport_fastrtps_cpp__visibility_control.h
-- Installing: /home/lzy/ros2/ros2_study/install/robot_state_pub_interface/lib/librobot_state_pub_interface__rosidl_typesupport_fastrtps_cpp.so
-- Set runtime path of "/home/lzy/ros2/ros2_study/install/robot_state_pub_interface/lib/librobot_state_pub_interface__rosidl_typesupport_fastrtps_cpp.so" to ""
-- Up-to-date: /home/lzy/ros2/ros2_study/install/robot_state_pub_interface/include/robot_state_pub_interface/robot_state_pub_interface
-- Up-to-date: /home/lzy/ros2/ros2_study/install/robot_state_pub_interface/include/robot_state_pub_interface/robot_state_pub_interface/msg
-- Up-to-date: /home/lzy/ros2/ros2_study/install/robot_state_pub_interface/include/robot_state_pub_interface/robot_state_pub_interface/msg/detail
-- Installing: /home/lzy/ros2/ros2_study/install/robot_state_pub_interface/include/robot_state_pub_interface/robot_state_pub_interface/msg/detail/robot_state__type_support.c
-- Installing: /home/lzy/ros2/ros2_study/install/robot_state_pub_interface/include/robot_state_pub_interface/robot_state_pub_interface/msg/detail/robot_state__rosidl_typesupport_introspection_c.h
-- Installing: /home/lzy/ros2/ros2_study/install/robot_state_pub_interface/include/robot_state_pub_interface/robot_state_pub_interface/msg/rosidl_typesupport_introspection_c__visibility_control.h
-- Installing: /home/lzy/ros2/ros2_study/install/robot_state_pub_interface/lib/librobot_state_pub_interface__rosidl_typesupport_introspection_c.so
-- Set runtime path of "/home/lzy/ros2/ros2_study/install/robot_state_pub_interface/lib/librobot_state_pub_interface__rosidl_typesupport_introspection_c.so" to ""
-- Installing: /home/lzy/ros2/ros2_study/install/robot_state_pub_interface/lib/librobot_state_pub_interface__rosidl_typesupport_c.so
-- Set runtime path of "/home/lzy/ros2/ros2_study/install/robot_state_pub_interface/lib/librobot_state_pub_interface__rosidl_typesupport_c.so" to ""
-- Up-to-date: /home/lzy/ros2/ros2_study/install/robot_state_pub_interface/include/robot_state_pub_interface/robot_state_pub_interface
-- Up-to-date: /home/lzy/ros2/ros2_study/install/robot_state_pub_interface/include/robot_state_pub_interface/robot_state_pub_interface/msg
-- Up-to-date: /home/lzy/ros2/ros2_study/install/robot_state_pub_interface/include/robot_state_pub_interface/robot_state_pub_interface/msg/detail
-- Installing: /home/lzy/ros2/ros2_study/install/robot_state_pub_interface/include/robot_state_pub_interface/robot_state_pub_interface/msg/detail/robot_state__type_support.cpp
-- Installing: /home/lzy/ros2/ros2_study/install/robot_state_pub_interface/include/robot_state_pub_interface/robot_state_pub_interface/msg/detail/robot_state__rosidl_typesupport_introspection_cpp.hpp
-- Installing: /home/lzy/ros2/ros2_study/install/robot_state_pub_interface/lib/librobot_state_pub_interface__rosidl_typesupport_introspection_cpp.so
-- Set runtime path of "/home/lzy/ros2/ros2_study/install/robot_state_pub_interface/lib/librobot_state_pub_interface__rosidl_typesupport_introspection_cpp.so" to ""
-- Installing: /home/lzy/ros2/ros2_study/install/robot_state_pub_interface/lib/librobot_state_pub_interface__rosidl_typesupport_cpp.so
-- Set runtime path of "/home/lzy/ros2/ros2_study/install/robot_state_pub_interface/lib/librobot_state_pub_interface__rosidl_typesupport_cpp.so" to ""
-- Installing: /home/lzy/ros2/ros2_study/install/robot_state_pub_interface/share/robot_state_pub_interface/environment/pythonpath.sh
-- Installing: /home/lzy/ros2/ros2_study/install/robot_state_pub_interface/share/robot_state_pub_interface/environment/pythonpath.dsv
-- Installing: /home/lzy/ros2/ros2_study/install/robot_state_pub_interface/local/lib/python3.10/dist-packages/robot_state_pub_interface-0.0.0-py3.10.egg-info
-- Installing: /home/lzy/ros2/ros2_study/install/robot_state_pub_interface/local/lib/python3.10/dist-packages/robot_state_pub_interface-0.0.0-py3.10.egg-info/dependency_links.txt
-- Installing: /home/lzy/ros2/ros2_study/install/robot_state_pub_interface/local/lib/python3.10/dist-packages/robot_state_pub_interface-0.0.0-py3.10.egg-info/SOURCES.txt
-- Installing: /home/lzy/ros2/ros2_study/install/robot_state_pub_interface/local/lib/python3.10/dist-packages/robot_state_pub_interface-0.0.0-py3.10.egg-info/top_level.txt
-- Installing: /home/lzy/ros2/ros2_study/install/robot_state_pub_interface/local/lib/python3.10/dist-packages/robot_state_pub_interface-0.0.0-py3.10.egg-info/PKG-INFO
-- Installing: /home/lzy/ros2/ros2_study/install/robot_state_pub_interface/local/lib/python3.10/dist-packages/robot_state_pub_interface
-- Installing: /home/lzy/ros2/ros2_study/install/robot_state_pub_interface/local/lib/python3.10/dist-packages/robot_state_pub_interface/robot_state_pub_interface_s__rosidl_typesupport_introspection_c.cpython-310-x86_64-linux-gnu.so
-- Installing: /home/lzy/ros2/ros2_study/install/robot_state_pub_interface/local/lib/python3.10/dist-packages/robot_state_pub_interface/_robot_state_pub_interface_s.ep.rosidl_typesupport_fastrtps_c.c
-- Installing: /home/lzy/ros2/ros2_study/install/robot_state_pub_interface/local/lib/python3.10/dist-packages/robot_state_pub_interface/librobot_state_pub_interface__rosidl_generator_py.so
-- Installing: /home/lzy/ros2/ros2_study/install/robot_state_pub_interface/local/lib/python3.10/dist-packages/robot_state_pub_interface/__init__.py
-- Installing: /home/lzy/ros2/ros2_study/install/robot_state_pub_interface/local/lib/python3.10/dist-packages/robot_state_pub_interface/msg
-- Installing: /home/lzy/ros2/ros2_study/install/robot_state_pub_interface/local/lib/python3.10/dist-packages/robot_state_pub_interface/msg/_robot_state.py
-- Installing: /home/lzy/ros2/ros2_study/install/robot_state_pub_interface/local/lib/python3.10/dist-packages/robot_state_pub_interface/msg/__init__.py
-- Installing: /home/lzy/ros2/ros2_study/install/robot_state_pub_interface/local/lib/python3.10/dist-packages/robot_state_pub_interface/msg/_robot_state_s.c
-- Installing: /home/lzy/ros2/ros2_study/install/robot_state_pub_interface/local/lib/python3.10/dist-packages/robot_state_pub_interface/_robot_state_pub_interface_s.ep.rosidl_typesupport_c.c
-- Installing: /home/lzy/ros2/ros2_study/install/robot_state_pub_interface/local/lib/python3.10/dist-packages/robot_state_pub_interface/_robot_state_pub_interface_s.ep.rosidl_typesupport_introspection_c.c
-- Installing: /home/lzy/ros2/ros2_study/install/robot_state_pub_interface/local/lib/python3.10/dist-packages/robot_state_pub_interface/robot_state_pub_interface_s__rosidl_typesupport_fastrtps_c.cpython-310-x86_64-linux-gnu.so
-- Installing: /home/lzy/ros2/ros2_study/install/robot_state_pub_interface/local/lib/python3.10/dist-packages/robot_state_pub_interface/robot_state_pub_interface_s__rosidl_typesupport_c.cpython-310-x86_64-linux-gnu.so
Listing '/home/lzy/ros2/ros2_study/install/robot_state_pub_interface/local/lib/python3.10/dist-packages/robot_state_pub_interface'...
Compiling '/home/lzy/ros2/ros2_study/install/robot_state_pub_interface/local/lib/python3.10/dist-packages/robot_state_pub_interface/__init__.py'...
Listing '/home/lzy/ros2/ros2_study/install/robot_state_pub_interface/local/lib/python3.10/dist-packages/robot_state_pub_interface/msg'...
Compiling '/home/lzy/ros2/ros2_study/install/robot_state_pub_interface/local/lib/python3.10/dist-packages/robot_state_pub_interface/msg/__init__.py'...
Compiling '/home/lzy/ros2/ros2_study/install/robot_state_pub_interface/local/lib/python3.10/dist-packages/robot_state_pub_interface/msg/_robot_state.py'...
-- Installing: /home/lzy/ros2/ros2_study/install/robot_state_pub_interface/local/lib/python3.10/dist-packages/robot_state_pub_interface/robot_state_pub_interface_s__rosidl_typesupport_fastrtps_c.cpython-310-x86_64-linux-gnu.so
-- Set runtime path of "/home/lzy/ros2/ros2_study/install/robot_state_pub_interface/local/lib/python3.10/dist-packages/robot_state_pub_interface/robot_state_pub_interface_s__rosidl_typesupport_fastrtps_c.cpython-310-x86_64-linux-gnu.so" to ""
-- Installing: /home/lzy/ros2/ros2_study/install/robot_state_pub_interface/local/lib/python3.10/dist-packages/robot_state_pub_interface/robot_state_pub_interface_s__rosidl_typesupport_introspection_c.cpython-310-x86_64-linux-gnu.so
-- Set runtime path of "/home/lzy/ros2/ros2_study/install/robot_state_pub_interface/local/lib/python3.10/dist-packages/robot_state_pub_interface/robot_state_pub_interface_s__rosidl_typesupport_introspection_c.cpython-310-x86_64-linux-gnu.so" to ""
-- Installing: /home/lzy/ros2/ros2_study/install/robot_state_pub_interface/local/lib/python3.10/dist-packages/robot_state_pub_interface/robot_state_pub_interface_s__rosidl_typesupport_c.cpython-310-x86_64-linux-gnu.so
-- Set runtime path of "/home/lzy/ros2/ros2_study/install/robot_state_pub_interface/local/lib/python3.10/dist-packages/robot_state_pub_interface/robot_state_pub_interface_s__rosidl_typesupport_c.cpython-310-x86_64-linux-gnu.so" to ""
-- Installing: /home/lzy/ros2/ros2_study/install/robot_state_pub_interface/lib/librobot_state_pub_interface__rosidl_generator_py.so
-- Set runtime path of "/home/lzy/ros2/ros2_study/install/robot_state_pub_interface/lib/librobot_state_pub_interface__rosidl_generator_py.so" to ""
-- Installing: /home/lzy/ros2/ros2_study/install/robot_state_pub_interface/share/robot_state_pub_interface/msg/RobotState.idl
-- Installing: /home/lzy/ros2/ros2_study/install/robot_state_pub_interface/share/robot_state_pub_interface/msg/RobotState.msg
-- Installing: /home/lzy/ros2/ros2_study/install/robot_state_pub_interface/share/ament_index/resource_index/package_run_dependencies/robot_state_pub_interface
-- Installing: /home/lzy/ros2/ros2_study/install/robot_state_pub_interface/share/ament_index/resource_index/parent_prefix_path/robot_state_pub_interface
-- Installing: /home/lzy/ros2/ros2_study/install/robot_state_pub_interface/share/robot_state_pub_interface/environment/ament_prefix_path.sh
-- Installing: /home/lzy/ros2/ros2_study/install/robot_state_pub_interface/share/robot_state_pub_interface/environment/ament_prefix_path.dsv
-- Installing: /home/lzy/ros2/ros2_study/install/robot_state_pub_interface/share/robot_state_pub_interface/environment/path.sh
-- Installing: /home/lzy/ros2/ros2_study/install/robot_state_pub_interface/share/robot_state_pub_interface/environment/path.dsv
-- Installing: /home/lzy/ros2/ros2_study/install/robot_state_pub_interface/share/robot_state_pub_interface/local_setup.bash
-- Installing: /home/lzy/ros2/ros2_study/install/robot_state_pub_interface/share/robot_state_pub_interface/local_setup.sh
-- Installing: /home/lzy/ros2/ros2_study/install/robot_state_pub_interface/share/robot_state_pub_interface/local_setup.zsh
-- Installing: /home/lzy/ros2/ros2_study/install/robot_state_pub_interface/share/robot_state_pub_interface/local_setup.dsv
-- Installing: /home/lzy/ros2/ros2_study/install/robot_state_pub_interface/share/robot_state_pub_interface/package.dsv
-- Installing: /home/lzy/ros2/ros2_study/install/robot_state_pub_interface/share/ament_index/resource_index/packages/robot_state_pub_interface
-- Installing: /home/lzy/ros2/ros2_study/install/robot_state_pub_interface/share/robot_state_pub_interface/cmake/export_robot_state_pub_interface__rosidl_generator_cExport.cmake
-- Installing: /home/lzy/ros2/ros2_study/install/robot_state_pub_interface/share/robot_state_pub_interface/cmake/export_robot_state_pub_interface__rosidl_generator_cExport-noconfig.cmake
-- Installing: /home/lzy/ros2/ros2_study/install/robot_state_pub_interface/share/robot_state_pub_interface/cmake/export_robot_state_pub_interface__rosidl_typesupport_fastrtps_cExport.cmake
-- Installing: /home/lzy/ros2/ros2_study/install/robot_state_pub_interface/share/robot_state_pub_interface/cmake/export_robot_state_pub_interface__rosidl_typesupport_fastrtps_cExport-noconfig.cmake
-- Installing: /home/lzy/ros2/ros2_study/install/robot_state_pub_interface/share/robot_state_pub_interface/cmake/export_robot_state_pub_interface__rosidl_generator_cppExport.cmake
-- Installing: /home/lzy/ros2/ros2_study/install/robot_state_pub_interface/share/robot_state_pub_interface/cmake/export_robot_state_pub_interface__rosidl_typesupport_fastrtps_cppExport.cmake
-- Installing: /home/lzy/ros2/ros2_study/install/robot_state_pub_interface/share/robot_state_pub_interface/cmake/export_robot_state_pub_interface__rosidl_typesupport_fastrtps_cppExport-noconfig.cmake
-- Installing: /home/lzy/ros2/ros2_study/install/robot_state_pub_interface/share/robot_state_pub_interface/cmake/robot_state_pub_interface__rosidl_typesupport_introspection_cExport.cmake
-- Installing: /home/lzy/ros2/ros2_study/install/robot_state_pub_interface/share/robot_state_pub_interface/cmake/robot_state_pub_interface__rosidl_typesupport_introspection_cExport-noconfig.cmake
-- Installing: /home/lzy/ros2/ros2_study/install/robot_state_pub_interface/share/robot_state_pub_interface/cmake/robot_state_pub_interface__rosidl_typesupport_cExport.cmake
-- Installing: /home/lzy/ros2/ros2_study/install/robot_state_pub_interface/share/robot_state_pub_interface/cmake/robot_state_pub_interface__rosidl_typesupport_cExport-noconfig.cmake
-- Installing: /home/lzy/ros2/ros2_study/install/robot_state_pub_interface/share/robot_state_pub_interface/cmake/robot_state_pub_interface__rosidl_typesupport_introspection_cppExport.cmake
-- Installing: /home/lzy/ros2/ros2_study/install/robot_state_pub_interface/share/robot_state_pub_interface/cmake/robot_state_pub_interface__rosidl_typesupport_introspection_cppExport-noconfig.cmake
-- Installing: /home/lzy/ros2/ros2_study/install/robot_state_pub_interface/share/robot_state_pub_interface/cmake/robot_state_pub_interface__rosidl_typesupport_cppExport.cmake
-- Installing: /home/lzy/ros2/ros2_study/install/robot_state_pub_interface/share/robot_state_pub_interface/cmake/robot_state_pub_interface__rosidl_typesupport_cppExport-noconfig.cmake
-- Installing: /home/lzy/ros2/ros2_study/install/robot_state_pub_interface/share/robot_state_pub_interface/cmake/export_robot_state_pub_interface__rosidl_generator_pyExport.cmake
-- Installing: /home/lzy/ros2/ros2_study/install/robot_state_pub_interface/share/robot_state_pub_interface/cmake/export_robot_state_pub_interface__rosidl_generator_pyExport-noconfig.cmake
-- Installing: /home/lzy/ros2/ros2_study/install/robot_state_pub_interface/share/robot_state_pub_interface/cmake/rosidl_cmake-extras.cmake
-- Installing: /home/lzy/ros2/ros2_study/install/robot_state_pub_interface/share/robot_state_pub_interface/cmake/ament_cmake_export_dependencies-extras.cmake
-- Installing: /home/lzy/ros2/ros2_study/install/robot_state_pub_interface/share/robot_state_pub_interface/cmake/ament_cmake_export_include_directories-extras.cmake
-- Installing: /home/lzy/ros2/ros2_study/install/robot_state_pub_interface/share/robot_state_pub_interface/cmake/ament_cmake_export_libraries-extras.cmake
-- Installing: /home/lzy/ros2/ros2_study/install/robot_state_pub_interface/share/robot_state_pub_interface/cmake/ament_cmake_export_targets-extras.cmake
-- Installing: /home/lzy/ros2/ros2_study/install/robot_state_pub_interface/share/robot_state_pub_interface/cmake/rosidl_cmake_export_typesupport_targets-extras.cmake
-- Installing: /home/lzy/ros2/ros2_study/install/robot_state_pub_interface/share/robot_state_pub_interface/cmake/rosidl_cmake_export_typesupport_libraries-extras.cmake
-- Installing: /home/lzy/ros2/ros2_study/install/robot_state_pub_interface/share/robot_state_pub_interface/cmake/robot_state_pub_interfaceConfig.cmake
-- Installing: /home/lzy/ros2/ros2_study/install/robot_state_pub_interface/share/robot_state_pub_interface/cmake/robot_state_pub_interfaceConfig-version.cmake
-- Installing: /home/lzy/ros2/ros2_study/install/robot_state_pub_interface/share/robot_state_pub_interface/package.xml
