[0.010s] Invoking command in '/home/lzy/ros2_study/balance_car_ws/build/robot_description_pkg': CMAKE_PREFIX_PATH=/opt/ros/humble /usr/bin/cmake /home/lzy/ros2_study/balance_car_ws/src/robot_description_pkg -DCMAKE_INSTALL_PREFIX=/home/lzy/ros2_study/balance_car_ws/install/robot_description_pkg
[0.140s] -- The C compiler identification is GNU 11.4.0
[0.267s] -- The CXX compiler identification is GNU 11.4.0
[0.281s] -- Detecting C compiler ABI info
[0.362s] -- Detecting C compiler ABI info - done
[0.369s] -- Check for working C compiler: /usr/bin/cc - skipped
[0.369s] -- Detecting C compile features
[0.370s] -- Detecting C compile features - done
[0.375s] -- Detecting CXX compiler ABI info
[0.461s] -- Detecting CXX compiler ABI info - done
[0.472s] -- Check for working CXX compiler: /usr/bin/c++ - skipped
[0.474s] -- Detecting CXX compile features
[0.474s] -- Detecting CXX compile features - done
[0.483s] -- Found ament_cmake: 1.3.11 (/opt/ros/humble/share/ament_cmake/cmake)
[0.655s] -- Found Python3: /usr/bin/python3 (found version "3.10.12") found components: Interpreter 
[0.781s] -- Found ament_lint_auto: 0.12.12 (/opt/ros/humble/share/ament_lint_auto/cmake)
[0.873s] -- Added test 'flake8' to check Python code syntax and style conventions
[0.874s] -- Added test 'lint_cmake' to check CMake code style
[0.875s] -- Added test 'pep257' to check Python code against some of the docstring style conventions in PEP 257
[0.877s] -- Added test 'xmllint' to check XML markup files
[0.879s] -- Configuring done
[0.881s] -- Generating done
[0.884s] -- Build files have been written to: /home/lzy/ros2_study/balance_car_ws/build/robot_description_pkg
[0.889s] Invoked command in '/home/lzy/ros2_study/balance_car_ws/build/robot_description_pkg' returned '0': CMAKE_PREFIX_PATH=/opt/ros/humble /usr/bin/cmake /home/lzy/ros2_study/balance_car_ws/src/robot_description_pkg -DCMAKE_INSTALL_PREFIX=/home/lzy/ros2_study/balance_car_ws/install/robot_description_pkg
[0.891s] Invoking command in '/home/lzy/ros2_study/balance_car_ws/build/robot_description_pkg': CMAKE_PREFIX_PATH=/opt/ros/humble /usr/bin/cmake --build /home/lzy/ros2_study/balance_car_ws/build/robot_description_pkg -- -j8 -l8
[0.935s] Invoked command in '/home/lzy/ros2_study/balance_car_ws/build/robot_description_pkg' returned '0': CMAKE_PREFIX_PATH=/opt/ros/humble /usr/bin/cmake --build /home/lzy/ros2_study/balance_car_ws/build/robot_description_pkg -- -j8 -l8
[0.947s] Invoking command in '/home/lzy/ros2_study/balance_car_ws/build/robot_description_pkg': CMAKE_PREFIX_PATH=/opt/ros/humble /usr/bin/cmake --install /home/lzy/ros2_study/balance_car_ws/build/robot_description_pkg
[0.954s] -- Install configuration: ""
[0.954s] -- Installing: /home/lzy/ros2_study/balance_car_ws/install/robot_description_pkg/share/robot_description_pkg/config
[0.954s] -- Installing: /home/lzy/ros2_study/balance_car_ws/install/robot_description_pkg/share/robot_description_pkg/config/balance_car_ros2_controller.yaml
[0.954s] -- Installing: /home/lzy/ros2_study/balance_car_ws/install/robot_description_pkg/share/robot_description_pkg/config/rviz2_default_config.rviz
[0.955s] -- Installing: /home/lzy/ros2_study/balance_car_ws/install/robot_description_pkg/share/robot_description_pkg/launch
[0.955s] -- Installing: /home/lzy/ros2_study/balance_car_ws/install/robot_description_pkg/share/robot_description_pkg/launch/robot_display.launch.py
[0.955s] -- Installing: /home/lzy/ros2_study/balance_car_ws/install/robot_description_pkg/share/robot_description_pkg/urdf
[0.955s] -- Installing: /home/lzy/ros2_study/balance_car_ws/install/robot_description_pkg/share/robot_description_pkg/urdf/common_inertia.xacro
[0.956s] -- Installing: /home/lzy/ros2_study/balance_car_ws/install/robot_description_pkg/share/robot_description_pkg/urdf/base_link.urdf.xacro
[0.956s] -- Installing: /home/lzy/ros2_study/balance_car_ws/install/robot_description_pkg/share/robot_description_pkg/urdf/sensor
[0.956s] -- Installing: /home/lzy/ros2_study/balance_car_ws/install/robot_description_pkg/share/robot_description_pkg/urdf/sensor/imu_link.urdf.xacro
[0.956s] -- Installing: /home/lzy/ros2_study/balance_car_ws/install/robot_description_pkg/share/robot_description_pkg/urdf/leg_link.urdf.xacro
[0.957s] -- Installing: /home/lzy/ros2_study/balance_car_ws/install/robot_description_pkg/share/robot_description_pkg/urdf/balance_car.ros2_control.xacro
[0.957s] -- Installing: /home/lzy/ros2_study/balance_car_ws/install/robot_description_pkg/share/robot_description_pkg/urdf/balance_car.urdf.xacro
[0.957s] -- Installing: /home/lzy/ros2_study/balance_car_ws/install/robot_description_pkg/share/robot_description_pkg/urdf/actor
[0.957s] -- Installing: /home/lzy/ros2_study/balance_car_ws/install/robot_description_pkg/share/robot_description_pkg/urdf/actor/wheel_link.urdf.xacro
[0.958s] -- Installing: /home/lzy/ros2_study/balance_car_ws/install/robot_description_pkg/share/robot_description_pkg/plugins
[0.958s] -- Installing: /home/lzy/ros2_study/balance_car_ws/install/robot_description_pkg/share/robot_description_pkg/plugins/gazebo_sensor_imu.xacro
[0.958s] -- Installing: /home/lzy/ros2_study/balance_car_ws/install/robot_description_pkg/share/ament_index/resource_index/package_run_dependencies/robot_description_pkg
[0.958s] -- Installing: /home/lzy/ros2_study/balance_car_ws/install/robot_description_pkg/share/ament_index/resource_index/parent_prefix_path/robot_description_pkg
[0.959s] -- Installing: /home/lzy/ros2_study/balance_car_ws/install/robot_description_pkg/share/robot_description_pkg/environment/ament_prefix_path.sh
[0.959s] -- Installing: /home/lzy/ros2_study/balance_car_ws/install/robot_description_pkg/share/robot_description_pkg/environment/ament_prefix_path.dsv
[0.959s] -- Installing: /home/lzy/ros2_study/balance_car_ws/install/robot_description_pkg/share/robot_description_pkg/environment/path.sh
[0.959s] -- Installing: /home/lzy/ros2_study/balance_car_ws/install/robot_description_pkg/share/robot_description_pkg/environment/path.dsv
[0.959s] -- Installing: /home/lzy/ros2_study/balance_car_ws/install/robot_description_pkg/share/robot_description_pkg/local_setup.bash
[0.960s] -- Installing: /home/lzy/ros2_study/balance_car_ws/install/robot_description_pkg/share/robot_description_pkg/local_setup.sh
[0.960s] -- Installing: /home/lzy/ros2_study/balance_car_ws/install/robot_description_pkg/share/robot_description_pkg/local_setup.zsh
[0.960s] -- Installing: /home/lzy/ros2_study/balance_car_ws/install/robot_description_pkg/share/robot_description_pkg/local_setup.dsv
[0.960s] -- Installing: /home/lzy/ros2_study/balance_car_ws/install/robot_description_pkg/share/robot_description_pkg/package.dsv
[0.960s] -- Installing: /home/lzy/ros2_study/balance_car_ws/install/robot_description_pkg/share/ament_index/resource_index/packages/robot_description_pkg
[0.961s] -- Installing: /home/lzy/ros2_study/balance_car_ws/install/robot_description_pkg/share/robot_description_pkg/cmake/robot_description_pkgConfig.cmake
[0.961s] -- Installing: /home/lzy/ros2_study/balance_car_ws/install/robot_description_pkg/share/robot_description_pkg/cmake/robot_description_pkgConfig-version.cmake
[0.961s] -- Installing: /home/lzy/ros2_study/balance_car_ws/install/robot_description_pkg/share/robot_description_pkg/package.xml
[0.964s] Invoked command in '/home/lzy/ros2_study/balance_car_ws/build/robot_description_pkg' returned '0': CMAKE_PREFIX_PATH=/opt/ros/humble /usr/bin/cmake --install /home/lzy/ros2_study/balance_car_ws/build/robot_description_pkg
