[0.192s] DEBUG:colcon:Command line arguments: ['/usr/bin/colcon', 'build']
[0.193s] DEBUG:colcon:Parsed command line arguments: Namespace(log_base=None, log_level=None, verb_name='build', build_base='build', install_base='install', merge_install=False, symlink_install=False, test_result_base=None, continue_on_error=False, executor='parallel', parallel_workers=8, event_handlers=None, ignore_user_meta=False, metas=['./colcon.meta'], base_paths=['.'], packages_ignore=None, packages_ignore_regex=None, paths=None, packages_up_to=None, packages_up_to_regex=None, packages_above=None, packages_above_and_dependencies=None, packages_above_depth=None, packages_select_by_dep=None, packages_skip_by_dep=None, packages_skip_up_to=None, packages_select_build_failed=False, packages_skip_build_finished=False, packages_select_test_failures=False, packages_skip_test_passed=False, packages_select=None, packages_skip=None, packages_select_regex=None, packages_skip_regex=None, packages_start=None, packages_end=None, allow_overriding=[], cmake_args=None, cmake_target=None, cmake_target_skip_unavailable=False, cmake_clean_cache=False, cmake_clean_first=False, cmake_force_configure=False, ament_cmake_args=None, catkin_cmake_args=None, catkin_skip_building_tests=False, verb_parser=<colcon_defaults.argument_parser.defaults.DefaultArgumentsDecorator object at 0x7f38d4327b50>, verb_extension=<colcon_core.verb.build.BuildVerb object at 0x7f38d4327490>, main=<bound method BuildVerb.main of <colcon_core.verb.build.BuildVerb object at 0x7f38d4327490>>)
[0.603s] Level 1:colcon.colcon_core.package_discovery:discover_packages(colcon_meta) check parameters
[0.603s] Level 1:colcon.colcon_core.package_discovery:discover_packages(recursive) check parameters
[0.604s] Level 1:colcon.colcon_core.package_discovery:discover_packages(ignore) check parameters
[0.604s] Level 1:colcon.colcon_core.package_discovery:discover_packages(path) check parameters
[0.604s] Level 1:colcon.colcon_core.package_discovery:discover_packages(colcon_meta) discover
[0.604s] Level 1:colcon.colcon_core.package_discovery:discover_packages(recursive) discover
[0.604s] INFO:colcon.colcon_core.package_discovery:Crawling recursively for packages in '/home/lzy/ros2_study/balance_car_ws'
[0.604s] Level 1:colcon.colcon_core.package_identification:_identify(.) by extensions ['ignore', 'ignore_ament_install']
[0.604s] Level 1:colcon.colcon_core.package_identification:_identify(.) by extension 'ignore'
[0.604s] Level 1:colcon.colcon_core.package_identification:_identify(.) by extension 'ignore_ament_install'
[0.604s] Level 1:colcon.colcon_core.package_identification:_identify(.) by extensions ['colcon_pkg']
[0.604s] Level 1:colcon.colcon_core.package_identification:_identify(.) by extension 'colcon_pkg'
[0.604s] Level 1:colcon.colcon_core.package_identification:_identify(.) by extensions ['colcon_meta']
[0.604s] Level 1:colcon.colcon_core.package_identification:_identify(.) by extension 'colcon_meta'
[0.604s] Level 1:colcon.colcon_core.package_identification:_identify(.) by extensions ['ros']
[0.604s] Level 1:colcon.colcon_core.package_identification:_identify(.) by extension 'ros'
[0.629s] Level 1:colcon.colcon_core.package_identification:_identify(.) by extensions ['cmake', 'python']
[0.629s] Level 1:colcon.colcon_core.package_identification:_identify(.) by extension 'cmake'
[0.629s] Level 1:colcon.colcon_core.package_identification:_identify(.) by extension 'python'
[0.629s] Level 1:colcon.colcon_core.package_identification:_identify(.) by extensions ['python_setup_py']
[0.629s] Level 1:colcon.colcon_core.package_identification:_identify(.) by extension 'python_setup_py'
[0.630s] Level 1:colcon.colcon_core.package_identification:_identify(build) by extensions ['ignore', 'ignore_ament_install']
[0.630s] Level 1:colcon.colcon_core.package_identification:_identify(build) by extension 'ignore'
[0.630s] Level 1:colcon.colcon_core.package_identification:_identify(build) ignored
[0.630s] Level 1:colcon.colcon_core.package_identification:_identify(install) by extensions ['ignore', 'ignore_ament_install']
[0.630s] Level 1:colcon.colcon_core.package_identification:_identify(install) by extension 'ignore'
[0.630s] Level 1:colcon.colcon_core.package_identification:_identify(install) ignored
[0.630s] Level 1:colcon.colcon_core.package_identification:_identify(log) by extensions ['ignore', 'ignore_ament_install']
[0.631s] Level 1:colcon.colcon_core.package_identification:_identify(log) by extension 'ignore'
[0.631s] Level 1:colcon.colcon_core.package_identification:_identify(log) ignored
[0.631s] Level 1:colcon.colcon_core.package_identification:_identify(src) by extensions ['ignore', 'ignore_ament_install']
[0.631s] Level 1:colcon.colcon_core.package_identification:_identify(src) by extension 'ignore'
[0.631s] Level 1:colcon.colcon_core.package_identification:_identify(src) by extension 'ignore_ament_install'
[0.631s] Level 1:colcon.colcon_core.package_identification:_identify(src) by extensions ['colcon_pkg']
[0.631s] Level 1:colcon.colcon_core.package_identification:_identify(src) by extension 'colcon_pkg'
[0.631s] Level 1:colcon.colcon_core.package_identification:_identify(src) by extensions ['colcon_meta']
[0.631s] Level 1:colcon.colcon_core.package_identification:_identify(src) by extension 'colcon_meta'
[0.631s] Level 1:colcon.colcon_core.package_identification:_identify(src) by extensions ['ros']
[0.631s] Level 1:colcon.colcon_core.package_identification:_identify(src) by extension 'ros'
[0.632s] Level 1:colcon.colcon_core.package_identification:_identify(src) by extensions ['cmake', 'python']
[0.632s] Level 1:colcon.colcon_core.package_identification:_identify(src) by extension 'cmake'
[0.632s] Level 1:colcon.colcon_core.package_identification:_identify(src) by extension 'python'
[0.632s] Level 1:colcon.colcon_core.package_identification:_identify(src) by extensions ['python_setup_py']
[0.632s] Level 1:colcon.colcon_core.package_identification:_identify(src) by extension 'python_setup_py'
[0.632s] Level 1:colcon.colcon_core.package_identification:_identify(src/lqr_controller) by extensions ['ignore', 'ignore_ament_install']
[0.632s] Level 1:colcon.colcon_core.package_identification:_identify(src/lqr_controller) by extension 'ignore'
[0.632s] Level 1:colcon.colcon_core.package_identification:_identify(src/lqr_controller) by extension 'ignore_ament_install'
[0.632s] Level 1:colcon.colcon_core.package_identification:_identify(src/lqr_controller) by extensions ['colcon_pkg']
[0.632s] Level 1:colcon.colcon_core.package_identification:_identify(src/lqr_controller) by extension 'colcon_pkg'
[0.632s] Level 1:colcon.colcon_core.package_identification:_identify(src/lqr_controller) by extensions ['colcon_meta']
[0.632s] Level 1:colcon.colcon_core.package_identification:_identify(src/lqr_controller) by extension 'colcon_meta'
[0.632s] Level 1:colcon.colcon_core.package_identification:_identify(src/lqr_controller) by extensions ['ros']
[0.632s] Level 1:colcon.colcon_core.package_identification:_identify(src/lqr_controller) by extension 'ros'
[0.639s] DEBUG:colcon.colcon_core.package_identification:Package 'src/lqr_controller' with type 'ros.ament_cmake' and name 'lqr_controller'
[0.639s] Level 1:colcon.colcon_core.package_identification:_identify(src/robot_description_pkg) by extensions ['ignore', 'ignore_ament_install']
[0.639s] Level 1:colcon.colcon_core.package_identification:_identify(src/robot_description_pkg) by extension 'ignore'
[0.640s] Level 1:colcon.colcon_core.package_identification:_identify(src/robot_description_pkg) by extension 'ignore_ament_install'
[0.640s] Level 1:colcon.colcon_core.package_identification:_identify(src/robot_description_pkg) by extensions ['colcon_pkg']
[0.640s] Level 1:colcon.colcon_core.package_identification:_identify(src/robot_description_pkg) by extension 'colcon_pkg'
[0.640s] Level 1:colcon.colcon_core.package_identification:_identify(src/robot_description_pkg) by extensions ['colcon_meta']
[0.640s] Level 1:colcon.colcon_core.package_identification:_identify(src/robot_description_pkg) by extension 'colcon_meta'
[0.640s] Level 1:colcon.colcon_core.package_identification:_identify(src/robot_description_pkg) by extensions ['ros']
[0.640s] Level 1:colcon.colcon_core.package_identification:_identify(src/robot_description_pkg) by extension 'ros'
[0.642s] DEBUG:colcon.colcon_core.package_identification:Package 'src/robot_description_pkg' with type 'ros.ament_cmake' and name 'robot_description_pkg'
[0.642s] Level 1:colcon.colcon_core.package_identification:_identify(src/robot_state_pub_interface) by extensions ['ignore', 'ignore_ament_install']
[0.643s] Level 1:colcon.colcon_core.package_identification:_identify(src/robot_state_pub_interface) by extension 'ignore'
[0.643s] Level 1:colcon.colcon_core.package_identification:_identify(src/robot_state_pub_interface) by extension 'ignore_ament_install'
[0.643s] Level 1:colcon.colcon_core.package_identification:_identify(src/robot_state_pub_interface) by extensions ['colcon_pkg']
[0.643s] Level 1:colcon.colcon_core.package_identification:_identify(src/robot_state_pub_interface) by extension 'colcon_pkg'
[0.643s] Level 1:colcon.colcon_core.package_identification:_identify(src/robot_state_pub_interface) by extensions ['colcon_meta']
[0.643s] Level 1:colcon.colcon_core.package_identification:_identify(src/robot_state_pub_interface) by extension 'colcon_meta'
[0.643s] Level 1:colcon.colcon_core.package_identification:_identify(src/robot_state_pub_interface) by extensions ['ros']
[0.643s] Level 1:colcon.colcon_core.package_identification:_identify(src/robot_state_pub_interface) by extension 'ros'
[0.645s] DEBUG:colcon.colcon_core.package_identification:Package 'src/robot_state_pub_interface' with type 'ros.ament_cmake' and name 'robot_state_pub_interface'
[0.645s] Level 1:colcon.colcon_core.package_discovery:discover_packages(recursive) using defaults
[0.645s] Level 1:colcon.colcon_core.package_discovery:discover_packages(ignore) discover
[0.645s] Level 1:colcon.colcon_core.package_discovery:discover_packages(ignore) using defaults
[0.645s] Level 1:colcon.colcon_core.package_discovery:discover_packages(path) discover
[0.645s] Level 1:colcon.colcon_core.package_discovery:discover_packages(path) using defaults
[0.689s] Level 1:colcon.colcon_core.package_discovery:discover_packages(prefix_path) check parameters
[0.689s] Level 1:colcon.colcon_core.package_discovery:discover_packages(prefix_path) discover
[0.695s] DEBUG:colcon.colcon_installed_package_information.package_discovery:Found 332 installed packages in /opt/ros/humble
[0.725s] Level 1:colcon.colcon_core.package_discovery:discover_packages(prefix_path) using defaults
[0.796s] Level 5:colcon.colcon_core.verb:set package 'robot_state_pub_interface' build argument 'cmake_args' from command line to 'None'
[0.796s] Level 5:colcon.colcon_core.verb:set package 'robot_state_pub_interface' build argument 'cmake_target' from command line to 'None'
[0.796s] Level 5:colcon.colcon_core.verb:set package 'robot_state_pub_interface' build argument 'cmake_target_skip_unavailable' from command line to 'False'
[0.796s] Level 5:colcon.colcon_core.verb:set package 'robot_state_pub_interface' build argument 'cmake_clean_cache' from command line to 'False'
[0.796s] Level 5:colcon.colcon_core.verb:set package 'robot_state_pub_interface' build argument 'cmake_clean_first' from command line to 'False'
[0.796s] Level 5:colcon.colcon_core.verb:set package 'robot_state_pub_interface' build argument 'cmake_force_configure' from command line to 'False'
[0.796s] Level 5:colcon.colcon_core.verb:set package 'robot_state_pub_interface' build argument 'ament_cmake_args' from command line to 'None'
[0.796s] Level 5:colcon.colcon_core.verb:set package 'robot_state_pub_interface' build argument 'catkin_cmake_args' from command line to 'None'
[0.796s] Level 5:colcon.colcon_core.verb:set package 'robot_state_pub_interface' build argument 'catkin_skip_building_tests' from command line to 'False'
[0.796s] DEBUG:colcon.colcon_core.verb:Building package 'robot_state_pub_interface' with the following arguments: {'ament_cmake_args': None, 'build_base': '/home/lzy/ros2_study/balance_car_ws/build/robot_state_pub_interface', 'catkin_cmake_args': None, 'catkin_skip_building_tests': False, 'cmake_args': None, 'cmake_clean_cache': False, 'cmake_clean_first': False, 'cmake_force_configure': False, 'cmake_target': None, 'cmake_target_skip_unavailable': False, 'install_base': '/home/lzy/ros2_study/balance_car_ws/install/robot_state_pub_interface', 'merge_install': False, 'path': '/home/lzy/ros2_study/balance_car_ws/src/robot_state_pub_interface', 'symlink_install': False, 'test_result_base': None}
[0.797s] Level 5:colcon.colcon_core.verb:set package 'lqr_controller' build argument 'cmake_args' from command line to 'None'
[0.797s] Level 5:colcon.colcon_core.verb:set package 'lqr_controller' build argument 'cmake_target' from command line to 'None'
[0.797s] Level 5:colcon.colcon_core.verb:set package 'lqr_controller' build argument 'cmake_target_skip_unavailable' from command line to 'False'
[0.797s] Level 5:colcon.colcon_core.verb:set package 'lqr_controller' build argument 'cmake_clean_cache' from command line to 'False'
[0.797s] Level 5:colcon.colcon_core.verb:set package 'lqr_controller' build argument 'cmake_clean_first' from command line to 'False'
[0.797s] Level 5:colcon.colcon_core.verb:set package 'lqr_controller' build argument 'cmake_force_configure' from command line to 'False'
[0.797s] Level 5:colcon.colcon_core.verb:set package 'lqr_controller' build argument 'ament_cmake_args' from command line to 'None'
[0.797s] Level 5:colcon.colcon_core.verb:set package 'lqr_controller' build argument 'catkin_cmake_args' from command line to 'None'
[0.797s] Level 5:colcon.colcon_core.verb:set package 'lqr_controller' build argument 'catkin_skip_building_tests' from command line to 'False'
[0.797s] DEBUG:colcon.colcon_core.verb:Building package 'lqr_controller' with the following arguments: {'ament_cmake_args': None, 'build_base': '/home/lzy/ros2_study/balance_car_ws/build/lqr_controller', 'catkin_cmake_args': None, 'catkin_skip_building_tests': False, 'cmake_args': None, 'cmake_clean_cache': False, 'cmake_clean_first': False, 'cmake_force_configure': False, 'cmake_target': None, 'cmake_target_skip_unavailable': False, 'install_base': '/home/lzy/ros2_study/balance_car_ws/install/lqr_controller', 'merge_install': False, 'path': '/home/lzy/ros2_study/balance_car_ws/src/lqr_controller', 'symlink_install': False, 'test_result_base': None}
[0.798s] Level 5:colcon.colcon_core.verb:set package 'robot_description_pkg' build argument 'cmake_args' from command line to 'None'
[0.798s] Level 5:colcon.colcon_core.verb:set package 'robot_description_pkg' build argument 'cmake_target' from command line to 'None'
[0.798s] Level 5:colcon.colcon_core.verb:set package 'robot_description_pkg' build argument 'cmake_target_skip_unavailable' from command line to 'False'
[0.798s] Level 5:colcon.colcon_core.verb:set package 'robot_description_pkg' build argument 'cmake_clean_cache' from command line to 'False'
[0.798s] Level 5:colcon.colcon_core.verb:set package 'robot_description_pkg' build argument 'cmake_clean_first' from command line to 'False'
[0.798s] Level 5:colcon.colcon_core.verb:set package 'robot_description_pkg' build argument 'cmake_force_configure' from command line to 'False'
[0.798s] Level 5:colcon.colcon_core.verb:set package 'robot_description_pkg' build argument 'ament_cmake_args' from command line to 'None'
[0.798s] Level 5:colcon.colcon_core.verb:set package 'robot_description_pkg' build argument 'catkin_cmake_args' from command line to 'None'
[0.798s] Level 5:colcon.colcon_core.verb:set package 'robot_description_pkg' build argument 'catkin_skip_building_tests' from command line to 'False'
[0.798s] DEBUG:colcon.colcon_core.verb:Building package 'robot_description_pkg' with the following arguments: {'ament_cmake_args': None, 'build_base': '/home/lzy/ros2_study/balance_car_ws/build/robot_description_pkg', 'catkin_cmake_args': None, 'catkin_skip_building_tests': False, 'cmake_args': None, 'cmake_clean_cache': False, 'cmake_clean_first': False, 'cmake_force_configure': False, 'cmake_target': None, 'cmake_target_skip_unavailable': False, 'install_base': '/home/lzy/ros2_study/balance_car_ws/install/robot_description_pkg', 'merge_install': False, 'path': '/home/lzy/ros2_study/balance_car_ws/src/robot_description_pkg', 'symlink_install': False, 'test_result_base': None}
[0.798s] INFO:colcon.colcon_core.executor:Executing jobs using 'parallel' executor
[0.802s] DEBUG:colcon.colcon_parallel_executor.executor.parallel:run_until_complete
[0.802s] INFO:colcon.colcon_ros.task.ament_cmake.build:Building ROS package in '/home/lzy/ros2_study/balance_car_ws/src/robot_state_pub_interface' with build type 'ament_cmake'
[0.802s] INFO:colcon.colcon_cmake.task.cmake.build:Building CMake package in '/home/lzy/ros2_study/balance_car_ws/src/robot_state_pub_interface'
[0.810s] INFO:colcon.colcon_core.plugin_system:Skipping extension 'colcon_core.shell.bat': Not used on non-Windows systems
[0.810s] INFO:colcon.colcon_core.shell:Skip shell extension 'powershell' for command environment: Not usable outside of PowerShell
[0.810s] DEBUG:colcon.colcon_core.shell:Skip shell extension 'dsv' for command environment
[0.832s] DEBUG:colcon.colcon_core.event_handler.log_command:Invoking command in '/home/lzy/ros2_study/balance_car_ws/build/robot_state_pub_interface': CMAKE_PREFIX_PATH=/opt/ros/humble /usr/bin/cmake --build /home/lzy/ros2_study/balance_car_ws/build/robot_state_pub_interface -- -j8 -l8
[1.466s] DEBUG:colcon.colcon_core.event_handler.log_command:Invoked command in '/home/lzy/ros2_study/balance_car_ws/build/robot_state_pub_interface' returned '0': CMAKE_PREFIX_PATH=/opt/ros/humble /usr/bin/cmake --build /home/lzy/ros2_study/balance_car_ws/build/robot_state_pub_interface -- -j8 -l8
[1.487s] DEBUG:colcon.colcon_core.event_handler.log_command:Invoking command in '/home/lzy/ros2_study/balance_car_ws/build/robot_state_pub_interface': CMAKE_PREFIX_PATH=/opt/ros/humble /usr/bin/cmake --install /home/lzy/ros2_study/balance_car_ws/build/robot_state_pub_interface
[1.582s] Level 1:colcon.colcon_core.environment:create_environment_scripts_only(robot_state_pub_interface)
[1.583s] DEBUG:colcon.colcon_core.event_handler.log_command:Invoked command in '/home/lzy/ros2_study/balance_car_ws/build/robot_state_pub_interface' returned '0': CMAKE_PREFIX_PATH=/opt/ros/humble /usr/bin/cmake --install /home/lzy/ros2_study/balance_car_ws/build/robot_state_pub_interface
[1.592s] Level 1:colcon.colcon_core.environment:checking '/home/lzy/ros2_study/balance_car_ws/install/robot_state_pub_interface' for CMake module files
[1.594s] Level 1:colcon.colcon_core.environment:checking '/home/lzy/ros2_study/balance_car_ws/install/robot_state_pub_interface' for CMake config files
[1.594s] Level 1:colcon.colcon_core.shell:create_environment_hook('robot_state_pub_interface', 'cmake_prefix_path')
[1.595s] INFO:colcon.colcon_core.shell:Creating environment hook '/home/lzy/ros2_study/balance_car_ws/install/robot_state_pub_interface/share/robot_state_pub_interface/hook/cmake_prefix_path.ps1'
[1.596s] INFO:colcon.colcon_core.shell:Creating environment descriptor '/home/lzy/ros2_study/balance_car_ws/install/robot_state_pub_interface/share/robot_state_pub_interface/hook/cmake_prefix_path.dsv'
[1.597s] INFO:colcon.colcon_core.shell:Creating environment hook '/home/lzy/ros2_study/balance_car_ws/install/robot_state_pub_interface/share/robot_state_pub_interface/hook/cmake_prefix_path.sh'
[1.599s] Level 1:colcon.colcon_core.environment:checking '/home/lzy/ros2_study/balance_car_ws/install/robot_state_pub_interface/lib'
[1.599s] Level 1:colcon.colcon_core.shell:create_environment_hook('robot_state_pub_interface', 'ld_library_path_lib')
[1.599s] INFO:colcon.colcon_core.shell:Creating environment hook '/home/lzy/ros2_study/balance_car_ws/install/robot_state_pub_interface/share/robot_state_pub_interface/hook/ld_library_path_lib.ps1'
[1.600s] INFO:colcon.colcon_core.shell:Creating environment descriptor '/home/lzy/ros2_study/balance_car_ws/install/robot_state_pub_interface/share/robot_state_pub_interface/hook/ld_library_path_lib.dsv'
[1.600s] INFO:colcon.colcon_core.shell:Creating environment hook '/home/lzy/ros2_study/balance_car_ws/install/robot_state_pub_interface/share/robot_state_pub_interface/hook/ld_library_path_lib.sh'
[1.601s] Level 1:colcon.colcon_core.environment:checking '/home/lzy/ros2_study/balance_car_ws/install/robot_state_pub_interface/bin'
[1.601s] Level 1:colcon.colcon_core.environment:checking '/home/lzy/ros2_study/balance_car_ws/install/robot_state_pub_interface/lib/pkgconfig/robot_state_pub_interface.pc'
[1.601s] Level 1:colcon.colcon_core.environment:checking '/home/lzy/ros2_study/balance_car_ws/install/robot_state_pub_interface/lib/python3.10/site-packages'
[1.602s] Level 1:colcon.colcon_core.environment:checking '/home/lzy/ros2_study/balance_car_ws/install/robot_state_pub_interface/bin'
[1.603s] INFO:colcon.colcon_core.shell:Creating package script '/home/lzy/ros2_study/balance_car_ws/install/robot_state_pub_interface/share/robot_state_pub_interface/package.ps1'
[1.606s] INFO:colcon.colcon_core.shell:Creating package descriptor '/home/lzy/ros2_study/balance_car_ws/install/robot_state_pub_interface/share/robot_state_pub_interface/package.dsv'
[1.607s] INFO:colcon.colcon_core.shell:Creating package script '/home/lzy/ros2_study/balance_car_ws/install/robot_state_pub_interface/share/robot_state_pub_interface/package.sh'
[1.608s] INFO:colcon.colcon_core.shell:Creating package script '/home/lzy/ros2_study/balance_car_ws/install/robot_state_pub_interface/share/robot_state_pub_interface/package.bash'
[1.609s] INFO:colcon.colcon_core.shell:Creating package script '/home/lzy/ros2_study/balance_car_ws/install/robot_state_pub_interface/share/robot_state_pub_interface/package.zsh'
[1.610s] Level 1:colcon.colcon_core.environment:create_file_with_runtime_dependencies(/home/lzy/ros2_study/balance_car_ws/install/robot_state_pub_interface/share/colcon-core/packages/robot_state_pub_interface)
[1.612s] Level 1:colcon.colcon_core.environment:create_environment_scripts_only(robot_state_pub_interface)
[1.612s] Level 1:colcon.colcon_core.environment:checking '/home/lzy/ros2_study/balance_car_ws/install/robot_state_pub_interface' for CMake module files
[1.613s] Level 1:colcon.colcon_core.environment:checking '/home/lzy/ros2_study/balance_car_ws/install/robot_state_pub_interface' for CMake config files
[1.614s] Level 1:colcon.colcon_core.shell:create_environment_hook('robot_state_pub_interface', 'cmake_prefix_path')
[1.614s] INFO:colcon.colcon_core.shell:Creating environment hook '/home/lzy/ros2_study/balance_car_ws/install/robot_state_pub_interface/share/robot_state_pub_interface/hook/cmake_prefix_path.ps1'
[1.616s] INFO:colcon.colcon_core.shell:Creating environment descriptor '/home/lzy/ros2_study/balance_car_ws/install/robot_state_pub_interface/share/robot_state_pub_interface/hook/cmake_prefix_path.dsv'
[1.616s] INFO:colcon.colcon_core.shell:Creating environment hook '/home/lzy/ros2_study/balance_car_ws/install/robot_state_pub_interface/share/robot_state_pub_interface/hook/cmake_prefix_path.sh'
[1.617s] Level 1:colcon.colcon_core.environment:checking '/home/lzy/ros2_study/balance_car_ws/install/robot_state_pub_interface/lib'
[1.617s] Level 1:colcon.colcon_core.shell:create_environment_hook('robot_state_pub_interface', 'ld_library_path_lib')
[1.618s] INFO:colcon.colcon_core.shell:Creating environment hook '/home/lzy/ros2_study/balance_car_ws/install/robot_state_pub_interface/share/robot_state_pub_interface/hook/ld_library_path_lib.ps1'
[1.619s] INFO:colcon.colcon_core.shell:Creating environment descriptor '/home/lzy/ros2_study/balance_car_ws/install/robot_state_pub_interface/share/robot_state_pub_interface/hook/ld_library_path_lib.dsv'
[1.620s] INFO:colcon.colcon_core.shell:Creating environment hook '/home/lzy/ros2_study/balance_car_ws/install/robot_state_pub_interface/share/robot_state_pub_interface/hook/ld_library_path_lib.sh'
[1.621s] Level 1:colcon.colcon_core.environment:checking '/home/lzy/ros2_study/balance_car_ws/install/robot_state_pub_interface/bin'
[1.621s] Level 1:colcon.colcon_core.environment:checking '/home/lzy/ros2_study/balance_car_ws/install/robot_state_pub_interface/lib/pkgconfig/robot_state_pub_interface.pc'
[1.621s] Level 1:colcon.colcon_core.environment:checking '/home/lzy/ros2_study/balance_car_ws/install/robot_state_pub_interface/lib/python3.10/site-packages'
[1.622s] Level 1:colcon.colcon_core.environment:checking '/home/lzy/ros2_study/balance_car_ws/install/robot_state_pub_interface/bin'
[1.622s] INFO:colcon.colcon_core.shell:Creating package script '/home/lzy/ros2_study/balance_car_ws/install/robot_state_pub_interface/share/robot_state_pub_interface/package.ps1'
[1.624s] INFO:colcon.colcon_core.shell:Creating package descriptor '/home/lzy/ros2_study/balance_car_ws/install/robot_state_pub_interface/share/robot_state_pub_interface/package.dsv'
[1.625s] INFO:colcon.colcon_core.shell:Creating package script '/home/lzy/ros2_study/balance_car_ws/install/robot_state_pub_interface/share/robot_state_pub_interface/package.sh'
[1.626s] INFO:colcon.colcon_core.shell:Creating package script '/home/lzy/ros2_study/balance_car_ws/install/robot_state_pub_interface/share/robot_state_pub_interface/package.bash'
[1.626s] INFO:colcon.colcon_core.shell:Creating package script '/home/lzy/ros2_study/balance_car_ws/install/robot_state_pub_interface/share/robot_state_pub_interface/package.zsh'
[1.627s] Level 1:colcon.colcon_core.environment:create_file_with_runtime_dependencies(/home/lzy/ros2_study/balance_car_ws/install/robot_state_pub_interface/share/colcon-core/packages/robot_state_pub_interface)
[1.627s] INFO:colcon.colcon_ros.task.ament_cmake.build:Building ROS package in '/home/lzy/ros2_study/balance_car_ws/src/lqr_controller' with build type 'ament_cmake'
[1.627s] INFO:colcon.colcon_cmake.task.cmake.build:Building CMake package in '/home/lzy/ros2_study/balance_car_ws/src/lqr_controller'
[1.628s] INFO:colcon.colcon_core.shell:Skip shell extension 'powershell' for command environment: Not usable outside of PowerShell
[1.628s] DEBUG:colcon.colcon_core.shell:Skip shell extension 'dsv' for command environment
[1.653s] DEBUG:colcon.colcon_core.event_handler.log_command:Invoking command in '/home/lzy/ros2_study/balance_car_ws/build/lqr_controller': AMENT_PREFIX_PATH=/home/lzy/ros2_study/balance_car_ws/install/robot_state_pub_interface:${AMENT_PREFIX_PATH} CMAKE_PREFIX_PATH=/home/lzy/ros2_study/balance_car_ws/install/robot_state_pub_interface:/opt/ros/humble LD_LIBRARY_PATH=/home/lzy/ros2_study/balance_car_ws/install/robot_state_pub_interface/lib:${LD_LIBRARY_PATH} PYTHONPATH=/home/lzy/ros2_study/balance_car_ws/install/robot_state_pub_interface/local/lib/python3.10/dist-packages:${PYTHONPATH} /usr/bin/cmake --build /home/lzy/ros2_study/balance_car_ws/build/lqr_controller -- -j8 -l8
[20.225s] DEBUG:colcon.colcon_core.event_handler.log_command:Invoked command in '/home/lzy/ros2_study/balance_car_ws/build/lqr_controller' returned '0': AMENT_PREFIX_PATH=/home/lzy/ros2_study/balance_car_ws/install/robot_state_pub_interface:${AMENT_PREFIX_PATH} CMAKE_PREFIX_PATH=/home/lzy/ros2_study/balance_car_ws/install/robot_state_pub_interface:/opt/ros/humble LD_LIBRARY_PATH=/home/lzy/ros2_study/balance_car_ws/install/robot_state_pub_interface/lib:${LD_LIBRARY_PATH} PYTHONPATH=/home/lzy/ros2_study/balance_car_ws/install/robot_state_pub_interface/local/lib/python3.10/dist-packages:${PYTHONPATH} /usr/bin/cmake --build /home/lzy/ros2_study/balance_car_ws/build/lqr_controller -- -j8 -l8
[20.226s] DEBUG:colcon.colcon_core.event_handler.log_command:Invoking command in '/home/lzy/ros2_study/balance_car_ws/build/lqr_controller': AMENT_PREFIX_PATH=/home/lzy/ros2_study/balance_car_ws/install/robot_state_pub_interface:${AMENT_PREFIX_PATH} CMAKE_PREFIX_PATH=/home/lzy/ros2_study/balance_car_ws/install/robot_state_pub_interface:/opt/ros/humble LD_LIBRARY_PATH=/home/lzy/ros2_study/balance_car_ws/install/robot_state_pub_interface/lib:${LD_LIBRARY_PATH} PYTHONPATH=/home/lzy/ros2_study/balance_car_ws/install/robot_state_pub_interface/local/lib/python3.10/dist-packages:${PYTHONPATH} /usr/bin/cmake --install /home/lzy/ros2_study/balance_car_ws/build/lqr_controller
[20.261s] Level 1:colcon.colcon_core.environment:create_environment_scripts_only(lqr_controller)
[20.262s] Level 1:colcon.colcon_core.environment:checking '/home/lzy/ros2_study/balance_car_ws/install/lqr_controller' for CMake module files
[20.262s] DEBUG:colcon.colcon_core.event_handler.log_command:Invoked command in '/home/lzy/ros2_study/balance_car_ws/build/lqr_controller' returned '0': AMENT_PREFIX_PATH=/home/lzy/ros2_study/balance_car_ws/install/robot_state_pub_interface:${AMENT_PREFIX_PATH} CMAKE_PREFIX_PATH=/home/lzy/ros2_study/balance_car_ws/install/robot_state_pub_interface:/opt/ros/humble LD_LIBRARY_PATH=/home/lzy/ros2_study/balance_car_ws/install/robot_state_pub_interface/lib:${LD_LIBRARY_PATH} PYTHONPATH=/home/lzy/ros2_study/balance_car_ws/install/robot_state_pub_interface/local/lib/python3.10/dist-packages:${PYTHONPATH} /usr/bin/cmake --install /home/lzy/ros2_study/balance_car_ws/build/lqr_controller
[20.263s] Level 1:colcon.colcon_core.environment:checking '/home/lzy/ros2_study/balance_car_ws/install/lqr_controller' for CMake config files
[20.264s] Level 1:colcon.colcon_core.shell:create_environment_hook('lqr_controller', 'cmake_prefix_path')
[20.264s] INFO:colcon.colcon_core.shell:Creating environment hook '/home/lzy/ros2_study/balance_car_ws/install/lqr_controller/share/lqr_controller/hook/cmake_prefix_path.ps1'
[20.265s] INFO:colcon.colcon_core.shell:Creating environment descriptor '/home/lzy/ros2_study/balance_car_ws/install/lqr_controller/share/lqr_controller/hook/cmake_prefix_path.dsv'
[20.266s] INFO:colcon.colcon_core.shell:Creating environment hook '/home/lzy/ros2_study/balance_car_ws/install/lqr_controller/share/lqr_controller/hook/cmake_prefix_path.sh'
[20.267s] Level 1:colcon.colcon_core.environment:checking '/home/lzy/ros2_study/balance_car_ws/install/lqr_controller/lib'
[20.267s] Level 1:colcon.colcon_core.shell:create_environment_hook('lqr_controller', 'ld_library_path_lib')
[20.267s] INFO:colcon.colcon_core.shell:Creating environment hook '/home/lzy/ros2_study/balance_car_ws/install/lqr_controller/share/lqr_controller/hook/ld_library_path_lib.ps1'
[20.268s] INFO:colcon.colcon_core.shell:Creating environment descriptor '/home/lzy/ros2_study/balance_car_ws/install/lqr_controller/share/lqr_controller/hook/ld_library_path_lib.dsv'
[20.268s] INFO:colcon.colcon_core.shell:Creating environment hook '/home/lzy/ros2_study/balance_car_ws/install/lqr_controller/share/lqr_controller/hook/ld_library_path_lib.sh'
[20.269s] Level 1:colcon.colcon_core.environment:checking '/home/lzy/ros2_study/balance_car_ws/install/lqr_controller/bin'
[20.269s] Level 1:colcon.colcon_core.environment:checking '/home/lzy/ros2_study/balance_car_ws/install/lqr_controller/lib/pkgconfig/lqr_controller.pc'
[20.269s] Level 1:colcon.colcon_core.environment:checking '/home/lzy/ros2_study/balance_car_ws/install/lqr_controller/lib/python3.10/site-packages'
[20.269s] Level 1:colcon.colcon_core.environment:checking '/home/lzy/ros2_study/balance_car_ws/install/lqr_controller/bin'
[20.270s] INFO:colcon.colcon_core.shell:Creating package script '/home/lzy/ros2_study/balance_car_ws/install/lqr_controller/share/lqr_controller/package.ps1'
[20.271s] INFO:colcon.colcon_core.shell:Creating package descriptor '/home/lzy/ros2_study/balance_car_ws/install/lqr_controller/share/lqr_controller/package.dsv'
[20.271s] INFO:colcon.colcon_core.shell:Creating package script '/home/lzy/ros2_study/balance_car_ws/install/lqr_controller/share/lqr_controller/package.sh'
[20.272s] INFO:colcon.colcon_core.shell:Creating package script '/home/lzy/ros2_study/balance_car_ws/install/lqr_controller/share/lqr_controller/package.bash'
[20.273s] INFO:colcon.colcon_core.shell:Creating package script '/home/lzy/ros2_study/balance_car_ws/install/lqr_controller/share/lqr_controller/package.zsh'
[20.274s] Level 1:colcon.colcon_core.environment:create_file_with_runtime_dependencies(/home/lzy/ros2_study/balance_car_ws/install/lqr_controller/share/colcon-core/packages/lqr_controller)
[20.274s] Level 1:colcon.colcon_core.environment:create_environment_scripts_only(lqr_controller)
[20.275s] Level 1:colcon.colcon_core.environment:checking '/home/lzy/ros2_study/balance_car_ws/install/lqr_controller' for CMake module files
[20.275s] Level 1:colcon.colcon_core.environment:checking '/home/lzy/ros2_study/balance_car_ws/install/lqr_controller' for CMake config files
[20.276s] Level 1:colcon.colcon_core.shell:create_environment_hook('lqr_controller', 'cmake_prefix_path')
[20.276s] INFO:colcon.colcon_core.shell:Creating environment hook '/home/lzy/ros2_study/balance_car_ws/install/lqr_controller/share/lqr_controller/hook/cmake_prefix_path.ps1'
[20.277s] INFO:colcon.colcon_core.shell:Creating environment descriptor '/home/lzy/ros2_study/balance_car_ws/install/lqr_controller/share/lqr_controller/hook/cmake_prefix_path.dsv'
[20.277s] INFO:colcon.colcon_core.shell:Creating environment hook '/home/lzy/ros2_study/balance_car_ws/install/lqr_controller/share/lqr_controller/hook/cmake_prefix_path.sh'
[20.278s] Level 1:colcon.colcon_core.environment:checking '/home/lzy/ros2_study/balance_car_ws/install/lqr_controller/lib'
[20.278s] Level 1:colcon.colcon_core.shell:create_environment_hook('lqr_controller', 'ld_library_path_lib')
[20.278s] INFO:colcon.colcon_core.shell:Creating environment hook '/home/lzy/ros2_study/balance_car_ws/install/lqr_controller/share/lqr_controller/hook/ld_library_path_lib.ps1'
[20.279s] INFO:colcon.colcon_core.shell:Creating environment descriptor '/home/lzy/ros2_study/balance_car_ws/install/lqr_controller/share/lqr_controller/hook/ld_library_path_lib.dsv'
[20.279s] INFO:colcon.colcon_core.shell:Creating environment hook '/home/lzy/ros2_study/balance_car_ws/install/lqr_controller/share/lqr_controller/hook/ld_library_path_lib.sh'
[20.279s] Level 1:colcon.colcon_core.environment:checking '/home/lzy/ros2_study/balance_car_ws/install/lqr_controller/bin'
[20.280s] Level 1:colcon.colcon_core.environment:checking '/home/lzy/ros2_study/balance_car_ws/install/lqr_controller/lib/pkgconfig/lqr_controller.pc'
[20.280s] Level 1:colcon.colcon_core.environment:checking '/home/lzy/ros2_study/balance_car_ws/install/lqr_controller/lib/python3.10/site-packages'
[20.280s] Level 1:colcon.colcon_core.environment:checking '/home/lzy/ros2_study/balance_car_ws/install/lqr_controller/bin'
[20.280s] INFO:colcon.colcon_core.shell:Creating package script '/home/lzy/ros2_study/balance_car_ws/install/lqr_controller/share/lqr_controller/package.ps1'
[20.281s] INFO:colcon.colcon_core.shell:Creating package descriptor '/home/lzy/ros2_study/balance_car_ws/install/lqr_controller/share/lqr_controller/package.dsv'
[20.282s] INFO:colcon.colcon_core.shell:Creating package script '/home/lzy/ros2_study/balance_car_ws/install/lqr_controller/share/lqr_controller/package.sh'
[20.282s] INFO:colcon.colcon_core.shell:Creating package script '/home/lzy/ros2_study/balance_car_ws/install/lqr_controller/share/lqr_controller/package.bash'
[20.283s] INFO:colcon.colcon_core.shell:Creating package script '/home/lzy/ros2_study/balance_car_ws/install/lqr_controller/share/lqr_controller/package.zsh'
[20.284s] Level 1:colcon.colcon_core.environment:create_file_with_runtime_dependencies(/home/lzy/ros2_study/balance_car_ws/install/lqr_controller/share/colcon-core/packages/lqr_controller)
[20.284s] INFO:colcon.colcon_ros.task.ament_cmake.build:Building ROS package in '/home/lzy/ros2_study/balance_car_ws/src/robot_description_pkg' with build type 'ament_cmake'
[20.284s] INFO:colcon.colcon_cmake.task.cmake.build:Building CMake package in '/home/lzy/ros2_study/balance_car_ws/src/robot_description_pkg'
[20.285s] INFO:colcon.colcon_core.shell:Skip shell extension 'powershell' for command environment: Not usable outside of PowerShell
[20.285s] DEBUG:colcon.colcon_core.shell:Skip shell extension 'dsv' for command environment
[20.299s] DEBUG:colcon.colcon_core.event_handler.log_command:Invoking command in '/home/lzy/ros2_study/balance_car_ws/build/robot_description_pkg': AMENT_PREFIX_PATH=/home/lzy/ros2_study/balance_car_ws/install/lqr_controller:/home/lzy/ros2_study/balance_car_ws/install/robot_state_pub_interface:${AMENT_PREFIX_PATH} CMAKE_PREFIX_PATH=/home/lzy/ros2_study/balance_car_ws/install/lqr_controller:/home/lzy/ros2_study/balance_car_ws/install/robot_state_pub_interface:/opt/ros/humble LD_LIBRARY_PATH=/home/lzy/ros2_study/balance_car_ws/install/lqr_controller/lib:/home/lzy/ros2_study/balance_car_ws/install/robot_state_pub_interface/lib:${LD_LIBRARY_PATH} PYTHONPATH=/home/lzy/ros2_study/balance_car_ws/install/robot_state_pub_interface/local/lib/python3.10/dist-packages:${PYTHONPATH} /usr/bin/cmake --build /home/lzy/ros2_study/balance_car_ws/build/robot_description_pkg -- -j8 -l8
[20.408s] DEBUG:colcon.colcon_core.event_handler.log_command:Invoked command in '/home/lzy/ros2_study/balance_car_ws/build/robot_description_pkg' returned '0': AMENT_PREFIX_PATH=/home/lzy/ros2_study/balance_car_ws/install/lqr_controller:/home/lzy/ros2_study/balance_car_ws/install/robot_state_pub_interface:${AMENT_PREFIX_PATH} CMAKE_PREFIX_PATH=/home/lzy/ros2_study/balance_car_ws/install/lqr_controller:/home/lzy/ros2_study/balance_car_ws/install/robot_state_pub_interface:/opt/ros/humble LD_LIBRARY_PATH=/home/lzy/ros2_study/balance_car_ws/install/lqr_controller/lib:/home/lzy/ros2_study/balance_car_ws/install/robot_state_pub_interface/lib:${LD_LIBRARY_PATH} PYTHONPATH=/home/lzy/ros2_study/balance_car_ws/install/robot_state_pub_interface/local/lib/python3.10/dist-packages:${PYTHONPATH} /usr/bin/cmake --build /home/lzy/ros2_study/balance_car_ws/build/robot_description_pkg -- -j8 -l8
[20.411s] DEBUG:colcon.colcon_core.event_handler.log_command:Invoking command in '/home/lzy/ros2_study/balance_car_ws/build/robot_description_pkg': AMENT_PREFIX_PATH=/home/lzy/ros2_study/balance_car_ws/install/lqr_controller:/home/lzy/ros2_study/balance_car_ws/install/robot_state_pub_interface:${AMENT_PREFIX_PATH} CMAKE_PREFIX_PATH=/home/lzy/ros2_study/balance_car_ws/install/lqr_controller:/home/lzy/ros2_study/balance_car_ws/install/robot_state_pub_interface:/opt/ros/humble LD_LIBRARY_PATH=/home/lzy/ros2_study/balance_car_ws/install/lqr_controller/lib:/home/lzy/ros2_study/balance_car_ws/install/robot_state_pub_interface/lib:${LD_LIBRARY_PATH} PYTHONPATH=/home/lzy/ros2_study/balance_car_ws/install/robot_state_pub_interface/local/lib/python3.10/dist-packages:${PYTHONPATH} /usr/bin/cmake --install /home/lzy/ros2_study/balance_car_ws/build/robot_description_pkg
[20.424s] Level 1:colcon.colcon_core.environment:create_environment_scripts_only(robot_description_pkg)
[20.424s] Level 1:colcon.colcon_core.environment:checking '/home/lzy/ros2_study/balance_car_ws/install/robot_description_pkg' for CMake module files
[20.425s] DEBUG:colcon.colcon_core.event_handler.log_command:Invoked command in '/home/lzy/ros2_study/balance_car_ws/build/robot_description_pkg' returned '0': AMENT_PREFIX_PATH=/home/lzy/ros2_study/balance_car_ws/install/lqr_controller:/home/lzy/ros2_study/balance_car_ws/install/robot_state_pub_interface:${AMENT_PREFIX_PATH} CMAKE_PREFIX_PATH=/home/lzy/ros2_study/balance_car_ws/install/lqr_controller:/home/lzy/ros2_study/balance_car_ws/install/robot_state_pub_interface:/opt/ros/humble LD_LIBRARY_PATH=/home/lzy/ros2_study/balance_car_ws/install/lqr_controller/lib:/home/lzy/ros2_study/balance_car_ws/install/robot_state_pub_interface/lib:${LD_LIBRARY_PATH} PYTHONPATH=/home/lzy/ros2_study/balance_car_ws/install/robot_state_pub_interface/local/lib/python3.10/dist-packages:${PYTHONPATH} /usr/bin/cmake --install /home/lzy/ros2_study/balance_car_ws/build/robot_description_pkg
[20.426s] Level 1:colcon.colcon_core.environment:checking '/home/lzy/ros2_study/balance_car_ws/install/robot_description_pkg' for CMake config files
[20.426s] Level 1:colcon.colcon_core.shell:create_environment_hook('robot_description_pkg', 'cmake_prefix_path')
[20.426s] INFO:colcon.colcon_core.shell:Creating environment hook '/home/lzy/ros2_study/balance_car_ws/install/robot_description_pkg/share/robot_description_pkg/hook/cmake_prefix_path.ps1'
[20.427s] INFO:colcon.colcon_core.shell:Creating environment descriptor '/home/lzy/ros2_study/balance_car_ws/install/robot_description_pkg/share/robot_description_pkg/hook/cmake_prefix_path.dsv'
[20.429s] INFO:colcon.colcon_core.shell:Creating environment hook '/home/lzy/ros2_study/balance_car_ws/install/robot_description_pkg/share/robot_description_pkg/hook/cmake_prefix_path.sh'
[20.430s] Level 1:colcon.colcon_core.environment:checking '/home/lzy/ros2_study/balance_car_ws/install/robot_description_pkg/bin'
[20.430s] Level 1:colcon.colcon_core.environment:checking '/home/lzy/ros2_study/balance_car_ws/install/robot_description_pkg/lib/pkgconfig/robot_description_pkg.pc'
[20.430s] Level 1:colcon.colcon_core.environment:checking '/home/lzy/ros2_study/balance_car_ws/install/robot_description_pkg/lib/python3.10/site-packages'
[20.430s] Level 1:colcon.colcon_core.environment:checking '/home/lzy/ros2_study/balance_car_ws/install/robot_description_pkg/bin'
[20.431s] INFO:colcon.colcon_core.shell:Creating package script '/home/lzy/ros2_study/balance_car_ws/install/robot_description_pkg/share/robot_description_pkg/package.ps1'
[20.431s] INFO:colcon.colcon_core.shell:Creating package descriptor '/home/lzy/ros2_study/balance_car_ws/install/robot_description_pkg/share/robot_description_pkg/package.dsv'
[20.432s] INFO:colcon.colcon_core.shell:Creating package script '/home/lzy/ros2_study/balance_car_ws/install/robot_description_pkg/share/robot_description_pkg/package.sh'
[20.433s] INFO:colcon.colcon_core.shell:Creating package script '/home/lzy/ros2_study/balance_car_ws/install/robot_description_pkg/share/robot_description_pkg/package.bash'
[20.433s] INFO:colcon.colcon_core.shell:Creating package script '/home/lzy/ros2_study/balance_car_ws/install/robot_description_pkg/share/robot_description_pkg/package.zsh'
[20.434s] Level 1:colcon.colcon_core.environment:create_file_with_runtime_dependencies(/home/lzy/ros2_study/balance_car_ws/install/robot_description_pkg/share/colcon-core/packages/robot_description_pkg)
[20.435s] Level 1:colcon.colcon_core.environment:create_environment_scripts_only(robot_description_pkg)
[20.435s] Level 1:colcon.colcon_core.environment:checking '/home/lzy/ros2_study/balance_car_ws/install/robot_description_pkg' for CMake module files
[20.436s] Level 1:colcon.colcon_core.environment:checking '/home/lzy/ros2_study/balance_car_ws/install/robot_description_pkg' for CMake config files
[20.436s] Level 1:colcon.colcon_core.shell:create_environment_hook('robot_description_pkg', 'cmake_prefix_path')
[20.436s] INFO:colcon.colcon_core.shell:Creating environment hook '/home/lzy/ros2_study/balance_car_ws/install/robot_description_pkg/share/robot_description_pkg/hook/cmake_prefix_path.ps1'
[20.437s] INFO:colcon.colcon_core.shell:Creating environment descriptor '/home/lzy/ros2_study/balance_car_ws/install/robot_description_pkg/share/robot_description_pkg/hook/cmake_prefix_path.dsv'
[20.437s] INFO:colcon.colcon_core.shell:Creating environment hook '/home/lzy/ros2_study/balance_car_ws/install/robot_description_pkg/share/robot_description_pkg/hook/cmake_prefix_path.sh'
[20.438s] Level 1:colcon.colcon_core.environment:checking '/home/lzy/ros2_study/balance_car_ws/install/robot_description_pkg/bin'
[20.438s] Level 1:colcon.colcon_core.environment:checking '/home/lzy/ros2_study/balance_car_ws/install/robot_description_pkg/lib/pkgconfig/robot_description_pkg.pc'
[20.439s] Level 1:colcon.colcon_core.environment:checking '/home/lzy/ros2_study/balance_car_ws/install/robot_description_pkg/lib/python3.10/site-packages'
[20.439s] Level 1:colcon.colcon_core.environment:checking '/home/lzy/ros2_study/balance_car_ws/install/robot_description_pkg/bin'
[20.440s] INFO:colcon.colcon_core.shell:Creating package script '/home/lzy/ros2_study/balance_car_ws/install/robot_description_pkg/share/robot_description_pkg/package.ps1'
[20.440s] INFO:colcon.colcon_core.shell:Creating package descriptor '/home/lzy/ros2_study/balance_car_ws/install/robot_description_pkg/share/robot_description_pkg/package.dsv'
[20.441s] INFO:colcon.colcon_core.shell:Creating package script '/home/lzy/ros2_study/balance_car_ws/install/robot_description_pkg/share/robot_description_pkg/package.sh'
[20.442s] INFO:colcon.colcon_core.shell:Creating package script '/home/lzy/ros2_study/balance_car_ws/install/robot_description_pkg/share/robot_description_pkg/package.bash'
[20.443s] INFO:colcon.colcon_core.shell:Creating package script '/home/lzy/ros2_study/balance_car_ws/install/robot_description_pkg/share/robot_description_pkg/package.zsh'
[20.443s] Level 1:colcon.colcon_core.environment:create_file_with_runtime_dependencies(/home/lzy/ros2_study/balance_car_ws/install/robot_description_pkg/share/colcon-core/packages/robot_description_pkg)
[20.444s] DEBUG:colcon.colcon_parallel_executor.executor.parallel:closing loop
[20.446s] DEBUG:colcon.colcon_parallel_executor.executor.parallel:loop closed
[20.446s] DEBUG:colcon.colcon_parallel_executor.executor.parallel:run_until_complete finished with '0'
[20.446s] DEBUG:colcon.colcon_core.event_reactor:joining thread
[20.454s] INFO:colcon.colcon_core.plugin_system:Skipping extension 'colcon_notification.desktop_notification.terminal_notifier': Not used on non-Darwin systems
[20.455s] INFO:colcon.colcon_core.plugin_system:Skipping extension 'colcon_notification.desktop_notification.win32': Not used on non-Windows systems
[20.455s] INFO:colcon.colcon_notification.desktop_notification:Sending desktop notification using 'notify2'
[20.476s] DEBUG:colcon.colcon_core.event_reactor:joined thread
[20.476s] INFO:colcon.colcon_core.shell:Creating prefix script '/home/lzy/ros2_study/balance_car_ws/install/local_setup.ps1'
[20.477s] INFO:colcon.colcon_core.shell:Creating prefix util module '/home/lzy/ros2_study/balance_car_ws/install/_local_setup_util_ps1.py'
[20.480s] INFO:colcon.colcon_core.shell:Creating prefix chain script '/home/lzy/ros2_study/balance_car_ws/install/setup.ps1'
[20.482s] INFO:colcon.colcon_core.shell:Creating prefix script '/home/lzy/ros2_study/balance_car_ws/install/local_setup.sh'
[20.483s] INFO:colcon.colcon_core.shell:Creating prefix util module '/home/lzy/ros2_study/balance_car_ws/install/_local_setup_util_sh.py'
[20.484s] INFO:colcon.colcon_core.shell:Creating prefix chain script '/home/lzy/ros2_study/balance_car_ws/install/setup.sh'
[20.485s] INFO:colcon.colcon_core.shell:Creating prefix script '/home/lzy/ros2_study/balance_car_ws/install/local_setup.bash'
[20.485s] INFO:colcon.colcon_core.shell:Creating prefix chain script '/home/lzy/ros2_study/balance_car_ws/install/setup.bash'
[20.486s] INFO:colcon.colcon_core.shell:Creating prefix script '/home/lzy/ros2_study/balance_car_ws/install/local_setup.zsh'
[20.487s] INFO:colcon.colcon_core.shell:Creating prefix chain script '/home/lzy/ros2_study/balance_car_ws/install/setup.zsh'
