[ 50%] Built target lqr_controller_parameters
[35m[1mConsolidate compiler generated dependencies of target lqr_controller[0m
[100%] Built target lqr_controller
-- Install configuration: ""
-- Up-to-date: /home/lzy/ros2_study/balance_car_ws/install/lqr_controller/include/lqr_controller
-- Up-to-date: /home/lzy/ros2_study/balance_car_ws/install/lqr_controller/include/lqr_controller/validate_lqr_controller_parameters.hpp
-- Up-to-date: /home/lzy/ros2_study/balance_car_ws/install/lqr_controller/include/lqr_controller/lqr_controller_parameters.hpp
-- Up-to-date: /home/lzy/ros2_study/balance_car_ws/install/lqr_controller/share/lqr_controller/lqr_controller.xml
-- Up-to-date: /home/lzy/ros2_study/balance_car_ws/install/lqr_controller/lib/liblqr_controller.so
-- Up-to-date: /home/lzy/ros2_study/balance_car_ws/install/lqr_controller/include/lqr_controller
-- Up-to-date: /home/lzy/ros2_study/balance_car_ws/install/lqr_controller/include/lqr_controller/lqr_controller
-- Up-to-date: /home/lzy/ros2_study/balance_car_ws/install/lqr_controller/include/lqr_controller/lqr_controller/lqr_controller.hpp
-- Up-to-date: /home/lzy/ros2_study/balance_car_ws/install/lqr_controller/include/lqr_controller/lqr_controller/validate_lqr_controller_parameters.hpp
-- Up-to-date: /home/lzy/ros2_study/balance_car_ws/install/lqr_controller/include/lqr_controller/lqr_controller/visibility_control.h
-- Up-to-date: /home/lzy/ros2_study/balance_car_ws/install/lqr_controller/share/lqr_controller/environment/library_path.sh
-- Up-to-date: /home/lzy/ros2_study/balance_car_ws/install/lqr_controller/share/lqr_controller/environment/library_path.dsv
-- Up-to-date: /home/lzy/ros2_study/balance_car_ws/install/lqr_controller/share/ament_index/resource_index/package_run_dependencies/lqr_controller
-- Up-to-date: /home/lzy/ros2_study/balance_car_ws/install/lqr_controller/share/ament_index/resource_index/parent_prefix_path/lqr_controller
-- Up-to-date: /home/lzy/ros2_study/balance_car_ws/install/lqr_controller/share/lqr_controller/environment/ament_prefix_path.sh
-- Up-to-date: /home/lzy/ros2_study/balance_car_ws/install/lqr_controller/share/lqr_controller/environment/ament_prefix_path.dsv
-- Up-to-date: /home/lzy/ros2_study/balance_car_ws/install/lqr_controller/share/lqr_controller/environment/path.sh
-- Up-to-date: /home/lzy/ros2_study/balance_car_ws/install/lqr_controller/share/lqr_controller/environment/path.dsv
-- Up-to-date: /home/lzy/ros2_study/balance_car_ws/install/lqr_controller/share/lqr_controller/local_setup.bash
-- Up-to-date: /home/lzy/ros2_study/balance_car_ws/install/lqr_controller/share/lqr_controller/local_setup.sh
-- Up-to-date: /home/lzy/ros2_study/balance_car_ws/install/lqr_controller/share/lqr_controller/local_setup.zsh
-- Up-to-date: /home/lzy/ros2_study/balance_car_ws/install/lqr_controller/share/lqr_controller/local_setup.dsv
-- Installing: /home/lzy/ros2_study/balance_car_ws/install/lqr_controller/share/lqr_controller/package.dsv
-- Up-to-date: /home/lzy/ros2_study/balance_car_ws/install/lqr_controller/share/ament_index/resource_index/packages/lqr_controller
-- Up-to-date: /home/lzy/ros2_study/balance_car_ws/install/lqr_controller/share/ament_index/resource_index/controller_interface__pluginlib__plugin/lqr_controller
-- Up-to-date: /home/lzy/ros2_study/balance_car_ws/install/lqr_controller/share/lqr_controller/cmake/ament_cmake_export_dependencies-extras.cmake
-- Up-to-date: /home/lzy/ros2_study/balance_car_ws/install/lqr_controller/share/lqr_controller/cmake/ament_cmake_export_include_directories-extras.cmake
-- Up-to-date: /home/lzy/ros2_study/balance_car_ws/install/lqr_controller/share/lqr_controller/cmake/ament_cmake_export_libraries-extras.cmake
-- Up-to-date: /home/lzy/ros2_study/balance_car_ws/install/lqr_controller/share/lqr_controller/cmake/lqr_controllerConfig.cmake
-- Up-to-date: /home/lzy/ros2_study/balance_car_ws/install/lqr_controller/share/lqr_controller/cmake/lqr_controllerConfig-version.cmake
-- Up-to-date: /home/lzy/ros2_study/balance_car_ws/install/lqr_controller/share/lqr_controller/package.xml
