[0.023s] Invoking command in '/home/lzy/ros2_study/balance_car_ws/build/robot_state_pub_interface': CMAKE_PREFIX_PATH=/opt/ros/humble /usr/bin/cmake --build /home/lzy/ros2_study/balance_car_ws/build/robot_state_pub_interface -- -j8 -l8
[0.119s] [ 12%] Built target robot_state_pub_interface__rosidl_generator_c
[0.120s] [ 12%] Built target robot_state_pub_interface__cpp
[0.151s] [ 12%] Built target ament_cmake_python_copy_robot_state_pub_interface
[0.184s] [ 22%] Built target robot_state_pub_interface__rosidl_typesupport_introspection_c
[0.184s] [ 32%] Built target robot_state_pub_interface__rosidl_typesupport_cpp
[0.187s] [ 41%] Built target robot_state_pub_interface__rosidl_typesupport_introspection_cpp
[0.189s] [ 51%] Built target robot_state_pub_interface__rosidl_typesupport_fastrtps_c
[0.194s] [ 61%] Built target robot_state_pub_interface__rosidl_typesupport_fastrtps_cpp
[0.218s] [ 70%] Built target robot_state_pub_interface__rosidl_typesupport_c
[0.273s] [ 70%] Built target robot_state_pub_interface
[0.337s] [ 74%] Built target robot_state_pub_interface__py
[0.380s] [ 80%] Built target robot_state_pub_interface__rosidl_generator_py
[0.447s] [ 87%] Built target robot_state_pub_interface__rosidl_typesupport_c__pyext
[0.455s] [ 93%] Built target robot_state_pub_interface__rosidl_typesupport_fastrtps_c__pyext
[0.458s] [100%] Built target robot_state_pub_interface__rosidl_typesupport_introspection_c__pyext
[0.506s] running egg_info
[0.507s] writing robot_state_pub_interface.egg-info/PKG-INFO
[0.507s] writing dependency_links to robot_state_pub_interface.egg-info/dependency_links.txt
[0.507s] writing top-level names to robot_state_pub_interface.egg-info/top_level.txt
[0.511s] reading manifest file 'robot_state_pub_interface.egg-info/SOURCES.txt'
[0.512s] writing manifest file 'robot_state_pub_interface.egg-info/SOURCES.txt'
[0.545s] [100%] Built target ament_cmake_python_build_robot_state_pub_interface_egg
[0.566s] Invoked command in '/home/lzy/ros2_study/balance_car_ws/build/robot_state_pub_interface' returned '0': CMAKE_PREFIX_PATH=/opt/ros/humble /usr/bin/cmake --build /home/lzy/ros2_study/balance_car_ws/build/robot_state_pub_interface -- -j8 -l8
[0.583s] Invoking command in '/home/lzy/ros2_study/balance_car_ws/build/robot_state_pub_interface': CMAKE_PREFIX_PATH=/opt/ros/humble /usr/bin/cmake --install /home/lzy/ros2_study/balance_car_ws/build/robot_state_pub_interface
[0.596s] -- Install configuration: ""
[0.597s] -- Up-to-date: /home/lzy/ros2_study/balance_car_ws/install/robot_state_pub_interface/share/ament_index/resource_index/rosidl_interfaces/robot_state_pub_interface
[0.597s] -- Up-to-date: /home/lzy/ros2_study/balance_car_ws/install/robot_state_pub_interface/include/robot_state_pub_interface/robot_state_pub_interface
[0.601s] -- Up-to-date: /home/lzy/ros2_study/balance_car_ws/install/robot_state_pub_interface/include/robot_state_pub_interface/robot_state_pub_interface/msg
[0.602s] -- Up-to-date: /home/lzy/ros2_study/balance_car_ws/install/robot_state_pub_interface/include/robot_state_pub_interface/robot_state_pub_interface/msg/detail
[0.602s] -- Up-to-date: /home/lzy/ros2_study/balance_car_ws/install/robot_state_pub_interface/include/robot_state_pub_interface/robot_state_pub_interface/msg/detail/robot_state__struct.h
[0.602s] -- Up-to-date: /home/lzy/ros2_study/balance_car_ws/install/robot_state_pub_interface/include/robot_state_pub_interface/robot_state_pub_interface/msg/detail/robot_state__functions.h
[0.602s] -- Up-to-date: /home/lzy/ros2_study/balance_car_ws/install/robot_state_pub_interface/include/robot_state_pub_interface/robot_state_pub_interface/msg/detail/robot_state__functions.c
[0.602s] -- Up-to-date: /home/lzy/ros2_study/balance_car_ws/install/robot_state_pub_interface/include/robot_state_pub_interface/robot_state_pub_interface/msg/detail/robot_state__type_support.h
[0.603s] -- Up-to-date: /home/lzy/ros2_study/balance_car_ws/install/robot_state_pub_interface/include/robot_state_pub_interface/robot_state_pub_interface/msg/robot_state.h
[0.603s] -- Up-to-date: /home/lzy/ros2_study/balance_car_ws/install/robot_state_pub_interface/include/robot_state_pub_interface/robot_state_pub_interface/msg/rosidl_generator_c__visibility_control.h
[0.603s] -- Up-to-date: /home/lzy/ros2_study/balance_car_ws/install/robot_state_pub_interface/share/robot_state_pub_interface/environment/library_path.sh
[0.603s] -- Up-to-date: /home/lzy/ros2_study/balance_car_ws/install/robot_state_pub_interface/share/robot_state_pub_interface/environment/library_path.dsv
[0.603s] -- Up-to-date: /home/lzy/ros2_study/balance_car_ws/install/robot_state_pub_interface/lib/librobot_state_pub_interface__rosidl_generator_c.so
[0.603s] -- Up-to-date: /home/lzy/ros2_study/balance_car_ws/install/robot_state_pub_interface/include/robot_state_pub_interface/robot_state_pub_interface
[0.603s] -- Up-to-date: /home/lzy/ros2_study/balance_car_ws/install/robot_state_pub_interface/include/robot_state_pub_interface/robot_state_pub_interface/msg
[0.603s] -- Up-to-date: /home/lzy/ros2_study/balance_car_ws/install/robot_state_pub_interface/include/robot_state_pub_interface/robot_state_pub_interface/msg/detail
[0.603s] -- Up-to-date: /home/lzy/ros2_study/balance_car_ws/install/robot_state_pub_interface/include/robot_state_pub_interface/robot_state_pub_interface/msg/detail/robot_state__rosidl_typesupport_fastrtps_c.h
[0.603s] -- Up-to-date: /home/lzy/ros2_study/balance_car_ws/install/robot_state_pub_interface/include/robot_state_pub_interface/robot_state_pub_interface/msg/rosidl_typesupport_fastrtps_c__visibility_control.h
[0.603s] -- Up-to-date: /home/lzy/ros2_study/balance_car_ws/install/robot_state_pub_interface/lib/librobot_state_pub_interface__rosidl_typesupport_fastrtps_c.so
[0.604s] -- Up-to-date: /home/lzy/ros2_study/balance_car_ws/install/robot_state_pub_interface/include/robot_state_pub_interface/robot_state_pub_interface
[0.604s] -- Up-to-date: /home/lzy/ros2_study/balance_car_ws/install/robot_state_pub_interface/include/robot_state_pub_interface/robot_state_pub_interface/msg
[0.604s] -- Up-to-date: /home/lzy/ros2_study/balance_car_ws/install/robot_state_pub_interface/include/robot_state_pub_interface/robot_state_pub_interface/msg/detail
[0.604s] -- Up-to-date: /home/lzy/ros2_study/balance_car_ws/install/robot_state_pub_interface/include/robot_state_pub_interface/robot_state_pub_interface/msg/detail/robot_state__struct.hpp
[0.604s] -- Up-to-date: /home/lzy/ros2_study/balance_car_ws/install/robot_state_pub_interface/include/robot_state_pub_interface/robot_state_pub_interface/msg/detail/robot_state__type_support.hpp
[0.604s] -- Up-to-date: /home/lzy/ros2_study/balance_car_ws/install/robot_state_pub_interface/include/robot_state_pub_interface/robot_state_pub_interface/msg/detail/robot_state__traits.hpp
[0.604s] -- Up-to-date: /home/lzy/ros2_study/balance_car_ws/install/robot_state_pub_interface/include/robot_state_pub_interface/robot_state_pub_interface/msg/detail/robot_state__builder.hpp
[0.604s] -- Up-to-date: /home/lzy/ros2_study/balance_car_ws/install/robot_state_pub_interface/include/robot_state_pub_interface/robot_state_pub_interface/msg/robot_state.hpp
[0.604s] -- Up-to-date: /home/lzy/ros2_study/balance_car_ws/install/robot_state_pub_interface/include/robot_state_pub_interface/robot_state_pub_interface/msg/rosidl_generator_cpp__visibility_control.hpp
[0.604s] -- Up-to-date: /home/lzy/ros2_study/balance_car_ws/install/robot_state_pub_interface/include/robot_state_pub_interface/robot_state_pub_interface
[0.604s] -- Up-to-date: /home/lzy/ros2_study/balance_car_ws/install/robot_state_pub_interface/include/robot_state_pub_interface/robot_state_pub_interface/msg
[0.604s] -- Up-to-date: /home/lzy/ros2_study/balance_car_ws/install/robot_state_pub_interface/include/robot_state_pub_interface/robot_state_pub_interface/msg/detail
[0.604s] -- Up-to-date: /home/lzy/ros2_study/balance_car_ws/install/robot_state_pub_interface/include/robot_state_pub_interface/robot_state_pub_interface/msg/detail/dds_fastrtps
[0.604s] -- Up-to-date: /home/lzy/ros2_study/balance_car_ws/install/robot_state_pub_interface/include/robot_state_pub_interface/robot_state_pub_interface/msg/detail/robot_state__rosidl_typesupport_fastrtps_cpp.hpp
[0.605s] -- Up-to-date: /home/lzy/ros2_study/balance_car_ws/install/robot_state_pub_interface/include/robot_state_pub_interface/robot_state_pub_interface/msg/rosidl_typesupport_fastrtps_cpp__visibility_control.h
[0.605s] -- Up-to-date: /home/lzy/ros2_study/balance_car_ws/install/robot_state_pub_interface/lib/librobot_state_pub_interface__rosidl_typesupport_fastrtps_cpp.so
[0.605s] -- Up-to-date: /home/lzy/ros2_study/balance_car_ws/install/robot_state_pub_interface/include/robot_state_pub_interface/robot_state_pub_interface
[0.605s] -- Up-to-date: /home/lzy/ros2_study/balance_car_ws/install/robot_state_pub_interface/include/robot_state_pub_interface/robot_state_pub_interface/msg
[0.605s] -- Up-to-date: /home/lzy/ros2_study/balance_car_ws/install/robot_state_pub_interface/include/robot_state_pub_interface/robot_state_pub_interface/msg/detail
[0.605s] -- Up-to-date: /home/lzy/ros2_study/balance_car_ws/install/robot_state_pub_interface/include/robot_state_pub_interface/robot_state_pub_interface/msg/detail/robot_state__type_support.c
[0.605s] -- Up-to-date: /home/lzy/ros2_study/balance_car_ws/install/robot_state_pub_interface/include/robot_state_pub_interface/robot_state_pub_interface/msg/detail/robot_state__rosidl_typesupport_introspection_c.h
[0.605s] -- Up-to-date: /home/lzy/ros2_study/balance_car_ws/install/robot_state_pub_interface/include/robot_state_pub_interface/robot_state_pub_interface/msg/rosidl_typesupport_introspection_c__visibility_control.h
[0.605s] -- Up-to-date: /home/lzy/ros2_study/balance_car_ws/install/robot_state_pub_interface/lib/librobot_state_pub_interface__rosidl_typesupport_introspection_c.so
[0.605s] -- Up-to-date: /home/lzy/ros2_study/balance_car_ws/install/robot_state_pub_interface/lib/librobot_state_pub_interface__rosidl_typesupport_c.so
[0.605s] -- Up-to-date: /home/lzy/ros2_study/balance_car_ws/install/robot_state_pub_interface/include/robot_state_pub_interface/robot_state_pub_interface
[0.605s] -- Up-to-date: /home/lzy/ros2_study/balance_car_ws/install/robot_state_pub_interface/include/robot_state_pub_interface/robot_state_pub_interface/msg
[0.605s] -- Up-to-date: /home/lzy/ros2_study/balance_car_ws/install/robot_state_pub_interface/include/robot_state_pub_interface/robot_state_pub_interface/msg/detail
[0.605s] -- Up-to-date: /home/lzy/ros2_study/balance_car_ws/install/robot_state_pub_interface/include/robot_state_pub_interface/robot_state_pub_interface/msg/detail/robot_state__type_support.cpp
[0.605s] -- Up-to-date: /home/lzy/ros2_study/balance_car_ws/install/robot_state_pub_interface/include/robot_state_pub_interface/robot_state_pub_interface/msg/detail/robot_state__rosidl_typesupport_introspection_cpp.hpp
[0.606s] -- Up-to-date: /home/lzy/ros2_study/balance_car_ws/install/robot_state_pub_interface/lib/librobot_state_pub_interface__rosidl_typesupport_introspection_cpp.so
[0.606s] -- Up-to-date: /home/lzy/ros2_study/balance_car_ws/install/robot_state_pub_interface/lib/librobot_state_pub_interface__rosidl_typesupport_cpp.so
[0.606s] -- Up-to-date: /home/lzy/ros2_study/balance_car_ws/install/robot_state_pub_interface/share/robot_state_pub_interface/environment/pythonpath.sh
[0.606s] -- Up-to-date: /home/lzy/ros2_study/balance_car_ws/install/robot_state_pub_interface/share/robot_state_pub_interface/environment/pythonpath.dsv
[0.606s] -- Up-to-date: /home/lzy/ros2_study/balance_car_ws/install/robot_state_pub_interface/local/lib/python3.10/dist-packages/robot_state_pub_interface-0.0.0-py3.10.egg-info
[0.606s] -- Installing: /home/lzy/ros2_study/balance_car_ws/install/robot_state_pub_interface/local/lib/python3.10/dist-packages/robot_state_pub_interface-0.0.0-py3.10.egg-info/SOURCES.txt
[0.606s] -- Installing: /home/lzy/ros2_study/balance_car_ws/install/robot_state_pub_interface/local/lib/python3.10/dist-packages/robot_state_pub_interface-0.0.0-py3.10.egg-info/top_level.txt
[0.606s] -- Installing: /home/lzy/ros2_study/balance_car_ws/install/robot_state_pub_interface/local/lib/python3.10/dist-packages/robot_state_pub_interface-0.0.0-py3.10.egg-info/dependency_links.txt
[0.606s] -- Installing: /home/lzy/ros2_study/balance_car_ws/install/robot_state_pub_interface/local/lib/python3.10/dist-packages/robot_state_pub_interface-0.0.0-py3.10.egg-info/PKG-INFO
[0.606s] -- Up-to-date: /home/lzy/ros2_study/balance_car_ws/install/robot_state_pub_interface/local/lib/python3.10/dist-packages/robot_state_pub_interface
[0.607s] -- Up-to-date: /home/lzy/ros2_study/balance_car_ws/install/robot_state_pub_interface/local/lib/python3.10/dist-packages/robot_state_pub_interface/robot_state_pub_interface_s__rosidl_typesupport_fastrtps_c.cpython-310-x86_64-linux-gnu.so
[0.607s] -- Up-to-date: /home/lzy/ros2_study/balance_car_ws/install/robot_state_pub_interface/local/lib/python3.10/dist-packages/robot_state_pub_interface/_robot_state_pub_interface_s.ep.rosidl_typesupport_fastrtps_c.c
[0.607s] -- Up-to-date: /home/lzy/ros2_study/balance_car_ws/install/robot_state_pub_interface/local/lib/python3.10/dist-packages/robot_state_pub_interface/_robot_state_pub_interface_s.ep.rosidl_typesupport_introspection_c.c
[0.607s] -- Up-to-date: /home/lzy/ros2_study/balance_car_ws/install/robot_state_pub_interface/local/lib/python3.10/dist-packages/robot_state_pub_interface/_robot_state_pub_interface_s.ep.rosidl_typesupport_c.c
[0.607s] -- Up-to-date: /home/lzy/ros2_study/balance_car_ws/install/robot_state_pub_interface/local/lib/python3.10/dist-packages/robot_state_pub_interface/robot_state_pub_interface_s__rosidl_typesupport_introspection_c.cpython-310-x86_64-linux-gnu.so
[0.607s] -- Up-to-date: /home/lzy/ros2_study/balance_car_ws/install/robot_state_pub_interface/local/lib/python3.10/dist-packages/robot_state_pub_interface/msg
[0.607s] -- Up-to-date: /home/lzy/ros2_study/balance_car_ws/install/robot_state_pub_interface/local/lib/python3.10/dist-packages/robot_state_pub_interface/msg/_robot_state.py
[0.607s] -- Up-to-date: /home/lzy/ros2_study/balance_car_ws/install/robot_state_pub_interface/local/lib/python3.10/dist-packages/robot_state_pub_interface/msg/_robot_state_s.c
[0.607s] -- Up-to-date: /home/lzy/ros2_study/balance_car_ws/install/robot_state_pub_interface/local/lib/python3.10/dist-packages/robot_state_pub_interface/msg/__init__.py
[0.607s] -- Up-to-date: /home/lzy/ros2_study/balance_car_ws/install/robot_state_pub_interface/local/lib/python3.10/dist-packages/robot_state_pub_interface/librobot_state_pub_interface__rosidl_generator_py.so
[0.607s] -- Up-to-date: /home/lzy/ros2_study/balance_car_ws/install/robot_state_pub_interface/local/lib/python3.10/dist-packages/robot_state_pub_interface/robot_state_pub_interface_s__rosidl_typesupport_c.cpython-310-x86_64-linux-gnu.so
[0.607s] -- Up-to-date: /home/lzy/ros2_study/balance_car_ws/install/robot_state_pub_interface/local/lib/python3.10/dist-packages/robot_state_pub_interface/__init__.py
[0.657s] Listing '/home/lzy/ros2_study/balance_car_ws/install/robot_state_pub_interface/local/lib/python3.10/dist-packages/robot_state_pub_interface'...
[0.657s] Listing '/home/lzy/ros2_study/balance_car_ws/install/robot_state_pub_interface/local/lib/python3.10/dist-packages/robot_state_pub_interface/msg'...
[0.669s] -- Up-to-date: /home/lzy/ros2_study/balance_car_ws/install/robot_state_pub_interface/local/lib/python3.10/dist-packages/robot_state_pub_interface/robot_state_pub_interface_s__rosidl_typesupport_fastrtps_c.cpython-310-x86_64-linux-gnu.so
[0.669s] -- Up-to-date: /home/lzy/ros2_study/balance_car_ws/install/robot_state_pub_interface/local/lib/python3.10/dist-packages/robot_state_pub_interface/robot_state_pub_interface_s__rosidl_typesupport_introspection_c.cpython-310-x86_64-linux-gnu.so
[0.669s] -- Up-to-date: /home/lzy/ros2_study/balance_car_ws/install/robot_state_pub_interface/local/lib/python3.10/dist-packages/robot_state_pub_interface/robot_state_pub_interface_s__rosidl_typesupport_c.cpython-310-x86_64-linux-gnu.so
[0.669s] -- Up-to-date: /home/lzy/ros2_study/balance_car_ws/install/robot_state_pub_interface/lib/librobot_state_pub_interface__rosidl_generator_py.so
[0.670s] -- Up-to-date: /home/lzy/ros2_study/balance_car_ws/install/robot_state_pub_interface/share/robot_state_pub_interface/msg/RobotState.idl
[0.670s] -- Up-to-date: /home/lzy/ros2_study/balance_car_ws/install/robot_state_pub_interface/share/robot_state_pub_interface/msg/RobotState.msg
[0.670s] -- Up-to-date: /home/lzy/ros2_study/balance_car_ws/install/robot_state_pub_interface/share/ament_index/resource_index/package_run_dependencies/robot_state_pub_interface
[0.670s] -- Up-to-date: /home/lzy/ros2_study/balance_car_ws/install/robot_state_pub_interface/share/ament_index/resource_index/parent_prefix_path/robot_state_pub_interface
[0.670s] -- Up-to-date: /home/lzy/ros2_study/balance_car_ws/install/robot_state_pub_interface/share/robot_state_pub_interface/environment/ament_prefix_path.sh
[0.670s] -- Up-to-date: /home/lzy/ros2_study/balance_car_ws/install/robot_state_pub_interface/share/robot_state_pub_interface/environment/ament_prefix_path.dsv
[0.670s] -- Up-to-date: /home/lzy/ros2_study/balance_car_ws/install/robot_state_pub_interface/share/robot_state_pub_interface/environment/path.sh
[0.670s] -- Up-to-date: /home/lzy/ros2_study/balance_car_ws/install/robot_state_pub_interface/share/robot_state_pub_interface/environment/path.dsv
[0.670s] -- Up-to-date: /home/lzy/ros2_study/balance_car_ws/install/robot_state_pub_interface/share/robot_state_pub_interface/local_setup.bash
[0.670s] -- Up-to-date: /home/lzy/ros2_study/balance_car_ws/install/robot_state_pub_interface/share/robot_state_pub_interface/local_setup.sh
[0.671s] -- Up-to-date: /home/lzy/ros2_study/balance_car_ws/install/robot_state_pub_interface/share/robot_state_pub_interface/local_setup.zsh
[0.671s] -- Up-to-date: /home/lzy/ros2_study/balance_car_ws/install/robot_state_pub_interface/share/robot_state_pub_interface/local_setup.dsv
[0.671s] -- Installing: /home/lzy/ros2_study/balance_car_ws/install/robot_state_pub_interface/share/robot_state_pub_interface/package.dsv
[0.671s] -- Up-to-date: /home/lzy/ros2_study/balance_car_ws/install/robot_state_pub_interface/share/ament_index/resource_index/packages/robot_state_pub_interface
[0.671s] -- Up-to-date: /home/lzy/ros2_study/balance_car_ws/install/robot_state_pub_interface/share/robot_state_pub_interface/cmake/export_robot_state_pub_interface__rosidl_generator_cExport.cmake
[0.671s] -- Up-to-date: /home/lzy/ros2_study/balance_car_ws/install/robot_state_pub_interface/share/robot_state_pub_interface/cmake/export_robot_state_pub_interface__rosidl_generator_cExport-noconfig.cmake
[0.672s] -- Up-to-date: /home/lzy/ros2_study/balance_car_ws/install/robot_state_pub_interface/share/robot_state_pub_interface/cmake/export_robot_state_pub_interface__rosidl_typesupport_fastrtps_cExport.cmake
[0.672s] -- Up-to-date: /home/lzy/ros2_study/balance_car_ws/install/robot_state_pub_interface/share/robot_state_pub_interface/cmake/export_robot_state_pub_interface__rosidl_typesupport_fastrtps_cExport-noconfig.cmake
[0.672s] -- Up-to-date: /home/lzy/ros2_study/balance_car_ws/install/robot_state_pub_interface/share/robot_state_pub_interface/cmake/export_robot_state_pub_interface__rosidl_generator_cppExport.cmake
[0.672s] -- Up-to-date: /home/lzy/ros2_study/balance_car_ws/install/robot_state_pub_interface/share/robot_state_pub_interface/cmake/export_robot_state_pub_interface__rosidl_typesupport_fastrtps_cppExport.cmake
[0.672s] -- Up-to-date: /home/lzy/ros2_study/balance_car_ws/install/robot_state_pub_interface/share/robot_state_pub_interface/cmake/export_robot_state_pub_interface__rosidl_typesupport_fastrtps_cppExport-noconfig.cmake
[0.672s] -- Up-to-date: /home/lzy/ros2_study/balance_car_ws/install/robot_state_pub_interface/share/robot_state_pub_interface/cmake/robot_state_pub_interface__rosidl_typesupport_introspection_cExport.cmake
[0.672s] -- Up-to-date: /home/lzy/ros2_study/balance_car_ws/install/robot_state_pub_interface/share/robot_state_pub_interface/cmake/robot_state_pub_interface__rosidl_typesupport_introspection_cExport-noconfig.cmake
[0.672s] -- Up-to-date: /home/lzy/ros2_study/balance_car_ws/install/robot_state_pub_interface/share/robot_state_pub_interface/cmake/robot_state_pub_interface__rosidl_typesupport_cExport.cmake
[0.672s] -- Up-to-date: /home/lzy/ros2_study/balance_car_ws/install/robot_state_pub_interface/share/robot_state_pub_interface/cmake/robot_state_pub_interface__rosidl_typesupport_cExport-noconfig.cmake
[0.674s] -- Up-to-date: /home/lzy/ros2_study/balance_car_ws/install/robot_state_pub_interface/share/robot_state_pub_interface/cmake/robot_state_pub_interface__rosidl_typesupport_introspection_cppExport.cmake
[0.674s] -- Up-to-date: /home/lzy/ros2_study/balance_car_ws/install/robot_state_pub_interface/share/robot_state_pub_interface/cmake/robot_state_pub_interface__rosidl_typesupport_introspection_cppExport-noconfig.cmake
[0.674s] -- Up-to-date: /home/lzy/ros2_study/balance_car_ws/install/robot_state_pub_interface/share/robot_state_pub_interface/cmake/robot_state_pub_interface__rosidl_typesupport_cppExport.cmake
[0.674s] -- Up-to-date: /home/lzy/ros2_study/balance_car_ws/install/robot_state_pub_interface/share/robot_state_pub_interface/cmake/robot_state_pub_interface__rosidl_typesupport_cppExport-noconfig.cmake
[0.674s] -- Up-to-date: /home/lzy/ros2_study/balance_car_ws/install/robot_state_pub_interface/share/robot_state_pub_interface/cmake/export_robot_state_pub_interface__rosidl_generator_pyExport.cmake
[0.674s] -- Up-to-date: /home/lzy/ros2_study/balance_car_ws/install/robot_state_pub_interface/share/robot_state_pub_interface/cmake/export_robot_state_pub_interface__rosidl_generator_pyExport-noconfig.cmake
[0.674s] -- Up-to-date: /home/lzy/ros2_study/balance_car_ws/install/robot_state_pub_interface/share/robot_state_pub_interface/cmake/rosidl_cmake-extras.cmake
[0.674s] -- Up-to-date: /home/lzy/ros2_study/balance_car_ws/install/robot_state_pub_interface/share/robot_state_pub_interface/cmake/ament_cmake_export_dependencies-extras.cmake
[0.675s] -- Up-to-date: /home/lzy/ros2_study/balance_car_ws/install/robot_state_pub_interface/share/robot_state_pub_interface/cmake/ament_cmake_export_include_directories-extras.cmake
[0.675s] -- Up-to-date: /home/lzy/ros2_study/balance_car_ws/install/robot_state_pub_interface/share/robot_state_pub_interface/cmake/ament_cmake_export_libraries-extras.cmake
[0.676s] -- Up-to-date: /home/lzy/ros2_study/balance_car_ws/install/robot_state_pub_interface/share/robot_state_pub_interface/cmake/ament_cmake_export_targets-extras.cmake
[0.676s] -- Up-to-date: /home/lzy/ros2_study/balance_car_ws/install/robot_state_pub_interface/share/robot_state_pub_interface/cmake/rosidl_cmake_export_typesupport_targets-extras.cmake
[0.676s] -- Up-to-date: /home/lzy/ros2_study/balance_car_ws/install/robot_state_pub_interface/share/robot_state_pub_interface/cmake/rosidl_cmake_export_typesupport_libraries-extras.cmake
[0.676s] -- Up-to-date: /home/lzy/ros2_study/balance_car_ws/install/robot_state_pub_interface/share/robot_state_pub_interface/cmake/robot_state_pub_interfaceConfig.cmake
[0.676s] -- Up-to-date: /home/lzy/ros2_study/balance_car_ws/install/robot_state_pub_interface/share/robot_state_pub_interface/cmake/robot_state_pub_interfaceConfig-version.cmake
[0.676s] -- Up-to-date: /home/lzy/ros2_study/balance_car_ws/install/robot_state_pub_interface/share/robot_state_pub_interface/package.xml
[0.682s] Invoked command in '/home/lzy/ros2_study/balance_car_ws/build/robot_state_pub_interface' returned '0': CMAKE_PREFIX_PATH=/opt/ros/humble /usr/bin/cmake --install /home/lzy/ros2_study/balance_car_ws/build/robot_state_pub_interface
