[0.231s] DEBUG:colcon:Command line arguments: ['/usr/bin/colcon', 'build']
[0.231s] DEBUG:colcon:Parsed command line arguments: Namespace(log_base=None, log_level=None, verb_name='build', build_base='build', install_base='install', merge_install=False, symlink_install=False, test_result_base=None, continue_on_error=False, executor='parallel', parallel_workers=8, event_handlers=None, ignore_user_meta=False, metas=['./colcon.meta'], base_paths=['.'], packages_ignore=None, packages_ignore_regex=None, paths=None, packages_up_to=None, packages_up_to_regex=None, packages_above=None, packages_above_and_dependencies=None, packages_above_depth=None, packages_select_by_dep=None, packages_skip_by_dep=None, packages_skip_up_to=None, packages_select_build_failed=False, packages_skip_build_finished=False, packages_select_test_failures=False, packages_skip_test_passed=False, packages_select=None, packages_skip=None, packages_select_regex=None, packages_skip_regex=None, packages_start=None, packages_end=None, allow_overriding=[], cmake_args=None, cmake_target=None, cmake_target_skip_unavailable=False, cmake_clean_cache=False, cmake_clean_first=False, cmake_force_configure=False, ament_cmake_args=None, catkin_cmake_args=None, catkin_skip_building_tests=False, verb_parser=<colcon_defaults.argument_parser.defaults.DefaultArgumentsDecorator object at 0x7b380752fb50>, verb_extension=<colcon_core.verb.build.BuildVerb object at 0x7b380752f490>, main=<bound method BuildVerb.main of <colcon_core.verb.build.BuildVerb object at 0x7b380752f490>>)
[0.513s] Level 1:colcon.colcon_core.package_discovery:discover_packages(colcon_meta) check parameters
[0.513s] Level 1:colcon.colcon_core.package_discovery:discover_packages(recursive) check parameters
[0.513s] Level 1:colcon.colcon_core.package_discovery:discover_packages(ignore) check parameters
[0.513s] Level 1:colcon.colcon_core.package_discovery:discover_packages(path) check parameters
[0.513s] Level 1:colcon.colcon_core.package_discovery:discover_packages(colcon_meta) discover
[0.513s] Level 1:colcon.colcon_core.package_discovery:discover_packages(recursive) discover
[0.513s] INFO:colcon.colcon_core.package_discovery:Crawling recursively for packages in '/home/lzy/ros2_study/balance_car_ws'
[0.514s] Level 1:colcon.colcon_core.package_identification:_identify(.) by extensions ['ignore', 'ignore_ament_install']
[0.514s] Level 1:colcon.colcon_core.package_identification:_identify(.) by extension 'ignore'
[0.514s] Level 1:colcon.colcon_core.package_identification:_identify(.) by extension 'ignore_ament_install'
[0.514s] Level 1:colcon.colcon_core.package_identification:_identify(.) by extensions ['colcon_pkg']
[0.514s] Level 1:colcon.colcon_core.package_identification:_identify(.) by extension 'colcon_pkg'
[0.514s] Level 1:colcon.colcon_core.package_identification:_identify(.) by extensions ['colcon_meta']
[0.514s] Level 1:colcon.colcon_core.package_identification:_identify(.) by extension 'colcon_meta'
[0.514s] Level 1:colcon.colcon_core.package_identification:_identify(.) by extensions ['ros']
[0.514s] Level 1:colcon.colcon_core.package_identification:_identify(.) by extension 'ros'
[0.525s] Level 1:colcon.colcon_core.package_identification:_identify(.) by extensions ['cmake', 'python']
[0.525s] Level 1:colcon.colcon_core.package_identification:_identify(.) by extension 'cmake'
[0.525s] Level 1:colcon.colcon_core.package_identification:_identify(.) by extension 'python'
[0.525s] Level 1:colcon.colcon_core.package_identification:_identify(.) by extensions ['python_setup_py']
[0.525s] Level 1:colcon.colcon_core.package_identification:_identify(.) by extension 'python_setup_py'
[0.525s] Level 1:colcon.colcon_core.package_identification:_identify(build) by extensions ['ignore', 'ignore_ament_install']
[0.525s] Level 1:colcon.colcon_core.package_identification:_identify(build) by extension 'ignore'
[0.525s] Level 1:colcon.colcon_core.package_identification:_identify(build) ignored
[0.525s] Level 1:colcon.colcon_core.package_identification:_identify(install) by extensions ['ignore', 'ignore_ament_install']
[0.525s] Level 1:colcon.colcon_core.package_identification:_identify(install) by extension 'ignore'
[0.525s] Level 1:colcon.colcon_core.package_identification:_identify(install) ignored
[0.526s] Level 1:colcon.colcon_core.package_identification:_identify(log) by extensions ['ignore', 'ignore_ament_install']
[0.526s] Level 1:colcon.colcon_core.package_identification:_identify(log) by extension 'ignore'
[0.526s] Level 1:colcon.colcon_core.package_identification:_identify(log) ignored
[0.526s] Level 1:colcon.colcon_core.package_identification:_identify(src) by extensions ['ignore', 'ignore_ament_install']
[0.526s] Level 1:colcon.colcon_core.package_identification:_identify(src) by extension 'ignore'
[0.526s] Level 1:colcon.colcon_core.package_identification:_identify(src) by extension 'ignore_ament_install'
[0.526s] Level 1:colcon.colcon_core.package_identification:_identify(src) by extensions ['colcon_pkg']
[0.526s] Level 1:colcon.colcon_core.package_identification:_identify(src) by extension 'colcon_pkg'
[0.526s] Level 1:colcon.colcon_core.package_identification:_identify(src) by extensions ['colcon_meta']
[0.526s] Level 1:colcon.colcon_core.package_identification:_identify(src) by extension 'colcon_meta'
[0.526s] Level 1:colcon.colcon_core.package_identification:_identify(src) by extensions ['ros']
[0.526s] Level 1:colcon.colcon_core.package_identification:_identify(src) by extension 'ros'
[0.526s] Level 1:colcon.colcon_core.package_identification:_identify(src) by extensions ['cmake', 'python']
[0.526s] Level 1:colcon.colcon_core.package_identification:_identify(src) by extension 'cmake'
[0.527s] Level 1:colcon.colcon_core.package_identification:_identify(src) by extension 'python'
[0.527s] Level 1:colcon.colcon_core.package_identification:_identify(src) by extensions ['python_setup_py']
[0.527s] Level 1:colcon.colcon_core.package_identification:_identify(src) by extension 'python_setup_py'
[0.527s] Level 1:colcon.colcon_core.package_identification:_identify(src/lqr_controller) by extensions ['ignore', 'ignore_ament_install']
[0.527s] Level 1:colcon.colcon_core.package_identification:_identify(src/lqr_controller) by extension 'ignore'
[0.527s] Level 1:colcon.colcon_core.package_identification:_identify(src/lqr_controller) by extension 'ignore_ament_install'
[0.527s] Level 1:colcon.colcon_core.package_identification:_identify(src/lqr_controller) by extensions ['colcon_pkg']
[0.527s] Level 1:colcon.colcon_core.package_identification:_identify(src/lqr_controller) by extension 'colcon_pkg'
[0.527s] Level 1:colcon.colcon_core.package_identification:_identify(src/lqr_controller) by extensions ['colcon_meta']
[0.527s] Level 1:colcon.colcon_core.package_identification:_identify(src/lqr_controller) by extension 'colcon_meta'
[0.527s] Level 1:colcon.colcon_core.package_identification:_identify(src/lqr_controller) by extensions ['ros']
[0.527s] Level 1:colcon.colcon_core.package_identification:_identify(src/lqr_controller) by extension 'ros'
[0.531s] DEBUG:colcon.colcon_core.package_identification:Package 'src/lqr_controller' with type 'ros.ament_cmake' and name 'lqr_controller'
[0.532s] Level 1:colcon.colcon_core.package_identification:_identify(src/robot_description_pkg) by extensions ['ignore', 'ignore_ament_install']
[0.532s] Level 1:colcon.colcon_core.package_identification:_identify(src/robot_description_pkg) by extension 'ignore'
[0.532s] Level 1:colcon.colcon_core.package_identification:_identify(src/robot_description_pkg) by extension 'ignore_ament_install'
[0.532s] Level 1:colcon.colcon_core.package_identification:_identify(src/robot_description_pkg) by extensions ['colcon_pkg']
[0.532s] Level 1:colcon.colcon_core.package_identification:_identify(src/robot_description_pkg) by extension 'colcon_pkg'
[0.532s] Level 1:colcon.colcon_core.package_identification:_identify(src/robot_description_pkg) by extensions ['colcon_meta']
[0.532s] Level 1:colcon.colcon_core.package_identification:_identify(src/robot_description_pkg) by extension 'colcon_meta'
[0.532s] Level 1:colcon.colcon_core.package_identification:_identify(src/robot_description_pkg) by extensions ['ros']
[0.532s] Level 1:colcon.colcon_core.package_identification:_identify(src/robot_description_pkg) by extension 'ros'
[0.533s] DEBUG:colcon.colcon_core.package_identification:Package 'src/robot_description_pkg' with type 'ros.ament_cmake' and name 'robot_description_pkg'
[0.533s] Level 1:colcon.colcon_core.package_identification:_identify(src/robot_state_pub_interface) by extensions ['ignore', 'ignore_ament_install']
[0.533s] Level 1:colcon.colcon_core.package_identification:_identify(src/robot_state_pub_interface) by extension 'ignore'
[0.533s] Level 1:colcon.colcon_core.package_identification:_identify(src/robot_state_pub_interface) by extension 'ignore_ament_install'
[0.534s] Level 1:colcon.colcon_core.package_identification:_identify(src/robot_state_pub_interface) by extensions ['colcon_pkg']
[0.534s] Level 1:colcon.colcon_core.package_identification:_identify(src/robot_state_pub_interface) by extension 'colcon_pkg'
[0.534s] Level 1:colcon.colcon_core.package_identification:_identify(src/robot_state_pub_interface) by extensions ['colcon_meta']
[0.534s] Level 1:colcon.colcon_core.package_identification:_identify(src/robot_state_pub_interface) by extension 'colcon_meta'
[0.534s] Level 1:colcon.colcon_core.package_identification:_identify(src/robot_state_pub_interface) by extensions ['ros']
[0.534s] Level 1:colcon.colcon_core.package_identification:_identify(src/robot_state_pub_interface) by extension 'ros'
[0.535s] DEBUG:colcon.colcon_core.package_identification:Package 'src/robot_state_pub_interface' with type 'ros.ament_cmake' and name 'robot_state_pub_interface'
[0.535s] Level 1:colcon.colcon_core.package_discovery:discover_packages(recursive) using defaults
[0.535s] Level 1:colcon.colcon_core.package_discovery:discover_packages(ignore) discover
[0.535s] Level 1:colcon.colcon_core.package_discovery:discover_packages(ignore) using defaults
[0.535s] Level 1:colcon.colcon_core.package_discovery:discover_packages(path) discover
[0.535s] Level 1:colcon.colcon_core.package_discovery:discover_packages(path) using defaults
[0.564s] Level 1:colcon.colcon_core.package_discovery:discover_packages(prefix_path) check parameters
[0.564s] Level 1:colcon.colcon_core.package_discovery:discover_packages(prefix_path) discover
[0.568s] DEBUG:colcon.colcon_installed_package_information.package_discovery:Found 332 installed packages in /opt/ros/humble
[0.577s] Level 1:colcon.colcon_core.package_discovery:discover_packages(prefix_path) using defaults
[0.644s] Level 5:colcon.colcon_core.verb:set package 'robot_state_pub_interface' build argument 'cmake_args' from command line to 'None'
[0.644s] Level 5:colcon.colcon_core.verb:set package 'robot_state_pub_interface' build argument 'cmake_target' from command line to 'None'
[0.644s] Level 5:colcon.colcon_core.verb:set package 'robot_state_pub_interface' build argument 'cmake_target_skip_unavailable' from command line to 'False'
[0.644s] Level 5:colcon.colcon_core.verb:set package 'robot_state_pub_interface' build argument 'cmake_clean_cache' from command line to 'False'
[0.644s] Level 5:colcon.colcon_core.verb:set package 'robot_state_pub_interface' build argument 'cmake_clean_first' from command line to 'False'
[0.644s] Level 5:colcon.colcon_core.verb:set package 'robot_state_pub_interface' build argument 'cmake_force_configure' from command line to 'False'
[0.644s] Level 5:colcon.colcon_core.verb:set package 'robot_state_pub_interface' build argument 'ament_cmake_args' from command line to 'None'
[0.644s] Level 5:colcon.colcon_core.verb:set package 'robot_state_pub_interface' build argument 'catkin_cmake_args' from command line to 'None'
[0.644s] Level 5:colcon.colcon_core.verb:set package 'robot_state_pub_interface' build argument 'catkin_skip_building_tests' from command line to 'False'
[0.644s] DEBUG:colcon.colcon_core.verb:Building package 'robot_state_pub_interface' with the following arguments: {'ament_cmake_args': None, 'build_base': '/home/lzy/ros2_study/balance_car_ws/build/robot_state_pub_interface', 'catkin_cmake_args': None, 'catkin_skip_building_tests': False, 'cmake_args': None, 'cmake_clean_cache': False, 'cmake_clean_first': False, 'cmake_force_configure': False, 'cmake_target': None, 'cmake_target_skip_unavailable': False, 'install_base': '/home/lzy/ros2_study/balance_car_ws/install/robot_state_pub_interface', 'merge_install': False, 'path': '/home/lzy/ros2_study/balance_car_ws/src/robot_state_pub_interface', 'symlink_install': False, 'test_result_base': None}
[0.645s] Level 5:colcon.colcon_core.verb:set package 'lqr_controller' build argument 'cmake_args' from command line to 'None'
[0.645s] Level 5:colcon.colcon_core.verb:set package 'lqr_controller' build argument 'cmake_target' from command line to 'None'
[0.645s] Level 5:colcon.colcon_core.verb:set package 'lqr_controller' build argument 'cmake_target_skip_unavailable' from command line to 'False'
[0.645s] Level 5:colcon.colcon_core.verb:set package 'lqr_controller' build argument 'cmake_clean_cache' from command line to 'False'
[0.645s] Level 5:colcon.colcon_core.verb:set package 'lqr_controller' build argument 'cmake_clean_first' from command line to 'False'
[0.645s] Level 5:colcon.colcon_core.verb:set package 'lqr_controller' build argument 'cmake_force_configure' from command line to 'False'
[0.645s] Level 5:colcon.colcon_core.verb:set package 'lqr_controller' build argument 'ament_cmake_args' from command line to 'None'
[0.645s] Level 5:colcon.colcon_core.verb:set package 'lqr_controller' build argument 'catkin_cmake_args' from command line to 'None'
[0.645s] Level 5:colcon.colcon_core.verb:set package 'lqr_controller' build argument 'catkin_skip_building_tests' from command line to 'False'
[0.645s] DEBUG:colcon.colcon_core.verb:Building package 'lqr_controller' with the following arguments: {'ament_cmake_args': None, 'build_base': '/home/lzy/ros2_study/balance_car_ws/build/lqr_controller', 'catkin_cmake_args': None, 'catkin_skip_building_tests': False, 'cmake_args': None, 'cmake_clean_cache': False, 'cmake_clean_first': False, 'cmake_force_configure': False, 'cmake_target': None, 'cmake_target_skip_unavailable': False, 'install_base': '/home/lzy/ros2_study/balance_car_ws/install/lqr_controller', 'merge_install': False, 'path': '/home/lzy/ros2_study/balance_car_ws/src/lqr_controller', 'symlink_install': False, 'test_result_base': None}
[0.646s] Level 5:colcon.colcon_core.verb:set package 'robot_description_pkg' build argument 'cmake_args' from command line to 'None'
[0.646s] Level 5:colcon.colcon_core.verb:set package 'robot_description_pkg' build argument 'cmake_target' from command line to 'None'
[0.646s] Level 5:colcon.colcon_core.verb:set package 'robot_description_pkg' build argument 'cmake_target_skip_unavailable' from command line to 'False'
[0.646s] Level 5:colcon.colcon_core.verb:set package 'robot_description_pkg' build argument 'cmake_clean_cache' from command line to 'False'
[0.646s] Level 5:colcon.colcon_core.verb:set package 'robot_description_pkg' build argument 'cmake_clean_first' from command line to 'False'
[0.646s] Level 5:colcon.colcon_core.verb:set package 'robot_description_pkg' build argument 'cmake_force_configure' from command line to 'False'
[0.646s] Level 5:colcon.colcon_core.verb:set package 'robot_description_pkg' build argument 'ament_cmake_args' from command line to 'None'
[0.646s] Level 5:colcon.colcon_core.verb:set package 'robot_description_pkg' build argument 'catkin_cmake_args' from command line to 'None'
[0.646s] Level 5:colcon.colcon_core.verb:set package 'robot_description_pkg' build argument 'catkin_skip_building_tests' from command line to 'False'
[0.646s] DEBUG:colcon.colcon_core.verb:Building package 'robot_description_pkg' with the following arguments: {'ament_cmake_args': None, 'build_base': '/home/lzy/ros2_study/balance_car_ws/build/robot_description_pkg', 'catkin_cmake_args': None, 'catkin_skip_building_tests': False, 'cmake_args': None, 'cmake_clean_cache': False, 'cmake_clean_first': False, 'cmake_force_configure': False, 'cmake_target': None, 'cmake_target_skip_unavailable': False, 'install_base': '/home/lzy/ros2_study/balance_car_ws/install/robot_description_pkg', 'merge_install': False, 'path': '/home/lzy/ros2_study/balance_car_ws/src/robot_description_pkg', 'symlink_install': False, 'test_result_base': None}
[0.646s] INFO:colcon.colcon_core.executor:Executing jobs using 'parallel' executor
[0.648s] DEBUG:colcon.colcon_parallel_executor.executor.parallel:run_until_complete
[0.648s] INFO:colcon.colcon_ros.task.ament_cmake.build:Building ROS package in '/home/lzy/ros2_study/balance_car_ws/src/robot_state_pub_interface' with build type 'ament_cmake'
[0.648s] INFO:colcon.colcon_cmake.task.cmake.build:Building CMake package in '/home/lzy/ros2_study/balance_car_ws/src/robot_state_pub_interface'
[0.657s] INFO:colcon.colcon_core.plugin_system:Skipping extension 'colcon_core.shell.bat': Not used on non-Windows systems
[0.657s] INFO:colcon.colcon_core.shell:Skip shell extension 'powershell' for command environment: Not usable outside of PowerShell
[0.657s] DEBUG:colcon.colcon_core.shell:Skip shell extension 'dsv' for command environment
[0.668s] DEBUG:colcon.colcon_core.event_handler.log_command:Invoking command in '/home/lzy/ros2_study/balance_car_ws/build/robot_state_pub_interface': CMAKE_PREFIX_PATH=/opt/ros/humble /usr/bin/cmake --build /home/lzy/ros2_study/balance_car_ws/build/robot_state_pub_interface -- -j8 -l8
[1.095s] DEBUG:colcon.colcon_core.event_handler.log_command:Invoked command in '/home/lzy/ros2_study/balance_car_ws/build/robot_state_pub_interface' returned '0': CMAKE_PREFIX_PATH=/opt/ros/humble /usr/bin/cmake --build /home/lzy/ros2_study/balance_car_ws/build/robot_state_pub_interface -- -j8 -l8
[1.106s] DEBUG:colcon.colcon_core.event_handler.log_command:Invoking command in '/home/lzy/ros2_study/balance_car_ws/build/robot_state_pub_interface': CMAKE_PREFIX_PATH=/opt/ros/humble /usr/bin/cmake --install /home/lzy/ros2_study/balance_car_ws/build/robot_state_pub_interface
[1.186s] Level 1:colcon.colcon_core.environment:create_environment_scripts_only(robot_state_pub_interface)
[1.188s] DEBUG:colcon.colcon_core.event_handler.log_command:Invoked command in '/home/lzy/ros2_study/balance_car_ws/build/robot_state_pub_interface' returned '0': CMAKE_PREFIX_PATH=/opt/ros/humble /usr/bin/cmake --install /home/lzy/ros2_study/balance_car_ws/build/robot_state_pub_interface
[1.197s] Level 1:colcon.colcon_core.environment:checking '/home/lzy/ros2_study/balance_car_ws/install/robot_state_pub_interface' for CMake module files
[1.198s] Level 1:colcon.colcon_core.environment:checking '/home/lzy/ros2_study/balance_car_ws/install/robot_state_pub_interface' for CMake config files
[1.198s] Level 1:colcon.colcon_core.shell:create_environment_hook('robot_state_pub_interface', 'cmake_prefix_path')
[1.199s] INFO:colcon.colcon_core.shell:Creating environment hook '/home/lzy/ros2_study/balance_car_ws/install/robot_state_pub_interface/share/robot_state_pub_interface/hook/cmake_prefix_path.ps1'
[1.200s] INFO:colcon.colcon_core.shell:Creating environment descriptor '/home/lzy/ros2_study/balance_car_ws/install/robot_state_pub_interface/share/robot_state_pub_interface/hook/cmake_prefix_path.dsv'
[1.201s] INFO:colcon.colcon_core.shell:Creating environment hook '/home/lzy/ros2_study/balance_car_ws/install/robot_state_pub_interface/share/robot_state_pub_interface/hook/cmake_prefix_path.sh'
[1.202s] Level 1:colcon.colcon_core.environment:checking '/home/lzy/ros2_study/balance_car_ws/install/robot_state_pub_interface/lib'
[1.203s] Level 1:colcon.colcon_core.shell:create_environment_hook('robot_state_pub_interface', 'ld_library_path_lib')
[1.203s] INFO:colcon.colcon_core.shell:Creating environment hook '/home/lzy/ros2_study/balance_car_ws/install/robot_state_pub_interface/share/robot_state_pub_interface/hook/ld_library_path_lib.ps1'
[1.203s] INFO:colcon.colcon_core.shell:Creating environment descriptor '/home/lzy/ros2_study/balance_car_ws/install/robot_state_pub_interface/share/robot_state_pub_interface/hook/ld_library_path_lib.dsv'
[1.204s] INFO:colcon.colcon_core.shell:Creating environment hook '/home/lzy/ros2_study/balance_car_ws/install/robot_state_pub_interface/share/robot_state_pub_interface/hook/ld_library_path_lib.sh'
[1.204s] Level 1:colcon.colcon_core.environment:checking '/home/lzy/ros2_study/balance_car_ws/install/robot_state_pub_interface/bin'
[1.205s] Level 1:colcon.colcon_core.environment:checking '/home/lzy/ros2_study/balance_car_ws/install/robot_state_pub_interface/lib/pkgconfig/robot_state_pub_interface.pc'
[1.205s] Level 1:colcon.colcon_core.environment:checking '/home/lzy/ros2_study/balance_car_ws/install/robot_state_pub_interface/lib/python3.10/site-packages'
[1.205s] Level 1:colcon.colcon_core.environment:checking '/home/lzy/ros2_study/balance_car_ws/install/robot_state_pub_interface/bin'
[1.205s] INFO:colcon.colcon_core.shell:Creating package script '/home/lzy/ros2_study/balance_car_ws/install/robot_state_pub_interface/share/robot_state_pub_interface/package.ps1'
[1.207s] INFO:colcon.colcon_core.shell:Creating package descriptor '/home/lzy/ros2_study/balance_car_ws/install/robot_state_pub_interface/share/robot_state_pub_interface/package.dsv'
[1.207s] INFO:colcon.colcon_core.shell:Creating package script '/home/lzy/ros2_study/balance_car_ws/install/robot_state_pub_interface/share/robot_state_pub_interface/package.sh'
[1.209s] INFO:colcon.colcon_core.shell:Creating package script '/home/lzy/ros2_study/balance_car_ws/install/robot_state_pub_interface/share/robot_state_pub_interface/package.bash'
[1.210s] INFO:colcon.colcon_core.shell:Creating package script '/home/lzy/ros2_study/balance_car_ws/install/robot_state_pub_interface/share/robot_state_pub_interface/package.zsh'
[1.211s] Level 1:colcon.colcon_core.environment:create_file_with_runtime_dependencies(/home/lzy/ros2_study/balance_car_ws/install/robot_state_pub_interface/share/colcon-core/packages/robot_state_pub_interface)
[1.212s] Level 1:colcon.colcon_core.environment:create_environment_scripts_only(robot_state_pub_interface)
[1.212s] Level 1:colcon.colcon_core.environment:checking '/home/lzy/ros2_study/balance_car_ws/install/robot_state_pub_interface' for CMake module files
[1.213s] Level 1:colcon.colcon_core.environment:checking '/home/lzy/ros2_study/balance_car_ws/install/robot_state_pub_interface' for CMake config files
[1.213s] Level 1:colcon.colcon_core.shell:create_environment_hook('robot_state_pub_interface', 'cmake_prefix_path')
[1.214s] INFO:colcon.colcon_core.shell:Creating environment hook '/home/lzy/ros2_study/balance_car_ws/install/robot_state_pub_interface/share/robot_state_pub_interface/hook/cmake_prefix_path.ps1'
[1.214s] INFO:colcon.colcon_core.shell:Creating environment descriptor '/home/lzy/ros2_study/balance_car_ws/install/robot_state_pub_interface/share/robot_state_pub_interface/hook/cmake_prefix_path.dsv'
[1.215s] INFO:colcon.colcon_core.shell:Creating environment hook '/home/lzy/ros2_study/balance_car_ws/install/robot_state_pub_interface/share/robot_state_pub_interface/hook/cmake_prefix_path.sh'
[1.215s] Level 1:colcon.colcon_core.environment:checking '/home/lzy/ros2_study/balance_car_ws/install/robot_state_pub_interface/lib'
[1.215s] Level 1:colcon.colcon_core.shell:create_environment_hook('robot_state_pub_interface', 'ld_library_path_lib')
[1.216s] INFO:colcon.colcon_core.shell:Creating environment hook '/home/lzy/ros2_study/balance_car_ws/install/robot_state_pub_interface/share/robot_state_pub_interface/hook/ld_library_path_lib.ps1'
[1.216s] INFO:colcon.colcon_core.shell:Creating environment descriptor '/home/lzy/ros2_study/balance_car_ws/install/robot_state_pub_interface/share/robot_state_pub_interface/hook/ld_library_path_lib.dsv'
[1.216s] INFO:colcon.colcon_core.shell:Creating environment hook '/home/lzy/ros2_study/balance_car_ws/install/robot_state_pub_interface/share/robot_state_pub_interface/hook/ld_library_path_lib.sh'
[1.217s] Level 1:colcon.colcon_core.environment:checking '/home/lzy/ros2_study/balance_car_ws/install/robot_state_pub_interface/bin'
[1.217s] Level 1:colcon.colcon_core.environment:checking '/home/lzy/ros2_study/balance_car_ws/install/robot_state_pub_interface/lib/pkgconfig/robot_state_pub_interface.pc'
[1.217s] Level 1:colcon.colcon_core.environment:checking '/home/lzy/ros2_study/balance_car_ws/install/robot_state_pub_interface/lib/python3.10/site-packages'
[1.218s] Level 1:colcon.colcon_core.environment:checking '/home/lzy/ros2_study/balance_car_ws/install/robot_state_pub_interface/bin'
[1.218s] INFO:colcon.colcon_core.shell:Creating package script '/home/lzy/ros2_study/balance_car_ws/install/robot_state_pub_interface/share/robot_state_pub_interface/package.ps1'
[1.219s] INFO:colcon.colcon_core.shell:Creating package descriptor '/home/lzy/ros2_study/balance_car_ws/install/robot_state_pub_interface/share/robot_state_pub_interface/package.dsv'
[1.219s] INFO:colcon.colcon_core.shell:Creating package script '/home/lzy/ros2_study/balance_car_ws/install/robot_state_pub_interface/share/robot_state_pub_interface/package.sh'
[1.220s] INFO:colcon.colcon_core.shell:Creating package script '/home/lzy/ros2_study/balance_car_ws/install/robot_state_pub_interface/share/robot_state_pub_interface/package.bash'
[1.220s] INFO:colcon.colcon_core.shell:Creating package script '/home/lzy/ros2_study/balance_car_ws/install/robot_state_pub_interface/share/robot_state_pub_interface/package.zsh'
[1.221s] Level 1:colcon.colcon_core.environment:create_file_with_runtime_dependencies(/home/lzy/ros2_study/balance_car_ws/install/robot_state_pub_interface/share/colcon-core/packages/robot_state_pub_interface)
[1.221s] INFO:colcon.colcon_ros.task.ament_cmake.build:Building ROS package in '/home/lzy/ros2_study/balance_car_ws/src/lqr_controller' with build type 'ament_cmake'
[1.222s] INFO:colcon.colcon_cmake.task.cmake.build:Building CMake package in '/home/lzy/ros2_study/balance_car_ws/src/lqr_controller'
[1.222s] INFO:colcon.colcon_core.shell:Skip shell extension 'powershell' for command environment: Not usable outside of PowerShell
[1.222s] DEBUG:colcon.colcon_core.shell:Skip shell extension 'dsv' for command environment
[1.237s] DEBUG:colcon.colcon_core.event_handler.log_command:Invoking command in '/home/lzy/ros2_study/balance_car_ws/build/lqr_controller': AMENT_PREFIX_PATH=/home/lzy/ros2_study/balance_car_ws/install/robot_state_pub_interface:${AMENT_PREFIX_PATH} CMAKE_PREFIX_PATH=/home/lzy/ros2_study/balance_car_ws/install/robot_state_pub_interface:/opt/ros/humble LD_LIBRARY_PATH=/home/lzy/ros2_study/balance_car_ws/install/robot_state_pub_interface/lib:${LD_LIBRARY_PATH} PYTHONPATH=/home/lzy/ros2_study/balance_car_ws/install/robot_state_pub_interface/local/lib/python3.10/dist-packages:${PYTHONPATH} /usr/bin/cmake --build /home/lzy/ros2_study/balance_car_ws/build/lqr_controller -- -j8 -l8
[22.462s] DEBUG:colcon.colcon_core.event_handler.log_command:Invoked command in '/home/lzy/ros2_study/balance_car_ws/build/lqr_controller' returned '0': AMENT_PREFIX_PATH=/home/lzy/ros2_study/balance_car_ws/install/robot_state_pub_interface:${AMENT_PREFIX_PATH} CMAKE_PREFIX_PATH=/home/lzy/ros2_study/balance_car_ws/install/robot_state_pub_interface:/opt/ros/humble LD_LIBRARY_PATH=/home/lzy/ros2_study/balance_car_ws/install/robot_state_pub_interface/lib:${LD_LIBRARY_PATH} PYTHONPATH=/home/lzy/ros2_study/balance_car_ws/install/robot_state_pub_interface/local/lib/python3.10/dist-packages:${PYTHONPATH} /usr/bin/cmake --build /home/lzy/ros2_study/balance_car_ws/build/lqr_controller -- -j8 -l8
[22.465s] DEBUG:colcon.colcon_core.event_handler.log_command:Invoking command in '/home/lzy/ros2_study/balance_car_ws/build/lqr_controller': AMENT_PREFIX_PATH=/home/lzy/ros2_study/balance_car_ws/install/robot_state_pub_interface:${AMENT_PREFIX_PATH} CMAKE_PREFIX_PATH=/home/lzy/ros2_study/balance_car_ws/install/robot_state_pub_interface:/opt/ros/humble LD_LIBRARY_PATH=/home/lzy/ros2_study/balance_car_ws/install/robot_state_pub_interface/lib:${LD_LIBRARY_PATH} PYTHONPATH=/home/lzy/ros2_study/balance_car_ws/install/robot_state_pub_interface/local/lib/python3.10/dist-packages:${PYTHONPATH} /usr/bin/cmake --install /home/lzy/ros2_study/balance_car_ws/build/lqr_controller
[22.501s] Level 1:colcon.colcon_core.environment:create_environment_scripts_only(lqr_controller)
[22.502s] Level 1:colcon.colcon_core.environment:checking '/home/lzy/ros2_study/balance_car_ws/install/lqr_controller' for CMake module files
[22.503s] DEBUG:colcon.colcon_core.event_handler.log_command:Invoked command in '/home/lzy/ros2_study/balance_car_ws/build/lqr_controller' returned '0': AMENT_PREFIX_PATH=/home/lzy/ros2_study/balance_car_ws/install/robot_state_pub_interface:${AMENT_PREFIX_PATH} CMAKE_PREFIX_PATH=/home/lzy/ros2_study/balance_car_ws/install/robot_state_pub_interface:/opt/ros/humble LD_LIBRARY_PATH=/home/lzy/ros2_study/balance_car_ws/install/robot_state_pub_interface/lib:${LD_LIBRARY_PATH} PYTHONPATH=/home/lzy/ros2_study/balance_car_ws/install/robot_state_pub_interface/local/lib/python3.10/dist-packages:${PYTHONPATH} /usr/bin/cmake --install /home/lzy/ros2_study/balance_car_ws/build/lqr_controller
[22.505s] Level 1:colcon.colcon_core.environment:checking '/home/lzy/ros2_study/balance_car_ws/install/lqr_controller' for CMake config files
[22.506s] Level 1:colcon.colcon_core.shell:create_environment_hook('lqr_controller', 'cmake_prefix_path')
[22.506s] INFO:colcon.colcon_core.shell:Creating environment hook '/home/lzy/ros2_study/balance_car_ws/install/lqr_controller/share/lqr_controller/hook/cmake_prefix_path.ps1'
[22.507s] INFO:colcon.colcon_core.shell:Creating environment descriptor '/home/lzy/ros2_study/balance_car_ws/install/lqr_controller/share/lqr_controller/hook/cmake_prefix_path.dsv'
[22.508s] INFO:colcon.colcon_core.shell:Creating environment hook '/home/lzy/ros2_study/balance_car_ws/install/lqr_controller/share/lqr_controller/hook/cmake_prefix_path.sh'
[22.509s] Level 1:colcon.colcon_core.environment:checking '/home/lzy/ros2_study/balance_car_ws/install/lqr_controller/lib'
[22.509s] Level 1:colcon.colcon_core.shell:create_environment_hook('lqr_controller', 'ld_library_path_lib')
[22.510s] INFO:colcon.colcon_core.shell:Creating environment hook '/home/lzy/ros2_study/balance_car_ws/install/lqr_controller/share/lqr_controller/hook/ld_library_path_lib.ps1'
[22.510s] INFO:colcon.colcon_core.shell:Creating environment descriptor '/home/lzy/ros2_study/balance_car_ws/install/lqr_controller/share/lqr_controller/hook/ld_library_path_lib.dsv'
[22.511s] INFO:colcon.colcon_core.shell:Creating environment hook '/home/lzy/ros2_study/balance_car_ws/install/lqr_controller/share/lqr_controller/hook/ld_library_path_lib.sh'
[22.512s] Level 1:colcon.colcon_core.environment:checking '/home/lzy/ros2_study/balance_car_ws/install/lqr_controller/bin'
[22.512s] Level 1:colcon.colcon_core.environment:checking '/home/lzy/ros2_study/balance_car_ws/install/lqr_controller/lib/pkgconfig/lqr_controller.pc'
[22.512s] Level 1:colcon.colcon_core.environment:checking '/home/lzy/ros2_study/balance_car_ws/install/lqr_controller/lib/python3.10/site-packages'
[22.512s] Level 1:colcon.colcon_core.environment:checking '/home/lzy/ros2_study/balance_car_ws/install/lqr_controller/bin'
[22.513s] INFO:colcon.colcon_core.shell:Creating package script '/home/lzy/ros2_study/balance_car_ws/install/lqr_controller/share/lqr_controller/package.ps1'
[22.514s] INFO:colcon.colcon_core.shell:Creating package descriptor '/home/lzy/ros2_study/balance_car_ws/install/lqr_controller/share/lqr_controller/package.dsv'
[22.515s] INFO:colcon.colcon_core.shell:Creating package script '/home/lzy/ros2_study/balance_car_ws/install/lqr_controller/share/lqr_controller/package.sh'
[22.516s] INFO:colcon.colcon_core.shell:Creating package script '/home/lzy/ros2_study/balance_car_ws/install/lqr_controller/share/lqr_controller/package.bash'
[22.516s] INFO:colcon.colcon_core.shell:Creating package script '/home/lzy/ros2_study/balance_car_ws/install/lqr_controller/share/lqr_controller/package.zsh'
[22.517s] Level 1:colcon.colcon_core.environment:create_file_with_runtime_dependencies(/home/lzy/ros2_study/balance_car_ws/install/lqr_controller/share/colcon-core/packages/lqr_controller)
[22.518s] Level 1:colcon.colcon_core.environment:create_environment_scripts_only(lqr_controller)
[22.518s] Level 1:colcon.colcon_core.environment:checking '/home/lzy/ros2_study/balance_car_ws/install/lqr_controller' for CMake module files
[22.519s] Level 1:colcon.colcon_core.environment:checking '/home/lzy/ros2_study/balance_car_ws/install/lqr_controller' for CMake config files
[22.519s] Level 1:colcon.colcon_core.shell:create_environment_hook('lqr_controller', 'cmake_prefix_path')
[22.519s] INFO:colcon.colcon_core.shell:Creating environment hook '/home/lzy/ros2_study/balance_car_ws/install/lqr_controller/share/lqr_controller/hook/cmake_prefix_path.ps1'
[22.520s] INFO:colcon.colcon_core.shell:Creating environment descriptor '/home/lzy/ros2_study/balance_car_ws/install/lqr_controller/share/lqr_controller/hook/cmake_prefix_path.dsv'
[22.520s] INFO:colcon.colcon_core.shell:Creating environment hook '/home/lzy/ros2_study/balance_car_ws/install/lqr_controller/share/lqr_controller/hook/cmake_prefix_path.sh'
[22.521s] Level 1:colcon.colcon_core.environment:checking '/home/lzy/ros2_study/balance_car_ws/install/lqr_controller/lib'
[22.521s] Level 1:colcon.colcon_core.shell:create_environment_hook('lqr_controller', 'ld_library_path_lib')
[22.522s] INFO:colcon.colcon_core.shell:Creating environment hook '/home/lzy/ros2_study/balance_car_ws/install/lqr_controller/share/lqr_controller/hook/ld_library_path_lib.ps1'
[22.522s] INFO:colcon.colcon_core.shell:Creating environment descriptor '/home/lzy/ros2_study/balance_car_ws/install/lqr_controller/share/lqr_controller/hook/ld_library_path_lib.dsv'
[22.523s] INFO:colcon.colcon_core.shell:Creating environment hook '/home/lzy/ros2_study/balance_car_ws/install/lqr_controller/share/lqr_controller/hook/ld_library_path_lib.sh'
[22.523s] Level 1:colcon.colcon_core.environment:checking '/home/lzy/ros2_study/balance_car_ws/install/lqr_controller/bin'
[22.523s] Level 1:colcon.colcon_core.environment:checking '/home/lzy/ros2_study/balance_car_ws/install/lqr_controller/lib/pkgconfig/lqr_controller.pc'
[22.524s] Level 1:colcon.colcon_core.environment:checking '/home/lzy/ros2_study/balance_car_ws/install/lqr_controller/lib/python3.10/site-packages'
[22.524s] Level 1:colcon.colcon_core.environment:checking '/home/lzy/ros2_study/balance_car_ws/install/lqr_controller/bin'
[22.524s] INFO:colcon.colcon_core.shell:Creating package script '/home/lzy/ros2_study/balance_car_ws/install/lqr_controller/share/lqr_controller/package.ps1'
[22.525s] INFO:colcon.colcon_core.shell:Creating package descriptor '/home/lzy/ros2_study/balance_car_ws/install/lqr_controller/share/lqr_controller/package.dsv'
[22.526s] INFO:colcon.colcon_core.shell:Creating package script '/home/lzy/ros2_study/balance_car_ws/install/lqr_controller/share/lqr_controller/package.sh'
[22.527s] INFO:colcon.colcon_core.shell:Creating package script '/home/lzy/ros2_study/balance_car_ws/install/lqr_controller/share/lqr_controller/package.bash'
[22.527s] INFO:colcon.colcon_core.shell:Creating package script '/home/lzy/ros2_study/balance_car_ws/install/lqr_controller/share/lqr_controller/package.zsh'
[22.528s] Level 1:colcon.colcon_core.environment:create_file_with_runtime_dependencies(/home/lzy/ros2_study/balance_car_ws/install/lqr_controller/share/colcon-core/packages/lqr_controller)
[22.528s] INFO:colcon.colcon_ros.task.ament_cmake.build:Building ROS package in '/home/lzy/ros2_study/balance_car_ws/src/robot_description_pkg' with build type 'ament_cmake'
[22.528s] INFO:colcon.colcon_cmake.task.cmake.build:Building CMake package in '/home/lzy/ros2_study/balance_car_ws/src/robot_description_pkg'
[22.529s] INFO:colcon.colcon_core.shell:Skip shell extension 'powershell' for command environment: Not usable outside of PowerShell
[22.529s] DEBUG:colcon.colcon_core.shell:Skip shell extension 'dsv' for command environment
[22.552s] DEBUG:colcon.colcon_core.event_handler.log_command:Invoking command in '/home/lzy/ros2_study/balance_car_ws/build/robot_description_pkg': AMENT_PREFIX_PATH=/home/lzy/ros2_study/balance_car_ws/install/lqr_controller:/home/lzy/ros2_study/balance_car_ws/install/robot_state_pub_interface:${AMENT_PREFIX_PATH} CMAKE_PREFIX_PATH=/home/lzy/ros2_study/balance_car_ws/install/lqr_controller:/home/lzy/ros2_study/balance_car_ws/install/robot_state_pub_interface:/opt/ros/humble LD_LIBRARY_PATH=/home/lzy/ros2_study/balance_car_ws/install/lqr_controller/lib:/home/lzy/ros2_study/balance_car_ws/install/robot_state_pub_interface/lib:${LD_LIBRARY_PATH} PYTHONPATH=/home/lzy/ros2_study/balance_car_ws/install/robot_state_pub_interface/local/lib/python3.10/dist-packages:${PYTHONPATH} /usr/bin/cmake --build /home/lzy/ros2_study/balance_car_ws/build/robot_description_pkg -- -j8 -l8
[22.607s] DEBUG:colcon.colcon_core.event_handler.log_command:Invoked command in '/home/lzy/ros2_study/balance_car_ws/build/robot_description_pkg' returned '0': AMENT_PREFIX_PATH=/home/lzy/ros2_study/balance_car_ws/install/lqr_controller:/home/lzy/ros2_study/balance_car_ws/install/robot_state_pub_interface:${AMENT_PREFIX_PATH} CMAKE_PREFIX_PATH=/home/lzy/ros2_study/balance_car_ws/install/lqr_controller:/home/lzy/ros2_study/balance_car_ws/install/robot_state_pub_interface:/opt/ros/humble LD_LIBRARY_PATH=/home/lzy/ros2_study/balance_car_ws/install/lqr_controller/lib:/home/lzy/ros2_study/balance_car_ws/install/robot_state_pub_interface/lib:${LD_LIBRARY_PATH} PYTHONPATH=/home/lzy/ros2_study/balance_car_ws/install/robot_state_pub_interface/local/lib/python3.10/dist-packages:${PYTHONPATH} /usr/bin/cmake --build /home/lzy/ros2_study/balance_car_ws/build/robot_description_pkg -- -j8 -l8
[22.610s] DEBUG:colcon.colcon_core.event_handler.log_command:Invoking command in '/home/lzy/ros2_study/balance_car_ws/build/robot_description_pkg': AMENT_PREFIX_PATH=/home/lzy/ros2_study/balance_car_ws/install/lqr_controller:/home/lzy/ros2_study/balance_car_ws/install/robot_state_pub_interface:${AMENT_PREFIX_PATH} CMAKE_PREFIX_PATH=/home/lzy/ros2_study/balance_car_ws/install/lqr_controller:/home/lzy/ros2_study/balance_car_ws/install/robot_state_pub_interface:/opt/ros/humble LD_LIBRARY_PATH=/home/lzy/ros2_study/balance_car_ws/install/lqr_controller/lib:/home/lzy/ros2_study/balance_car_ws/install/robot_state_pub_interface/lib:${LD_LIBRARY_PATH} PYTHONPATH=/home/lzy/ros2_study/balance_car_ws/install/robot_state_pub_interface/local/lib/python3.10/dist-packages:${PYTHONPATH} /usr/bin/cmake --install /home/lzy/ros2_study/balance_car_ws/build/robot_description_pkg
[22.628s] Level 1:colcon.colcon_core.environment:create_environment_scripts_only(robot_description_pkg)
[22.629s] Level 1:colcon.colcon_core.environment:checking '/home/lzy/ros2_study/balance_car_ws/install/robot_description_pkg' for CMake module files
[22.629s] DEBUG:colcon.colcon_core.event_handler.log_command:Invoked command in '/home/lzy/ros2_study/balance_car_ws/build/robot_description_pkg' returned '0': AMENT_PREFIX_PATH=/home/lzy/ros2_study/balance_car_ws/install/lqr_controller:/home/lzy/ros2_study/balance_car_ws/install/robot_state_pub_interface:${AMENT_PREFIX_PATH} CMAKE_PREFIX_PATH=/home/lzy/ros2_study/balance_car_ws/install/lqr_controller:/home/lzy/ros2_study/balance_car_ws/install/robot_state_pub_interface:/opt/ros/humble LD_LIBRARY_PATH=/home/lzy/ros2_study/balance_car_ws/install/lqr_controller/lib:/home/lzy/ros2_study/balance_car_ws/install/robot_state_pub_interface/lib:${LD_LIBRARY_PATH} PYTHONPATH=/home/lzy/ros2_study/balance_car_ws/install/robot_state_pub_interface/local/lib/python3.10/dist-packages:${PYTHONPATH} /usr/bin/cmake --install /home/lzy/ros2_study/balance_car_ws/build/robot_description_pkg
[22.630s] Level 1:colcon.colcon_core.environment:checking '/home/lzy/ros2_study/balance_car_ws/install/robot_description_pkg' for CMake config files
[22.630s] Level 1:colcon.colcon_core.shell:create_environment_hook('robot_description_pkg', 'cmake_prefix_path')
[22.631s] INFO:colcon.colcon_core.shell:Creating environment hook '/home/lzy/ros2_study/balance_car_ws/install/robot_description_pkg/share/robot_description_pkg/hook/cmake_prefix_path.ps1'
[22.632s] INFO:colcon.colcon_core.shell:Creating environment descriptor '/home/lzy/ros2_study/balance_car_ws/install/robot_description_pkg/share/robot_description_pkg/hook/cmake_prefix_path.dsv'
[22.632s] INFO:colcon.colcon_core.shell:Creating environment hook '/home/lzy/ros2_study/balance_car_ws/install/robot_description_pkg/share/robot_description_pkg/hook/cmake_prefix_path.sh'
[22.633s] Level 1:colcon.colcon_core.environment:checking '/home/lzy/ros2_study/balance_car_ws/install/robot_description_pkg/bin'
[22.633s] Level 1:colcon.colcon_core.environment:checking '/home/lzy/ros2_study/balance_car_ws/install/robot_description_pkg/lib/pkgconfig/robot_description_pkg.pc'
[22.633s] Level 1:colcon.colcon_core.environment:checking '/home/lzy/ros2_study/balance_car_ws/install/robot_description_pkg/lib/python3.10/site-packages'
[22.634s] Level 1:colcon.colcon_core.environment:checking '/home/lzy/ros2_study/balance_car_ws/install/robot_description_pkg/bin'
[22.634s] INFO:colcon.colcon_core.shell:Creating package script '/home/lzy/ros2_study/balance_car_ws/install/robot_description_pkg/share/robot_description_pkg/package.ps1'
[22.635s] INFO:colcon.colcon_core.shell:Creating package descriptor '/home/lzy/ros2_study/balance_car_ws/install/robot_description_pkg/share/robot_description_pkg/package.dsv'
[22.635s] INFO:colcon.colcon_core.shell:Creating package script '/home/lzy/ros2_study/balance_car_ws/install/robot_description_pkg/share/robot_description_pkg/package.sh'
[22.636s] INFO:colcon.colcon_core.shell:Creating package script '/home/lzy/ros2_study/balance_car_ws/install/robot_description_pkg/share/robot_description_pkg/package.bash'
[22.637s] INFO:colcon.colcon_core.shell:Creating package script '/home/lzy/ros2_study/balance_car_ws/install/robot_description_pkg/share/robot_description_pkg/package.zsh'
[22.637s] Level 1:colcon.colcon_core.environment:create_file_with_runtime_dependencies(/home/lzy/ros2_study/balance_car_ws/install/robot_description_pkg/share/colcon-core/packages/robot_description_pkg)
[22.638s] Level 1:colcon.colcon_core.environment:create_environment_scripts_only(robot_description_pkg)
[22.639s] Level 1:colcon.colcon_core.environment:checking '/home/lzy/ros2_study/balance_car_ws/install/robot_description_pkg' for CMake module files
[22.639s] Level 1:colcon.colcon_core.environment:checking '/home/lzy/ros2_study/balance_car_ws/install/robot_description_pkg' for CMake config files
[22.640s] Level 1:colcon.colcon_core.shell:create_environment_hook('robot_description_pkg', 'cmake_prefix_path')
[22.640s] INFO:colcon.colcon_core.shell:Creating environment hook '/home/lzy/ros2_study/balance_car_ws/install/robot_description_pkg/share/robot_description_pkg/hook/cmake_prefix_path.ps1'
[22.641s] INFO:colcon.colcon_core.shell:Creating environment descriptor '/home/lzy/ros2_study/balance_car_ws/install/robot_description_pkg/share/robot_description_pkg/hook/cmake_prefix_path.dsv'
[22.641s] INFO:colcon.colcon_core.shell:Creating environment hook '/home/lzy/ros2_study/balance_car_ws/install/robot_description_pkg/share/robot_description_pkg/hook/cmake_prefix_path.sh'
[22.642s] Level 1:colcon.colcon_core.environment:checking '/home/lzy/ros2_study/balance_car_ws/install/robot_description_pkg/bin'
[22.642s] Level 1:colcon.colcon_core.environment:checking '/home/lzy/ros2_study/balance_car_ws/install/robot_description_pkg/lib/pkgconfig/robot_description_pkg.pc'
[22.642s] Level 1:colcon.colcon_core.environment:checking '/home/lzy/ros2_study/balance_car_ws/install/robot_description_pkg/lib/python3.10/site-packages'
[22.643s] Level 1:colcon.colcon_core.environment:checking '/home/lzy/ros2_study/balance_car_ws/install/robot_description_pkg/bin'
[22.643s] INFO:colcon.colcon_core.shell:Creating package script '/home/lzy/ros2_study/balance_car_ws/install/robot_description_pkg/share/robot_description_pkg/package.ps1'
[22.644s] INFO:colcon.colcon_core.shell:Creating package descriptor '/home/lzy/ros2_study/balance_car_ws/install/robot_description_pkg/share/robot_description_pkg/package.dsv'
[22.645s] INFO:colcon.colcon_core.shell:Creating package script '/home/lzy/ros2_study/balance_car_ws/install/robot_description_pkg/share/robot_description_pkg/package.sh'
[22.645s] INFO:colcon.colcon_core.shell:Creating package script '/home/lzy/ros2_study/balance_car_ws/install/robot_description_pkg/share/robot_description_pkg/package.bash'
[22.646s] INFO:colcon.colcon_core.shell:Creating package script '/home/lzy/ros2_study/balance_car_ws/install/robot_description_pkg/share/robot_description_pkg/package.zsh'
[22.646s] Level 1:colcon.colcon_core.environment:create_file_with_runtime_dependencies(/home/lzy/ros2_study/balance_car_ws/install/robot_description_pkg/share/colcon-core/packages/robot_description_pkg)
[22.647s] DEBUG:colcon.colcon_parallel_executor.executor.parallel:closing loop
[22.648s] DEBUG:colcon.colcon_parallel_executor.executor.parallel:loop closed
[22.648s] DEBUG:colcon.colcon_parallel_executor.executor.parallel:run_until_complete finished with '0'
[22.648s] DEBUG:colcon.colcon_core.event_reactor:joining thread
[22.662s] INFO:colcon.colcon_core.plugin_system:Skipping extension 'colcon_notification.desktop_notification.terminal_notifier': Not used on non-Darwin systems
[22.663s] INFO:colcon.colcon_core.plugin_system:Skipping extension 'colcon_notification.desktop_notification.win32': Not used on non-Windows systems
[22.663s] INFO:colcon.colcon_notification.desktop_notification:Sending desktop notification using 'notify2'
[22.701s] DEBUG:colcon.colcon_core.event_reactor:joined thread
[22.701s] INFO:colcon.colcon_core.shell:Creating prefix script '/home/lzy/ros2_study/balance_car_ws/install/local_setup.ps1'
[22.703s] INFO:colcon.colcon_core.shell:Creating prefix util module '/home/lzy/ros2_study/balance_car_ws/install/_local_setup_util_ps1.py'
[22.706s] INFO:colcon.colcon_core.shell:Creating prefix chain script '/home/lzy/ros2_study/balance_car_ws/install/setup.ps1'
[22.708s] INFO:colcon.colcon_core.shell:Creating prefix script '/home/lzy/ros2_study/balance_car_ws/install/local_setup.sh'
[22.709s] INFO:colcon.colcon_core.shell:Creating prefix util module '/home/lzy/ros2_study/balance_car_ws/install/_local_setup_util_sh.py'
[22.710s] INFO:colcon.colcon_core.shell:Creating prefix chain script '/home/lzy/ros2_study/balance_car_ws/install/setup.sh'
[22.712s] INFO:colcon.colcon_core.shell:Creating prefix script '/home/lzy/ros2_study/balance_car_ws/install/local_setup.bash'
[22.713s] INFO:colcon.colcon_core.shell:Creating prefix chain script '/home/lzy/ros2_study/balance_car_ws/install/setup.bash'
[22.714s] INFO:colcon.colcon_core.shell:Creating prefix script '/home/lzy/ros2_study/balance_car_ws/install/local_setup.zsh'
[22.715s] INFO:colcon.colcon_core.shell:Creating prefix chain script '/home/lzy/ros2_study/balance_car_ws/install/setup.zsh'
