[0.080s] DEBUG:colcon:Command line arguments: ['/usr/bin/colcon', 'build']
[0.080s] DEBUG:colcon:Parsed command line arguments: Namespace(log_base=None, log_level=None, verb_name='build', build_base='build', install_base='install', merge_install=False, symlink_install=False, test_result_base=None, continue_on_error=False, executor='parallel', parallel_workers=8, event_handlers=None, ignore_user_meta=False, metas=['./colcon.meta'], base_paths=['.'], packages_ignore=None, packages_ignore_regex=None, paths=None, packages_up_to=None, packages_up_to_regex=None, packages_above=None, packages_above_and_dependencies=None, packages_above_depth=None, packages_select_by_dep=None, packages_skip_by_dep=None, packages_skip_up_to=None, packages_select_build_failed=False, packages_skip_build_finished=False, packages_select_test_failures=False, packages_skip_test_passed=False, packages_select=None, packages_skip=None, packages_select_regex=None, packages_skip_regex=None, packages_start=None, packages_end=None, allow_overriding=[], cmake_args=None, cmake_target=None, cmake_target_skip_unavailable=False, cmake_clean_cache=False, cmake_clean_first=False, cmake_force_configure=False, ament_cmake_args=None, catkin_cmake_args=None, catkin_skip_building_tests=False, verb_parser=<colcon_defaults.argument_parser.defaults.DefaultArgumentsDecorator object at 0x791f0762bb80>, verb_extension=<colcon_core.verb.build.BuildVerb object at 0x791f0762b4c0>, main=<bound method BuildVerb.main of <colcon_core.verb.build.BuildVerb object at 0x791f0762b4c0>>)
[0.202s] Level 1:colcon.colcon_core.package_discovery:discover_packages(colcon_meta) check parameters
[0.202s] Level 1:colcon.colcon_core.package_discovery:discover_packages(recursive) check parameters
[0.202s] Level 1:colcon.colcon_core.package_discovery:discover_packages(ignore) check parameters
[0.202s] Level 1:colcon.colcon_core.package_discovery:discover_packages(path) check parameters
[0.202s] Level 1:colcon.colcon_core.package_discovery:discover_packages(colcon_meta) discover
[0.202s] Level 1:colcon.colcon_core.package_discovery:discover_packages(recursive) discover
[0.202s] INFO:colcon.colcon_core.package_discovery:Crawling recursively for packages in '/home/lzy/ros2_study/balance_car_ws'
[0.202s] Level 1:colcon.colcon_core.package_identification:_identify(.) by extensions ['ignore', 'ignore_ament_install']
[0.203s] Level 1:colcon.colcon_core.package_identification:_identify(.) by extension 'ignore'
[0.203s] Level 1:colcon.colcon_core.package_identification:_identify(.) by extension 'ignore_ament_install'
[0.203s] Level 1:colcon.colcon_core.package_identification:_identify(.) by extensions ['colcon_pkg']
[0.203s] Level 1:colcon.colcon_core.package_identification:_identify(.) by extension 'colcon_pkg'
[0.203s] Level 1:colcon.colcon_core.package_identification:_identify(.) by extensions ['colcon_meta']
[0.203s] Level 1:colcon.colcon_core.package_identification:_identify(.) by extension 'colcon_meta'
[0.203s] Level 1:colcon.colcon_core.package_identification:_identify(.) by extensions ['ros']
[0.203s] Level 1:colcon.colcon_core.package_identification:_identify(.) by extension 'ros'
[0.211s] Level 1:colcon.colcon_core.package_identification:_identify(.) by extensions ['cmake', 'python']
[0.211s] Level 1:colcon.colcon_core.package_identification:_identify(.) by extension 'cmake'
[0.211s] Level 1:colcon.colcon_core.package_identification:_identify(.) by extension 'python'
[0.211s] Level 1:colcon.colcon_core.package_identification:_identify(.) by extensions ['python_setup_py']
[0.211s] Level 1:colcon.colcon_core.package_identification:_identify(.) by extension 'python_setup_py'
[0.211s] Level 1:colcon.colcon_core.package_identification:_identify(build) by extensions ['ignore', 'ignore_ament_install']
[0.211s] Level 1:colcon.colcon_core.package_identification:_identify(build) by extension 'ignore'
[0.211s] Level 1:colcon.colcon_core.package_identification:_identify(build) ignored
[0.211s] Level 1:colcon.colcon_core.package_identification:_identify(install) by extensions ['ignore', 'ignore_ament_install']
[0.211s] Level 1:colcon.colcon_core.package_identification:_identify(install) by extension 'ignore'
[0.211s] Level 1:colcon.colcon_core.package_identification:_identify(install) ignored
[0.211s] Level 1:colcon.colcon_core.package_identification:_identify(log) by extensions ['ignore', 'ignore_ament_install']
[0.211s] Level 1:colcon.colcon_core.package_identification:_identify(log) by extension 'ignore'
[0.211s] Level 1:colcon.colcon_core.package_identification:_identify(log) ignored
[0.212s] Level 1:colcon.colcon_core.package_identification:_identify(src) by extensions ['ignore', 'ignore_ament_install']
[0.212s] Level 1:colcon.colcon_core.package_identification:_identify(src) by extension 'ignore'
[0.212s] Level 1:colcon.colcon_core.package_identification:_identify(src) by extension 'ignore_ament_install'
[0.212s] Level 1:colcon.colcon_core.package_identification:_identify(src) by extensions ['colcon_pkg']
[0.212s] Level 1:colcon.colcon_core.package_identification:_identify(src) by extension 'colcon_pkg'
[0.212s] Level 1:colcon.colcon_core.package_identification:_identify(src) by extensions ['colcon_meta']
[0.212s] Level 1:colcon.colcon_core.package_identification:_identify(src) by extension 'colcon_meta'
[0.212s] Level 1:colcon.colcon_core.package_identification:_identify(src) by extensions ['ros']
[0.212s] Level 1:colcon.colcon_core.package_identification:_identify(src) by extension 'ros'
[0.212s] Level 1:colcon.colcon_core.package_identification:_identify(src) by extensions ['cmake', 'python']
[0.212s] Level 1:colcon.colcon_core.package_identification:_identify(src) by extension 'cmake'
[0.212s] Level 1:colcon.colcon_core.package_identification:_identify(src) by extension 'python'
[0.212s] Level 1:colcon.colcon_core.package_identification:_identify(src) by extensions ['python_setup_py']
[0.212s] Level 1:colcon.colcon_core.package_identification:_identify(src) by extension 'python_setup_py'
[0.212s] Level 1:colcon.colcon_core.package_identification:_identify(src/lqr_controller) by extensions ['ignore', 'ignore_ament_install']
[0.212s] Level 1:colcon.colcon_core.package_identification:_identify(src/lqr_controller) by extension 'ignore'
[0.212s] Level 1:colcon.colcon_core.package_identification:_identify(src/lqr_controller) by extension 'ignore_ament_install'
[0.212s] Level 1:colcon.colcon_core.package_identification:_identify(src/lqr_controller) by extensions ['colcon_pkg']
[0.212s] Level 1:colcon.colcon_core.package_identification:_identify(src/lqr_controller) by extension 'colcon_pkg'
[0.212s] Level 1:colcon.colcon_core.package_identification:_identify(src/lqr_controller) by extensions ['colcon_meta']
[0.212s] Level 1:colcon.colcon_core.package_identification:_identify(src/lqr_controller) by extension 'colcon_meta'
[0.212s] Level 1:colcon.colcon_core.package_identification:_identify(src/lqr_controller) by extensions ['ros']
[0.212s] Level 1:colcon.colcon_core.package_identification:_identify(src/lqr_controller) by extension 'ros'
[0.215s] DEBUG:colcon.colcon_core.package_identification:Package 'src/lqr_controller' with type 'ros.ament_cmake' and name 'lqr_controller'
[0.215s] Level 1:colcon.colcon_core.package_identification:_identify(src/robot_description_pkg) by extensions ['ignore', 'ignore_ament_install']
[0.215s] Level 1:colcon.colcon_core.package_identification:_identify(src/robot_description_pkg) by extension 'ignore'
[0.215s] Level 1:colcon.colcon_core.package_identification:_identify(src/robot_description_pkg) by extension 'ignore_ament_install'
[0.215s] Level 1:colcon.colcon_core.package_identification:_identify(src/robot_description_pkg) by extensions ['colcon_pkg']
[0.215s] Level 1:colcon.colcon_core.package_identification:_identify(src/robot_description_pkg) by extension 'colcon_pkg'
[0.215s] Level 1:colcon.colcon_core.package_identification:_identify(src/robot_description_pkg) by extensions ['colcon_meta']
[0.215s] Level 1:colcon.colcon_core.package_identification:_identify(src/robot_description_pkg) by extension 'colcon_meta'
[0.215s] Level 1:colcon.colcon_core.package_identification:_identify(src/robot_description_pkg) by extensions ['ros']
[0.215s] Level 1:colcon.colcon_core.package_identification:_identify(src/robot_description_pkg) by extension 'ros'
[0.215s] DEBUG:colcon.colcon_core.package_identification:Package 'src/robot_description_pkg' with type 'ros.ament_cmake' and name 'robot_description_pkg'
[0.216s] Level 1:colcon.colcon_core.package_identification:_identify(src/robot_state_pub_interface) by extensions ['ignore', 'ignore_ament_install']
[0.216s] Level 1:colcon.colcon_core.package_identification:_identify(src/robot_state_pub_interface) by extension 'ignore'
[0.216s] Level 1:colcon.colcon_core.package_identification:_identify(src/robot_state_pub_interface) by extension 'ignore_ament_install'
[0.216s] Level 1:colcon.colcon_core.package_identification:_identify(src/robot_state_pub_interface) by extensions ['colcon_pkg']
[0.216s] Level 1:colcon.colcon_core.package_identification:_identify(src/robot_state_pub_interface) by extension 'colcon_pkg'
[0.216s] Level 1:colcon.colcon_core.package_identification:_identify(src/robot_state_pub_interface) by extensions ['colcon_meta']
[0.216s] Level 1:colcon.colcon_core.package_identification:_identify(src/robot_state_pub_interface) by extension 'colcon_meta'
[0.216s] Level 1:colcon.colcon_core.package_identification:_identify(src/robot_state_pub_interface) by extensions ['ros']
[0.216s] Level 1:colcon.colcon_core.package_identification:_identify(src/robot_state_pub_interface) by extension 'ros'
[0.216s] DEBUG:colcon.colcon_core.package_identification:Package 'src/robot_state_pub_interface' with type 'ros.ament_cmake' and name 'robot_state_pub_interface'
[0.216s] Level 1:colcon.colcon_core.package_discovery:discover_packages(recursive) using defaults
[0.216s] Level 1:colcon.colcon_core.package_discovery:discover_packages(ignore) discover
[0.216s] Level 1:colcon.colcon_core.package_discovery:discover_packages(ignore) using defaults
[0.216s] Level 1:colcon.colcon_core.package_discovery:discover_packages(path) discover
[0.216s] Level 1:colcon.colcon_core.package_discovery:discover_packages(path) using defaults
[0.232s] Level 1:colcon.colcon_core.package_discovery:discover_packages(prefix_path) check parameters
[0.232s] Level 1:colcon.colcon_core.package_discovery:discover_packages(prefix_path) discover
[0.234s] DEBUG:colcon.colcon_installed_package_information.package_discovery:Found 332 installed packages in /opt/ros/humble
[0.241s] Level 1:colcon.colcon_core.package_discovery:discover_packages(prefix_path) using defaults
[0.271s] Level 5:colcon.colcon_core.verb:set package 'robot_state_pub_interface' build argument 'cmake_args' from command line to 'None'
[0.271s] Level 5:colcon.colcon_core.verb:set package 'robot_state_pub_interface' build argument 'cmake_target' from command line to 'None'
[0.271s] Level 5:colcon.colcon_core.verb:set package 'robot_state_pub_interface' build argument 'cmake_target_skip_unavailable' from command line to 'False'
[0.271s] Level 5:colcon.colcon_core.verb:set package 'robot_state_pub_interface' build argument 'cmake_clean_cache' from command line to 'False'
[0.272s] Level 5:colcon.colcon_core.verb:set package 'robot_state_pub_interface' build argument 'cmake_clean_first' from command line to 'False'
[0.272s] Level 5:colcon.colcon_core.verb:set package 'robot_state_pub_interface' build argument 'cmake_force_configure' from command line to 'False'
[0.272s] Level 5:colcon.colcon_core.verb:set package 'robot_state_pub_interface' build argument 'ament_cmake_args' from command line to 'None'
[0.272s] Level 5:colcon.colcon_core.verb:set package 'robot_state_pub_interface' build argument 'catkin_cmake_args' from command line to 'None'
[0.272s] Level 5:colcon.colcon_core.verb:set package 'robot_state_pub_interface' build argument 'catkin_skip_building_tests' from command line to 'False'
[0.272s] DEBUG:colcon.colcon_core.verb:Building package 'robot_state_pub_interface' with the following arguments: {'ament_cmake_args': None, 'build_base': '/home/lzy/ros2_study/balance_car_ws/build/robot_state_pub_interface', 'catkin_cmake_args': None, 'catkin_skip_building_tests': False, 'cmake_args': None, 'cmake_clean_cache': False, 'cmake_clean_first': False, 'cmake_force_configure': False, 'cmake_target': None, 'cmake_target_skip_unavailable': False, 'install_base': '/home/lzy/ros2_study/balance_car_ws/install/robot_state_pub_interface', 'merge_install': False, 'path': '/home/lzy/ros2_study/balance_car_ws/src/robot_state_pub_interface', 'symlink_install': False, 'test_result_base': None}
[0.272s] Level 5:colcon.colcon_core.verb:set package 'lqr_controller' build argument 'cmake_args' from command line to 'None'
[0.272s] Level 5:colcon.colcon_core.verb:set package 'lqr_controller' build argument 'cmake_target' from command line to 'None'
[0.272s] Level 5:colcon.colcon_core.verb:set package 'lqr_controller' build argument 'cmake_target_skip_unavailable' from command line to 'False'
[0.272s] Level 5:colcon.colcon_core.verb:set package 'lqr_controller' build argument 'cmake_clean_cache' from command line to 'False'
[0.272s] Level 5:colcon.colcon_core.verb:set package 'lqr_controller' build argument 'cmake_clean_first' from command line to 'False'
[0.272s] Level 5:colcon.colcon_core.verb:set package 'lqr_controller' build argument 'cmake_force_configure' from command line to 'False'
[0.272s] Level 5:colcon.colcon_core.verb:set package 'lqr_controller' build argument 'ament_cmake_args' from command line to 'None'
[0.272s] Level 5:colcon.colcon_core.verb:set package 'lqr_controller' build argument 'catkin_cmake_args' from command line to 'None'
[0.272s] Level 5:colcon.colcon_core.verb:set package 'lqr_controller' build argument 'catkin_skip_building_tests' from command line to 'False'
[0.272s] DEBUG:colcon.colcon_core.verb:Building package 'lqr_controller' with the following arguments: {'ament_cmake_args': None, 'build_base': '/home/lzy/ros2_study/balance_car_ws/build/lqr_controller', 'catkin_cmake_args': None, 'catkin_skip_building_tests': False, 'cmake_args': None, 'cmake_clean_cache': False, 'cmake_clean_first': False, 'cmake_force_configure': False, 'cmake_target': None, 'cmake_target_skip_unavailable': False, 'install_base': '/home/lzy/ros2_study/balance_car_ws/install/lqr_controller', 'merge_install': False, 'path': '/home/lzy/ros2_study/balance_car_ws/src/lqr_controller', 'symlink_install': False, 'test_result_base': None}
[0.272s] Level 5:colcon.colcon_core.verb:set package 'robot_description_pkg' build argument 'cmake_args' from command line to 'None'
[0.272s] Level 5:colcon.colcon_core.verb:set package 'robot_description_pkg' build argument 'cmake_target' from command line to 'None'
[0.272s] Level 5:colcon.colcon_core.verb:set package 'robot_description_pkg' build argument 'cmake_target_skip_unavailable' from command line to 'False'
[0.272s] Level 5:colcon.colcon_core.verb:set package 'robot_description_pkg' build argument 'cmake_clean_cache' from command line to 'False'
[0.272s] Level 5:colcon.colcon_core.verb:set package 'robot_description_pkg' build argument 'cmake_clean_first' from command line to 'False'
[0.272s] Level 5:colcon.colcon_core.verb:set package 'robot_description_pkg' build argument 'cmake_force_configure' from command line to 'False'
[0.272s] Level 5:colcon.colcon_core.verb:set package 'robot_description_pkg' build argument 'ament_cmake_args' from command line to 'None'
[0.272s] Level 5:colcon.colcon_core.verb:set package 'robot_description_pkg' build argument 'catkin_cmake_args' from command line to 'None'
[0.272s] Level 5:colcon.colcon_core.verb:set package 'robot_description_pkg' build argument 'catkin_skip_building_tests' from command line to 'False'
[0.273s] DEBUG:colcon.colcon_core.verb:Building package 'robot_description_pkg' with the following arguments: {'ament_cmake_args': None, 'build_base': '/home/lzy/ros2_study/balance_car_ws/build/robot_description_pkg', 'catkin_cmake_args': None, 'catkin_skip_building_tests': False, 'cmake_args': None, 'cmake_clean_cache': False, 'cmake_clean_first': False, 'cmake_force_configure': False, 'cmake_target': None, 'cmake_target_skip_unavailable': False, 'install_base': '/home/lzy/ros2_study/balance_car_ws/install/robot_description_pkg', 'merge_install': False, 'path': '/home/lzy/ros2_study/balance_car_ws/src/robot_description_pkg', 'symlink_install': False, 'test_result_base': None}
[0.273s] INFO:colcon.colcon_core.executor:Executing jobs using 'parallel' executor
[0.274s] DEBUG:colcon.colcon_parallel_executor.executor.parallel:run_until_complete
[0.274s] INFO:colcon.colcon_ros.task.ament_cmake.build:Building ROS package in '/home/lzy/ros2_study/balance_car_ws/src/robot_state_pub_interface' with build type 'ament_cmake'
[0.274s] INFO:colcon.colcon_cmake.task.cmake.build:Building CMake package in '/home/lzy/ros2_study/balance_car_ws/src/robot_state_pub_interface'
[0.276s] INFO:colcon.colcon_core.plugin_system:Skipping extension 'colcon_core.shell.bat': Not used on non-Windows systems
[0.276s] INFO:colcon.colcon_core.shell:Skip shell extension 'powershell' for command environment: Not usable outside of PowerShell
[0.276s] DEBUG:colcon.colcon_core.shell:Skip shell extension 'dsv' for command environment
[0.287s] DEBUG:colcon.colcon_core.event_handler.log_command:Invoking command in '/home/lzy/ros2_study/balance_car_ws/build/robot_state_pub_interface': CMAKE_PREFIX_PATH=/opt/ros/humble /usr/bin/cmake --build /home/lzy/ros2_study/balance_car_ws/build/robot_state_pub_interface -- -j8 -l8
[0.601s] DEBUG:colcon.colcon_core.event_handler.log_command:Invoked command in '/home/lzy/ros2_study/balance_car_ws/build/robot_state_pub_interface' returned '0': CMAKE_PREFIX_PATH=/opt/ros/humble /usr/bin/cmake --build /home/lzy/ros2_study/balance_car_ws/build/robot_state_pub_interface -- -j8 -l8
[0.611s] DEBUG:colcon.colcon_core.event_handler.log_command:Invoking command in '/home/lzy/ros2_study/balance_car_ws/build/robot_state_pub_interface': CMAKE_PREFIX_PATH=/opt/ros/humble /usr/bin/cmake --install /home/lzy/ros2_study/balance_car_ws/build/robot_state_pub_interface
[0.655s] Level 1:colcon.colcon_core.environment:create_environment_scripts_only(robot_state_pub_interface)
[0.656s] DEBUG:colcon.colcon_core.event_handler.log_command:Invoked command in '/home/lzy/ros2_study/balance_car_ws/build/robot_state_pub_interface' returned '0': CMAKE_PREFIX_PATH=/opt/ros/humble /usr/bin/cmake --install /home/lzy/ros2_study/balance_car_ws/build/robot_state_pub_interface
[0.657s] Level 1:colcon.colcon_core.environment:checking '/home/lzy/ros2_study/balance_car_ws/install/robot_state_pub_interface' for CMake module files
[0.657s] Level 1:colcon.colcon_core.environment:checking '/home/lzy/ros2_study/balance_car_ws/install/robot_state_pub_interface' for CMake config files
[0.658s] Level 1:colcon.colcon_core.shell:create_environment_hook('robot_state_pub_interface', 'cmake_prefix_path')
[0.658s] INFO:colcon.colcon_core.shell:Creating environment hook '/home/lzy/ros2_study/balance_car_ws/install/robot_state_pub_interface/share/robot_state_pub_interface/hook/cmake_prefix_path.ps1'
[0.659s] INFO:colcon.colcon_core.shell:Creating environment descriptor '/home/lzy/ros2_study/balance_car_ws/install/robot_state_pub_interface/share/robot_state_pub_interface/hook/cmake_prefix_path.dsv'
[0.659s] INFO:colcon.colcon_core.shell:Creating environment hook '/home/lzy/ros2_study/balance_car_ws/install/robot_state_pub_interface/share/robot_state_pub_interface/hook/cmake_prefix_path.sh'
[0.660s] Level 1:colcon.colcon_core.environment:checking '/home/lzy/ros2_study/balance_car_ws/install/robot_state_pub_interface/lib'
[0.660s] Level 1:colcon.colcon_core.shell:create_environment_hook('robot_state_pub_interface', 'ld_library_path_lib')
[0.660s] INFO:colcon.colcon_core.shell:Creating environment hook '/home/lzy/ros2_study/balance_car_ws/install/robot_state_pub_interface/share/robot_state_pub_interface/hook/ld_library_path_lib.ps1'
[0.660s] INFO:colcon.colcon_core.shell:Creating environment descriptor '/home/lzy/ros2_study/balance_car_ws/install/robot_state_pub_interface/share/robot_state_pub_interface/hook/ld_library_path_lib.dsv'
[0.661s] INFO:colcon.colcon_core.shell:Creating environment hook '/home/lzy/ros2_study/balance_car_ws/install/robot_state_pub_interface/share/robot_state_pub_interface/hook/ld_library_path_lib.sh'
[0.661s] Level 1:colcon.colcon_core.environment:checking '/home/lzy/ros2_study/balance_car_ws/install/robot_state_pub_interface/bin'
[0.661s] Level 1:colcon.colcon_core.environment:checking '/home/lzy/ros2_study/balance_car_ws/install/robot_state_pub_interface/lib/pkgconfig/robot_state_pub_interface.pc'
[0.661s] Level 1:colcon.colcon_core.environment:checking '/home/lzy/ros2_study/balance_car_ws/install/robot_state_pub_interface/lib/python3.10/site-packages'
[0.661s] Level 1:colcon.colcon_core.environment:checking '/home/lzy/ros2_study/balance_car_ws/install/robot_state_pub_interface/bin'
[0.662s] INFO:colcon.colcon_core.shell:Creating package script '/home/lzy/ros2_study/balance_car_ws/install/robot_state_pub_interface/share/robot_state_pub_interface/package.ps1'
[0.662s] INFO:colcon.colcon_core.shell:Creating package descriptor '/home/lzy/ros2_study/balance_car_ws/install/robot_state_pub_interface/share/robot_state_pub_interface/package.dsv'
[0.663s] INFO:colcon.colcon_core.shell:Creating package script '/home/lzy/ros2_study/balance_car_ws/install/robot_state_pub_interface/share/robot_state_pub_interface/package.sh'
[0.663s] INFO:colcon.colcon_core.shell:Creating package script '/home/lzy/ros2_study/balance_car_ws/install/robot_state_pub_interface/share/robot_state_pub_interface/package.bash'
[0.664s] INFO:colcon.colcon_core.shell:Creating package script '/home/lzy/ros2_study/balance_car_ws/install/robot_state_pub_interface/share/robot_state_pub_interface/package.zsh'
[0.665s] Level 1:colcon.colcon_core.environment:create_file_with_runtime_dependencies(/home/lzy/ros2_study/balance_car_ws/install/robot_state_pub_interface/share/colcon-core/packages/robot_state_pub_interface)
[0.666s] Level 1:colcon.colcon_core.environment:create_environment_scripts_only(robot_state_pub_interface)
[0.666s] Level 1:colcon.colcon_core.environment:checking '/home/lzy/ros2_study/balance_car_ws/install/robot_state_pub_interface' for CMake module files
[0.667s] Level 1:colcon.colcon_core.environment:checking '/home/lzy/ros2_study/balance_car_ws/install/robot_state_pub_interface' for CMake config files
[0.667s] Level 1:colcon.colcon_core.shell:create_environment_hook('robot_state_pub_interface', 'cmake_prefix_path')
[0.667s] INFO:colcon.colcon_core.shell:Creating environment hook '/home/lzy/ros2_study/balance_car_ws/install/robot_state_pub_interface/share/robot_state_pub_interface/hook/cmake_prefix_path.ps1'
[0.668s] INFO:colcon.colcon_core.shell:Creating environment descriptor '/home/lzy/ros2_study/balance_car_ws/install/robot_state_pub_interface/share/robot_state_pub_interface/hook/cmake_prefix_path.dsv'
[0.668s] INFO:colcon.colcon_core.shell:Creating environment hook '/home/lzy/ros2_study/balance_car_ws/install/robot_state_pub_interface/share/robot_state_pub_interface/hook/cmake_prefix_path.sh'
[0.669s] Level 1:colcon.colcon_core.environment:checking '/home/lzy/ros2_study/balance_car_ws/install/robot_state_pub_interface/lib'
[0.669s] Level 1:colcon.colcon_core.shell:create_environment_hook('robot_state_pub_interface', 'ld_library_path_lib')
[0.669s] INFO:colcon.colcon_core.shell:Creating environment hook '/home/lzy/ros2_study/balance_car_ws/install/robot_state_pub_interface/share/robot_state_pub_interface/hook/ld_library_path_lib.ps1'
[0.669s] INFO:colcon.colcon_core.shell:Creating environment descriptor '/home/lzy/ros2_study/balance_car_ws/install/robot_state_pub_interface/share/robot_state_pub_interface/hook/ld_library_path_lib.dsv'
[0.669s] INFO:colcon.colcon_core.shell:Creating environment hook '/home/lzy/ros2_study/balance_car_ws/install/robot_state_pub_interface/share/robot_state_pub_interface/hook/ld_library_path_lib.sh'
[0.670s] Level 1:colcon.colcon_core.environment:checking '/home/lzy/ros2_study/balance_car_ws/install/robot_state_pub_interface/bin'
[0.670s] Level 1:colcon.colcon_core.environment:checking '/home/lzy/ros2_study/balance_car_ws/install/robot_state_pub_interface/lib/pkgconfig/robot_state_pub_interface.pc'
[0.670s] Level 1:colcon.colcon_core.environment:checking '/home/lzy/ros2_study/balance_car_ws/install/robot_state_pub_interface/lib/python3.10/site-packages'
[0.670s] Level 1:colcon.colcon_core.environment:checking '/home/lzy/ros2_study/balance_car_ws/install/robot_state_pub_interface/bin'
[0.671s] INFO:colcon.colcon_core.shell:Creating package script '/home/lzy/ros2_study/balance_car_ws/install/robot_state_pub_interface/share/robot_state_pub_interface/package.ps1'
[0.671s] INFO:colcon.colcon_core.shell:Creating package descriptor '/home/lzy/ros2_study/balance_car_ws/install/robot_state_pub_interface/share/robot_state_pub_interface/package.dsv'
[0.671s] INFO:colcon.colcon_core.shell:Creating package script '/home/lzy/ros2_study/balance_car_ws/install/robot_state_pub_interface/share/robot_state_pub_interface/package.sh'
[0.672s] INFO:colcon.colcon_core.shell:Creating package script '/home/lzy/ros2_study/balance_car_ws/install/robot_state_pub_interface/share/robot_state_pub_interface/package.bash'
[0.672s] INFO:colcon.colcon_core.shell:Creating package script '/home/lzy/ros2_study/balance_car_ws/install/robot_state_pub_interface/share/robot_state_pub_interface/package.zsh'
[0.673s] Level 1:colcon.colcon_core.environment:create_file_with_runtime_dependencies(/home/lzy/ros2_study/balance_car_ws/install/robot_state_pub_interface/share/colcon-core/packages/robot_state_pub_interface)
[0.673s] INFO:colcon.colcon_ros.task.ament_cmake.build:Building ROS package in '/home/lzy/ros2_study/balance_car_ws/src/lqr_controller' with build type 'ament_cmake'
[0.673s] INFO:colcon.colcon_cmake.task.cmake.build:Building CMake package in '/home/lzy/ros2_study/balance_car_ws/src/lqr_controller'
[0.673s] INFO:colcon.colcon_core.shell:Skip shell extension 'powershell' for command environment: Not usable outside of PowerShell
[0.673s] DEBUG:colcon.colcon_core.shell:Skip shell extension 'dsv' for command environment
[0.686s] DEBUG:colcon.colcon_core.event_handler.log_command:Invoking command in '/home/lzy/ros2_study/balance_car_ws/build/lqr_controller': AMENT_PREFIX_PATH=/home/lzy/ros2_study/balance_car_ws/install/robot_state_pub_interface:${AMENT_PREFIX_PATH} CMAKE_PREFIX_PATH=/home/lzy/ros2_study/balance_car_ws/install/robot_state_pub_interface:/opt/ros/humble LD_LIBRARY_PATH=/home/lzy/ros2_study/balance_car_ws/install/robot_state_pub_interface/lib:${LD_LIBRARY_PATH} PYTHONPATH=/home/lzy/ros2_study/balance_car_ws/install/robot_state_pub_interface/local/lib/python3.10/dist-packages:${PYTHONPATH} /usr/bin/cmake --build /home/lzy/ros2_study/balance_car_ws/build/lqr_controller -- -j8 -l8
[18.887s] DEBUG:colcon.colcon_core.event_handler.log_command:Invoked command in '/home/lzy/ros2_study/balance_car_ws/build/lqr_controller' returned '0': AMENT_PREFIX_PATH=/home/lzy/ros2_study/balance_car_ws/install/robot_state_pub_interface:${AMENT_PREFIX_PATH} CMAKE_PREFIX_PATH=/home/lzy/ros2_study/balance_car_ws/install/robot_state_pub_interface:/opt/ros/humble LD_LIBRARY_PATH=/home/lzy/ros2_study/balance_car_ws/install/robot_state_pub_interface/lib:${LD_LIBRARY_PATH} PYTHONPATH=/home/lzy/ros2_study/balance_car_ws/install/robot_state_pub_interface/local/lib/python3.10/dist-packages:${PYTHONPATH} /usr/bin/cmake --build /home/lzy/ros2_study/balance_car_ws/build/lqr_controller -- -j8 -l8
[18.889s] DEBUG:colcon.colcon_core.event_handler.log_command:Invoking command in '/home/lzy/ros2_study/balance_car_ws/build/lqr_controller': AMENT_PREFIX_PATH=/home/lzy/ros2_study/balance_car_ws/install/robot_state_pub_interface:${AMENT_PREFIX_PATH} CMAKE_PREFIX_PATH=/home/lzy/ros2_study/balance_car_ws/install/robot_state_pub_interface:/opt/ros/humble LD_LIBRARY_PATH=/home/lzy/ros2_study/balance_car_ws/install/robot_state_pub_interface/lib:${LD_LIBRARY_PATH} PYTHONPATH=/home/lzy/ros2_study/balance_car_ws/install/robot_state_pub_interface/local/lib/python3.10/dist-packages:${PYTHONPATH} /usr/bin/cmake --install /home/lzy/ros2_study/balance_car_ws/build/lqr_controller
[18.915s] Level 1:colcon.colcon_core.environment:create_environment_scripts_only(lqr_controller)
[18.915s] Level 1:colcon.colcon_core.environment:checking '/home/lzy/ros2_study/balance_car_ws/install/lqr_controller' for CMake module files
[18.916s] DEBUG:colcon.colcon_core.event_handler.log_command:Invoked command in '/home/lzy/ros2_study/balance_car_ws/build/lqr_controller' returned '0': AMENT_PREFIX_PATH=/home/lzy/ros2_study/balance_car_ws/install/robot_state_pub_interface:${AMENT_PREFIX_PATH} CMAKE_PREFIX_PATH=/home/lzy/ros2_study/balance_car_ws/install/robot_state_pub_interface:/opt/ros/humble LD_LIBRARY_PATH=/home/lzy/ros2_study/balance_car_ws/install/robot_state_pub_interface/lib:${LD_LIBRARY_PATH} PYTHONPATH=/home/lzy/ros2_study/balance_car_ws/install/robot_state_pub_interface/local/lib/python3.10/dist-packages:${PYTHONPATH} /usr/bin/cmake --install /home/lzy/ros2_study/balance_car_ws/build/lqr_controller
[18.916s] Level 1:colcon.colcon_core.environment:checking '/home/lzy/ros2_study/balance_car_ws/install/lqr_controller' for CMake config files
[18.916s] Level 1:colcon.colcon_core.shell:create_environment_hook('lqr_controller', 'cmake_prefix_path')
[18.916s] INFO:colcon.colcon_core.shell:Creating environment hook '/home/lzy/ros2_study/balance_car_ws/install/lqr_controller/share/lqr_controller/hook/cmake_prefix_path.ps1'
[18.917s] INFO:colcon.colcon_core.shell:Creating environment descriptor '/home/lzy/ros2_study/balance_car_ws/install/lqr_controller/share/lqr_controller/hook/cmake_prefix_path.dsv'
[18.917s] INFO:colcon.colcon_core.shell:Creating environment hook '/home/lzy/ros2_study/balance_car_ws/install/lqr_controller/share/lqr_controller/hook/cmake_prefix_path.sh'
[18.918s] Level 1:colcon.colcon_core.environment:checking '/home/lzy/ros2_study/balance_car_ws/install/lqr_controller/lib'
[18.918s] Level 1:colcon.colcon_core.shell:create_environment_hook('lqr_controller', 'ld_library_path_lib')
[18.918s] INFO:colcon.colcon_core.shell:Creating environment hook '/home/lzy/ros2_study/balance_car_ws/install/lqr_controller/share/lqr_controller/hook/ld_library_path_lib.ps1'
[18.918s] INFO:colcon.colcon_core.shell:Creating environment descriptor '/home/lzy/ros2_study/balance_car_ws/install/lqr_controller/share/lqr_controller/hook/ld_library_path_lib.dsv'
[18.918s] INFO:colcon.colcon_core.shell:Creating environment hook '/home/lzy/ros2_study/balance_car_ws/install/lqr_controller/share/lqr_controller/hook/ld_library_path_lib.sh'
[18.919s] Level 1:colcon.colcon_core.environment:checking '/home/lzy/ros2_study/balance_car_ws/install/lqr_controller/bin'
[18.919s] Level 1:colcon.colcon_core.environment:checking '/home/lzy/ros2_study/balance_car_ws/install/lqr_controller/lib/pkgconfig/lqr_controller.pc'
[18.919s] Level 1:colcon.colcon_core.environment:checking '/home/lzy/ros2_study/balance_car_ws/install/lqr_controller/lib/python3.10/site-packages'
[18.920s] Level 1:colcon.colcon_core.environment:checking '/home/lzy/ros2_study/balance_car_ws/install/lqr_controller/bin'
[18.920s] INFO:colcon.colcon_core.shell:Creating package script '/home/lzy/ros2_study/balance_car_ws/install/lqr_controller/share/lqr_controller/package.ps1'
[18.920s] INFO:colcon.colcon_core.shell:Creating package descriptor '/home/lzy/ros2_study/balance_car_ws/install/lqr_controller/share/lqr_controller/package.dsv'
[18.921s] INFO:colcon.colcon_core.shell:Creating package script '/home/lzy/ros2_study/balance_car_ws/install/lqr_controller/share/lqr_controller/package.sh'
[18.921s] INFO:colcon.colcon_core.shell:Creating package script '/home/lzy/ros2_study/balance_car_ws/install/lqr_controller/share/lqr_controller/package.bash'
[18.921s] INFO:colcon.colcon_core.shell:Creating package script '/home/lzy/ros2_study/balance_car_ws/install/lqr_controller/share/lqr_controller/package.zsh'
[18.922s] Level 1:colcon.colcon_core.environment:create_file_with_runtime_dependencies(/home/lzy/ros2_study/balance_car_ws/install/lqr_controller/share/colcon-core/packages/lqr_controller)
[18.922s] Level 1:colcon.colcon_core.environment:create_environment_scripts_only(lqr_controller)
[18.922s] Level 1:colcon.colcon_core.environment:checking '/home/lzy/ros2_study/balance_car_ws/install/lqr_controller' for CMake module files
[18.923s] Level 1:colcon.colcon_core.environment:checking '/home/lzy/ros2_study/balance_car_ws/install/lqr_controller' for CMake config files
[18.923s] Level 1:colcon.colcon_core.shell:create_environment_hook('lqr_controller', 'cmake_prefix_path')
[18.923s] INFO:colcon.colcon_core.shell:Creating environment hook '/home/lzy/ros2_study/balance_car_ws/install/lqr_controller/share/lqr_controller/hook/cmake_prefix_path.ps1'
[18.923s] INFO:colcon.colcon_core.shell:Creating environment descriptor '/home/lzy/ros2_study/balance_car_ws/install/lqr_controller/share/lqr_controller/hook/cmake_prefix_path.dsv'
[18.924s] INFO:colcon.colcon_core.shell:Creating environment hook '/home/lzy/ros2_study/balance_car_ws/install/lqr_controller/share/lqr_controller/hook/cmake_prefix_path.sh'
[18.924s] Level 1:colcon.colcon_core.environment:checking '/home/lzy/ros2_study/balance_car_ws/install/lqr_controller/lib'
[18.924s] Level 1:colcon.colcon_core.shell:create_environment_hook('lqr_controller', 'ld_library_path_lib')
[18.924s] INFO:colcon.colcon_core.shell:Creating environment hook '/home/lzy/ros2_study/balance_car_ws/install/lqr_controller/share/lqr_controller/hook/ld_library_path_lib.ps1'
[18.925s] INFO:colcon.colcon_core.shell:Creating environment descriptor '/home/lzy/ros2_study/balance_car_ws/install/lqr_controller/share/lqr_controller/hook/ld_library_path_lib.dsv'
[18.925s] INFO:colcon.colcon_core.shell:Creating environment hook '/home/lzy/ros2_study/balance_car_ws/install/lqr_controller/share/lqr_controller/hook/ld_library_path_lib.sh'
[18.925s] Level 1:colcon.colcon_core.environment:checking '/home/lzy/ros2_study/balance_car_ws/install/lqr_controller/bin'
[18.925s] Level 1:colcon.colcon_core.environment:checking '/home/lzy/ros2_study/balance_car_ws/install/lqr_controller/lib/pkgconfig/lqr_controller.pc'
[18.926s] Level 1:colcon.colcon_core.environment:checking '/home/lzy/ros2_study/balance_car_ws/install/lqr_controller/lib/python3.10/site-packages'
[18.926s] Level 1:colcon.colcon_core.environment:checking '/home/lzy/ros2_study/balance_car_ws/install/lqr_controller/bin'
[18.926s] INFO:colcon.colcon_core.shell:Creating package script '/home/lzy/ros2_study/balance_car_ws/install/lqr_controller/share/lqr_controller/package.ps1'
[18.926s] INFO:colcon.colcon_core.shell:Creating package descriptor '/home/lzy/ros2_study/balance_car_ws/install/lqr_controller/share/lqr_controller/package.dsv'
[18.927s] INFO:colcon.colcon_core.shell:Creating package script '/home/lzy/ros2_study/balance_car_ws/install/lqr_controller/share/lqr_controller/package.sh'
[18.928s] INFO:colcon.colcon_core.shell:Creating package script '/home/lzy/ros2_study/balance_car_ws/install/lqr_controller/share/lqr_controller/package.bash'
[18.928s] INFO:colcon.colcon_core.shell:Creating package script '/home/lzy/ros2_study/balance_car_ws/install/lqr_controller/share/lqr_controller/package.zsh'
[18.928s] Level 1:colcon.colcon_core.environment:create_file_with_runtime_dependencies(/home/lzy/ros2_study/balance_car_ws/install/lqr_controller/share/colcon-core/packages/lqr_controller)
[18.929s] INFO:colcon.colcon_ros.task.ament_cmake.build:Building ROS package in '/home/lzy/ros2_study/balance_car_ws/src/robot_description_pkg' with build type 'ament_cmake'
[18.929s] INFO:colcon.colcon_cmake.task.cmake.build:Building CMake package in '/home/lzy/ros2_study/balance_car_ws/src/robot_description_pkg'
[18.929s] INFO:colcon.colcon_core.shell:Skip shell extension 'powershell' for command environment: Not usable outside of PowerShell
[18.929s] DEBUG:colcon.colcon_core.shell:Skip shell extension 'dsv' for command environment
[18.952s] DEBUG:colcon.colcon_core.event_handler.log_command:Invoking command in '/home/lzy/ros2_study/balance_car_ws/build/robot_description_pkg': AMENT_PREFIX_PATH=/home/lzy/ros2_study/balance_car_ws/install/lqr_controller:/home/lzy/ros2_study/balance_car_ws/install/robot_state_pub_interface:${AMENT_PREFIX_PATH} CMAKE_PREFIX_PATH=/home/lzy/ros2_study/balance_car_ws/install/lqr_controller:/home/lzy/ros2_study/balance_car_ws/install/robot_state_pub_interface:/opt/ros/humble LD_LIBRARY_PATH=/home/lzy/ros2_study/balance_car_ws/install/lqr_controller/lib:/home/lzy/ros2_study/balance_car_ws/install/robot_state_pub_interface/lib:${LD_LIBRARY_PATH} PYTHONPATH=/home/lzy/ros2_study/balance_car_ws/install/robot_state_pub_interface/local/lib/python3.10/dist-packages:${PYTHONPATH} /usr/bin/cmake --build /home/lzy/ros2_study/balance_car_ws/build/robot_description_pkg -- -j8 -l8
[19.010s] DEBUG:colcon.colcon_core.event_handler.log_command:Invoked command in '/home/lzy/ros2_study/balance_car_ws/build/robot_description_pkg' returned '0': AMENT_PREFIX_PATH=/home/lzy/ros2_study/balance_car_ws/install/lqr_controller:/home/lzy/ros2_study/balance_car_ws/install/robot_state_pub_interface:${AMENT_PREFIX_PATH} CMAKE_PREFIX_PATH=/home/lzy/ros2_study/balance_car_ws/install/lqr_controller:/home/lzy/ros2_study/balance_car_ws/install/robot_state_pub_interface:/opt/ros/humble LD_LIBRARY_PATH=/home/lzy/ros2_study/balance_car_ws/install/lqr_controller/lib:/home/lzy/ros2_study/balance_car_ws/install/robot_state_pub_interface/lib:${LD_LIBRARY_PATH} PYTHONPATH=/home/lzy/ros2_study/balance_car_ws/install/robot_state_pub_interface/local/lib/python3.10/dist-packages:${PYTHONPATH} /usr/bin/cmake --build /home/lzy/ros2_study/balance_car_ws/build/robot_description_pkg -- -j8 -l8
[19.016s] DEBUG:colcon.colcon_core.event_handler.log_command:Invoking command in '/home/lzy/ros2_study/balance_car_ws/build/robot_description_pkg': AMENT_PREFIX_PATH=/home/lzy/ros2_study/balance_car_ws/install/lqr_controller:/home/lzy/ros2_study/balance_car_ws/install/robot_state_pub_interface:${AMENT_PREFIX_PATH} CMAKE_PREFIX_PATH=/home/lzy/ros2_study/balance_car_ws/install/lqr_controller:/home/lzy/ros2_study/balance_car_ws/install/robot_state_pub_interface:/opt/ros/humble LD_LIBRARY_PATH=/home/lzy/ros2_study/balance_car_ws/install/lqr_controller/lib:/home/lzy/ros2_study/balance_car_ws/install/robot_state_pub_interface/lib:${LD_LIBRARY_PATH} PYTHONPATH=/home/lzy/ros2_study/balance_car_ws/install/robot_state_pub_interface/local/lib/python3.10/dist-packages:${PYTHONPATH} /usr/bin/cmake --install /home/lzy/ros2_study/balance_car_ws/build/robot_description_pkg
[19.034s] Level 1:colcon.colcon_core.environment:create_environment_scripts_only(robot_description_pkg)
[19.034s] Level 1:colcon.colcon_core.environment:checking '/home/lzy/ros2_study/balance_car_ws/install/robot_description_pkg' for CMake module files
[19.035s] Level 1:colcon.colcon_core.environment:checking '/home/lzy/ros2_study/balance_car_ws/install/robot_description_pkg' for CMake config files
[19.035s] Level 1:colcon.colcon_core.shell:create_environment_hook('robot_description_pkg', 'cmake_prefix_path')
[19.035s] INFO:colcon.colcon_core.shell:Creating environment hook '/home/lzy/ros2_study/balance_car_ws/install/robot_description_pkg/share/robot_description_pkg/hook/cmake_prefix_path.ps1'
[19.036s] DEBUG:colcon.colcon_core.event_handler.log_command:Invoked command in '/home/lzy/ros2_study/balance_car_ws/build/robot_description_pkg' returned '0': AMENT_PREFIX_PATH=/home/lzy/ros2_study/balance_car_ws/install/lqr_controller:/home/lzy/ros2_study/balance_car_ws/install/robot_state_pub_interface:${AMENT_PREFIX_PATH} CMAKE_PREFIX_PATH=/home/lzy/ros2_study/balance_car_ws/install/lqr_controller:/home/lzy/ros2_study/balance_car_ws/install/robot_state_pub_interface:/opt/ros/humble LD_LIBRARY_PATH=/home/lzy/ros2_study/balance_car_ws/install/lqr_controller/lib:/home/lzy/ros2_study/balance_car_ws/install/robot_state_pub_interface/lib:${LD_LIBRARY_PATH} PYTHONPATH=/home/lzy/ros2_study/balance_car_ws/install/robot_state_pub_interface/local/lib/python3.10/dist-packages:${PYTHONPATH} /usr/bin/cmake --install /home/lzy/ros2_study/balance_car_ws/build/robot_description_pkg
[19.036s] INFO:colcon.colcon_core.shell:Creating environment descriptor '/home/lzy/ros2_study/balance_car_ws/install/robot_description_pkg/share/robot_description_pkg/hook/cmake_prefix_path.dsv'
[19.037s] INFO:colcon.colcon_core.shell:Creating environment hook '/home/lzy/ros2_study/balance_car_ws/install/robot_description_pkg/share/robot_description_pkg/hook/cmake_prefix_path.sh'
[19.037s] Level 1:colcon.colcon_core.environment:checking '/home/lzy/ros2_study/balance_car_ws/install/robot_description_pkg/bin'
[19.037s] Level 1:colcon.colcon_core.environment:checking '/home/lzy/ros2_study/balance_car_ws/install/robot_description_pkg/lib/pkgconfig/robot_description_pkg.pc'
[19.038s] Level 1:colcon.colcon_core.environment:checking '/home/lzy/ros2_study/balance_car_ws/install/robot_description_pkg/lib/python3.10/site-packages'
[19.038s] Level 1:colcon.colcon_core.environment:checking '/home/lzy/ros2_study/balance_car_ws/install/robot_description_pkg/bin'
[19.038s] INFO:colcon.colcon_core.shell:Creating package script '/home/lzy/ros2_study/balance_car_ws/install/robot_description_pkg/share/robot_description_pkg/package.ps1'
[19.039s] INFO:colcon.colcon_core.shell:Creating package descriptor '/home/lzy/ros2_study/balance_car_ws/install/robot_description_pkg/share/robot_description_pkg/package.dsv'
[19.039s] INFO:colcon.colcon_core.shell:Creating package script '/home/lzy/ros2_study/balance_car_ws/install/robot_description_pkg/share/robot_description_pkg/package.sh'
[19.040s] INFO:colcon.colcon_core.shell:Creating package script '/home/lzy/ros2_study/balance_car_ws/install/robot_description_pkg/share/robot_description_pkg/package.bash'
[19.040s] INFO:colcon.colcon_core.shell:Creating package script '/home/lzy/ros2_study/balance_car_ws/install/robot_description_pkg/share/robot_description_pkg/package.zsh'
[19.040s] Level 1:colcon.colcon_core.environment:create_file_with_runtime_dependencies(/home/lzy/ros2_study/balance_car_ws/install/robot_description_pkg/share/colcon-core/packages/robot_description_pkg)
[19.042s] Level 1:colcon.colcon_core.environment:create_environment_scripts_only(robot_description_pkg)
[19.042s] Level 1:colcon.colcon_core.environment:checking '/home/lzy/ros2_study/balance_car_ws/install/robot_description_pkg' for CMake module files
[19.042s] Level 1:colcon.colcon_core.environment:checking '/home/lzy/ros2_study/balance_car_ws/install/robot_description_pkg' for CMake config files
[19.042s] Level 1:colcon.colcon_core.shell:create_environment_hook('robot_description_pkg', 'cmake_prefix_path')
[19.043s] INFO:colcon.colcon_core.shell:Creating environment hook '/home/lzy/ros2_study/balance_car_ws/install/robot_description_pkg/share/robot_description_pkg/hook/cmake_prefix_path.ps1'
[19.043s] INFO:colcon.colcon_core.shell:Creating environment descriptor '/home/lzy/ros2_study/balance_car_ws/install/robot_description_pkg/share/robot_description_pkg/hook/cmake_prefix_path.dsv'
[19.043s] INFO:colcon.colcon_core.shell:Creating environment hook '/home/lzy/ros2_study/balance_car_ws/install/robot_description_pkg/share/robot_description_pkg/hook/cmake_prefix_path.sh'
[19.044s] Level 1:colcon.colcon_core.environment:checking '/home/lzy/ros2_study/balance_car_ws/install/robot_description_pkg/bin'
[19.044s] Level 1:colcon.colcon_core.environment:checking '/home/lzy/ros2_study/balance_car_ws/install/robot_description_pkg/lib/pkgconfig/robot_description_pkg.pc'
[19.044s] Level 1:colcon.colcon_core.environment:checking '/home/lzy/ros2_study/balance_car_ws/install/robot_description_pkg/lib/python3.10/site-packages'
[19.045s] Level 1:colcon.colcon_core.environment:checking '/home/lzy/ros2_study/balance_car_ws/install/robot_description_pkg/bin'
[19.045s] INFO:colcon.colcon_core.shell:Creating package script '/home/lzy/ros2_study/balance_car_ws/install/robot_description_pkg/share/robot_description_pkg/package.ps1'
[19.046s] INFO:colcon.colcon_core.shell:Creating package descriptor '/home/lzy/ros2_study/balance_car_ws/install/robot_description_pkg/share/robot_description_pkg/package.dsv'
[19.046s] INFO:colcon.colcon_core.shell:Creating package script '/home/lzy/ros2_study/balance_car_ws/install/robot_description_pkg/share/robot_description_pkg/package.sh'
[19.047s] INFO:colcon.colcon_core.shell:Creating package script '/home/lzy/ros2_study/balance_car_ws/install/robot_description_pkg/share/robot_description_pkg/package.bash'
[19.047s] INFO:colcon.colcon_core.shell:Creating package script '/home/lzy/ros2_study/balance_car_ws/install/robot_description_pkg/share/robot_description_pkg/package.zsh'
[19.048s] Level 1:colcon.colcon_core.environment:create_file_with_runtime_dependencies(/home/lzy/ros2_study/balance_car_ws/install/robot_description_pkg/share/colcon-core/packages/robot_description_pkg)
[19.048s] DEBUG:colcon.colcon_parallel_executor.executor.parallel:closing loop
[19.049s] DEBUG:colcon.colcon_parallel_executor.executor.parallel:loop closed
[19.049s] DEBUG:colcon.colcon_parallel_executor.executor.parallel:run_until_complete finished with '0'
[19.049s] DEBUG:colcon.colcon_core.event_reactor:joining thread
[19.058s] INFO:colcon.colcon_core.plugin_system:Skipping extension 'colcon_notification.desktop_notification.terminal_notifier': Not used on non-Darwin systems
[19.058s] INFO:colcon.colcon_core.plugin_system:Skipping extension 'colcon_notification.desktop_notification.win32': Not used on non-Windows systems
[19.058s] INFO:colcon.colcon_notification.desktop_notification:Sending desktop notification using 'notify2'
[19.076s] DEBUG:colcon.colcon_core.event_reactor:joined thread
[19.077s] INFO:colcon.colcon_core.shell:Creating prefix script '/home/lzy/ros2_study/balance_car_ws/install/local_setup.ps1'
[19.079s] INFO:colcon.colcon_core.shell:Creating prefix util module '/home/lzy/ros2_study/balance_car_ws/install/_local_setup_util_ps1.py'
[19.082s] INFO:colcon.colcon_core.shell:Creating prefix chain script '/home/lzy/ros2_study/balance_car_ws/install/setup.ps1'
[19.084s] INFO:colcon.colcon_core.shell:Creating prefix script '/home/lzy/ros2_study/balance_car_ws/install/local_setup.sh'
[19.085s] INFO:colcon.colcon_core.shell:Creating prefix util module '/home/lzy/ros2_study/balance_car_ws/install/_local_setup_util_sh.py'
[19.086s] INFO:colcon.colcon_core.shell:Creating prefix chain script '/home/lzy/ros2_study/balance_car_ws/install/setup.sh'
[19.087s] INFO:colcon.colcon_core.shell:Creating prefix script '/home/lzy/ros2_study/balance_car_ws/install/local_setup.bash'
[19.088s] INFO:colcon.colcon_core.shell:Creating prefix chain script '/home/lzy/ros2_study/balance_car_ws/install/setup.bash'
[19.089s] INFO:colcon.colcon_core.shell:Creating prefix script '/home/lzy/ros2_study/balance_car_ws/install/local_setup.zsh'
[19.090s] INFO:colcon.colcon_core.shell:Creating prefix chain script '/home/lzy/ros2_study/balance_car_ws/install/setup.zsh'
