[0.009s] Invoking command in '/home/lzy/ros2/ros2_study/build/robot_state_pub_interface': CMAKE_PREFIX_PATH=/opt/ros/humble /usr/bin/cmake /home/lzy/ros2/ros2_study/src/robot_state_pub_interface -DCMAKE_INSTALL_PREFIX=/home/lzy/ros2/ros2_study/install/robot_state_pub_interface
[0.123s] -- The C compiler identification is GNU 11.4.0
[0.210s] -- The CXX compiler identification is GNU 11.4.0
[0.224s] -- Detecting C compiler ABI info
[0.298s] -- Detecting C compiler ABI info - done
[0.301s] -- Check for working C compiler: /usr/bin/cc - skipped
[0.302s] -- Detecting C compile features
[0.303s] -- Detecting C compile features - done
[0.307s] -- Detecting CXX compiler ABI info
[0.375s] -- Detecting CXX compiler ABI info - done
[0.379s] -- Check for working CXX compiler: /usr/bin/c++ - skipped
[0.379s] -- Detecting CXX compile features
[0.379s] -- Detecting CXX compile features - done
[0.392s] -- Found ament_cmake: 1.3.11 (/opt/ros/humble/share/ament_cmake/cmake)
[0.515s] -- Found Python3: /usr/bin/python3 (found version "3.10.12") found components: Interpreter 
[0.611s] -- Found std_msgs: 4.9.0 (/opt/ros/humble/share/std_msgs/cmake)
[0.657s] -- Found rosidl_generator_c: 3.1.6 (/opt/ros/humble/share/rosidl_generator_c/cmake)
[0.664s] -- Found rosidl_adapter: 3.1.6 (/opt/ros/humble/share/rosidl_adapter/cmake)
[0.678s] -- Found rosidl_generator_cpp: 3.1.6 (/opt/ros/humble/share/rosidl_generator_cpp/cmake)
[0.696s] -- Using all available rosidl_typesupport_c: rosidl_typesupport_fastrtps_c;rosidl_typesupport_introspection_c
[0.712s] -- Using all available rosidl_typesupport_cpp: rosidl_typesupport_fastrtps_cpp;rosidl_typesupport_introspection_cpp
[0.739s] -- Found rosidl_default_generators: 1.2.0 (/opt/ros/humble/share/rosidl_default_generators/cmake)
[0.746s] -- Found ament_lint_auto: 0.12.12 (/opt/ros/humble/share/ament_lint_auto/cmake)
[0.958s] -- Found ament_cmake_ros: 0.10.0 (/opt/ros/humble/share/ament_cmake_ros/cmake)
[1.225s] -- Using all available rosidl_typesupport_c: rosidl_typesupport_fastrtps_c;rosidl_typesupport_introspection_c
[1.328s] -- Using all available rosidl_typesupport_cpp: rosidl_typesupport_fastrtps_cpp;rosidl_typesupport_introspection_cpp
[1.345s] -- Found PythonInterp: /usr/bin/python3 (found suitable version "3.10.12", minimum required is "3.6") 
[1.348s] -- Found python_cmake_module: 0.10.0 (/opt/ros/humble/share/python_cmake_module/cmake)
[1.374s] -- Found PythonLibs: /usr/lib/x86_64-linux-gnu/libpython3.10.so (found suitable version "3.10.12", minimum required is "3.5") 
[1.374s] -- Using PYTHON_EXECUTABLE: /usr/bin/python3
[1.374s] -- Using PYTHON_INCLUDE_DIRS: /usr/include/python3.10
[1.374s] -- Using PYTHON_LIBRARIES: /usr/lib/x86_64-linux-gnu/libpython3.10.so
[1.395s] -- Found PythonExtra: .so  
[1.436s] -- Added test 'lint_cmake' to check CMake code style
[1.438s] -- Added test 'xmllint' to check XML markup files
[1.447s] -- Configuring done
[1.468s] -- Generating done
[1.471s] -- Build files have been written to: /home/lzy/ros2/ros2_study/build/robot_state_pub_interface
[1.478s] Invoked command in '/home/lzy/ros2/ros2_study/build/robot_state_pub_interface' returned '0': CMAKE_PREFIX_PATH=/opt/ros/humble /usr/bin/cmake /home/lzy/ros2/ros2_study/src/robot_state_pub_interface -DCMAKE_INSTALL_PREFIX=/home/lzy/ros2/ros2_study/install/robot_state_pub_interface
[1.478s] Invoking command in '/home/lzy/ros2/ros2_study/build/robot_state_pub_interface': CMAKE_PREFIX_PATH=/opt/ros/humble /usr/bin/cmake --build /home/lzy/ros2/ros2_study/build/robot_state_pub_interface -- -j4 -l4
[1.507s] [  3%] [34m[1mGenerating C code for ROS interfaces[0m
[1.514s] [  6%] [34m[1mGenerating C++ code for ROS interfaces[0m
[1.521s] [  6%] Built target ament_cmake_python_copy_robot_state_pub_interface
[1.667s] running egg_info
[1.667s] creating robot_state_pub_interface.egg-info
[1.667s] writing robot_state_pub_interface.egg-info/PKG-INFO
[1.667s] writing dependency_links to robot_state_pub_interface.egg-info/dependency_links.txt
[1.667s] writing top-level names to robot_state_pub_interface.egg-info/top_level.txt
[1.667s] writing manifest file 'robot_state_pub_interface.egg-info/SOURCES.txt'
[1.668s] reading manifest file 'robot_state_pub_interface.egg-info/SOURCES.txt'
[1.668s] writing manifest file 'robot_state_pub_interface.egg-info/SOURCES.txt'
[1.687s] [  6%] Built target robot_state_pub_interface__cpp
[1.688s] [  6%] Built target ament_cmake_python_build_robot_state_pub_interface_egg
[1.695s] [  9%] [32mBuilding C object CMakeFiles/robot_state_pub_interface__rosidl_generator_c.dir/rosidl_generator_c/robot_state_pub_interface/msg/detail/robot_state__functions.c.o[0m
[1.695s] [ 12%] [34m[1mGenerating C++ type support dispatch for ROS interfaces[0m
[1.698s] [ 16%] [34m[1mGenerating C++ type support for eProsima Fast-RTPS[0m
[1.698s] [ 19%] [34m[1mGenerating C++ introspection for ROS interfaces[0m
[1.751s] [ 22%] [32m[1mLinking C shared library librobot_state_pub_interface__rosidl_generator_c.so[0m
[1.789s] [ 22%] Built target robot_state_pub_interface__rosidl_generator_c
[1.798s] [ 25%] [34m[1mGenerating C type support for eProsima Fast-RTPS[0m
[1.825s] [ 29%] [32mBuilding CXX object CMakeFiles/robot_state_pub_interface__rosidl_typesupport_cpp.dir/rosidl_typesupport_cpp/robot_state_pub_interface/msg/robot_state__type_support.cpp.o[0m
[1.835s] [ 32%] [32mBuilding CXX object CMakeFiles/robot_state_pub_interface__rosidl_typesupport_introspection_cpp.dir/rosidl_typesupport_introspection_cpp/robot_state_pub_interface/msg/detail/robot_state__type_support.cpp.o[0m
[1.841s] [ 35%] [32mBuilding CXX object CMakeFiles/robot_state_pub_interface__rosidl_typesupport_fastrtps_cpp.dir/rosidl_typesupport_fastrtps_cpp/robot_state_pub_interface/msg/detail/dds_fastrtps/robot_state__type_support.cpp.o[0m
[1.960s] [ 38%] [32mBuilding CXX object CMakeFiles/robot_state_pub_interface__rosidl_typesupport_fastrtps_c.dir/rosidl_typesupport_fastrtps_c/robot_state_pub_interface/msg/detail/robot_state__type_support_c.cpp.o[0m
[2.000s] [ 41%] [32m[1mLinking CXX shared library librobot_state_pub_interface__rosidl_typesupport_cpp.so[0m
[2.098s] [ 41%] Built target robot_state_pub_interface__rosidl_typesupport_cpp
[2.129s] [ 45%] [34m[1mGenerating C introspection for ROS interfaces[0m
[2.211s] [ 48%] [32m[1mLinking CXX shared library librobot_state_pub_interface__rosidl_typesupport_introspection_cpp.so[0m
[2.214s] [ 51%] [32m[1mLinking CXX shared library librobot_state_pub_interface__rosidl_typesupport_fastrtps_cpp.so[0m
[2.268s] [ 54%] [32m[1mLinking CXX shared library librobot_state_pub_interface__rosidl_typesupport_fastrtps_c.so[0m
[2.294s] [ 54%] Built target robot_state_pub_interface__rosidl_typesupport_introspection_cpp
[2.302s] [ 58%] [34m[1mGenerating C type support dispatch for ROS interfaces[0m
[2.305s] [ 58%] Built target robot_state_pub_interface__rosidl_typesupport_fastrtps_cpp
[2.311s] [ 61%] [32mBuilding C object CMakeFiles/robot_state_pub_interface__rosidl_typesupport_introspection_c.dir/rosidl_typesupport_introspection_c/robot_state_pub_interface/msg/detail/robot_state__type_support.c.o[0m
[2.341s] [ 61%] Built target robot_state_pub_interface__rosidl_typesupport_fastrtps_c
[2.344s] [ 64%] [32m[1mLinking C shared library librobot_state_pub_interface__rosidl_typesupport_introspection_c.so[0m
[2.370s] [ 64%] Built target robot_state_pub_interface__rosidl_typesupport_introspection_c
[2.437s] [ 67%] [32mBuilding CXX object CMakeFiles/robot_state_pub_interface__rosidl_typesupport_c.dir/rosidl_typesupport_c/robot_state_pub_interface/msg/robot_state__type_support.cpp.o[0m
[2.465s] [ 70%] [32m[1mLinking CXX shared library librobot_state_pub_interface__rosidl_typesupport_c.so[0m
[2.505s] [ 70%] Built target robot_state_pub_interface__rosidl_typesupport_c
[2.524s] [ 70%] Built target robot_state_pub_interface
[2.552s] [ 74%] [34m[1mGenerating Python code for ROS interfaces[0m
[2.753s] [ 74%] Built target robot_state_pub_interface__py
[2.773s] [ 77%] [32mBuilding C object CMakeFiles/robot_state_pub_interface__rosidl_generator_py.dir/rosidl_generator_py/robot_state_pub_interface/msg/_robot_state_s.c.o[0m
[2.843s] [ 80%] [32m[1mLinking C shared library rosidl_generator_py/robot_state_pub_interface/librobot_state_pub_interface__rosidl_generator_py.so[0m
[2.879s] [ 80%] Built target robot_state_pub_interface__rosidl_generator_py
[2.896s] [ 83%] [32mBuilding C object CMakeFiles/robot_state_pub_interface__rosidl_typesupport_c__pyext.dir/rosidl_generator_py/robot_state_pub_interface/_robot_state_pub_interface_s.ep.rosidl_typesupport_c.c.o[0m
[2.901s] [ 87%] [32mBuilding C object CMakeFiles/robot_state_pub_interface__rosidl_typesupport_introspection_c__pyext.dir/rosidl_generator_py/robot_state_pub_interface/_robot_state_pub_interface_s.ep.rosidl_typesupport_introspection_c.c.o[0m
[2.911s] [ 90%] [32mBuilding C object CMakeFiles/robot_state_pub_interface__rosidl_typesupport_fastrtps_c__pyext.dir/rosidl_generator_py/robot_state_pub_interface/_robot_state_pub_interface_s.ep.rosidl_typesupport_fastrtps_c.c.o[0m
[2.960s] [ 93%] [32m[1mLinking C shared library rosidl_generator_py/robot_state_pub_interface/robot_state_pub_interface_s__rosidl_typesupport_c.cpython-310-x86_64-linux-gnu.so[0m
[2.960s] [ 96%] [32m[1mLinking C shared library rosidl_generator_py/robot_state_pub_interface/robot_state_pub_interface_s__rosidl_typesupport_introspection_c.cpython-310-x86_64-linux-gnu.so[0m
[2.970s] [100%] [32m[1mLinking C shared library rosidl_generator_py/robot_state_pub_interface/robot_state_pub_interface_s__rosidl_typesupport_fastrtps_c.cpython-310-x86_64-linux-gnu.so[0m
[2.988s] [100%] Built target robot_state_pub_interface__rosidl_typesupport_c__pyext
[2.988s] [100%] Built target robot_state_pub_interface__rosidl_typesupport_introspection_c__pyext
[2.996s] [100%] Built target robot_state_pub_interface__rosidl_typesupport_fastrtps_c__pyext
[3.005s] Invoked command in '/home/lzy/ros2/ros2_study/build/robot_state_pub_interface' returned '0': CMAKE_PREFIX_PATH=/opt/ros/humble /usr/bin/cmake --build /home/lzy/ros2/ros2_study/build/robot_state_pub_interface -- -j4 -l4
[3.012s] Invoking command in '/home/lzy/ros2/ros2_study/build/robot_state_pub_interface': CMAKE_PREFIX_PATH=/opt/ros/humble /usr/bin/cmake --install /home/lzy/ros2/ros2_study/build/robot_state_pub_interface
[3.022s] -- Install configuration: ""
[3.022s] -- Installing: /home/lzy/ros2/ros2_study/install/robot_state_pub_interface/share/ament_index/resource_index/rosidl_interfaces/robot_state_pub_interface
[3.023s] -- Installing: /home/lzy/ros2/ros2_study/install/robot_state_pub_interface/include/robot_state_pub_interface/robot_state_pub_interface
[3.023s] -- Installing: /home/lzy/ros2/ros2_study/install/robot_state_pub_interface/include/robot_state_pub_interface/robot_state_pub_interface/msg
[3.023s] -- Installing: /home/lzy/ros2/ros2_study/install/robot_state_pub_interface/include/robot_state_pub_interface/robot_state_pub_interface/msg/detail
[3.023s] -- Installing: /home/lzy/ros2/ros2_study/install/robot_state_pub_interface/include/robot_state_pub_interface/robot_state_pub_interface/msg/detail/robot_state__functions.c
[3.023s] -- Installing: /home/lzy/ros2/ros2_study/install/robot_state_pub_interface/include/robot_state_pub_interface/robot_state_pub_interface/msg/detail/robot_state__functions.h
[3.023s] -- Installing: /home/lzy/ros2/ros2_study/install/robot_state_pub_interface/include/robot_state_pub_interface/robot_state_pub_interface/msg/detail/robot_state__type_support.h
[3.023s] -- Installing: /home/lzy/ros2/ros2_study/install/robot_state_pub_interface/include/robot_state_pub_interface/robot_state_pub_interface/msg/detail/robot_state__struct.h
[3.023s] -- Installing: /home/lzy/ros2/ros2_study/install/robot_state_pub_interface/include/robot_state_pub_interface/robot_state_pub_interface/msg/rosidl_generator_c__visibility_control.h
[3.023s] -- Installing: /home/lzy/ros2/ros2_study/install/robot_state_pub_interface/include/robot_state_pub_interface/robot_state_pub_interface/msg/robot_state.h
[3.023s] -- Installing: /home/lzy/ros2/ros2_study/install/robot_state_pub_interface/share/robot_state_pub_interface/environment/library_path.sh
[3.023s] -- Installing: /home/lzy/ros2/ros2_study/install/robot_state_pub_interface/share/robot_state_pub_interface/environment/library_path.dsv
[3.023s] -- Installing: /home/lzy/ros2/ros2_study/install/robot_state_pub_interface/lib/librobot_state_pub_interface__rosidl_generator_c.so
[3.024s] -- Set runtime path of "/home/lzy/ros2/ros2_study/install/robot_state_pub_interface/lib/librobot_state_pub_interface__rosidl_generator_c.so" to ""
[3.024s] -- Up-to-date: /home/lzy/ros2/ros2_study/install/robot_state_pub_interface/include/robot_state_pub_interface/robot_state_pub_interface
[3.024s] -- Up-to-date: /home/lzy/ros2/ros2_study/install/robot_state_pub_interface/include/robot_state_pub_interface/robot_state_pub_interface/msg
[3.024s] -- Up-to-date: /home/lzy/ros2/ros2_study/install/robot_state_pub_interface/include/robot_state_pub_interface/robot_state_pub_interface/msg/detail
[3.024s] -- Installing: /home/lzy/ros2/ros2_study/install/robot_state_pub_interface/include/robot_state_pub_interface/robot_state_pub_interface/msg/detail/robot_state__rosidl_typesupport_fastrtps_c.h
[3.024s] -- Installing: /home/lzy/ros2/ros2_study/install/robot_state_pub_interface/include/robot_state_pub_interface/robot_state_pub_interface/msg/rosidl_typesupport_fastrtps_c__visibility_control.h
[3.024s] -- Installing: /home/lzy/ros2/ros2_study/install/robot_state_pub_interface/lib/librobot_state_pub_interface__rosidl_typesupport_fastrtps_c.so
[3.024s] -- Set runtime path of "/home/lzy/ros2/ros2_study/install/robot_state_pub_interface/lib/librobot_state_pub_interface__rosidl_typesupport_fastrtps_c.so" to ""
[3.024s] -- Up-to-date: /home/lzy/ros2/ros2_study/install/robot_state_pub_interface/include/robot_state_pub_interface/robot_state_pub_interface
[3.025s] -- Up-to-date: /home/lzy/ros2/ros2_study/install/robot_state_pub_interface/include/robot_state_pub_interface/robot_state_pub_interface/msg
[3.025s] -- Installing: /home/lzy/ros2/ros2_study/install/robot_state_pub_interface/include/robot_state_pub_interface/robot_state_pub_interface/msg/robot_state.hpp
[3.025s] -- Up-to-date: /home/lzy/ros2/ros2_study/install/robot_state_pub_interface/include/robot_state_pub_interface/robot_state_pub_interface/msg/detail
[3.025s] -- Installing: /home/lzy/ros2/ros2_study/install/robot_state_pub_interface/include/robot_state_pub_interface/robot_state_pub_interface/msg/detail/robot_state__struct.hpp
[3.025s] -- Installing: /home/lzy/ros2/ros2_study/install/robot_state_pub_interface/include/robot_state_pub_interface/robot_state_pub_interface/msg/detail/robot_state__builder.hpp
[3.025s] -- Installing: /home/lzy/ros2/ros2_study/install/robot_state_pub_interface/include/robot_state_pub_interface/robot_state_pub_interface/msg/detail/robot_state__type_support.hpp
[3.025s] -- Installing: /home/lzy/ros2/ros2_study/install/robot_state_pub_interface/include/robot_state_pub_interface/robot_state_pub_interface/msg/detail/robot_state__traits.hpp
[3.025s] -- Installing: /home/lzy/ros2/ros2_study/install/robot_state_pub_interface/include/robot_state_pub_interface/robot_state_pub_interface/msg/rosidl_generator_cpp__visibility_control.hpp
[3.025s] -- Up-to-date: /home/lzy/ros2/ros2_study/install/robot_state_pub_interface/include/robot_state_pub_interface/robot_state_pub_interface
[3.025s] -- Up-to-date: /home/lzy/ros2/ros2_study/install/robot_state_pub_interface/include/robot_state_pub_interface/robot_state_pub_interface/msg
[3.025s] -- Up-to-date: /home/lzy/ros2/ros2_study/install/robot_state_pub_interface/include/robot_state_pub_interface/robot_state_pub_interface/msg/detail
[3.025s] -- Installing: /home/lzy/ros2/ros2_study/install/robot_state_pub_interface/include/robot_state_pub_interface/robot_state_pub_interface/msg/detail/dds_fastrtps
[3.025s] -- Installing: /home/lzy/ros2/ros2_study/install/robot_state_pub_interface/include/robot_state_pub_interface/robot_state_pub_interface/msg/detail/robot_state__rosidl_typesupport_fastrtps_cpp.hpp
[3.025s] -- Installing: /home/lzy/ros2/ros2_study/install/robot_state_pub_interface/include/robot_state_pub_interface/robot_state_pub_interface/msg/rosidl_typesupport_fastrtps_cpp__visibility_control.h
[3.025s] -- Installing: /home/lzy/ros2/ros2_study/install/robot_state_pub_interface/lib/librobot_state_pub_interface__rosidl_typesupport_fastrtps_cpp.so
[3.025s] -- Set runtime path of "/home/lzy/ros2/ros2_study/install/robot_state_pub_interface/lib/librobot_state_pub_interface__rosidl_typesupport_fastrtps_cpp.so" to ""
[3.026s] -- Up-to-date: /home/lzy/ros2/ros2_study/install/robot_state_pub_interface/include/robot_state_pub_interface/robot_state_pub_interface
[3.026s] -- Up-to-date: /home/lzy/ros2/ros2_study/install/robot_state_pub_interface/include/robot_state_pub_interface/robot_state_pub_interface/msg
[3.026s] -- Up-to-date: /home/lzy/ros2/ros2_study/install/robot_state_pub_interface/include/robot_state_pub_interface/robot_state_pub_interface/msg/detail
[3.026s] -- Installing: /home/lzy/ros2/ros2_study/install/robot_state_pub_interface/include/robot_state_pub_interface/robot_state_pub_interface/msg/detail/robot_state__type_support.c
[3.026s] -- Installing: /home/lzy/ros2/ros2_study/install/robot_state_pub_interface/include/robot_state_pub_interface/robot_state_pub_interface/msg/detail/robot_state__rosidl_typesupport_introspection_c.h
[3.026s] -- Installing: /home/lzy/ros2/ros2_study/install/robot_state_pub_interface/include/robot_state_pub_interface/robot_state_pub_interface/msg/rosidl_typesupport_introspection_c__visibility_control.h
[3.026s] -- Installing: /home/lzy/ros2/ros2_study/install/robot_state_pub_interface/lib/librobot_state_pub_interface__rosidl_typesupport_introspection_c.so
[3.026s] -- Set runtime path of "/home/lzy/ros2/ros2_study/install/robot_state_pub_interface/lib/librobot_state_pub_interface__rosidl_typesupport_introspection_c.so" to ""
[3.026s] -- Installing: /home/lzy/ros2/ros2_study/install/robot_state_pub_interface/lib/librobot_state_pub_interface__rosidl_typesupport_c.so
[3.026s] -- Set runtime path of "/home/lzy/ros2/ros2_study/install/robot_state_pub_interface/lib/librobot_state_pub_interface__rosidl_typesupport_c.so" to ""
[3.026s] -- Up-to-date: /home/lzy/ros2/ros2_study/install/robot_state_pub_interface/include/robot_state_pub_interface/robot_state_pub_interface
[3.026s] -- Up-to-date: /home/lzy/ros2/ros2_study/install/robot_state_pub_interface/include/robot_state_pub_interface/robot_state_pub_interface/msg
[3.026s] -- Up-to-date: /home/lzy/ros2/ros2_study/install/robot_state_pub_interface/include/robot_state_pub_interface/robot_state_pub_interface/msg/detail
[3.026s] -- Installing: /home/lzy/ros2/ros2_study/install/robot_state_pub_interface/include/robot_state_pub_interface/robot_state_pub_interface/msg/detail/robot_state__type_support.cpp
[3.026s] -- Installing: /home/lzy/ros2/ros2_study/install/robot_state_pub_interface/include/robot_state_pub_interface/robot_state_pub_interface/msg/detail/robot_state__rosidl_typesupport_introspection_cpp.hpp
[3.026s] -- Installing: /home/lzy/ros2/ros2_study/install/robot_state_pub_interface/lib/librobot_state_pub_interface__rosidl_typesupport_introspection_cpp.so
[3.027s] -- Set runtime path of "/home/lzy/ros2/ros2_study/install/robot_state_pub_interface/lib/librobot_state_pub_interface__rosidl_typesupport_introspection_cpp.so" to ""
[3.027s] -- Installing: /home/lzy/ros2/ros2_study/install/robot_state_pub_interface/lib/librobot_state_pub_interface__rosidl_typesupport_cpp.so
[3.027s] -- Set runtime path of "/home/lzy/ros2/ros2_study/install/robot_state_pub_interface/lib/librobot_state_pub_interface__rosidl_typesupport_cpp.so" to ""
[3.027s] -- Installing: /home/lzy/ros2/ros2_study/install/robot_state_pub_interface/share/robot_state_pub_interface/environment/pythonpath.sh
[3.027s] -- Installing: /home/lzy/ros2/ros2_study/install/robot_state_pub_interface/share/robot_state_pub_interface/environment/pythonpath.dsv
[3.027s] -- Installing: /home/lzy/ros2/ros2_study/install/robot_state_pub_interface/local/lib/python3.10/dist-packages/robot_state_pub_interface-0.0.0-py3.10.egg-info
[3.027s] -- Installing: /home/lzy/ros2/ros2_study/install/robot_state_pub_interface/local/lib/python3.10/dist-packages/robot_state_pub_interface-0.0.0-py3.10.egg-info/dependency_links.txt
[3.027s] -- Installing: /home/lzy/ros2/ros2_study/install/robot_state_pub_interface/local/lib/python3.10/dist-packages/robot_state_pub_interface-0.0.0-py3.10.egg-info/SOURCES.txt
[3.028s] -- Installing: /home/lzy/ros2/ros2_study/install/robot_state_pub_interface/local/lib/python3.10/dist-packages/robot_state_pub_interface-0.0.0-py3.10.egg-info/top_level.txt
[3.028s] -- Installing: /home/lzy/ros2/ros2_study/install/robot_state_pub_interface/local/lib/python3.10/dist-packages/robot_state_pub_interface-0.0.0-py3.10.egg-info/PKG-INFO
[3.028s] -- Installing: /home/lzy/ros2/ros2_study/install/robot_state_pub_interface/local/lib/python3.10/dist-packages/robot_state_pub_interface
[3.028s] -- Installing: /home/lzy/ros2/ros2_study/install/robot_state_pub_interface/local/lib/python3.10/dist-packages/robot_state_pub_interface/robot_state_pub_interface_s__rosidl_typesupport_introspection_c.cpython-310-x86_64-linux-gnu.so
[3.028s] -- Installing: /home/lzy/ros2/ros2_study/install/robot_state_pub_interface/local/lib/python3.10/dist-packages/robot_state_pub_interface/_robot_state_pub_interface_s.ep.rosidl_typesupport_fastrtps_c.c
[3.028s] -- Installing: /home/lzy/ros2/ros2_study/install/robot_state_pub_interface/local/lib/python3.10/dist-packages/robot_state_pub_interface/librobot_state_pub_interface__rosidl_generator_py.so
[3.028s] -- Installing: /home/lzy/ros2/ros2_study/install/robot_state_pub_interface/local/lib/python3.10/dist-packages/robot_state_pub_interface/__init__.py
[3.028s] -- Installing: /home/lzy/ros2/ros2_study/install/robot_state_pub_interface/local/lib/python3.10/dist-packages/robot_state_pub_interface/msg
[3.028s] -- Installing: /home/lzy/ros2/ros2_study/install/robot_state_pub_interface/local/lib/python3.10/dist-packages/robot_state_pub_interface/msg/_robot_state.py
[3.028s] -- Installing: /home/lzy/ros2/ros2_study/install/robot_state_pub_interface/local/lib/python3.10/dist-packages/robot_state_pub_interface/msg/__init__.py
[3.028s] -- Installing: /home/lzy/ros2/ros2_study/install/robot_state_pub_interface/local/lib/python3.10/dist-packages/robot_state_pub_interface/msg/_robot_state_s.c
[3.028s] -- Installing: /home/lzy/ros2/ros2_study/install/robot_state_pub_interface/local/lib/python3.10/dist-packages/robot_state_pub_interface/_robot_state_pub_interface_s.ep.rosidl_typesupport_c.c
[3.028s] -- Installing: /home/lzy/ros2/ros2_study/install/robot_state_pub_interface/local/lib/python3.10/dist-packages/robot_state_pub_interface/_robot_state_pub_interface_s.ep.rosidl_typesupport_introspection_c.c
[3.028s] -- Installing: /home/lzy/ros2/ros2_study/install/robot_state_pub_interface/local/lib/python3.10/dist-packages/robot_state_pub_interface/robot_state_pub_interface_s__rosidl_typesupport_fastrtps_c.cpython-310-x86_64-linux-gnu.so
[3.028s] -- Installing: /home/lzy/ros2/ros2_study/install/robot_state_pub_interface/local/lib/python3.10/dist-packages/robot_state_pub_interface/robot_state_pub_interface_s__rosidl_typesupport_c.cpython-310-x86_64-linux-gnu.so
[3.054s] Listing '/home/lzy/ros2/ros2_study/install/robot_state_pub_interface/local/lib/python3.10/dist-packages/robot_state_pub_interface'...
[3.054s] Compiling '/home/lzy/ros2/ros2_study/install/robot_state_pub_interface/local/lib/python3.10/dist-packages/robot_state_pub_interface/__init__.py'...
[3.054s] Listing '/home/lzy/ros2/ros2_study/install/robot_state_pub_interface/local/lib/python3.10/dist-packages/robot_state_pub_interface/msg'...
[3.054s] Compiling '/home/lzy/ros2/ros2_study/install/robot_state_pub_interface/local/lib/python3.10/dist-packages/robot_state_pub_interface/msg/__init__.py'...
[3.054s] Compiling '/home/lzy/ros2/ros2_study/install/robot_state_pub_interface/local/lib/python3.10/dist-packages/robot_state_pub_interface/msg/_robot_state.py'...
[3.057s] -- Installing: /home/lzy/ros2/ros2_study/install/robot_state_pub_interface/local/lib/python3.10/dist-packages/robot_state_pub_interface/robot_state_pub_interface_s__rosidl_typesupport_fastrtps_c.cpython-310-x86_64-linux-gnu.so
[3.057s] -- Set runtime path of "/home/lzy/ros2/ros2_study/install/robot_state_pub_interface/local/lib/python3.10/dist-packages/robot_state_pub_interface/robot_state_pub_interface_s__rosidl_typesupport_fastrtps_c.cpython-310-x86_64-linux-gnu.so" to ""
[3.057s] -- Installing: /home/lzy/ros2/ros2_study/install/robot_state_pub_interface/local/lib/python3.10/dist-packages/robot_state_pub_interface/robot_state_pub_interface_s__rosidl_typesupport_introspection_c.cpython-310-x86_64-linux-gnu.so
[3.057s] -- Set runtime path of "/home/lzy/ros2/ros2_study/install/robot_state_pub_interface/local/lib/python3.10/dist-packages/robot_state_pub_interface/robot_state_pub_interface_s__rosidl_typesupport_introspection_c.cpython-310-x86_64-linux-gnu.so" to ""
[3.057s] -- Installing: /home/lzy/ros2/ros2_study/install/robot_state_pub_interface/local/lib/python3.10/dist-packages/robot_state_pub_interface/robot_state_pub_interface_s__rosidl_typesupport_c.cpython-310-x86_64-linux-gnu.so
[3.057s] -- Set runtime path of "/home/lzy/ros2/ros2_study/install/robot_state_pub_interface/local/lib/python3.10/dist-packages/robot_state_pub_interface/robot_state_pub_interface_s__rosidl_typesupport_c.cpython-310-x86_64-linux-gnu.so" to ""
[3.057s] -- Installing: /home/lzy/ros2/ros2_study/install/robot_state_pub_interface/lib/librobot_state_pub_interface__rosidl_generator_py.so
[3.057s] -- Set runtime path of "/home/lzy/ros2/ros2_study/install/robot_state_pub_interface/lib/librobot_state_pub_interface__rosidl_generator_py.so" to ""
[3.058s] -- Installing: /home/lzy/ros2/ros2_study/install/robot_state_pub_interface/share/robot_state_pub_interface/msg/RobotState.idl
[3.058s] -- Installing: /home/lzy/ros2/ros2_study/install/robot_state_pub_interface/share/robot_state_pub_interface/msg/RobotState.msg
[3.058s] -- Installing: /home/lzy/ros2/ros2_study/install/robot_state_pub_interface/share/ament_index/resource_index/package_run_dependencies/robot_state_pub_interface
[3.058s] -- Installing: /home/lzy/ros2/ros2_study/install/robot_state_pub_interface/share/ament_index/resource_index/parent_prefix_path/robot_state_pub_interface
[3.058s] -- Installing: /home/lzy/ros2/ros2_study/install/robot_state_pub_interface/share/robot_state_pub_interface/environment/ament_prefix_path.sh
[3.058s] -- Installing: /home/lzy/ros2/ros2_study/install/robot_state_pub_interface/share/robot_state_pub_interface/environment/ament_prefix_path.dsv
[3.058s] -- Installing: /home/lzy/ros2/ros2_study/install/robot_state_pub_interface/share/robot_state_pub_interface/environment/path.sh
[3.058s] -- Installing: /home/lzy/ros2/ros2_study/install/robot_state_pub_interface/share/robot_state_pub_interface/environment/path.dsv
[3.058s] -- Installing: /home/lzy/ros2/ros2_study/install/robot_state_pub_interface/share/robot_state_pub_interface/local_setup.bash
[3.058s] -- Installing: /home/lzy/ros2/ros2_study/install/robot_state_pub_interface/share/robot_state_pub_interface/local_setup.sh
[3.058s] -- Installing: /home/lzy/ros2/ros2_study/install/robot_state_pub_interface/share/robot_state_pub_interface/local_setup.zsh
[3.059s] -- Installing: /home/lzy/ros2/ros2_study/install/robot_state_pub_interface/share/robot_state_pub_interface/local_setup.dsv
[3.059s] -- Installing: /home/lzy/ros2/ros2_study/install/robot_state_pub_interface/share/robot_state_pub_interface/package.dsv
[3.059s] -- Installing: /home/lzy/ros2/ros2_study/install/robot_state_pub_interface/share/ament_index/resource_index/packages/robot_state_pub_interface
[3.060s] -- Installing: /home/lzy/ros2/ros2_study/install/robot_state_pub_interface/share/robot_state_pub_interface/cmake/export_robot_state_pub_interface__rosidl_generator_cExport.cmake
[3.060s] -- Installing: /home/lzy/ros2/ros2_study/install/robot_state_pub_interface/share/robot_state_pub_interface/cmake/export_robot_state_pub_interface__rosidl_generator_cExport-noconfig.cmake
[3.060s] -- Installing: /home/lzy/ros2/ros2_study/install/robot_state_pub_interface/share/robot_state_pub_interface/cmake/export_robot_state_pub_interface__rosidl_typesupport_fastrtps_cExport.cmake
[3.060s] -- Installing: /home/lzy/ros2/ros2_study/install/robot_state_pub_interface/share/robot_state_pub_interface/cmake/export_robot_state_pub_interface__rosidl_typesupport_fastrtps_cExport-noconfig.cmake
[3.060s] -- Installing: /home/lzy/ros2/ros2_study/install/robot_state_pub_interface/share/robot_state_pub_interface/cmake/export_robot_state_pub_interface__rosidl_generator_cppExport.cmake
[3.060s] -- Installing: /home/lzy/ros2/ros2_study/install/robot_state_pub_interface/share/robot_state_pub_interface/cmake/export_robot_state_pub_interface__rosidl_typesupport_fastrtps_cppExport.cmake
[3.060s] -- Installing: /home/lzy/ros2/ros2_study/install/robot_state_pub_interface/share/robot_state_pub_interface/cmake/export_robot_state_pub_interface__rosidl_typesupport_fastrtps_cppExport-noconfig.cmake
[3.060s] -- Installing: /home/lzy/ros2/ros2_study/install/robot_state_pub_interface/share/robot_state_pub_interface/cmake/robot_state_pub_interface__rosidl_typesupport_introspection_cExport.cmake
[3.060s] -- Installing: /home/lzy/ros2/ros2_study/install/robot_state_pub_interface/share/robot_state_pub_interface/cmake/robot_state_pub_interface__rosidl_typesupport_introspection_cExport-noconfig.cmake
[3.060s] -- Installing: /home/lzy/ros2/ros2_study/install/robot_state_pub_interface/share/robot_state_pub_interface/cmake/robot_state_pub_interface__rosidl_typesupport_cExport.cmake
[3.060s] -- Installing: /home/lzy/ros2/ros2_study/install/robot_state_pub_interface/share/robot_state_pub_interface/cmake/robot_state_pub_interface__rosidl_typesupport_cExport-noconfig.cmake
[3.060s] -- Installing: /home/lzy/ros2/ros2_study/install/robot_state_pub_interface/share/robot_state_pub_interface/cmake/robot_state_pub_interface__rosidl_typesupport_introspection_cppExport.cmake
[3.061s] -- Installing: /home/lzy/ros2/ros2_study/install/robot_state_pub_interface/share/robot_state_pub_interface/cmake/robot_state_pub_interface__rosidl_typesupport_introspection_cppExport-noconfig.cmake
[3.061s] -- Installing: /home/lzy/ros2/ros2_study/install/robot_state_pub_interface/share/robot_state_pub_interface/cmake/robot_state_pub_interface__rosidl_typesupport_cppExport.cmake
[3.061s] -- Installing: /home/lzy/ros2/ros2_study/install/robot_state_pub_interface/share/robot_state_pub_interface/cmake/robot_state_pub_interface__rosidl_typesupport_cppExport-noconfig.cmake
[3.061s] -- Installing: /home/lzy/ros2/ros2_study/install/robot_state_pub_interface/share/robot_state_pub_interface/cmake/export_robot_state_pub_interface__rosidl_generator_pyExport.cmake
[3.061s] -- Installing: /home/lzy/ros2/ros2_study/install/robot_state_pub_interface/share/robot_state_pub_interface/cmake/export_robot_state_pub_interface__rosidl_generator_pyExport-noconfig.cmake
[3.061s] -- Installing: /home/lzy/ros2/ros2_study/install/robot_state_pub_interface/share/robot_state_pub_interface/cmake/rosidl_cmake-extras.cmake
[3.061s] -- Installing: /home/lzy/ros2/ros2_study/install/robot_state_pub_interface/share/robot_state_pub_interface/cmake/ament_cmake_export_dependencies-extras.cmake
[3.061s] -- Installing: /home/lzy/ros2/ros2_study/install/robot_state_pub_interface/share/robot_state_pub_interface/cmake/ament_cmake_export_include_directories-extras.cmake
[3.061s] -- Installing: /home/lzy/ros2/ros2_study/install/robot_state_pub_interface/share/robot_state_pub_interface/cmake/ament_cmake_export_libraries-extras.cmake
[3.062s] -- Installing: /home/lzy/ros2/ros2_study/install/robot_state_pub_interface/share/robot_state_pub_interface/cmake/ament_cmake_export_targets-extras.cmake
[3.062s] -- Installing: /home/lzy/ros2/ros2_study/install/robot_state_pub_interface/share/robot_state_pub_interface/cmake/rosidl_cmake_export_typesupport_targets-extras.cmake
[3.063s] -- Installing: /home/lzy/ros2/ros2_study/install/robot_state_pub_interface/share/robot_state_pub_interface/cmake/rosidl_cmake_export_typesupport_libraries-extras.cmake
[3.063s] -- Installing: /home/lzy/ros2/ros2_study/install/robot_state_pub_interface/share/robot_state_pub_interface/cmake/robot_state_pub_interfaceConfig.cmake
[3.063s] -- Installing: /home/lzy/ros2/ros2_study/install/robot_state_pub_interface/share/robot_state_pub_interface/cmake/robot_state_pub_interfaceConfig-version.cmake
[3.063s] -- Installing: /home/lzy/ros2/ros2_study/install/robot_state_pub_interface/share/robot_state_pub_interface/package.xml
[3.064s] Invoked command in '/home/lzy/ros2/ros2_study/build/robot_state_pub_interface' returned '0': CMAKE_PREFIX_PATH=/opt/ros/humble /usr/bin/cmake --install /home/lzy/ros2/ros2_study/build/robot_state_pub_interface
