[0.088s] DEBUG:colcon:Command line arguments: ['/usr/bin/colcon', 'build']
[0.088s] DEBUG:colcon:Parsed command line arguments: Namespace(log_base=None, log_level=None, verb_name='build', build_base='build', install_base='install', merge_install=False, symlink_install=False, test_result_base=None, continue_on_error=False, executor='parallel', parallel_workers=8, event_handlers=None, ignore_user_meta=False, metas=['./colcon.meta'], base_paths=['.'], packages_ignore=None, packages_ignore_regex=None, paths=None, packages_up_to=None, packages_up_to_regex=None, packages_above=None, packages_above_and_dependencies=None, packages_above_depth=None, packages_select_by_dep=None, packages_skip_by_dep=None, packages_skip_up_to=None, packages_select_build_failed=False, packages_skip_build_finished=False, packages_select_test_failures=False, packages_skip_test_passed=False, packages_select=None, packages_skip=None, packages_select_regex=None, packages_skip_regex=None, packages_start=None, packages_end=None, allow_overriding=[], cmake_args=None, cmake_target=None, cmake_target_skip_unavailable=False, cmake_clean_cache=False, cmake_clean_first=False, cmake_force_configure=False, ament_cmake_args=None, catkin_cmake_args=None, catkin_skip_building_tests=False, verb_parser=<colcon_defaults.argument_parser.defaults.DefaultArgumentsDecorator object at 0x72900ad33b50>, verb_extension=<colcon_core.verb.build.BuildVerb object at 0x72900ad33490>, main=<bound method BuildVerb.main of <colcon_core.verb.build.BuildVerb object at 0x72900ad33490>>)
[0.229s] Level 1:colcon.colcon_core.package_discovery:discover_packages(colcon_meta) check parameters
[0.229s] Level 1:colcon.colcon_core.package_discovery:discover_packages(recursive) check parameters
[0.229s] Level 1:colcon.colcon_core.package_discovery:discover_packages(ignore) check parameters
[0.230s] Level 1:colcon.colcon_core.package_discovery:discover_packages(path) check parameters
[0.230s] Level 1:colcon.colcon_core.package_discovery:discover_packages(colcon_meta) discover
[0.230s] Level 1:colcon.colcon_core.package_discovery:discover_packages(recursive) discover
[0.230s] INFO:colcon.colcon_core.package_discovery:Crawling recursively for packages in '/home/lzy/ros2_study/balance_car_ws'
[0.230s] Level 1:colcon.colcon_core.package_identification:_identify(.) by extensions ['ignore', 'ignore_ament_install']
[0.230s] Level 1:colcon.colcon_core.package_identification:_identify(.) by extension 'ignore'
[0.230s] Level 1:colcon.colcon_core.package_identification:_identify(.) by extension 'ignore_ament_install'
[0.230s] Level 1:colcon.colcon_core.package_identification:_identify(.) by extensions ['colcon_pkg']
[0.230s] Level 1:colcon.colcon_core.package_identification:_identify(.) by extension 'colcon_pkg'
[0.230s] Level 1:colcon.colcon_core.package_identification:_identify(.) by extensions ['colcon_meta']
[0.230s] Level 1:colcon.colcon_core.package_identification:_identify(.) by extension 'colcon_meta'
[0.230s] Level 1:colcon.colcon_core.package_identification:_identify(.) by extensions ['ros']
[0.230s] Level 1:colcon.colcon_core.package_identification:_identify(.) by extension 'ros'
[0.240s] Level 1:colcon.colcon_core.package_identification:_identify(.) by extensions ['cmake', 'python']
[0.240s] Level 1:colcon.colcon_core.package_identification:_identify(.) by extension 'cmake'
[0.240s] Level 1:colcon.colcon_core.package_identification:_identify(.) by extension 'python'
[0.240s] Level 1:colcon.colcon_core.package_identification:_identify(.) by extensions ['python_setup_py']
[0.240s] Level 1:colcon.colcon_core.package_identification:_identify(.) by extension 'python_setup_py'
[0.240s] Level 1:colcon.colcon_core.package_identification:_identify(build) by extensions ['ignore', 'ignore_ament_install']
[0.240s] Level 1:colcon.colcon_core.package_identification:_identify(build) by extension 'ignore'
[0.241s] Level 1:colcon.colcon_core.package_identification:_identify(build) ignored
[0.241s] Level 1:colcon.colcon_core.package_identification:_identify(install) by extensions ['ignore', 'ignore_ament_install']
[0.241s] Level 1:colcon.colcon_core.package_identification:_identify(install) by extension 'ignore'
[0.241s] Level 1:colcon.colcon_core.package_identification:_identify(install) ignored
[0.241s] Level 1:colcon.colcon_core.package_identification:_identify(log) by extensions ['ignore', 'ignore_ament_install']
[0.241s] Level 1:colcon.colcon_core.package_identification:_identify(log) by extension 'ignore'
[0.241s] Level 1:colcon.colcon_core.package_identification:_identify(log) ignored
[0.241s] Level 1:colcon.colcon_core.package_identification:_identify(src) by extensions ['ignore', 'ignore_ament_install']
[0.241s] Level 1:colcon.colcon_core.package_identification:_identify(src) by extension 'ignore'
[0.241s] Level 1:colcon.colcon_core.package_identification:_identify(src) by extension 'ignore_ament_install'
[0.242s] Level 1:colcon.colcon_core.package_identification:_identify(src) by extensions ['colcon_pkg']
[0.242s] Level 1:colcon.colcon_core.package_identification:_identify(src) by extension 'colcon_pkg'
[0.242s] Level 1:colcon.colcon_core.package_identification:_identify(src) by extensions ['colcon_meta']
[0.242s] Level 1:colcon.colcon_core.package_identification:_identify(src) by extension 'colcon_meta'
[0.242s] Level 1:colcon.colcon_core.package_identification:_identify(src) by extensions ['ros']
[0.242s] Level 1:colcon.colcon_core.package_identification:_identify(src) by extension 'ros'
[0.242s] Level 1:colcon.colcon_core.package_identification:_identify(src) by extensions ['cmake', 'python']
[0.242s] Level 1:colcon.colcon_core.package_identification:_identify(src) by extension 'cmake'
[0.242s] Level 1:colcon.colcon_core.package_identification:_identify(src) by extension 'python'
[0.242s] Level 1:colcon.colcon_core.package_identification:_identify(src) by extensions ['python_setup_py']
[0.242s] Level 1:colcon.colcon_core.package_identification:_identify(src) by extension 'python_setup_py'
[0.242s] Level 1:colcon.colcon_core.package_identification:_identify(src/lqr_controller) by extensions ['ignore', 'ignore_ament_install']
[0.242s] Level 1:colcon.colcon_core.package_identification:_identify(src/lqr_controller) by extension 'ignore'
[0.242s] Level 1:colcon.colcon_core.package_identification:_identify(src/lqr_controller) by extension 'ignore_ament_install'
[0.242s] Level 1:colcon.colcon_core.package_identification:_identify(src/lqr_controller) by extensions ['colcon_pkg']
[0.242s] Level 1:colcon.colcon_core.package_identification:_identify(src/lqr_controller) by extension 'colcon_pkg'
[0.242s] Level 1:colcon.colcon_core.package_identification:_identify(src/lqr_controller) by extensions ['colcon_meta']
[0.242s] Level 1:colcon.colcon_core.package_identification:_identify(src/lqr_controller) by extension 'colcon_meta'
[0.242s] Level 1:colcon.colcon_core.package_identification:_identify(src/lqr_controller) by extensions ['ros']
[0.242s] Level 1:colcon.colcon_core.package_identification:_identify(src/lqr_controller) by extension 'ros'
[0.245s] DEBUG:colcon.colcon_core.package_identification:Package 'src/lqr_controller' with type 'ros.ament_cmake' and name 'lqr_controller'
[0.245s] Level 1:colcon.colcon_core.package_identification:_identify(src/robot_description_pkg) by extensions ['ignore', 'ignore_ament_install']
[0.245s] Level 1:colcon.colcon_core.package_identification:_identify(src/robot_description_pkg) by extension 'ignore'
[0.245s] Level 1:colcon.colcon_core.package_identification:_identify(src/robot_description_pkg) by extension 'ignore_ament_install'
[0.245s] Level 1:colcon.colcon_core.package_identification:_identify(src/robot_description_pkg) by extensions ['colcon_pkg']
[0.245s] Level 1:colcon.colcon_core.package_identification:_identify(src/robot_description_pkg) by extension 'colcon_pkg'
[0.246s] Level 1:colcon.colcon_core.package_identification:_identify(src/robot_description_pkg) by extensions ['colcon_meta']
[0.246s] Level 1:colcon.colcon_core.package_identification:_identify(src/robot_description_pkg) by extension 'colcon_meta'
[0.246s] Level 1:colcon.colcon_core.package_identification:_identify(src/robot_description_pkg) by extensions ['ros']
[0.246s] Level 1:colcon.colcon_core.package_identification:_identify(src/robot_description_pkg) by extension 'ros'
[0.246s] DEBUG:colcon.colcon_core.package_identification:Package 'src/robot_description_pkg' with type 'ros.ament_cmake' and name 'robot_description_pkg'
[0.246s] Level 1:colcon.colcon_core.package_identification:_identify(src/robot_state_pub_interface) by extensions ['ignore', 'ignore_ament_install']
[0.246s] Level 1:colcon.colcon_core.package_identification:_identify(src/robot_state_pub_interface) by extension 'ignore'
[0.246s] Level 1:colcon.colcon_core.package_identification:_identify(src/robot_state_pub_interface) by extension 'ignore_ament_install'
[0.246s] Level 1:colcon.colcon_core.package_identification:_identify(src/robot_state_pub_interface) by extensions ['colcon_pkg']
[0.246s] Level 1:colcon.colcon_core.package_identification:_identify(src/robot_state_pub_interface) by extension 'colcon_pkg'
[0.246s] Level 1:colcon.colcon_core.package_identification:_identify(src/robot_state_pub_interface) by extensions ['colcon_meta']
[0.246s] Level 1:colcon.colcon_core.package_identification:_identify(src/robot_state_pub_interface) by extension 'colcon_meta'
[0.246s] Level 1:colcon.colcon_core.package_identification:_identify(src/robot_state_pub_interface) by extensions ['ros']
[0.246s] Level 1:colcon.colcon_core.package_identification:_identify(src/robot_state_pub_interface) by extension 'ros'
[0.247s] DEBUG:colcon.colcon_core.package_identification:Package 'src/robot_state_pub_interface' with type 'ros.ament_cmake' and name 'robot_state_pub_interface'
[0.247s] Level 1:colcon.colcon_core.package_discovery:discover_packages(recursive) using defaults
[0.247s] Level 1:colcon.colcon_core.package_discovery:discover_packages(ignore) discover
[0.247s] Level 1:colcon.colcon_core.package_discovery:discover_packages(ignore) using defaults
[0.247s] Level 1:colcon.colcon_core.package_discovery:discover_packages(path) discover
[0.247s] Level 1:colcon.colcon_core.package_discovery:discover_packages(path) using defaults
[0.264s] Level 1:colcon.colcon_core.package_discovery:discover_packages(prefix_path) check parameters
[0.264s] Level 1:colcon.colcon_core.package_discovery:discover_packages(prefix_path) discover
[0.266s] DEBUG:colcon.colcon_installed_package_information.package_discovery:Found 332 installed packages in /opt/ros/humble
[0.276s] Level 1:colcon.colcon_core.package_discovery:discover_packages(prefix_path) using defaults
[0.310s] Level 5:colcon.colcon_core.verb:set package 'robot_state_pub_interface' build argument 'cmake_args' from command line to 'None'
[0.311s] Level 5:colcon.colcon_core.verb:set package 'robot_state_pub_interface' build argument 'cmake_target' from command line to 'None'
[0.311s] Level 5:colcon.colcon_core.verb:set package 'robot_state_pub_interface' build argument 'cmake_target_skip_unavailable' from command line to 'False'
[0.311s] Level 5:colcon.colcon_core.verb:set package 'robot_state_pub_interface' build argument 'cmake_clean_cache' from command line to 'False'
[0.311s] Level 5:colcon.colcon_core.verb:set package 'robot_state_pub_interface' build argument 'cmake_clean_first' from command line to 'False'
[0.311s] Level 5:colcon.colcon_core.verb:set package 'robot_state_pub_interface' build argument 'cmake_force_configure' from command line to 'False'
[0.311s] Level 5:colcon.colcon_core.verb:set package 'robot_state_pub_interface' build argument 'ament_cmake_args' from command line to 'None'
[0.311s] Level 5:colcon.colcon_core.verb:set package 'robot_state_pub_interface' build argument 'catkin_cmake_args' from command line to 'None'
[0.311s] Level 5:colcon.colcon_core.verb:set package 'robot_state_pub_interface' build argument 'catkin_skip_building_tests' from command line to 'False'
[0.311s] DEBUG:colcon.colcon_core.verb:Building package 'robot_state_pub_interface' with the following arguments: {'ament_cmake_args': None, 'build_base': '/home/lzy/ros2_study/balance_car_ws/build/robot_state_pub_interface', 'catkin_cmake_args': None, 'catkin_skip_building_tests': False, 'cmake_args': None, 'cmake_clean_cache': False, 'cmake_clean_first': False, 'cmake_force_configure': False, 'cmake_target': None, 'cmake_target_skip_unavailable': False, 'install_base': '/home/lzy/ros2_study/balance_car_ws/install/robot_state_pub_interface', 'merge_install': False, 'path': '/home/lzy/ros2_study/balance_car_ws/src/robot_state_pub_interface', 'symlink_install': False, 'test_result_base': None}
[0.311s] Level 5:colcon.colcon_core.verb:set package 'lqr_controller' build argument 'cmake_args' from command line to 'None'
[0.311s] Level 5:colcon.colcon_core.verb:set package 'lqr_controller' build argument 'cmake_target' from command line to 'None'
[0.311s] Level 5:colcon.colcon_core.verb:set package 'lqr_controller' build argument 'cmake_target_skip_unavailable' from command line to 'False'
[0.311s] Level 5:colcon.colcon_core.verb:set package 'lqr_controller' build argument 'cmake_clean_cache' from command line to 'False'
[0.311s] Level 5:colcon.colcon_core.verb:set package 'lqr_controller' build argument 'cmake_clean_first' from command line to 'False'
[0.311s] Level 5:colcon.colcon_core.verb:set package 'lqr_controller' build argument 'cmake_force_configure' from command line to 'False'
[0.311s] Level 5:colcon.colcon_core.verb:set package 'lqr_controller' build argument 'ament_cmake_args' from command line to 'None'
[0.311s] Level 5:colcon.colcon_core.verb:set package 'lqr_controller' build argument 'catkin_cmake_args' from command line to 'None'
[0.311s] Level 5:colcon.colcon_core.verb:set package 'lqr_controller' build argument 'catkin_skip_building_tests' from command line to 'False'
[0.311s] DEBUG:colcon.colcon_core.verb:Building package 'lqr_controller' with the following arguments: {'ament_cmake_args': None, 'build_base': '/home/lzy/ros2_study/balance_car_ws/build/lqr_controller', 'catkin_cmake_args': None, 'catkin_skip_building_tests': False, 'cmake_args': None, 'cmake_clean_cache': False, 'cmake_clean_first': False, 'cmake_force_configure': False, 'cmake_target': None, 'cmake_target_skip_unavailable': False, 'install_base': '/home/lzy/ros2_study/balance_car_ws/install/lqr_controller', 'merge_install': False, 'path': '/home/lzy/ros2_study/balance_car_ws/src/lqr_controller', 'symlink_install': False, 'test_result_base': None}
[0.312s] Level 5:colcon.colcon_core.verb:set package 'robot_description_pkg' build argument 'cmake_args' from command line to 'None'
[0.312s] Level 5:colcon.colcon_core.verb:set package 'robot_description_pkg' build argument 'cmake_target' from command line to 'None'
[0.312s] Level 5:colcon.colcon_core.verb:set package 'robot_description_pkg' build argument 'cmake_target_skip_unavailable' from command line to 'False'
[0.312s] Level 5:colcon.colcon_core.verb:set package 'robot_description_pkg' build argument 'cmake_clean_cache' from command line to 'False'
[0.312s] Level 5:colcon.colcon_core.verb:set package 'robot_description_pkg' build argument 'cmake_clean_first' from command line to 'False'
[0.312s] Level 5:colcon.colcon_core.verb:set package 'robot_description_pkg' build argument 'cmake_force_configure' from command line to 'False'
[0.312s] Level 5:colcon.colcon_core.verb:set package 'robot_description_pkg' build argument 'ament_cmake_args' from command line to 'None'
[0.312s] Level 5:colcon.colcon_core.verb:set package 'robot_description_pkg' build argument 'catkin_cmake_args' from command line to 'None'
[0.312s] Level 5:colcon.colcon_core.verb:set package 'robot_description_pkg' build argument 'catkin_skip_building_tests' from command line to 'False'
[0.312s] DEBUG:colcon.colcon_core.verb:Building package 'robot_description_pkg' with the following arguments: {'ament_cmake_args': None, 'build_base': '/home/lzy/ros2_study/balance_car_ws/build/robot_description_pkg', 'catkin_cmake_args': None, 'catkin_skip_building_tests': False, 'cmake_args': None, 'cmake_clean_cache': False, 'cmake_clean_first': False, 'cmake_force_configure': False, 'cmake_target': None, 'cmake_target_skip_unavailable': False, 'install_base': '/home/lzy/ros2_study/balance_car_ws/install/robot_description_pkg', 'merge_install': False, 'path': '/home/lzy/ros2_study/balance_car_ws/src/robot_description_pkg', 'symlink_install': False, 'test_result_base': None}
[0.312s] INFO:colcon.colcon_core.executor:Executing jobs using 'parallel' executor
[0.313s] DEBUG:colcon.colcon_parallel_executor.executor.parallel:run_until_complete
[0.314s] INFO:colcon.colcon_ros.task.ament_cmake.build:Building ROS package in '/home/lzy/ros2_study/balance_car_ws/src/robot_state_pub_interface' with build type 'ament_cmake'
[0.314s] INFO:colcon.colcon_cmake.task.cmake.build:Building CMake package in '/home/lzy/ros2_study/balance_car_ws/src/robot_state_pub_interface'
[0.317s] INFO:colcon.colcon_core.plugin_system:Skipping extension 'colcon_core.shell.bat': Not used on non-Windows systems
[0.317s] INFO:colcon.colcon_core.shell:Skip shell extension 'powershell' for command environment: Not usable outside of PowerShell
[0.317s] DEBUG:colcon.colcon_core.shell:Skip shell extension 'dsv' for command environment
[0.327s] DEBUG:colcon.colcon_core.event_handler.log_command:Invoking command in '/home/lzy/ros2_study/balance_car_ws/build/robot_state_pub_interface': CMAKE_PREFIX_PATH=/opt/ros/humble /usr/bin/cmake --build /home/lzy/ros2_study/balance_car_ws/build/robot_state_pub_interface -- -j8 -l8
[0.690s] DEBUG:colcon.colcon_core.event_handler.log_command:Invoked command in '/home/lzy/ros2_study/balance_car_ws/build/robot_state_pub_interface' returned '0': CMAKE_PREFIX_PATH=/opt/ros/humble /usr/bin/cmake --build /home/lzy/ros2_study/balance_car_ws/build/robot_state_pub_interface -- -j8 -l8
[0.700s] DEBUG:colcon.colcon_core.event_handler.log_command:Invoking command in '/home/lzy/ros2_study/balance_car_ws/build/robot_state_pub_interface': CMAKE_PREFIX_PATH=/opt/ros/humble /usr/bin/cmake --install /home/lzy/ros2_study/balance_car_ws/build/robot_state_pub_interface
[0.772s] Level 1:colcon.colcon_core.environment:create_environment_scripts_only(robot_state_pub_interface)
[0.775s] DEBUG:colcon.colcon_core.event_handler.log_command:Invoked command in '/home/lzy/ros2_study/balance_car_ws/build/robot_state_pub_interface' returned '0': CMAKE_PREFIX_PATH=/opt/ros/humble /usr/bin/cmake --install /home/lzy/ros2_study/balance_car_ws/build/robot_state_pub_interface
[0.777s] Level 1:colcon.colcon_core.environment:checking '/home/lzy/ros2_study/balance_car_ws/install/robot_state_pub_interface' for CMake module files
[0.778s] Level 1:colcon.colcon_core.environment:checking '/home/lzy/ros2_study/balance_car_ws/install/robot_state_pub_interface' for CMake config files
[0.779s] Level 1:colcon.colcon_core.shell:create_environment_hook('robot_state_pub_interface', 'cmake_prefix_path')
[0.779s] INFO:colcon.colcon_core.shell:Creating environment hook '/home/lzy/ros2_study/balance_car_ws/install/robot_state_pub_interface/share/robot_state_pub_interface/hook/cmake_prefix_path.ps1'
[0.780s] INFO:colcon.colcon_core.shell:Creating environment descriptor '/home/lzy/ros2_study/balance_car_ws/install/robot_state_pub_interface/share/robot_state_pub_interface/hook/cmake_prefix_path.dsv'
[0.780s] INFO:colcon.colcon_core.shell:Creating environment hook '/home/lzy/ros2_study/balance_car_ws/install/robot_state_pub_interface/share/robot_state_pub_interface/hook/cmake_prefix_path.sh'
[0.781s] Level 1:colcon.colcon_core.environment:checking '/home/lzy/ros2_study/balance_car_ws/install/robot_state_pub_interface/lib'
[0.782s] Level 1:colcon.colcon_core.shell:create_environment_hook('robot_state_pub_interface', 'ld_library_path_lib')
[0.782s] INFO:colcon.colcon_core.shell:Creating environment hook '/home/lzy/ros2_study/balance_car_ws/install/robot_state_pub_interface/share/robot_state_pub_interface/hook/ld_library_path_lib.ps1'
[0.783s] INFO:colcon.colcon_core.shell:Creating environment descriptor '/home/lzy/ros2_study/balance_car_ws/install/robot_state_pub_interface/share/robot_state_pub_interface/hook/ld_library_path_lib.dsv'
[0.783s] INFO:colcon.colcon_core.shell:Creating environment hook '/home/lzy/ros2_study/balance_car_ws/install/robot_state_pub_interface/share/robot_state_pub_interface/hook/ld_library_path_lib.sh'
[0.784s] Level 1:colcon.colcon_core.environment:checking '/home/lzy/ros2_study/balance_car_ws/install/robot_state_pub_interface/bin'
[0.784s] Level 1:colcon.colcon_core.environment:checking '/home/lzy/ros2_study/balance_car_ws/install/robot_state_pub_interface/lib/pkgconfig/robot_state_pub_interface.pc'
[0.784s] Level 1:colcon.colcon_core.environment:checking '/home/lzy/ros2_study/balance_car_ws/install/robot_state_pub_interface/lib/python3.10/site-packages'
[0.785s] Level 1:colcon.colcon_core.environment:checking '/home/lzy/ros2_study/balance_car_ws/install/robot_state_pub_interface/bin'
[0.785s] INFO:colcon.colcon_core.shell:Creating package script '/home/lzy/ros2_study/balance_car_ws/install/robot_state_pub_interface/share/robot_state_pub_interface/package.ps1'
[0.787s] INFO:colcon.colcon_core.shell:Creating package descriptor '/home/lzy/ros2_study/balance_car_ws/install/robot_state_pub_interface/share/robot_state_pub_interface/package.dsv'
[0.788s] INFO:colcon.colcon_core.shell:Creating package script '/home/lzy/ros2_study/balance_car_ws/install/robot_state_pub_interface/share/robot_state_pub_interface/package.sh'
[0.789s] INFO:colcon.colcon_core.shell:Creating package script '/home/lzy/ros2_study/balance_car_ws/install/robot_state_pub_interface/share/robot_state_pub_interface/package.bash'
[0.789s] INFO:colcon.colcon_core.shell:Creating package script '/home/lzy/ros2_study/balance_car_ws/install/robot_state_pub_interface/share/robot_state_pub_interface/package.zsh'
[0.790s] Level 1:colcon.colcon_core.environment:create_file_with_runtime_dependencies(/home/lzy/ros2_study/balance_car_ws/install/robot_state_pub_interface/share/colcon-core/packages/robot_state_pub_interface)
[0.791s] Level 1:colcon.colcon_core.environment:create_environment_scripts_only(robot_state_pub_interface)
[0.791s] Level 1:colcon.colcon_core.environment:checking '/home/lzy/ros2_study/balance_car_ws/install/robot_state_pub_interface' for CMake module files
[0.792s] Level 1:colcon.colcon_core.environment:checking '/home/lzy/ros2_study/balance_car_ws/install/robot_state_pub_interface' for CMake config files
[0.792s] Level 1:colcon.colcon_core.shell:create_environment_hook('robot_state_pub_interface', 'cmake_prefix_path')
[0.793s] INFO:colcon.colcon_core.shell:Creating environment hook '/home/lzy/ros2_study/balance_car_ws/install/robot_state_pub_interface/share/robot_state_pub_interface/hook/cmake_prefix_path.ps1'
[0.793s] INFO:colcon.colcon_core.shell:Creating environment descriptor '/home/lzy/ros2_study/balance_car_ws/install/robot_state_pub_interface/share/robot_state_pub_interface/hook/cmake_prefix_path.dsv'
[0.794s] INFO:colcon.colcon_core.shell:Creating environment hook '/home/lzy/ros2_study/balance_car_ws/install/robot_state_pub_interface/share/robot_state_pub_interface/hook/cmake_prefix_path.sh'
[0.794s] Level 1:colcon.colcon_core.environment:checking '/home/lzy/ros2_study/balance_car_ws/install/robot_state_pub_interface/lib'
[0.794s] Level 1:colcon.colcon_core.shell:create_environment_hook('robot_state_pub_interface', 'ld_library_path_lib')
[0.795s] INFO:colcon.colcon_core.shell:Creating environment hook '/home/lzy/ros2_study/balance_car_ws/install/robot_state_pub_interface/share/robot_state_pub_interface/hook/ld_library_path_lib.ps1'
[0.795s] INFO:colcon.colcon_core.shell:Creating environment descriptor '/home/lzy/ros2_study/balance_car_ws/install/robot_state_pub_interface/share/robot_state_pub_interface/hook/ld_library_path_lib.dsv'
[0.796s] INFO:colcon.colcon_core.shell:Creating environment hook '/home/lzy/ros2_study/balance_car_ws/install/robot_state_pub_interface/share/robot_state_pub_interface/hook/ld_library_path_lib.sh'
[0.797s] Level 1:colcon.colcon_core.environment:checking '/home/lzy/ros2_study/balance_car_ws/install/robot_state_pub_interface/bin'
[0.797s] Level 1:colcon.colcon_core.environment:checking '/home/lzy/ros2_study/balance_car_ws/install/robot_state_pub_interface/lib/pkgconfig/robot_state_pub_interface.pc'
[0.798s] Level 1:colcon.colcon_core.environment:checking '/home/lzy/ros2_study/balance_car_ws/install/robot_state_pub_interface/lib/python3.10/site-packages'
[0.798s] Level 1:colcon.colcon_core.environment:checking '/home/lzy/ros2_study/balance_car_ws/install/robot_state_pub_interface/bin'
[0.798s] INFO:colcon.colcon_core.shell:Creating package script '/home/lzy/ros2_study/balance_car_ws/install/robot_state_pub_interface/share/robot_state_pub_interface/package.ps1'
[0.799s] INFO:colcon.colcon_core.shell:Creating package descriptor '/home/lzy/ros2_study/balance_car_ws/install/robot_state_pub_interface/share/robot_state_pub_interface/package.dsv'
[0.800s] INFO:colcon.colcon_core.shell:Creating package script '/home/lzy/ros2_study/balance_car_ws/install/robot_state_pub_interface/share/robot_state_pub_interface/package.sh'
[0.801s] INFO:colcon.colcon_core.shell:Creating package script '/home/lzy/ros2_study/balance_car_ws/install/robot_state_pub_interface/share/robot_state_pub_interface/package.bash'
[0.801s] INFO:colcon.colcon_core.shell:Creating package script '/home/lzy/ros2_study/balance_car_ws/install/robot_state_pub_interface/share/robot_state_pub_interface/package.zsh'
[0.802s] Level 1:colcon.colcon_core.environment:create_file_with_runtime_dependencies(/home/lzy/ros2_study/balance_car_ws/install/robot_state_pub_interface/share/colcon-core/packages/robot_state_pub_interface)
[0.803s] INFO:colcon.colcon_ros.task.ament_cmake.build:Building ROS package in '/home/lzy/ros2_study/balance_car_ws/src/lqr_controller' with build type 'ament_cmake'
[0.803s] INFO:colcon.colcon_cmake.task.cmake.build:Building CMake package in '/home/lzy/ros2_study/balance_car_ws/src/lqr_controller'
[0.804s] INFO:colcon.colcon_core.shell:Skip shell extension 'powershell' for command environment: Not usable outside of PowerShell
[0.804s] DEBUG:colcon.colcon_core.shell:Skip shell extension 'dsv' for command environment
[0.820s] DEBUG:colcon.colcon_core.event_handler.log_command:Invoking command in '/home/lzy/ros2_study/balance_car_ws/build/lqr_controller': AMENT_PREFIX_PATH=/home/lzy/ros2_study/balance_car_ws/install/robot_state_pub_interface:${AMENT_PREFIX_PATH} CMAKE_PREFIX_PATH=/home/lzy/ros2_study/balance_car_ws/install/robot_state_pub_interface:/opt/ros/humble LD_LIBRARY_PATH=/home/lzy/ros2_study/balance_car_ws/install/robot_state_pub_interface/lib:${LD_LIBRARY_PATH} PYTHONPATH=/home/lzy/ros2_study/balance_car_ws/install/robot_state_pub_interface/local/lib/python3.10/dist-packages:${PYTHONPATH} /usr/bin/cmake --build /home/lzy/ros2_study/balance_car_ws/build/lqr_controller -- -j8 -l8
[20.672s] DEBUG:colcon.colcon_core.event_handler.log_command:Invoked command in '/home/lzy/ros2_study/balance_car_ws/build/lqr_controller' returned '0': AMENT_PREFIX_PATH=/home/lzy/ros2_study/balance_car_ws/install/robot_state_pub_interface:${AMENT_PREFIX_PATH} CMAKE_PREFIX_PATH=/home/lzy/ros2_study/balance_car_ws/install/robot_state_pub_interface:/opt/ros/humble LD_LIBRARY_PATH=/home/lzy/ros2_study/balance_car_ws/install/robot_state_pub_interface/lib:${LD_LIBRARY_PATH} PYTHONPATH=/home/lzy/ros2_study/balance_car_ws/install/robot_state_pub_interface/local/lib/python3.10/dist-packages:${PYTHONPATH} /usr/bin/cmake --build /home/lzy/ros2_study/balance_car_ws/build/lqr_controller -- -j8 -l8
[20.674s] DEBUG:colcon.colcon_core.event_handler.log_command:Invoking command in '/home/lzy/ros2_study/balance_car_ws/build/lqr_controller': AMENT_PREFIX_PATH=/home/lzy/ros2_study/balance_car_ws/install/robot_state_pub_interface:${AMENT_PREFIX_PATH} CMAKE_PREFIX_PATH=/home/lzy/ros2_study/balance_car_ws/install/robot_state_pub_interface:/opt/ros/humble LD_LIBRARY_PATH=/home/lzy/ros2_study/balance_car_ws/install/robot_state_pub_interface/lib:${LD_LIBRARY_PATH} PYTHONPATH=/home/lzy/ros2_study/balance_car_ws/install/robot_state_pub_interface/local/lib/python3.10/dist-packages:${PYTHONPATH} /usr/bin/cmake --install /home/lzy/ros2_study/balance_car_ws/build/lqr_controller
[20.718s] Level 1:colcon.colcon_core.environment:create_environment_scripts_only(lqr_controller)
[20.719s] Level 1:colcon.colcon_core.environment:checking '/home/lzy/ros2_study/balance_car_ws/install/lqr_controller' for CMake module files
[20.720s] DEBUG:colcon.colcon_core.event_handler.log_command:Invoked command in '/home/lzy/ros2_study/balance_car_ws/build/lqr_controller' returned '0': AMENT_PREFIX_PATH=/home/lzy/ros2_study/balance_car_ws/install/robot_state_pub_interface:${AMENT_PREFIX_PATH} CMAKE_PREFIX_PATH=/home/lzy/ros2_study/balance_car_ws/install/robot_state_pub_interface:/opt/ros/humble LD_LIBRARY_PATH=/home/lzy/ros2_study/balance_car_ws/install/robot_state_pub_interface/lib:${LD_LIBRARY_PATH} PYTHONPATH=/home/lzy/ros2_study/balance_car_ws/install/robot_state_pub_interface/local/lib/python3.10/dist-packages:${PYTHONPATH} /usr/bin/cmake --install /home/lzy/ros2_study/balance_car_ws/build/lqr_controller
[20.720s] Level 1:colcon.colcon_core.environment:checking '/home/lzy/ros2_study/balance_car_ws/install/lqr_controller' for CMake config files
[20.721s] Level 1:colcon.colcon_core.shell:create_environment_hook('lqr_controller', 'cmake_prefix_path')
[20.721s] INFO:colcon.colcon_core.shell:Creating environment hook '/home/lzy/ros2_study/balance_car_ws/install/lqr_controller/share/lqr_controller/hook/cmake_prefix_path.ps1'
[20.723s] INFO:colcon.colcon_core.shell:Creating environment descriptor '/home/lzy/ros2_study/balance_car_ws/install/lqr_controller/share/lqr_controller/hook/cmake_prefix_path.dsv'
[20.724s] INFO:colcon.colcon_core.shell:Creating environment hook '/home/lzy/ros2_study/balance_car_ws/install/lqr_controller/share/lqr_controller/hook/cmake_prefix_path.sh'
[20.725s] Level 1:colcon.colcon_core.environment:checking '/home/lzy/ros2_study/balance_car_ws/install/lqr_controller/lib'
[20.725s] Level 1:colcon.colcon_core.shell:create_environment_hook('lqr_controller', 'ld_library_path_lib')
[20.725s] INFO:colcon.colcon_core.shell:Creating environment hook '/home/lzy/ros2_study/balance_car_ws/install/lqr_controller/share/lqr_controller/hook/ld_library_path_lib.ps1'
[20.726s] INFO:colcon.colcon_core.shell:Creating environment descriptor '/home/lzy/ros2_study/balance_car_ws/install/lqr_controller/share/lqr_controller/hook/ld_library_path_lib.dsv'
[20.726s] INFO:colcon.colcon_core.shell:Creating environment hook '/home/lzy/ros2_study/balance_car_ws/install/lqr_controller/share/lqr_controller/hook/ld_library_path_lib.sh'
[20.727s] Level 1:colcon.colcon_core.environment:checking '/home/lzy/ros2_study/balance_car_ws/install/lqr_controller/bin'
[20.727s] Level 1:colcon.colcon_core.environment:checking '/home/lzy/ros2_study/balance_car_ws/install/lqr_controller/lib/pkgconfig/lqr_controller.pc'
[20.727s] Level 1:colcon.colcon_core.environment:checking '/home/lzy/ros2_study/balance_car_ws/install/lqr_controller/lib/python3.10/site-packages'
[20.727s] Level 1:colcon.colcon_core.environment:checking '/home/lzy/ros2_study/balance_car_ws/install/lqr_controller/bin'
[20.728s] INFO:colcon.colcon_core.shell:Creating package script '/home/lzy/ros2_study/balance_car_ws/install/lqr_controller/share/lqr_controller/package.ps1'
[20.729s] INFO:colcon.colcon_core.shell:Creating package descriptor '/home/lzy/ros2_study/balance_car_ws/install/lqr_controller/share/lqr_controller/package.dsv'
[20.729s] INFO:colcon.colcon_core.shell:Creating package script '/home/lzy/ros2_study/balance_car_ws/install/lqr_controller/share/lqr_controller/package.sh'
[20.730s] INFO:colcon.colcon_core.shell:Creating package script '/home/lzy/ros2_study/balance_car_ws/install/lqr_controller/share/lqr_controller/package.bash'
[20.731s] INFO:colcon.colcon_core.shell:Creating package script '/home/lzy/ros2_study/balance_car_ws/install/lqr_controller/share/lqr_controller/package.zsh'
[20.732s] Level 1:colcon.colcon_core.environment:create_file_with_runtime_dependencies(/home/lzy/ros2_study/balance_car_ws/install/lqr_controller/share/colcon-core/packages/lqr_controller)
[20.733s] Level 1:colcon.colcon_core.environment:create_environment_scripts_only(lqr_controller)
[20.733s] Level 1:colcon.colcon_core.environment:checking '/home/lzy/ros2_study/balance_car_ws/install/lqr_controller' for CMake module files
[20.733s] Level 1:colcon.colcon_core.environment:checking '/home/lzy/ros2_study/balance_car_ws/install/lqr_controller' for CMake config files
[20.734s] Level 1:colcon.colcon_core.shell:create_environment_hook('lqr_controller', 'cmake_prefix_path')
[20.734s] INFO:colcon.colcon_core.shell:Creating environment hook '/home/lzy/ros2_study/balance_car_ws/install/lqr_controller/share/lqr_controller/hook/cmake_prefix_path.ps1'
[20.735s] INFO:colcon.colcon_core.shell:Creating environment descriptor '/home/lzy/ros2_study/balance_car_ws/install/lqr_controller/share/lqr_controller/hook/cmake_prefix_path.dsv'
[20.735s] INFO:colcon.colcon_core.shell:Creating environment hook '/home/lzy/ros2_study/balance_car_ws/install/lqr_controller/share/lqr_controller/hook/cmake_prefix_path.sh'
[20.736s] Level 1:colcon.colcon_core.environment:checking '/home/lzy/ros2_study/balance_car_ws/install/lqr_controller/lib'
[20.736s] Level 1:colcon.colcon_core.shell:create_environment_hook('lqr_controller', 'ld_library_path_lib')
[20.736s] INFO:colcon.colcon_core.shell:Creating environment hook '/home/lzy/ros2_study/balance_car_ws/install/lqr_controller/share/lqr_controller/hook/ld_library_path_lib.ps1'
[20.737s] INFO:colcon.colcon_core.shell:Creating environment descriptor '/home/lzy/ros2_study/balance_car_ws/install/lqr_controller/share/lqr_controller/hook/ld_library_path_lib.dsv'
[20.737s] INFO:colcon.colcon_core.shell:Creating environment hook '/home/lzy/ros2_study/balance_car_ws/install/lqr_controller/share/lqr_controller/hook/ld_library_path_lib.sh'
[20.738s] Level 1:colcon.colcon_core.environment:checking '/home/lzy/ros2_study/balance_car_ws/install/lqr_controller/bin'
[20.738s] Level 1:colcon.colcon_core.environment:checking '/home/lzy/ros2_study/balance_car_ws/install/lqr_controller/lib/pkgconfig/lqr_controller.pc'
[20.738s] Level 1:colcon.colcon_core.environment:checking '/home/lzy/ros2_study/balance_car_ws/install/lqr_controller/lib/python3.10/site-packages'
[20.738s] Level 1:colcon.colcon_core.environment:checking '/home/lzy/ros2_study/balance_car_ws/install/lqr_controller/bin'
[20.739s] INFO:colcon.colcon_core.shell:Creating package script '/home/lzy/ros2_study/balance_car_ws/install/lqr_controller/share/lqr_controller/package.ps1'
[20.739s] INFO:colcon.colcon_core.shell:Creating package descriptor '/home/lzy/ros2_study/balance_car_ws/install/lqr_controller/share/lqr_controller/package.dsv'
[20.740s] INFO:colcon.colcon_core.shell:Creating package script '/home/lzy/ros2_study/balance_car_ws/install/lqr_controller/share/lqr_controller/package.sh'
[20.741s] INFO:colcon.colcon_core.shell:Creating package script '/home/lzy/ros2_study/balance_car_ws/install/lqr_controller/share/lqr_controller/package.bash'
[20.741s] INFO:colcon.colcon_core.shell:Creating package script '/home/lzy/ros2_study/balance_car_ws/install/lqr_controller/share/lqr_controller/package.zsh'
[20.742s] Level 1:colcon.colcon_core.environment:create_file_with_runtime_dependencies(/home/lzy/ros2_study/balance_car_ws/install/lqr_controller/share/colcon-core/packages/lqr_controller)
[20.742s] INFO:colcon.colcon_ros.task.ament_cmake.build:Building ROS package in '/home/lzy/ros2_study/balance_car_ws/src/robot_description_pkg' with build type 'ament_cmake'
[20.743s] INFO:colcon.colcon_cmake.task.cmake.build:Building CMake package in '/home/lzy/ros2_study/balance_car_ws/src/robot_description_pkg'
[20.743s] INFO:colcon.colcon_core.shell:Skip shell extension 'powershell' for command environment: Not usable outside of PowerShell
[20.743s] DEBUG:colcon.colcon_core.shell:Skip shell extension 'dsv' for command environment
[20.761s] DEBUG:colcon.colcon_core.event_handler.log_command:Invoking command in '/home/lzy/ros2_study/balance_car_ws/build/robot_description_pkg': AMENT_PREFIX_PATH=/home/lzy/ros2_study/balance_car_ws/install/lqr_controller:/home/lzy/ros2_study/balance_car_ws/install/robot_state_pub_interface:${AMENT_PREFIX_PATH} CMAKE_PREFIX_PATH=/home/lzy/ros2_study/balance_car_ws/install/lqr_controller:/home/lzy/ros2_study/balance_car_ws/install/robot_state_pub_interface:/opt/ros/humble LD_LIBRARY_PATH=/home/lzy/ros2_study/balance_car_ws/install/lqr_controller/lib:/home/lzy/ros2_study/balance_car_ws/install/robot_state_pub_interface/lib:${LD_LIBRARY_PATH} PYTHONPATH=/home/lzy/ros2_study/balance_car_ws/install/robot_state_pub_interface/local/lib/python3.10/dist-packages:${PYTHONPATH} /usr/bin/cmake --build /home/lzy/ros2_study/balance_car_ws/build/robot_description_pkg -- -j8 -l8
[20.877s] DEBUG:colcon.colcon_core.event_handler.log_command:Invoked command in '/home/lzy/ros2_study/balance_car_ws/build/robot_description_pkg' returned '0': AMENT_PREFIX_PATH=/home/lzy/ros2_study/balance_car_ws/install/lqr_controller:/home/lzy/ros2_study/balance_car_ws/install/robot_state_pub_interface:${AMENT_PREFIX_PATH} CMAKE_PREFIX_PATH=/home/lzy/ros2_study/balance_car_ws/install/lqr_controller:/home/lzy/ros2_study/balance_car_ws/install/robot_state_pub_interface:/opt/ros/humble LD_LIBRARY_PATH=/home/lzy/ros2_study/balance_car_ws/install/lqr_controller/lib:/home/lzy/ros2_study/balance_car_ws/install/robot_state_pub_interface/lib:${LD_LIBRARY_PATH} PYTHONPATH=/home/lzy/ros2_study/balance_car_ws/install/robot_state_pub_interface/local/lib/python3.10/dist-packages:${PYTHONPATH} /usr/bin/cmake --build /home/lzy/ros2_study/balance_car_ws/build/robot_description_pkg -- -j8 -l8
[20.882s] DEBUG:colcon.colcon_core.event_handler.log_command:Invoking command in '/home/lzy/ros2_study/balance_car_ws/build/robot_description_pkg': AMENT_PREFIX_PATH=/home/lzy/ros2_study/balance_car_ws/install/lqr_controller:/home/lzy/ros2_study/balance_car_ws/install/robot_state_pub_interface:${AMENT_PREFIX_PATH} CMAKE_PREFIX_PATH=/home/lzy/ros2_study/balance_car_ws/install/lqr_controller:/home/lzy/ros2_study/balance_car_ws/install/robot_state_pub_interface:/opt/ros/humble LD_LIBRARY_PATH=/home/lzy/ros2_study/balance_car_ws/install/lqr_controller/lib:/home/lzy/ros2_study/balance_car_ws/install/robot_state_pub_interface/lib:${LD_LIBRARY_PATH} PYTHONPATH=/home/lzy/ros2_study/balance_car_ws/install/robot_state_pub_interface/local/lib/python3.10/dist-packages:${PYTHONPATH} /usr/bin/cmake --install /home/lzy/ros2_study/balance_car_ws/build/robot_description_pkg
[20.898s] Level 1:colcon.colcon_core.environment:create_environment_scripts_only(robot_description_pkg)
[20.899s] Level 1:colcon.colcon_core.environment:checking '/home/lzy/ros2_study/balance_car_ws/install/robot_description_pkg' for CMake module files
[20.900s] DEBUG:colcon.colcon_core.event_handler.log_command:Invoked command in '/home/lzy/ros2_study/balance_car_ws/build/robot_description_pkg' returned '0': AMENT_PREFIX_PATH=/home/lzy/ros2_study/balance_car_ws/install/lqr_controller:/home/lzy/ros2_study/balance_car_ws/install/robot_state_pub_interface:${AMENT_PREFIX_PATH} CMAKE_PREFIX_PATH=/home/lzy/ros2_study/balance_car_ws/install/lqr_controller:/home/lzy/ros2_study/balance_car_ws/install/robot_state_pub_interface:/opt/ros/humble LD_LIBRARY_PATH=/home/lzy/ros2_study/balance_car_ws/install/lqr_controller/lib:/home/lzy/ros2_study/balance_car_ws/install/robot_state_pub_interface/lib:${LD_LIBRARY_PATH} PYTHONPATH=/home/lzy/ros2_study/balance_car_ws/install/robot_state_pub_interface/local/lib/python3.10/dist-packages:${PYTHONPATH} /usr/bin/cmake --install /home/lzy/ros2_study/balance_car_ws/build/robot_description_pkg
[20.900s] Level 1:colcon.colcon_core.environment:checking '/home/lzy/ros2_study/balance_car_ws/install/robot_description_pkg' for CMake config files
[20.900s] Level 1:colcon.colcon_core.shell:create_environment_hook('robot_description_pkg', 'cmake_prefix_path')
[20.901s] INFO:colcon.colcon_core.shell:Creating environment hook '/home/lzy/ros2_study/balance_car_ws/install/robot_description_pkg/share/robot_description_pkg/hook/cmake_prefix_path.ps1'
[20.901s] INFO:colcon.colcon_core.shell:Creating environment descriptor '/home/lzy/ros2_study/balance_car_ws/install/robot_description_pkg/share/robot_description_pkg/hook/cmake_prefix_path.dsv'
[20.902s] INFO:colcon.colcon_core.shell:Creating environment hook '/home/lzy/ros2_study/balance_car_ws/install/robot_description_pkg/share/robot_description_pkg/hook/cmake_prefix_path.sh'
[20.903s] Level 1:colcon.colcon_core.environment:checking '/home/lzy/ros2_study/balance_car_ws/install/robot_description_pkg/bin'
[20.903s] Level 1:colcon.colcon_core.environment:checking '/home/lzy/ros2_study/balance_car_ws/install/robot_description_pkg/lib/pkgconfig/robot_description_pkg.pc'
[20.903s] Level 1:colcon.colcon_core.environment:checking '/home/lzy/ros2_study/balance_car_ws/install/robot_description_pkg/lib/python3.10/site-packages'
[20.903s] Level 1:colcon.colcon_core.environment:checking '/home/lzy/ros2_study/balance_car_ws/install/robot_description_pkg/bin'
[20.904s] INFO:colcon.colcon_core.shell:Creating package script '/home/lzy/ros2_study/balance_car_ws/install/robot_description_pkg/share/robot_description_pkg/package.ps1'
[20.904s] INFO:colcon.colcon_core.shell:Creating package descriptor '/home/lzy/ros2_study/balance_car_ws/install/robot_description_pkg/share/robot_description_pkg/package.dsv'
[20.905s] INFO:colcon.colcon_core.shell:Creating package script '/home/lzy/ros2_study/balance_car_ws/install/robot_description_pkg/share/robot_description_pkg/package.sh'
[20.905s] INFO:colcon.colcon_core.shell:Creating package script '/home/lzy/ros2_study/balance_car_ws/install/robot_description_pkg/share/robot_description_pkg/package.bash'
[20.906s] INFO:colcon.colcon_core.shell:Creating package script '/home/lzy/ros2_study/balance_car_ws/install/robot_description_pkg/share/robot_description_pkg/package.zsh'
[20.907s] Level 1:colcon.colcon_core.environment:create_file_with_runtime_dependencies(/home/lzy/ros2_study/balance_car_ws/install/robot_description_pkg/share/colcon-core/packages/robot_description_pkg)
[20.907s] Level 1:colcon.colcon_core.environment:create_environment_scripts_only(robot_description_pkg)
[20.908s] Level 1:colcon.colcon_core.environment:checking '/home/lzy/ros2_study/balance_car_ws/install/robot_description_pkg' for CMake module files
[20.908s] Level 1:colcon.colcon_core.environment:checking '/home/lzy/ros2_study/balance_car_ws/install/robot_description_pkg' for CMake config files
[20.908s] Level 1:colcon.colcon_core.shell:create_environment_hook('robot_description_pkg', 'cmake_prefix_path')
[20.909s] INFO:colcon.colcon_core.shell:Creating environment hook '/home/lzy/ros2_study/balance_car_ws/install/robot_description_pkg/share/robot_description_pkg/hook/cmake_prefix_path.ps1'
[20.909s] INFO:colcon.colcon_core.shell:Creating environment descriptor '/home/lzy/ros2_study/balance_car_ws/install/robot_description_pkg/share/robot_description_pkg/hook/cmake_prefix_path.dsv'
[20.910s] INFO:colcon.colcon_core.shell:Creating environment hook '/home/lzy/ros2_study/balance_car_ws/install/robot_description_pkg/share/robot_description_pkg/hook/cmake_prefix_path.sh'
[20.911s] Level 1:colcon.colcon_core.environment:checking '/home/lzy/ros2_study/balance_car_ws/install/robot_description_pkg/bin'
[20.911s] Level 1:colcon.colcon_core.environment:checking '/home/lzy/ros2_study/balance_car_ws/install/robot_description_pkg/lib/pkgconfig/robot_description_pkg.pc'
[20.911s] Level 1:colcon.colcon_core.environment:checking '/home/lzy/ros2_study/balance_car_ws/install/robot_description_pkg/lib/python3.10/site-packages'
[20.911s] Level 1:colcon.colcon_core.environment:checking '/home/lzy/ros2_study/balance_car_ws/install/robot_description_pkg/bin'
[20.911s] INFO:colcon.colcon_core.shell:Creating package script '/home/lzy/ros2_study/balance_car_ws/install/robot_description_pkg/share/robot_description_pkg/package.ps1'
[20.912s] INFO:colcon.colcon_core.shell:Creating package descriptor '/home/lzy/ros2_study/balance_car_ws/install/robot_description_pkg/share/robot_description_pkg/package.dsv'
[20.913s] INFO:colcon.colcon_core.shell:Creating package script '/home/lzy/ros2_study/balance_car_ws/install/robot_description_pkg/share/robot_description_pkg/package.sh'
[20.913s] INFO:colcon.colcon_core.shell:Creating package script '/home/lzy/ros2_study/balance_car_ws/install/robot_description_pkg/share/robot_description_pkg/package.bash'
[20.914s] INFO:colcon.colcon_core.shell:Creating package script '/home/lzy/ros2_study/balance_car_ws/install/robot_description_pkg/share/robot_description_pkg/package.zsh'
[20.914s] Level 1:colcon.colcon_core.environment:create_file_with_runtime_dependencies(/home/lzy/ros2_study/balance_car_ws/install/robot_description_pkg/share/colcon-core/packages/robot_description_pkg)
[20.915s] DEBUG:colcon.colcon_parallel_executor.executor.parallel:closing loop
[20.916s] DEBUG:colcon.colcon_parallel_executor.executor.parallel:loop closed
[20.916s] DEBUG:colcon.colcon_parallel_executor.executor.parallel:run_until_complete finished with '0'
[20.916s] DEBUG:colcon.colcon_core.event_reactor:joining thread
[20.924s] INFO:colcon.colcon_core.plugin_system:Skipping extension 'colcon_notification.desktop_notification.terminal_notifier': Not used on non-Darwin systems
[20.925s] INFO:colcon.colcon_core.plugin_system:Skipping extension 'colcon_notification.desktop_notification.win32': Not used on non-Windows systems
[20.925s] INFO:colcon.colcon_notification.desktop_notification:Sending desktop notification using 'notify2'
[20.946s] DEBUG:colcon.colcon_core.event_reactor:joined thread
[20.946s] INFO:colcon.colcon_core.shell:Creating prefix script '/home/lzy/ros2_study/balance_car_ws/install/local_setup.ps1'
[20.948s] INFO:colcon.colcon_core.shell:Creating prefix util module '/home/lzy/ros2_study/balance_car_ws/install/_local_setup_util_ps1.py'
[20.950s] INFO:colcon.colcon_core.shell:Creating prefix chain script '/home/lzy/ros2_study/balance_car_ws/install/setup.ps1'
[20.952s] INFO:colcon.colcon_core.shell:Creating prefix script '/home/lzy/ros2_study/balance_car_ws/install/local_setup.sh'
[20.952s] INFO:colcon.colcon_core.shell:Creating prefix util module '/home/lzy/ros2_study/balance_car_ws/install/_local_setup_util_sh.py'
[20.953s] INFO:colcon.colcon_core.shell:Creating prefix chain script '/home/lzy/ros2_study/balance_car_ws/install/setup.sh'
[20.954s] INFO:colcon.colcon_core.shell:Creating prefix script '/home/lzy/ros2_study/balance_car_ws/install/local_setup.bash'
[20.955s] INFO:colcon.colcon_core.shell:Creating prefix chain script '/home/lzy/ros2_study/balance_car_ws/install/setup.bash'
[20.956s] INFO:colcon.colcon_core.shell:Creating prefix script '/home/lzy/ros2_study/balance_car_ws/install/local_setup.zsh'
[20.956s] INFO:colcon.colcon_core.shell:Creating prefix chain script '/home/lzy/ros2_study/balance_car_ws/install/setup.zsh'
