-- The C compiler identification is GNU 11.4.0
-- The CXX compiler identification is GNU 11.4.0
-- Detecting C compiler ABI info
-- Detecting C compiler ABI info - done
-- Check for working C compiler: /usr/bin/cc - skipped
-- Detecting C compile features
-- Detecting C compile features - done
-- Detecting CXX compiler ABI info
-- Detecting CXX compiler ABI info - done
-- Check for working CXX compiler: /usr/bin/c++ - skipped
-- Detecting CXX compile features
-- Detecting CXX compile features - done
-- Found ament_cmake: 1.3.11 (/opt/ros/humble/share/ament_cmake/cmake)
-- Found Python3: /usr/bin/python3 (found version "3.10.12") found components: Interpreter 
-- Found generate_parameter_library: 0.5.0 (/opt/ros/humble/share/generate_parameter_library/cmake)
-- Found parameter_traits: 0.5.0 (/opt/ros/humble/share/parameter_traits/cmake)
-- Found rosidl_generator_c: 3.1.6 (/opt/ros/humble/share/rosidl_generator_c/cmake)
-- Found rosidl_adapter: 3.1.6 (/opt/ros/humble/share/rosidl_adapter/cmake)
-- Found rosidl_generator_cpp: 3.1.6 (/opt/ros/humble/share/rosidl_generator_cpp/cmake)
-- Using all available rosidl_typesupport_c: rosidl_typesupport_fastrtps_c;rosidl_typesupport_introspection_c
-- Using all available rosidl_typesupport_cpp: rosidl_typesupport_fastrtps_cpp;rosidl_typesupport_introspection_cpp
-- Found rmw_implementation_cmake: 6.1.2 (/opt/ros/humble/share/rmw_implementation_cmake/cmake)
-- Found rmw_fastrtps_cpp: 6.2.7 (/opt/ros/humble/share/rmw_fastrtps_cpp/cmake)
-- Found OpenSSL: /usr/lib/x86_64-linux-gnu/libcrypto.so (found version "3.0.2")  
-- Found FastRTPS: /opt/ros/humble/include  
-- Using RMW implementation 'rmw_fastrtps_cpp' as default
-- Looking for pthread.h
-- Looking for pthread.h - found
-- Performing Test CMAKE_HAVE_LIBC_PTHREAD
-- Performing Test CMAKE_HAVE_LIBC_PTHREAD - Success
-- Found Threads: TRUE  
-- Found rclcpp_lifecycle: 16.0.12 (/opt/ros/humble/share/rclcpp_lifecycle/cmake)
-- Found ament_cmake_gmock: 1.3.11 (/opt/ros/humble/share/ament_cmake_gmock/cmake)
-- Found controller_manager: 2.51.0 (/opt/ros/humble/share/controller_manager/cmake)
-- Found ros2_control_test_assets: 2.51.0 (/opt/ros/humble/share/ros2_control_test_assets/cmake)
-- Found tf2: 0.25.13 (/opt/ros/humble/share/tf2/cmake)
-- Found tf2_geometry_msgs: 0.25.13 (/opt/ros/humble/share/tf2_geometry_msgs/cmake)
-- Found eigen3_cmake_module: 0.1.1 (/opt/ros/humble/share/eigen3_cmake_module/cmake)
-- Found Eigen3: TRUE (found version "3.4.0") 
-- Ensuring Eigen3 include directory is part of orocos-kdl CMake target
-- Found robot_state_pub_interface: 0.0.0 (/home/lzy/ros2/ros2_study/install/robot_state_pub_interface/share/robot_state_pub_interface/cmake)
-- Found std_srvs: 4.9.0 (/opt/ros/humble/share/std_srvs/cmake)
-- Configuring done
-- Generating done
-- Build files have been written to: /home/lzy/ros2/ros2_study/build/lqr_controller
[ 25%] [34m[1mRunning `/opt/ros/humble/bin/generate_parameter_library_cpp /home/lzy/ros2/ros2_study/build/lqr_controller/include/lqr_controller/lqr_controller_parameters.hpp /home/lzy/ros2/ros2_study/src/lqr_controller/src/lqr_controller.yaml validate_lqr_controller_parameters.hpp`[0m
[ 50%] [34m[1mCreating deprecated header file /home/lzy/ros2/ros2_study/build/lqr_controller/include/lqr_controller_parameters.hpp[0m
[ 50%] Built target lqr_controller_parameters
[ 75%] [32mBuilding CXX object CMakeFiles/lqr_controller.dir/src/lqr_controller.cpp.o[0m
[100%] [32m[1mLinking CXX shared library liblqr_controller.so[0m
[100%] Built target lqr_controller
-- Install configuration: ""
-- Installing: /home/lzy/ros2/ros2_study/install/lqr_controller/include/lqr_controller
-- Installing: /home/lzy/ros2/ros2_study/install/lqr_controller/include/lqr_controller/validate_lqr_controller_parameters.hpp
-- Installing: /home/lzy/ros2/ros2_study/install/lqr_controller/include/lqr_controller/lqr_controller_parameters.hpp
-- Installing: /home/lzy/ros2/ros2_study/install/lqr_controller/share/lqr_controller/lqr_controller.xml
-- Installing: /home/lzy/ros2/ros2_study/install/lqr_controller/lib/liblqr_controller.so
-- Set runtime path of "/home/lzy/ros2/ros2_study/install/lqr_controller/lib/liblqr_controller.so" to ""
-- Up-to-date: /home/lzy/ros2/ros2_study/install/lqr_controller/include/lqr_controller
-- Installing: /home/lzy/ros2/ros2_study/install/lqr_controller/include/lqr_controller/lqr_controller
-- Installing: /home/lzy/ros2/ros2_study/install/lqr_controller/include/lqr_controller/lqr_controller/validate_lqr_controller_parameters.hpp
-- Installing: /home/lzy/ros2/ros2_study/install/lqr_controller/include/lqr_controller/lqr_controller/visibility_control.h
-- Installing: /home/lzy/ros2/ros2_study/install/lqr_controller/include/lqr_controller/lqr_controller/lqr_controller.hpp
-- Installing: /home/lzy/ros2/ros2_study/install/lqr_controller/share/lqr_controller/environment/library_path.sh
-- Installing: /home/lzy/ros2/ros2_study/install/lqr_controller/share/lqr_controller/environment/library_path.dsv
-- Installing: /home/lzy/ros2/ros2_study/install/lqr_controller/share/ament_index/resource_index/package_run_dependencies/lqr_controller
-- Installing: /home/lzy/ros2/ros2_study/install/lqr_controller/share/ament_index/resource_index/parent_prefix_path/lqr_controller
-- Installing: /home/lzy/ros2/ros2_study/install/lqr_controller/share/lqr_controller/environment/ament_prefix_path.sh
-- Installing: /home/lzy/ros2/ros2_study/install/lqr_controller/share/lqr_controller/environment/ament_prefix_path.dsv
-- Installing: /home/lzy/ros2/ros2_study/install/lqr_controller/share/lqr_controller/environment/path.sh
-- Installing: /home/lzy/ros2/ros2_study/install/lqr_controller/share/lqr_controller/environment/path.dsv
-- Installing: /home/lzy/ros2/ros2_study/install/lqr_controller/share/lqr_controller/local_setup.bash
-- Installing: /home/lzy/ros2/ros2_study/install/lqr_controller/share/lqr_controller/local_setup.sh
-- Installing: /home/lzy/ros2/ros2_study/install/lqr_controller/share/lqr_controller/local_setup.zsh
-- Installing: /home/lzy/ros2/ros2_study/install/lqr_controller/share/lqr_controller/local_setup.dsv
-- Installing: /home/lzy/ros2/ros2_study/install/lqr_controller/share/lqr_controller/package.dsv
-- Installing: /home/lzy/ros2/ros2_study/install/lqr_controller/share/ament_index/resource_index/packages/lqr_controller
-- Installing: /home/lzy/ros2/ros2_study/install/lqr_controller/share/ament_index/resource_index/controller_interface__pluginlib__plugin/lqr_controller
-- Installing: /home/lzy/ros2/ros2_study/install/lqr_controller/share/lqr_controller/cmake/ament_cmake_export_dependencies-extras.cmake
-- Installing: /home/lzy/ros2/ros2_study/install/lqr_controller/share/lqr_controller/cmake/ament_cmake_export_include_directories-extras.cmake
-- Installing: /home/lzy/ros2/ros2_study/install/lqr_controller/share/lqr_controller/cmake/ament_cmake_export_libraries-extras.cmake
-- Installing: /home/lzy/ros2/ros2_study/install/lqr_controller/share/lqr_controller/cmake/lqr_controllerConfig.cmake
-- Installing: /home/lzy/ros2/ros2_study/install/lqr_controller/share/lqr_controller/cmake/lqr_controllerConfig-version.cmake
-- Installing: /home/lzy/ros2/ros2_study/install/lqr_controller/share/lqr_controller/package.xml
