[0.016s] Invoking command in '/home/lzy/ros2_study/balance_car_ws/build/lqr_controller': CMAKE_PREFIX_PATH=/opt/ros/humble /usr/bin/cmake --build /home/lzy/ros2_study/balance_car_ws/build/lqr_controller -- -j8 -l8
[0.061s] [ 50%] Built target lqr_controller_parameters
[0.070s] [35m[1mConsolidate compiler generated dependencies of target lqr_controller[0m
[0.086s] [100%] Built target lqr_controller
[0.095s] Invoked command in '/home/lzy/ros2_study/balance_car_ws/build/lqr_controller' returned '0': CMAKE_PREFIX_PATH=/opt/ros/humble /usr/bin/cmake --build /home/lzy/ros2_study/balance_car_ws/build/lqr_controller -- -j8 -l8
[0.103s] Invoking command in '/home/lzy/ros2_study/balance_car_ws/build/lqr_controller': CMAKE_PREFIX_PATH=/opt/ros/humble /usr/bin/cmake --install /home/lzy/ros2_study/balance_car_ws/build/lqr_controller
[0.108s] -- Install configuration: ""
[0.108s] -- Up-to-date: /home/lzy/ros2_study/balance_car_ws/install/lqr_controller/include/lqr_controller
[0.108s] -- Up-to-date: /home/lzy/ros2_study/balance_car_ws/install/lqr_controller/include/lqr_controller/validate_lqr_controller_parameters.hpp
[0.108s] -- Up-to-date: /home/lzy/ros2_study/balance_car_ws/install/lqr_controller/include/lqr_controller/lqr_controller_parameters.hpp
[0.109s] -- Up-to-date: /home/lzy/ros2_study/balance_car_ws/install/lqr_controller/share/lqr_controller/lqr_controller.xml
[0.109s] -- Up-to-date: /home/lzy/ros2_study/balance_car_ws/install/lqr_controller/lib/liblqr_controller.so
[0.109s] -- Up-to-date: /home/lzy/ros2_study/balance_car_ws/install/lqr_controller/include/lqr_controller
[0.109s] -- Up-to-date: /home/lzy/ros2_study/balance_car_ws/install/lqr_controller/include/lqr_controller/lqr_controller
[0.109s] -- Up-to-date: /home/lzy/ros2_study/balance_car_ws/install/lqr_controller/include/lqr_controller/lqr_controller/lqr_controller.hpp
[0.109s] -- Up-to-date: /home/lzy/ros2_study/balance_car_ws/install/lqr_controller/include/lqr_controller/lqr_controller/validate_lqr_controller_parameters.hpp
[0.109s] -- Up-to-date: /home/lzy/ros2_study/balance_car_ws/install/lqr_controller/include/lqr_controller/lqr_controller/visibility_control.h
[0.109s] -- Up-to-date: /home/lzy/ros2_study/balance_car_ws/install/lqr_controller/share/lqr_controller/environment/library_path.sh
[0.109s] -- Up-to-date: /home/lzy/ros2_study/balance_car_ws/install/lqr_controller/share/lqr_controller/environment/library_path.dsv
[0.109s] -- Up-to-date: /home/lzy/ros2_study/balance_car_ws/install/lqr_controller/share/ament_index/resource_index/package_run_dependencies/lqr_controller
[0.109s] -- Up-to-date: /home/lzy/ros2_study/balance_car_ws/install/lqr_controller/share/ament_index/resource_index/parent_prefix_path/lqr_controller
[0.109s] -- Up-to-date: /home/lzy/ros2_study/balance_car_ws/install/lqr_controller/share/lqr_controller/environment/ament_prefix_path.sh
[0.109s] -- Up-to-date: /home/lzy/ros2_study/balance_car_ws/install/lqr_controller/share/lqr_controller/environment/ament_prefix_path.dsv
[0.110s] -- Up-to-date: /home/lzy/ros2_study/balance_car_ws/install/lqr_controller/share/lqr_controller/environment/path.sh
[0.110s] -- Up-to-date: /home/lzy/ros2_study/balance_car_ws/install/lqr_controller/share/lqr_controller/environment/path.dsv
[0.110s] -- Up-to-date: /home/lzy/ros2_study/balance_car_ws/install/lqr_controller/share/lqr_controller/local_setup.bash
[0.110s] -- Up-to-date: /home/lzy/ros2_study/balance_car_ws/install/lqr_controller/share/lqr_controller/local_setup.sh
[0.110s] -- Up-to-date: /home/lzy/ros2_study/balance_car_ws/install/lqr_controller/share/lqr_controller/local_setup.zsh
[0.110s] -- Up-to-date: /home/lzy/ros2_study/balance_car_ws/install/lqr_controller/share/lqr_controller/local_setup.dsv
[0.110s] -- Installing: /home/lzy/ros2_study/balance_car_ws/install/lqr_controller/share/lqr_controller/package.dsv
[0.110s] -- Up-to-date: /home/lzy/ros2_study/balance_car_ws/install/lqr_controller/share/ament_index/resource_index/packages/lqr_controller
[0.111s] -- Up-to-date: /home/lzy/ros2_study/balance_car_ws/install/lqr_controller/share/ament_index/resource_index/controller_interface__pluginlib__plugin/lqr_controller
[0.111s] -- Up-to-date: /home/lzy/ros2_study/balance_car_ws/install/lqr_controller/share/lqr_controller/cmake/ament_cmake_export_dependencies-extras.cmake
[0.111s] -- Up-to-date: /home/lzy/ros2_study/balance_car_ws/install/lqr_controller/share/lqr_controller/cmake/ament_cmake_export_include_directories-extras.cmake
[0.111s] -- Up-to-date: /home/lzy/ros2_study/balance_car_ws/install/lqr_controller/share/lqr_controller/cmake/ament_cmake_export_libraries-extras.cmake
[0.111s] -- Up-to-date: /home/lzy/ros2_study/balance_car_ws/install/lqr_controller/share/lqr_controller/cmake/lqr_controllerConfig.cmake
[0.111s] -- Up-to-date: /home/lzy/ros2_study/balance_car_ws/install/lqr_controller/share/lqr_controller/cmake/lqr_controllerConfig-version.cmake
[0.111s] -- Up-to-date: /home/lzy/ros2_study/balance_car_ws/install/lqr_controller/share/lqr_controller/package.xml
[0.114s] Invoked command in '/home/lzy/ros2_study/balance_car_ws/build/lqr_controller' returned '0': CMAKE_PREFIX_PATH=/opt/ros/humble /usr/bin/cmake --install /home/lzy/ros2_study/balance_car_ws/build/lqr_controller
