[0.022s] Invoking command in '/home/lzy/ros2_study/balance_car_ws/build/robot_state_pub_interface': CMAKE_PREFIX_PATH=/opt/ros/humble /usr/bin/cmake --build /home/lzy/ros2_study/balance_car_ws/build/robot_state_pub_interface -- -j8 -l8
[0.117s] [  9%] Built target robot_state_pub_interface__rosidl_generator_c
[0.130s] [ 12%] Built target robot_state_pub_interface__cpp
[0.144s] [ 12%] Built target ament_cmake_python_copy_robot_state_pub_interface
[0.174s] [ 22%] Built target robot_state_pub_interface__rosidl_typesupport_fastrtps_c
[0.178s] [ 32%] Built target robot_state_pub_interface__rosidl_typesupport_introspection_c
[0.193s] [ 41%] Built target robot_state_pub_interface__rosidl_typesupport_cpp
[0.195s] [ 58%] Built target robot_state_pub_interface__rosidl_typesupport_c
[0.196s] [ 67%] Built target robot_state_pub_interface__rosidl_typesupport_fastrtps_cpp
[0.197s] [ 70%] Built target robot_state_pub_interface__rosidl_typesupport_introspection_cpp
[0.243s] [ 70%] Built target robot_state_pub_interface
[0.282s] [ 74%] Built target robot_state_pub_interface__py
[0.336s] [ 80%] Built target robot_state_pub_interface__rosidl_generator_py
[0.394s] [ 87%] Built target robot_state_pub_interface__rosidl_typesupport_fastrtps_c__pyext
[0.403s] [ 93%] Built target robot_state_pub_interface__rosidl_typesupport_introspection_c__pyext
[0.403s] [100%] Built target robot_state_pub_interface__rosidl_typesupport_c__pyext
[0.523s] running egg_info
[0.524s] writing robot_state_pub_interface.egg-info/PKG-INFO
[0.525s] writing dependency_links to robot_state_pub_interface.egg-info/dependency_links.txt
[0.525s] writing top-level names to robot_state_pub_interface.egg-info/top_level.txt
[0.527s] reading manifest file 'robot_state_pub_interface.egg-info/SOURCES.txt'
[0.528s] writing manifest file 'robot_state_pub_interface.egg-info/SOURCES.txt'
[0.571s] [100%] Built target ament_cmake_python_build_robot_state_pub_interface_egg
[0.597s] Invoked command in '/home/lzy/ros2_study/balance_car_ws/build/robot_state_pub_interface' returned '0': CMAKE_PREFIX_PATH=/opt/ros/humble /usr/bin/cmake --build /home/lzy/ros2_study/balance_car_ws/build/robot_state_pub_interface -- -j8 -l8
[0.616s] Invoking command in '/home/lzy/ros2_study/balance_car_ws/build/robot_state_pub_interface': CMAKE_PREFIX_PATH=/opt/ros/humble /usr/bin/cmake --install /home/lzy/ros2_study/balance_car_ws/build/robot_state_pub_interface
[0.634s] -- Install configuration: ""
[0.634s] -- Up-to-date: /home/lzy/ros2_study/balance_car_ws/install/robot_state_pub_interface/share/ament_index/resource_index/rosidl_interfaces/robot_state_pub_interface
[0.634s] -- Up-to-date: /home/lzy/ros2_study/balance_car_ws/install/robot_state_pub_interface/include/robot_state_pub_interface/robot_state_pub_interface
[0.636s] -- Up-to-date: /home/lzy/ros2_study/balance_car_ws/install/robot_state_pub_interface/include/robot_state_pub_interface/robot_state_pub_interface/msg
[0.636s] -- Up-to-date: /home/lzy/ros2_study/balance_car_ws/install/robot_state_pub_interface/include/robot_state_pub_interface/robot_state_pub_interface/msg/detail
[0.636s] -- Up-to-date: /home/lzy/ros2_study/balance_car_ws/install/robot_state_pub_interface/include/robot_state_pub_interface/robot_state_pub_interface/msg/detail/robot_state__struct.h
[0.637s] -- Up-to-date: /home/lzy/ros2_study/balance_car_ws/install/robot_state_pub_interface/include/robot_state_pub_interface/robot_state_pub_interface/msg/detail/robot_state__functions.h
[0.637s] -- Up-to-date: /home/lzy/ros2_study/balance_car_ws/install/robot_state_pub_interface/include/robot_state_pub_interface/robot_state_pub_interface/msg/detail/robot_state__functions.c
[0.638s] -- Up-to-date: /home/lzy/ros2_study/balance_car_ws/install/robot_state_pub_interface/include/robot_state_pub_interface/robot_state_pub_interface/msg/detail/robot_state__type_support.h
[0.638s] -- Up-to-date: /home/lzy/ros2_study/balance_car_ws/install/robot_state_pub_interface/include/robot_state_pub_interface/robot_state_pub_interface/msg/robot_state.h
[0.638s] -- Up-to-date: /home/lzy/ros2_study/balance_car_ws/install/robot_state_pub_interface/include/robot_state_pub_interface/robot_state_pub_interface/msg/rosidl_generator_c__visibility_control.h
[0.638s] -- Up-to-date: /home/lzy/ros2_study/balance_car_ws/install/robot_state_pub_interface/share/robot_state_pub_interface/environment/library_path.sh
[0.638s] -- Up-to-date: /home/lzy/ros2_study/balance_car_ws/install/robot_state_pub_interface/share/robot_state_pub_interface/environment/library_path.dsv
[0.638s] -- Up-to-date: /home/lzy/ros2_study/balance_car_ws/install/robot_state_pub_interface/lib/librobot_state_pub_interface__rosidl_generator_c.so
[0.639s] -- Up-to-date: /home/lzy/ros2_study/balance_car_ws/install/robot_state_pub_interface/include/robot_state_pub_interface/robot_state_pub_interface
[0.639s] -- Up-to-date: /home/lzy/ros2_study/balance_car_ws/install/robot_state_pub_interface/include/robot_state_pub_interface/robot_state_pub_interface/msg
[0.639s] -- Up-to-date: /home/lzy/ros2_study/balance_car_ws/install/robot_state_pub_interface/include/robot_state_pub_interface/robot_state_pub_interface/msg/detail
[0.639s] -- Up-to-date: /home/lzy/ros2_study/balance_car_ws/install/robot_state_pub_interface/include/robot_state_pub_interface/robot_state_pub_interface/msg/detail/robot_state__rosidl_typesupport_fastrtps_c.h
[0.639s] -- Up-to-date: /home/lzy/ros2_study/balance_car_ws/install/robot_state_pub_interface/include/robot_state_pub_interface/robot_state_pub_interface/msg/rosidl_typesupport_fastrtps_c__visibility_control.h
[0.639s] -- Up-to-date: /home/lzy/ros2_study/balance_car_ws/install/robot_state_pub_interface/lib/librobot_state_pub_interface__rosidl_typesupport_fastrtps_c.so
[0.639s] -- Up-to-date: /home/lzy/ros2_study/balance_car_ws/install/robot_state_pub_interface/include/robot_state_pub_interface/robot_state_pub_interface
[0.639s] -- Up-to-date: /home/lzy/ros2_study/balance_car_ws/install/robot_state_pub_interface/include/robot_state_pub_interface/robot_state_pub_interface/msg
[0.639s] -- Up-to-date: /home/lzy/ros2_study/balance_car_ws/install/robot_state_pub_interface/include/robot_state_pub_interface/robot_state_pub_interface/msg/detail
[0.639s] -- Up-to-date: /home/lzy/ros2_study/balance_car_ws/install/robot_state_pub_interface/include/robot_state_pub_interface/robot_state_pub_interface/msg/detail/robot_state__struct.hpp
[0.639s] -- Up-to-date: /home/lzy/ros2_study/balance_car_ws/install/robot_state_pub_interface/include/robot_state_pub_interface/robot_state_pub_interface/msg/detail/robot_state__type_support.hpp
[0.639s] -- Up-to-date: /home/lzy/ros2_study/balance_car_ws/install/robot_state_pub_interface/include/robot_state_pub_interface/robot_state_pub_interface/msg/detail/robot_state__traits.hpp
[0.639s] -- Up-to-date: /home/lzy/ros2_study/balance_car_ws/install/robot_state_pub_interface/include/robot_state_pub_interface/robot_state_pub_interface/msg/detail/robot_state__builder.hpp
[0.640s] -- Up-to-date: /home/lzy/ros2_study/balance_car_ws/install/robot_state_pub_interface/include/robot_state_pub_interface/robot_state_pub_interface/msg/robot_state.hpp
[0.640s] -- Up-to-date: /home/lzy/ros2_study/balance_car_ws/install/robot_state_pub_interface/include/robot_state_pub_interface/robot_state_pub_interface/msg/rosidl_generator_cpp__visibility_control.hpp
[0.640s] -- Up-to-date: /home/lzy/ros2_study/balance_car_ws/install/robot_state_pub_interface/include/robot_state_pub_interface/robot_state_pub_interface
[0.640s] -- Up-to-date: /home/lzy/ros2_study/balance_car_ws/install/robot_state_pub_interface/include/robot_state_pub_interface/robot_state_pub_interface/msg
[0.640s] -- Up-to-date: /home/lzy/ros2_study/balance_car_ws/install/robot_state_pub_interface/include/robot_state_pub_interface/robot_state_pub_interface/msg/detail
[0.640s] -- Up-to-date: /home/lzy/ros2_study/balance_car_ws/install/robot_state_pub_interface/include/robot_state_pub_interface/robot_state_pub_interface/msg/detail/dds_fastrtps
[0.640s] -- Up-to-date: /home/lzy/ros2_study/balance_car_ws/install/robot_state_pub_interface/include/robot_state_pub_interface/robot_state_pub_interface/msg/detail/robot_state__rosidl_typesupport_fastrtps_cpp.hpp
[0.640s] -- Up-to-date: /home/lzy/ros2_study/balance_car_ws/install/robot_state_pub_interface/include/robot_state_pub_interface/robot_state_pub_interface/msg/rosidl_typesupport_fastrtps_cpp__visibility_control.h
[0.640s] -- Up-to-date: /home/lzy/ros2_study/balance_car_ws/install/robot_state_pub_interface/lib/librobot_state_pub_interface__rosidl_typesupport_fastrtps_cpp.so
[0.640s] -- Up-to-date: /home/lzy/ros2_study/balance_car_ws/install/robot_state_pub_interface/include/robot_state_pub_interface/robot_state_pub_interface
[0.640s] -- Up-to-date: /home/lzy/ros2_study/balance_car_ws/install/robot_state_pub_interface/include/robot_state_pub_interface/robot_state_pub_interface/msg
[0.640s] -- Up-to-date: /home/lzy/ros2_study/balance_car_ws/install/robot_state_pub_interface/include/robot_state_pub_interface/robot_state_pub_interface/msg/detail
[0.641s] -- Up-to-date: /home/lzy/ros2_study/balance_car_ws/install/robot_state_pub_interface/include/robot_state_pub_interface/robot_state_pub_interface/msg/detail/robot_state__type_support.c
[0.641s] -- Up-to-date: /home/lzy/ros2_study/balance_car_ws/install/robot_state_pub_interface/include/robot_state_pub_interface/robot_state_pub_interface/msg/detail/robot_state__rosidl_typesupport_introspection_c.h
[0.641s] -- Up-to-date: /home/lzy/ros2_study/balance_car_ws/install/robot_state_pub_interface/include/robot_state_pub_interface/robot_state_pub_interface/msg/rosidl_typesupport_introspection_c__visibility_control.h
[0.641s] -- Up-to-date: /home/lzy/ros2_study/balance_car_ws/install/robot_state_pub_interface/lib/librobot_state_pub_interface__rosidl_typesupport_introspection_c.so
[0.641s] -- Up-to-date: /home/lzy/ros2_study/balance_car_ws/install/robot_state_pub_interface/lib/librobot_state_pub_interface__rosidl_typesupport_c.so
[0.641s] -- Up-to-date: /home/lzy/ros2_study/balance_car_ws/install/robot_state_pub_interface/include/robot_state_pub_interface/robot_state_pub_interface
[0.641s] -- Up-to-date: /home/lzy/ros2_study/balance_car_ws/install/robot_state_pub_interface/include/robot_state_pub_interface/robot_state_pub_interface/msg
[0.641s] -- Up-to-date: /home/lzy/ros2_study/balance_car_ws/install/robot_state_pub_interface/include/robot_state_pub_interface/robot_state_pub_interface/msg/detail
[0.641s] -- Up-to-date: /home/lzy/ros2_study/balance_car_ws/install/robot_state_pub_interface/include/robot_state_pub_interface/robot_state_pub_interface/msg/detail/robot_state__type_support.cpp
[0.641s] -- Up-to-date: /home/lzy/ros2_study/balance_car_ws/install/robot_state_pub_interface/include/robot_state_pub_interface/robot_state_pub_interface/msg/detail/robot_state__rosidl_typesupport_introspection_cpp.hpp
[0.641s] -- Up-to-date: /home/lzy/ros2_study/balance_car_ws/install/robot_state_pub_interface/lib/librobot_state_pub_interface__rosidl_typesupport_introspection_cpp.so
[0.641s] -- Up-to-date: /home/lzy/ros2_study/balance_car_ws/install/robot_state_pub_interface/lib/librobot_state_pub_interface__rosidl_typesupport_cpp.so
[0.641s] -- Up-to-date: /home/lzy/ros2_study/balance_car_ws/install/robot_state_pub_interface/share/robot_state_pub_interface/environment/pythonpath.sh
[0.641s] -- Up-to-date: /home/lzy/ros2_study/balance_car_ws/install/robot_state_pub_interface/share/robot_state_pub_interface/environment/pythonpath.dsv
[0.641s] -- Up-to-date: /home/lzy/ros2_study/balance_car_ws/install/robot_state_pub_interface/local/lib/python3.10/dist-packages/robot_state_pub_interface-0.0.0-py3.10.egg-info
[0.642s] -- Installing: /home/lzy/ros2_study/balance_car_ws/install/robot_state_pub_interface/local/lib/python3.10/dist-packages/robot_state_pub_interface-0.0.0-py3.10.egg-info/SOURCES.txt
[0.642s] -- Installing: /home/lzy/ros2_study/balance_car_ws/install/robot_state_pub_interface/local/lib/python3.10/dist-packages/robot_state_pub_interface-0.0.0-py3.10.egg-info/top_level.txt
[0.642s] -- Installing: /home/lzy/ros2_study/balance_car_ws/install/robot_state_pub_interface/local/lib/python3.10/dist-packages/robot_state_pub_interface-0.0.0-py3.10.egg-info/dependency_links.txt
[0.642s] -- Installing: /home/lzy/ros2_study/balance_car_ws/install/robot_state_pub_interface/local/lib/python3.10/dist-packages/robot_state_pub_interface-0.0.0-py3.10.egg-info/PKG-INFO
[0.642s] -- Up-to-date: /home/lzy/ros2_study/balance_car_ws/install/robot_state_pub_interface/local/lib/python3.10/dist-packages/robot_state_pub_interface
[0.642s] -- Up-to-date: /home/lzy/ros2_study/balance_car_ws/install/robot_state_pub_interface/local/lib/python3.10/dist-packages/robot_state_pub_interface/robot_state_pub_interface_s__rosidl_typesupport_fastrtps_c.cpython-310-x86_64-linux-gnu.so
[0.642s] -- Up-to-date: /home/lzy/ros2_study/balance_car_ws/install/robot_state_pub_interface/local/lib/python3.10/dist-packages/robot_state_pub_interface/_robot_state_pub_interface_s.ep.rosidl_typesupport_fastrtps_c.c
[0.642s] -- Up-to-date: /home/lzy/ros2_study/balance_car_ws/install/robot_state_pub_interface/local/lib/python3.10/dist-packages/robot_state_pub_interface/_robot_state_pub_interface_s.ep.rosidl_typesupport_introspection_c.c
[0.642s] -- Up-to-date: /home/lzy/ros2_study/balance_car_ws/install/robot_state_pub_interface/local/lib/python3.10/dist-packages/robot_state_pub_interface/_robot_state_pub_interface_s.ep.rosidl_typesupport_c.c
[0.642s] -- Up-to-date: /home/lzy/ros2_study/balance_car_ws/install/robot_state_pub_interface/local/lib/python3.10/dist-packages/robot_state_pub_interface/robot_state_pub_interface_s__rosidl_typesupport_introspection_c.cpython-310-x86_64-linux-gnu.so
[0.642s] -- Up-to-date: /home/lzy/ros2_study/balance_car_ws/install/robot_state_pub_interface/local/lib/python3.10/dist-packages/robot_state_pub_interface/msg
[0.642s] -- Up-to-date: /home/lzy/ros2_study/balance_car_ws/install/robot_state_pub_interface/local/lib/python3.10/dist-packages/robot_state_pub_interface/msg/_robot_state.py
[0.643s] -- Up-to-date: /home/lzy/ros2_study/balance_car_ws/install/robot_state_pub_interface/local/lib/python3.10/dist-packages/robot_state_pub_interface/msg/_robot_state_s.c
[0.643s] -- Up-to-date: /home/lzy/ros2_study/balance_car_ws/install/robot_state_pub_interface/local/lib/python3.10/dist-packages/robot_state_pub_interface/msg/__init__.py
[0.643s] -- Up-to-date: /home/lzy/ros2_study/balance_car_ws/install/robot_state_pub_interface/local/lib/python3.10/dist-packages/robot_state_pub_interface/librobot_state_pub_interface__rosidl_generator_py.so
[0.643s] -- Up-to-date: /home/lzy/ros2_study/balance_car_ws/install/robot_state_pub_interface/local/lib/python3.10/dist-packages/robot_state_pub_interface/robot_state_pub_interface_s__rosidl_typesupport_c.cpython-310-x86_64-linux-gnu.so
[0.643s] -- Up-to-date: /home/lzy/ros2_study/balance_car_ws/install/robot_state_pub_interface/local/lib/python3.10/dist-packages/robot_state_pub_interface/__init__.py
[0.699s] Listing '/home/lzy/ros2_study/balance_car_ws/install/robot_state_pub_interface/local/lib/python3.10/dist-packages/robot_state_pub_interface'...
[0.699s] Listing '/home/lzy/ros2_study/balance_car_ws/install/robot_state_pub_interface/local/lib/python3.10/dist-packages/robot_state_pub_interface/msg'...
[0.702s] -- Up-to-date: /home/lzy/ros2_study/balance_car_ws/install/robot_state_pub_interface/local/lib/python3.10/dist-packages/robot_state_pub_interface/robot_state_pub_interface_s__rosidl_typesupport_fastrtps_c.cpython-310-x86_64-linux-gnu.so
[0.702s] -- Up-to-date: /home/lzy/ros2_study/balance_car_ws/install/robot_state_pub_interface/local/lib/python3.10/dist-packages/robot_state_pub_interface/robot_state_pub_interface_s__rosidl_typesupport_introspection_c.cpython-310-x86_64-linux-gnu.so
[0.703s] -- Up-to-date: /home/lzy/ros2_study/balance_car_ws/install/robot_state_pub_interface/local/lib/python3.10/dist-packages/robot_state_pub_interface/robot_state_pub_interface_s__rosidl_typesupport_c.cpython-310-x86_64-linux-gnu.so
[0.703s] -- Up-to-date: /home/lzy/ros2_study/balance_car_ws/install/robot_state_pub_interface/lib/librobot_state_pub_interface__rosidl_generator_py.so
[0.703s] -- Up-to-date: /home/lzy/ros2_study/balance_car_ws/install/robot_state_pub_interface/share/robot_state_pub_interface/msg/RobotState.idl
[0.704s] -- Up-to-date: /home/lzy/ros2_study/balance_car_ws/install/robot_state_pub_interface/share/robot_state_pub_interface/msg/RobotState.msg
[0.704s] -- Up-to-date: /home/lzy/ros2_study/balance_car_ws/install/robot_state_pub_interface/share/ament_index/resource_index/package_run_dependencies/robot_state_pub_interface
[0.704s] -- Up-to-date: /home/lzy/ros2_study/balance_car_ws/install/robot_state_pub_interface/share/ament_index/resource_index/parent_prefix_path/robot_state_pub_interface
[0.704s] -- Up-to-date: /home/lzy/ros2_study/balance_car_ws/install/robot_state_pub_interface/share/robot_state_pub_interface/environment/ament_prefix_path.sh
[0.704s] -- Up-to-date: /home/lzy/ros2_study/balance_car_ws/install/robot_state_pub_interface/share/robot_state_pub_interface/environment/ament_prefix_path.dsv
[0.704s] -- Up-to-date: /home/lzy/ros2_study/balance_car_ws/install/robot_state_pub_interface/share/robot_state_pub_interface/environment/path.sh
[0.704s] -- Up-to-date: /home/lzy/ros2_study/balance_car_ws/install/robot_state_pub_interface/share/robot_state_pub_interface/environment/path.dsv
[0.704s] -- Up-to-date: /home/lzy/ros2_study/balance_car_ws/install/robot_state_pub_interface/share/robot_state_pub_interface/local_setup.bash
[0.704s] -- Up-to-date: /home/lzy/ros2_study/balance_car_ws/install/robot_state_pub_interface/share/robot_state_pub_interface/local_setup.sh
[0.704s] -- Up-to-date: /home/lzy/ros2_study/balance_car_ws/install/robot_state_pub_interface/share/robot_state_pub_interface/local_setup.zsh
[0.705s] -- Up-to-date: /home/lzy/ros2_study/balance_car_ws/install/robot_state_pub_interface/share/robot_state_pub_interface/local_setup.dsv
[0.705s] -- Installing: /home/lzy/ros2_study/balance_car_ws/install/robot_state_pub_interface/share/robot_state_pub_interface/package.dsv
[0.705s] -- Up-to-date: /home/lzy/ros2_study/balance_car_ws/install/robot_state_pub_interface/share/ament_index/resource_index/packages/robot_state_pub_interface
[0.705s] -- Up-to-date: /home/lzy/ros2_study/balance_car_ws/install/robot_state_pub_interface/share/robot_state_pub_interface/cmake/export_robot_state_pub_interface__rosidl_generator_cExport.cmake
[0.705s] -- Up-to-date: /home/lzy/ros2_study/balance_car_ws/install/robot_state_pub_interface/share/robot_state_pub_interface/cmake/export_robot_state_pub_interface__rosidl_generator_cExport-noconfig.cmake
[0.705s] -- Up-to-date: /home/lzy/ros2_study/balance_car_ws/install/robot_state_pub_interface/share/robot_state_pub_interface/cmake/export_robot_state_pub_interface__rosidl_typesupport_fastrtps_cExport.cmake
[0.705s] -- Up-to-date: /home/lzy/ros2_study/balance_car_ws/install/robot_state_pub_interface/share/robot_state_pub_interface/cmake/export_robot_state_pub_interface__rosidl_typesupport_fastrtps_cExport-noconfig.cmake
[0.705s] -- Up-to-date: /home/lzy/ros2_study/balance_car_ws/install/robot_state_pub_interface/share/robot_state_pub_interface/cmake/export_robot_state_pub_interface__rosidl_generator_cppExport.cmake
[0.706s] -- Up-to-date: /home/lzy/ros2_study/balance_car_ws/install/robot_state_pub_interface/share/robot_state_pub_interface/cmake/export_robot_state_pub_interface__rosidl_typesupport_fastrtps_cppExport.cmake
[0.706s] -- Up-to-date: /home/lzy/ros2_study/balance_car_ws/install/robot_state_pub_interface/share/robot_state_pub_interface/cmake/export_robot_state_pub_interface__rosidl_typesupport_fastrtps_cppExport-noconfig.cmake
[0.706s] -- Up-to-date: /home/lzy/ros2_study/balance_car_ws/install/robot_state_pub_interface/share/robot_state_pub_interface/cmake/robot_state_pub_interface__rosidl_typesupport_introspection_cExport.cmake
[0.706s] -- Up-to-date: /home/lzy/ros2_study/balance_car_ws/install/robot_state_pub_interface/share/robot_state_pub_interface/cmake/robot_state_pub_interface__rosidl_typesupport_introspection_cExport-noconfig.cmake
[0.707s] -- Up-to-date: /home/lzy/ros2_study/balance_car_ws/install/robot_state_pub_interface/share/robot_state_pub_interface/cmake/robot_state_pub_interface__rosidl_typesupport_cExport.cmake
[0.708s] -- Up-to-date: /home/lzy/ros2_study/balance_car_ws/install/robot_state_pub_interface/share/robot_state_pub_interface/cmake/robot_state_pub_interface__rosidl_typesupport_cExport-noconfig.cmake
[0.708s] -- Up-to-date: /home/lzy/ros2_study/balance_car_ws/install/robot_state_pub_interface/share/robot_state_pub_interface/cmake/robot_state_pub_interface__rosidl_typesupport_introspection_cppExport.cmake
[0.708s] -- Up-to-date: /home/lzy/ros2_study/balance_car_ws/install/robot_state_pub_interface/share/robot_state_pub_interface/cmake/robot_state_pub_interface__rosidl_typesupport_introspection_cppExport-noconfig.cmake
[0.708s] -- Up-to-date: /home/lzy/ros2_study/balance_car_ws/install/robot_state_pub_interface/share/robot_state_pub_interface/cmake/robot_state_pub_interface__rosidl_typesupport_cppExport.cmake
[0.708s] -- Up-to-date: /home/lzy/ros2_study/balance_car_ws/install/robot_state_pub_interface/share/robot_state_pub_interface/cmake/robot_state_pub_interface__rosidl_typesupport_cppExport-noconfig.cmake
[0.708s] -- Up-to-date: /home/lzy/ros2_study/balance_car_ws/install/robot_state_pub_interface/share/robot_state_pub_interface/cmake/export_robot_state_pub_interface__rosidl_generator_pyExport.cmake
[0.708s] -- Up-to-date: /home/lzy/ros2_study/balance_car_ws/install/robot_state_pub_interface/share/robot_state_pub_interface/cmake/export_robot_state_pub_interface__rosidl_generator_pyExport-noconfig.cmake
[0.708s] -- Up-to-date: /home/lzy/ros2_study/balance_car_ws/install/robot_state_pub_interface/share/robot_state_pub_interface/cmake/rosidl_cmake-extras.cmake
[0.708s] -- Up-to-date: /home/lzy/ros2_study/balance_car_ws/install/robot_state_pub_interface/share/robot_state_pub_interface/cmake/ament_cmake_export_dependencies-extras.cmake
[0.708s] -- Up-to-date: /home/lzy/ros2_study/balance_car_ws/install/robot_state_pub_interface/share/robot_state_pub_interface/cmake/ament_cmake_export_include_directories-extras.cmake
[0.708s] -- Up-to-date: /home/lzy/ros2_study/balance_car_ws/install/robot_state_pub_interface/share/robot_state_pub_interface/cmake/ament_cmake_export_libraries-extras.cmake
[0.708s] -- Up-to-date: /home/lzy/ros2_study/balance_car_ws/install/robot_state_pub_interface/share/robot_state_pub_interface/cmake/ament_cmake_export_targets-extras.cmake
[0.709s] -- Up-to-date: /home/lzy/ros2_study/balance_car_ws/install/robot_state_pub_interface/share/robot_state_pub_interface/cmake/rosidl_cmake_export_typesupport_targets-extras.cmake
[0.709s] -- Up-to-date: /home/lzy/ros2_study/balance_car_ws/install/robot_state_pub_interface/share/robot_state_pub_interface/cmake/rosidl_cmake_export_typesupport_libraries-extras.cmake
[0.709s] -- Up-to-date: /home/lzy/ros2_study/balance_car_ws/install/robot_state_pub_interface/share/robot_state_pub_interface/cmake/robot_state_pub_interfaceConfig.cmake
[0.709s] -- Up-to-date: /home/lzy/ros2_study/balance_car_ws/install/robot_state_pub_interface/share/robot_state_pub_interface/cmake/robot_state_pub_interfaceConfig-version.cmake
[0.709s] -- Up-to-date: /home/lzy/ros2_study/balance_car_ws/install/robot_state_pub_interface/share/robot_state_pub_interface/package.xml
[0.712s] Invoked command in '/home/lzy/ros2_study/balance_car_ws/build/robot_state_pub_interface' returned '0': CMAKE_PREFIX_PATH=/opt/ros/humble /usr/bin/cmake --install /home/lzy/ros2_study/balance_car_ws/build/robot_state_pub_interface
