[0.062s] DEBUG:colcon:Command line arguments: ['/usr/bin/colcon', 'build']
[0.062s] DEBUG:colcon:Parsed command line arguments: Namespace(log_base=None, log_level=None, verb_name='build', build_base='build', install_base='install', merge_install=False, symlink_install=False, test_result_base=None, continue_on_error=False, executor='parallel', parallel_workers=4, event_handlers=None, ignore_user_meta=False, metas=['./colcon.meta'], base_paths=['.'], packages_ignore=None, packages_ignore_regex=None, paths=None, packages_up_to=None, packages_up_to_regex=None, packages_above=None, packages_above_and_dependencies=None, packages_above_depth=None, packages_select_by_dep=None, packages_skip_by_dep=None, packages_skip_up_to=None, packages_select_build_failed=False, packages_skip_build_finished=False, packages_select_test_failures=False, packages_skip_test_passed=False, packages_select=None, packages_skip=None, packages_select_regex=None, packages_skip_regex=None, packages_start=None, packages_end=None, allow_overriding=[], cmake_args=None, cmake_target=None, cmake_target_skip_unavailable=False, cmake_clean_cache=False, cmake_clean_first=False, cmake_force_configure=False, ament_cmake_args=None, catkin_cmake_args=None, catkin_skip_building_tests=False, verb_parser=<colcon_defaults.argument_parser.defaults.DefaultArgumentsDecorator object at 0x7bf722ef3af0>, verb_extension=<colcon_core.verb.build.BuildVerb object at 0x7bf723078310>, main=<bound method BuildVerb.main of <colcon_core.verb.build.BuildVerb object at 0x7bf723078310>>)
[0.147s] Level 1:colcon.colcon_core.package_discovery:discover_packages(colcon_meta) check parameters
[0.147s] Level 1:colcon.colcon_core.package_discovery:discover_packages(recursive) check parameters
[0.147s] Level 1:colcon.colcon_core.package_discovery:discover_packages(ignore) check parameters
[0.147s] Level 1:colcon.colcon_core.package_discovery:discover_packages(path) check parameters
[0.147s] Level 1:colcon.colcon_core.package_discovery:discover_packages(colcon_meta) discover
[0.147s] Level 1:colcon.colcon_core.package_discovery:discover_packages(recursive) discover
[0.147s] INFO:colcon.colcon_core.package_discovery:Crawling recursively for packages in '/home/lzy/ros2/ros2_study'
[0.147s] Level 1:colcon.colcon_core.package_identification:_identify(.) by extensions ['ignore', 'ignore_ament_install']
[0.147s] Level 1:colcon.colcon_core.package_identification:_identify(.) by extension 'ignore'
[0.147s] Level 1:colcon.colcon_core.package_identification:_identify(.) by extension 'ignore_ament_install'
[0.147s] Level 1:colcon.colcon_core.package_identification:_identify(.) by extensions ['colcon_pkg']
[0.147s] Level 1:colcon.colcon_core.package_identification:_identify(.) by extension 'colcon_pkg'
[0.147s] Level 1:colcon.colcon_core.package_identification:_identify(.) by extensions ['colcon_meta']
[0.147s] Level 1:colcon.colcon_core.package_identification:_identify(.) by extension 'colcon_meta'
[0.147s] Level 1:colcon.colcon_core.package_identification:_identify(.) by extensions ['ros']
[0.147s] Level 1:colcon.colcon_core.package_identification:_identify(.) by extension 'ros'
[0.153s] Level 1:colcon.colcon_core.package_identification:_identify(.) by extensions ['cmake', 'python']
[0.153s] Level 1:colcon.colcon_core.package_identification:_identify(.) by extension 'cmake'
[0.153s] Level 1:colcon.colcon_core.package_identification:_identify(.) by extension 'python'
[0.153s] Level 1:colcon.colcon_core.package_identification:_identify(.) by extensions ['python_setup_py']
[0.153s] Level 1:colcon.colcon_core.package_identification:_identify(.) by extension 'python_setup_py'
[0.154s] Level 1:colcon.colcon_core.package_identification:_identify(build) by extensions ['ignore', 'ignore_ament_install']
[0.154s] Level 1:colcon.colcon_core.package_identification:_identify(build) by extension 'ignore'
[0.154s] Level 1:colcon.colcon_core.package_identification:_identify(build) ignored
[0.154s] Level 1:colcon.colcon_core.package_identification:_identify(install) by extensions ['ignore', 'ignore_ament_install']
[0.154s] Level 1:colcon.colcon_core.package_identification:_identify(install) by extension 'ignore'
[0.154s] Level 1:colcon.colcon_core.package_identification:_identify(install) ignored
[0.154s] Level 1:colcon.colcon_core.package_identification:_identify(log) by extensions ['ignore', 'ignore_ament_install']
[0.154s] Level 1:colcon.colcon_core.package_identification:_identify(log) by extension 'ignore'
[0.154s] Level 1:colcon.colcon_core.package_identification:_identify(log) ignored
[0.154s] Level 1:colcon.colcon_core.package_identification:_identify(src) by extensions ['ignore', 'ignore_ament_install']
[0.154s] Level 1:colcon.colcon_core.package_identification:_identify(src) by extension 'ignore'
[0.154s] Level 1:colcon.colcon_core.package_identification:_identify(src) by extension 'ignore_ament_install'
[0.154s] Level 1:colcon.colcon_core.package_identification:_identify(src) by extensions ['colcon_pkg']
[0.154s] Level 1:colcon.colcon_core.package_identification:_identify(src) by extension 'colcon_pkg'
[0.154s] Level 1:colcon.colcon_core.package_identification:_identify(src) by extensions ['colcon_meta']
[0.154s] Level 1:colcon.colcon_core.package_identification:_identify(src) by extension 'colcon_meta'
[0.154s] Level 1:colcon.colcon_core.package_identification:_identify(src) by extensions ['ros']
[0.154s] Level 1:colcon.colcon_core.package_identification:_identify(src) by extension 'ros'
[0.154s] Level 1:colcon.colcon_core.package_identification:_identify(src) by extensions ['cmake', 'python']
[0.154s] Level 1:colcon.colcon_core.package_identification:_identify(src) by extension 'cmake'
[0.154s] Level 1:colcon.colcon_core.package_identification:_identify(src) by extension 'python'
[0.154s] Level 1:colcon.colcon_core.package_identification:_identify(src) by extensions ['python_setup_py']
[0.154s] Level 1:colcon.colcon_core.package_identification:_identify(src) by extension 'python_setup_py'
[0.154s] Level 1:colcon.colcon_core.package_identification:_identify(src/lqr_controller) by extensions ['ignore', 'ignore_ament_install']
[0.154s] Level 1:colcon.colcon_core.package_identification:_identify(src/lqr_controller) by extension 'ignore'
[0.154s] Level 1:colcon.colcon_core.package_identification:_identify(src/lqr_controller) by extension 'ignore_ament_install'
[0.154s] Level 1:colcon.colcon_core.package_identification:_identify(src/lqr_controller) by extensions ['colcon_pkg']
[0.154s] Level 1:colcon.colcon_core.package_identification:_identify(src/lqr_controller) by extension 'colcon_pkg'
[0.154s] Level 1:colcon.colcon_core.package_identification:_identify(src/lqr_controller) by extensions ['colcon_meta']
[0.154s] Level 1:colcon.colcon_core.package_identification:_identify(src/lqr_controller) by extension 'colcon_meta'
[0.154s] Level 1:colcon.colcon_core.package_identification:_identify(src/lqr_controller) by extensions ['ros']
[0.154s] Level 1:colcon.colcon_core.package_identification:_identify(src/lqr_controller) by extension 'ros'
[0.156s] DEBUG:colcon.colcon_core.package_identification:Package 'src/lqr_controller' with type 'ros.ament_cmake' and name 'lqr_controller'
[0.156s] Level 1:colcon.colcon_core.package_identification:_identify(src/robot_description_pkg) by extensions ['ignore', 'ignore_ament_install']
[0.156s] Level 1:colcon.colcon_core.package_identification:_identify(src/robot_description_pkg) by extension 'ignore'
[0.157s] Level 1:colcon.colcon_core.package_identification:_identify(src/robot_description_pkg) by extension 'ignore_ament_install'
[0.157s] Level 1:colcon.colcon_core.package_identification:_identify(src/robot_description_pkg) by extensions ['colcon_pkg']
[0.157s] Level 1:colcon.colcon_core.package_identification:_identify(src/robot_description_pkg) by extension 'colcon_pkg'
[0.157s] Level 1:colcon.colcon_core.package_identification:_identify(src/robot_description_pkg) by extensions ['colcon_meta']
[0.157s] Level 1:colcon.colcon_core.package_identification:_identify(src/robot_description_pkg) by extension 'colcon_meta'
[0.157s] Level 1:colcon.colcon_core.package_identification:_identify(src/robot_description_pkg) by extensions ['ros']
[0.157s] Level 1:colcon.colcon_core.package_identification:_identify(src/robot_description_pkg) by extension 'ros'
[0.157s] DEBUG:colcon.colcon_core.package_identification:Package 'src/robot_description_pkg' with type 'ros.ament_cmake' and name 'robot_description_pkg'
[0.157s] Level 1:colcon.colcon_core.package_identification:_identify(src/robot_state_pub_interface) by extensions ['ignore', 'ignore_ament_install']
[0.157s] Level 1:colcon.colcon_core.package_identification:_identify(src/robot_state_pub_interface) by extension 'ignore'
[0.157s] Level 1:colcon.colcon_core.package_identification:_identify(src/robot_state_pub_interface) by extension 'ignore_ament_install'
[0.157s] Level 1:colcon.colcon_core.package_identification:_identify(src/robot_state_pub_interface) by extensions ['colcon_pkg']
[0.157s] Level 1:colcon.colcon_core.package_identification:_identify(src/robot_state_pub_interface) by extension 'colcon_pkg'
[0.157s] Level 1:colcon.colcon_core.package_identification:_identify(src/robot_state_pub_interface) by extensions ['colcon_meta']
[0.157s] Level 1:colcon.colcon_core.package_identification:_identify(src/robot_state_pub_interface) by extension 'colcon_meta'
[0.157s] Level 1:colcon.colcon_core.package_identification:_identify(src/robot_state_pub_interface) by extensions ['ros']
[0.157s] Level 1:colcon.colcon_core.package_identification:_identify(src/robot_state_pub_interface) by extension 'ros'
[0.158s] DEBUG:colcon.colcon_core.package_identification:Package 'src/robot_state_pub_interface' with type 'ros.ament_cmake' and name 'robot_state_pub_interface'
[0.158s] Level 1:colcon.colcon_core.package_discovery:discover_packages(recursive) using defaults
[0.158s] Level 1:colcon.colcon_core.package_discovery:discover_packages(ignore) discover
[0.158s] Level 1:colcon.colcon_core.package_discovery:discover_packages(ignore) using defaults
[0.158s] Level 1:colcon.colcon_core.package_discovery:discover_packages(path) discover
[0.158s] Level 1:colcon.colcon_core.package_discovery:discover_packages(path) using defaults
[0.175s] Level 1:colcon.colcon_core.package_discovery:discover_packages(prefix_path) check parameters
[0.175s] Level 1:colcon.colcon_core.package_discovery:discover_packages(prefix_path) discover
[0.176s] DEBUG:colcon.colcon_installed_package_information.package_discovery:Found 322 installed packages in /opt/ros/humble
[0.177s] Level 1:colcon.colcon_core.package_discovery:discover_packages(prefix_path) using defaults
[0.196s] Level 5:colcon.colcon_core.verb:set package 'robot_state_pub_interface' build argument 'cmake_args' from command line to 'None'
[0.196s] Level 5:colcon.colcon_core.verb:set package 'robot_state_pub_interface' build argument 'cmake_target' from command line to 'None'
[0.196s] Level 5:colcon.colcon_core.verb:set package 'robot_state_pub_interface' build argument 'cmake_target_skip_unavailable' from command line to 'False'
[0.196s] Level 5:colcon.colcon_core.verb:set package 'robot_state_pub_interface' build argument 'cmake_clean_cache' from command line to 'False'
[0.196s] Level 5:colcon.colcon_core.verb:set package 'robot_state_pub_interface' build argument 'cmake_clean_first' from command line to 'False'
[0.196s] Level 5:colcon.colcon_core.verb:set package 'robot_state_pub_interface' build argument 'cmake_force_configure' from command line to 'False'
[0.196s] Level 5:colcon.colcon_core.verb:set package 'robot_state_pub_interface' build argument 'ament_cmake_args' from command line to 'None'
[0.196s] Level 5:colcon.colcon_core.verb:set package 'robot_state_pub_interface' build argument 'catkin_cmake_args' from command line to 'None'
[0.196s] Level 5:colcon.colcon_core.verb:set package 'robot_state_pub_interface' build argument 'catkin_skip_building_tests' from command line to 'False'
[0.196s] DEBUG:colcon.colcon_core.verb:Building package 'robot_state_pub_interface' with the following arguments: {'ament_cmake_args': None, 'build_base': '/home/lzy/ros2/ros2_study/build/robot_state_pub_interface', 'catkin_cmake_args': None, 'catkin_skip_building_tests': False, 'cmake_args': None, 'cmake_clean_cache': False, 'cmake_clean_first': False, 'cmake_force_configure': False, 'cmake_target': None, 'cmake_target_skip_unavailable': False, 'install_base': '/home/lzy/ros2/ros2_study/install/robot_state_pub_interface', 'merge_install': False, 'path': '/home/lzy/ros2/ros2_study/src/robot_state_pub_interface', 'symlink_install': False, 'test_result_base': None}
[0.196s] Level 5:colcon.colcon_core.verb:set package 'lqr_controller' build argument 'cmake_args' from command line to 'None'
[0.196s] Level 5:colcon.colcon_core.verb:set package 'lqr_controller' build argument 'cmake_target' from command line to 'None'
[0.196s] Level 5:colcon.colcon_core.verb:set package 'lqr_controller' build argument 'cmake_target_skip_unavailable' from command line to 'False'
[0.196s] Level 5:colcon.colcon_core.verb:set package 'lqr_controller' build argument 'cmake_clean_cache' from command line to 'False'
[0.196s] Level 5:colcon.colcon_core.verb:set package 'lqr_controller' build argument 'cmake_clean_first' from command line to 'False'
[0.196s] Level 5:colcon.colcon_core.verb:set package 'lqr_controller' build argument 'cmake_force_configure' from command line to 'False'
[0.196s] Level 5:colcon.colcon_core.verb:set package 'lqr_controller' build argument 'ament_cmake_args' from command line to 'None'
[0.196s] Level 5:colcon.colcon_core.verb:set package 'lqr_controller' build argument 'catkin_cmake_args' from command line to 'None'
[0.196s] Level 5:colcon.colcon_core.verb:set package 'lqr_controller' build argument 'catkin_skip_building_tests' from command line to 'False'
[0.196s] DEBUG:colcon.colcon_core.verb:Building package 'lqr_controller' with the following arguments: {'ament_cmake_args': None, 'build_base': '/home/lzy/ros2/ros2_study/build/lqr_controller', 'catkin_cmake_args': None, 'catkin_skip_building_tests': False, 'cmake_args': None, 'cmake_clean_cache': False, 'cmake_clean_first': False, 'cmake_force_configure': False, 'cmake_target': None, 'cmake_target_skip_unavailable': False, 'install_base': '/home/lzy/ros2/ros2_study/install/lqr_controller', 'merge_install': False, 'path': '/home/lzy/ros2/ros2_study/src/lqr_controller', 'symlink_install': False, 'test_result_base': None}
[0.196s] Level 5:colcon.colcon_core.verb:set package 'robot_description_pkg' build argument 'cmake_args' from command line to 'None'
[0.196s] Level 5:colcon.colcon_core.verb:set package 'robot_description_pkg' build argument 'cmake_target' from command line to 'None'
[0.196s] Level 5:colcon.colcon_core.verb:set package 'robot_description_pkg' build argument 'cmake_target_skip_unavailable' from command line to 'False'
[0.196s] Level 5:colcon.colcon_core.verb:set package 'robot_description_pkg' build argument 'cmake_clean_cache' from command line to 'False'
[0.196s] Level 5:colcon.colcon_core.verb:set package 'robot_description_pkg' build argument 'cmake_clean_first' from command line to 'False'
[0.196s] Level 5:colcon.colcon_core.verb:set package 'robot_description_pkg' build argument 'cmake_force_configure' from command line to 'False'
[0.196s] Level 5:colcon.colcon_core.verb:set package 'robot_description_pkg' build argument 'ament_cmake_args' from command line to 'None'
[0.196s] Level 5:colcon.colcon_core.verb:set package 'robot_description_pkg' build argument 'catkin_cmake_args' from command line to 'None'
[0.196s] Level 5:colcon.colcon_core.verb:set package 'robot_description_pkg' build argument 'catkin_skip_building_tests' from command line to 'False'
[0.196s] DEBUG:colcon.colcon_core.verb:Building package 'robot_description_pkg' with the following arguments: {'ament_cmake_args': None, 'build_base': '/home/lzy/ros2/ros2_study/build/robot_description_pkg', 'catkin_cmake_args': None, 'catkin_skip_building_tests': False, 'cmake_args': None, 'cmake_clean_cache': False, 'cmake_clean_first': False, 'cmake_force_configure': False, 'cmake_target': None, 'cmake_target_skip_unavailable': False, 'install_base': '/home/lzy/ros2/ros2_study/install/robot_description_pkg', 'merge_install': False, 'path': '/home/lzy/ros2/ros2_study/src/robot_description_pkg', 'symlink_install': False, 'test_result_base': None}
[0.196s] INFO:colcon.colcon_core.executor:Executing jobs using 'parallel' executor
[0.197s] DEBUG:colcon.colcon_parallel_executor.executor.parallel:run_until_complete
[0.197s] INFO:colcon.colcon_ros.task.ament_cmake.build:Building ROS package in '/home/lzy/ros2/ros2_study/src/robot_state_pub_interface' with build type 'ament_cmake'
[0.197s] INFO:colcon.colcon_cmake.task.cmake.build:Building CMake package in '/home/lzy/ros2/ros2_study/src/robot_state_pub_interface'
[0.200s] INFO:colcon.colcon_core.plugin_system:Skipping extension 'colcon_core.shell.bat': Not used on non-Windows systems
[0.200s] INFO:colcon.colcon_core.shell:Skip shell extension 'powershell' for command environment: Not usable outside of PowerShell
[0.200s] DEBUG:colcon.colcon_core.shell:Skip shell extension 'dsv' for command environment
[0.208s] DEBUG:colcon.colcon_core.event_handler.log_command:Invoking command in '/home/lzy/ros2/ros2_study/build/robot_state_pub_interface': CMAKE_PREFIX_PATH=/opt/ros/humble /usr/bin/cmake /home/lzy/ros2/ros2_study/src/robot_state_pub_interface -DCMAKE_INSTALL_PREFIX=/home/lzy/ros2/ros2_study/install/robot_state_pub_interface
[1.676s] DEBUG:colcon.colcon_core.event_handler.log_command:Invoked command in '/home/lzy/ros2/ros2_study/build/robot_state_pub_interface' returned '0': CMAKE_PREFIX_PATH=/opt/ros/humble /usr/bin/cmake /home/lzy/ros2/ros2_study/src/robot_state_pub_interface -DCMAKE_INSTALL_PREFIX=/home/lzy/ros2/ros2_study/install/robot_state_pub_interface
[1.676s] DEBUG:colcon.colcon_core.event_handler.log_command:Invoking command in '/home/lzy/ros2/ros2_study/build/robot_state_pub_interface': CMAKE_PREFIX_PATH=/opt/ros/humble /usr/bin/cmake --build /home/lzy/ros2/ros2_study/build/robot_state_pub_interface -- -j4 -l4
[3.203s] DEBUG:colcon.colcon_core.event_handler.log_command:Invoked command in '/home/lzy/ros2/ros2_study/build/robot_state_pub_interface' returned '0': CMAKE_PREFIX_PATH=/opt/ros/humble /usr/bin/cmake --build /home/lzy/ros2/ros2_study/build/robot_state_pub_interface -- -j4 -l4
[3.210s] DEBUG:colcon.colcon_core.event_handler.log_command:Invoking command in '/home/lzy/ros2/ros2_study/build/robot_state_pub_interface': CMAKE_PREFIX_PATH=/opt/ros/humble /usr/bin/cmake --install /home/lzy/ros2/ros2_study/build/robot_state_pub_interface
[3.261s] Level 1:colcon.colcon_core.environment:create_environment_scripts_only(robot_state_pub_interface)
[3.262s] DEBUG:colcon.colcon_core.event_handler.log_command:Invoked command in '/home/lzy/ros2/ros2_study/build/robot_state_pub_interface' returned '0': CMAKE_PREFIX_PATH=/opt/ros/humble /usr/bin/cmake --install /home/lzy/ros2/ros2_study/build/robot_state_pub_interface
[3.263s] Level 1:colcon.colcon_core.environment:checking '/home/lzy/ros2/ros2_study/install/robot_state_pub_interface' for CMake module files
[3.263s] Level 1:colcon.colcon_core.environment:checking '/home/lzy/ros2/ros2_study/install/robot_state_pub_interface' for CMake config files
[3.263s] Level 1:colcon.colcon_core.shell:create_environment_hook('robot_state_pub_interface', 'cmake_prefix_path')
[3.264s] INFO:colcon.colcon_core.shell:Creating environment hook '/home/lzy/ros2/ros2_study/install/robot_state_pub_interface/share/robot_state_pub_interface/hook/cmake_prefix_path.ps1'
[3.264s] INFO:colcon.colcon_core.shell:Creating environment descriptor '/home/lzy/ros2/ros2_study/install/robot_state_pub_interface/share/robot_state_pub_interface/hook/cmake_prefix_path.dsv'
[3.264s] INFO:colcon.colcon_core.shell:Creating environment hook '/home/lzy/ros2/ros2_study/install/robot_state_pub_interface/share/robot_state_pub_interface/hook/cmake_prefix_path.sh'
[3.265s] Level 1:colcon.colcon_core.environment:checking '/home/lzy/ros2/ros2_study/install/robot_state_pub_interface/lib'
[3.265s] Level 1:colcon.colcon_core.shell:create_environment_hook('robot_state_pub_interface', 'ld_library_path_lib')
[3.265s] INFO:colcon.colcon_core.shell:Creating environment hook '/home/lzy/ros2/ros2_study/install/robot_state_pub_interface/share/robot_state_pub_interface/hook/ld_library_path_lib.ps1'
[3.265s] INFO:colcon.colcon_core.shell:Creating environment descriptor '/home/lzy/ros2/ros2_study/install/robot_state_pub_interface/share/robot_state_pub_interface/hook/ld_library_path_lib.dsv'
[3.265s] INFO:colcon.colcon_core.shell:Creating environment hook '/home/lzy/ros2/ros2_study/install/robot_state_pub_interface/share/robot_state_pub_interface/hook/ld_library_path_lib.sh'
[3.266s] Level 1:colcon.colcon_core.environment:checking '/home/lzy/ros2/ros2_study/install/robot_state_pub_interface/bin'
[3.266s] Level 1:colcon.colcon_core.environment:checking '/home/lzy/ros2/ros2_study/install/robot_state_pub_interface/lib/pkgconfig/robot_state_pub_interface.pc'
[3.266s] Level 1:colcon.colcon_core.environment:checking '/home/lzy/ros2/ros2_study/install/robot_state_pub_interface/lib/python3.10/site-packages'
[3.266s] Level 1:colcon.colcon_core.environment:checking '/home/lzy/ros2/ros2_study/install/robot_state_pub_interface/bin'
[3.266s] INFO:colcon.colcon_core.shell:Creating package script '/home/lzy/ros2/ros2_study/install/robot_state_pub_interface/share/robot_state_pub_interface/package.ps1'
[3.266s] INFO:colcon.colcon_core.shell:Creating package descriptor '/home/lzy/ros2/ros2_study/install/robot_state_pub_interface/share/robot_state_pub_interface/package.dsv'
[3.267s] INFO:colcon.colcon_core.shell:Creating package script '/home/lzy/ros2/ros2_study/install/robot_state_pub_interface/share/robot_state_pub_interface/package.sh'
[3.267s] INFO:colcon.colcon_core.shell:Creating package script '/home/lzy/ros2/ros2_study/install/robot_state_pub_interface/share/robot_state_pub_interface/package.bash'
[3.267s] INFO:colcon.colcon_core.shell:Creating package script '/home/lzy/ros2/ros2_study/install/robot_state_pub_interface/share/robot_state_pub_interface/package.zsh'
[3.268s] Level 1:colcon.colcon_core.environment:create_file_with_runtime_dependencies(/home/lzy/ros2/ros2_study/install/robot_state_pub_interface/share/colcon-core/packages/robot_state_pub_interface)
[3.268s] Level 1:colcon.colcon_core.environment:create_environment_scripts_only(robot_state_pub_interface)
[3.268s] Level 1:colcon.colcon_core.environment:checking '/home/lzy/ros2/ros2_study/install/robot_state_pub_interface' for CMake module files
[3.268s] Level 1:colcon.colcon_core.environment:checking '/home/lzy/ros2/ros2_study/install/robot_state_pub_interface' for CMake config files
[3.269s] Level 1:colcon.colcon_core.shell:create_environment_hook('robot_state_pub_interface', 'cmake_prefix_path')
[3.269s] INFO:colcon.colcon_core.shell:Creating environment hook '/home/lzy/ros2/ros2_study/install/robot_state_pub_interface/share/robot_state_pub_interface/hook/cmake_prefix_path.ps1'
[3.269s] INFO:colcon.colcon_core.shell:Creating environment descriptor '/home/lzy/ros2/ros2_study/install/robot_state_pub_interface/share/robot_state_pub_interface/hook/cmake_prefix_path.dsv'
[3.269s] INFO:colcon.colcon_core.shell:Creating environment hook '/home/lzy/ros2/ros2_study/install/robot_state_pub_interface/share/robot_state_pub_interface/hook/cmake_prefix_path.sh'
[3.270s] Level 1:colcon.colcon_core.environment:checking '/home/lzy/ros2/ros2_study/install/robot_state_pub_interface/lib'
[3.270s] Level 1:colcon.colcon_core.shell:create_environment_hook('robot_state_pub_interface', 'ld_library_path_lib')
[3.270s] INFO:colcon.colcon_core.shell:Creating environment hook '/home/lzy/ros2/ros2_study/install/robot_state_pub_interface/share/robot_state_pub_interface/hook/ld_library_path_lib.ps1'
[3.270s] INFO:colcon.colcon_core.shell:Creating environment descriptor '/home/lzy/ros2/ros2_study/install/robot_state_pub_interface/share/robot_state_pub_interface/hook/ld_library_path_lib.dsv'
[3.270s] INFO:colcon.colcon_core.shell:Creating environment hook '/home/lzy/ros2/ros2_study/install/robot_state_pub_interface/share/robot_state_pub_interface/hook/ld_library_path_lib.sh'
[3.271s] Level 1:colcon.colcon_core.environment:checking '/home/lzy/ros2/ros2_study/install/robot_state_pub_interface/bin'
[3.271s] Level 1:colcon.colcon_core.environment:checking '/home/lzy/ros2/ros2_study/install/robot_state_pub_interface/lib/pkgconfig/robot_state_pub_interface.pc'
[3.271s] Level 1:colcon.colcon_core.environment:checking '/home/lzy/ros2/ros2_study/install/robot_state_pub_interface/lib/python3.10/site-packages'
[3.271s] Level 1:colcon.colcon_core.environment:checking '/home/lzy/ros2/ros2_study/install/robot_state_pub_interface/bin'
[3.271s] INFO:colcon.colcon_core.shell:Creating package script '/home/lzy/ros2/ros2_study/install/robot_state_pub_interface/share/robot_state_pub_interface/package.ps1'
[3.271s] INFO:colcon.colcon_core.shell:Creating package descriptor '/home/lzy/ros2/ros2_study/install/robot_state_pub_interface/share/robot_state_pub_interface/package.dsv'
[3.272s] INFO:colcon.colcon_core.shell:Creating package script '/home/lzy/ros2/ros2_study/install/robot_state_pub_interface/share/robot_state_pub_interface/package.sh'
[3.272s] INFO:colcon.colcon_core.shell:Creating package script '/home/lzy/ros2/ros2_study/install/robot_state_pub_interface/share/robot_state_pub_interface/package.bash'
[3.272s] INFO:colcon.colcon_core.shell:Creating package script '/home/lzy/ros2/ros2_study/install/robot_state_pub_interface/share/robot_state_pub_interface/package.zsh'
[3.273s] Level 1:colcon.colcon_core.environment:create_file_with_runtime_dependencies(/home/lzy/ros2/ros2_study/install/robot_state_pub_interface/share/colcon-core/packages/robot_state_pub_interface)
[3.273s] INFO:colcon.colcon_ros.task.ament_cmake.build:Building ROS package in '/home/lzy/ros2/ros2_study/src/lqr_controller' with build type 'ament_cmake'
[3.273s] INFO:colcon.colcon_cmake.task.cmake.build:Building CMake package in '/home/lzy/ros2/ros2_study/src/lqr_controller'
[3.273s] INFO:colcon.colcon_core.shell:Skip shell extension 'powershell' for command environment: Not usable outside of PowerShell
[3.273s] DEBUG:colcon.colcon_core.shell:Skip shell extension 'dsv' for command environment
[3.282s] DEBUG:colcon.colcon_core.event_handler.log_command:Invoking command in '/home/lzy/ros2/ros2_study/build/lqr_controller': AMENT_PREFIX_PATH=/home/lzy/ros2/ros2_study/install/robot_state_pub_interface:${AMENT_PREFIX_PATH} CMAKE_PREFIX_PATH=/home/lzy/ros2/ros2_study/install/robot_state_pub_interface:/opt/ros/humble LD_LIBRARY_PATH=/home/lzy/ros2/ros2_study/install/robot_state_pub_interface/lib:${LD_LIBRARY_PATH} PYTHONPATH=/home/lzy/ros2/ros2_study/install/robot_state_pub_interface/local/lib/python3.10/dist-packages:${PYTHONPATH} /usr/bin/cmake /home/lzy/ros2/ros2_study/src/lqr_controller -DCMAKE_INSTALL_PREFIX=/home/lzy/ros2/ros2_study/install/lqr_controller
[4.753s] DEBUG:colcon.colcon_core.event_handler.log_command:Invoked command in '/home/lzy/ros2/ros2_study/build/lqr_controller' returned '0': AMENT_PREFIX_PATH=/home/lzy/ros2/ros2_study/install/robot_state_pub_interface:${AMENT_PREFIX_PATH} CMAKE_PREFIX_PATH=/home/lzy/ros2/ros2_study/install/robot_state_pub_interface:/opt/ros/humble LD_LIBRARY_PATH=/home/lzy/ros2/ros2_study/install/robot_state_pub_interface/lib:${LD_LIBRARY_PATH} PYTHONPATH=/home/lzy/ros2/ros2_study/install/robot_state_pub_interface/local/lib/python3.10/dist-packages:${PYTHONPATH} /usr/bin/cmake /home/lzy/ros2/ros2_study/src/lqr_controller -DCMAKE_INSTALL_PREFIX=/home/lzy/ros2/ros2_study/install/lqr_controller
[4.755s] DEBUG:colcon.colcon_core.event_handler.log_command:Invoking command in '/home/lzy/ros2/ros2_study/build/lqr_controller': AMENT_PREFIX_PATH=/home/lzy/ros2/ros2_study/install/robot_state_pub_interface:${AMENT_PREFIX_PATH} CMAKE_PREFIX_PATH=/home/lzy/ros2/ros2_study/install/robot_state_pub_interface:/opt/ros/humble LD_LIBRARY_PATH=/home/lzy/ros2/ros2_study/install/robot_state_pub_interface/lib:${LD_LIBRARY_PATH} PYTHONPATH=/home/lzy/ros2/ros2_study/install/robot_state_pub_interface/local/lib/python3.10/dist-packages:${PYTHONPATH} /usr/bin/cmake --build /home/lzy/ros2/ros2_study/build/lqr_controller -- -j4 -l4
[18.768s] DEBUG:colcon.colcon_core.event_handler.log_command:Invoked command in '/home/lzy/ros2/ros2_study/build/lqr_controller' returned '0': AMENT_PREFIX_PATH=/home/lzy/ros2/ros2_study/install/robot_state_pub_interface:${AMENT_PREFIX_PATH} CMAKE_PREFIX_PATH=/home/lzy/ros2/ros2_study/install/robot_state_pub_interface:/opt/ros/humble LD_LIBRARY_PATH=/home/lzy/ros2/ros2_study/install/robot_state_pub_interface/lib:${LD_LIBRARY_PATH} PYTHONPATH=/home/lzy/ros2/ros2_study/install/robot_state_pub_interface/local/lib/python3.10/dist-packages:${PYTHONPATH} /usr/bin/cmake --build /home/lzy/ros2/ros2_study/build/lqr_controller -- -j4 -l4
[18.770s] DEBUG:colcon.colcon_core.event_handler.log_command:Invoking command in '/home/lzy/ros2/ros2_study/build/lqr_controller': AMENT_PREFIX_PATH=/home/lzy/ros2/ros2_study/install/robot_state_pub_interface:${AMENT_PREFIX_PATH} CMAKE_PREFIX_PATH=/home/lzy/ros2/ros2_study/install/robot_state_pub_interface:/opt/ros/humble LD_LIBRARY_PATH=/home/lzy/ros2/ros2_study/install/robot_state_pub_interface/lib:${LD_LIBRARY_PATH} PYTHONPATH=/home/lzy/ros2/ros2_study/install/robot_state_pub_interface/local/lib/python3.10/dist-packages:${PYTHONPATH} /usr/bin/cmake --install /home/lzy/ros2/ros2_study/build/lqr_controller
[18.802s] Level 1:colcon.colcon_core.environment:create_environment_scripts_only(lqr_controller)
[18.802s] Level 1:colcon.colcon_core.environment:checking '/home/lzy/ros2/ros2_study/install/lqr_controller' for CMake module files
[18.803s] DEBUG:colcon.colcon_core.event_handler.log_command:Invoked command in '/home/lzy/ros2/ros2_study/build/lqr_controller' returned '0': AMENT_PREFIX_PATH=/home/lzy/ros2/ros2_study/install/robot_state_pub_interface:${AMENT_PREFIX_PATH} CMAKE_PREFIX_PATH=/home/lzy/ros2/ros2_study/install/robot_state_pub_interface:/opt/ros/humble LD_LIBRARY_PATH=/home/lzy/ros2/ros2_study/install/robot_state_pub_interface/lib:${LD_LIBRARY_PATH} PYTHONPATH=/home/lzy/ros2/ros2_study/install/robot_state_pub_interface/local/lib/python3.10/dist-packages:${PYTHONPATH} /usr/bin/cmake --install /home/lzy/ros2/ros2_study/build/lqr_controller
[18.803s] Level 1:colcon.colcon_core.environment:checking '/home/lzy/ros2/ros2_study/install/lqr_controller' for CMake config files
[18.803s] Level 1:colcon.colcon_core.shell:create_environment_hook('lqr_controller', 'cmake_prefix_path')
[18.803s] INFO:colcon.colcon_core.shell:Creating environment hook '/home/lzy/ros2/ros2_study/install/lqr_controller/share/lqr_controller/hook/cmake_prefix_path.ps1'
[18.803s] INFO:colcon.colcon_core.shell:Creating environment descriptor '/home/lzy/ros2/ros2_study/install/lqr_controller/share/lqr_controller/hook/cmake_prefix_path.dsv'
[18.804s] INFO:colcon.colcon_core.shell:Creating environment hook '/home/lzy/ros2/ros2_study/install/lqr_controller/share/lqr_controller/hook/cmake_prefix_path.sh'
[18.804s] Level 1:colcon.colcon_core.environment:checking '/home/lzy/ros2/ros2_study/install/lqr_controller/lib'
[18.804s] Level 1:colcon.colcon_core.shell:create_environment_hook('lqr_controller', 'ld_library_path_lib')
[18.804s] INFO:colcon.colcon_core.shell:Creating environment hook '/home/lzy/ros2/ros2_study/install/lqr_controller/share/lqr_controller/hook/ld_library_path_lib.ps1'
[18.804s] INFO:colcon.colcon_core.shell:Creating environment descriptor '/home/lzy/ros2/ros2_study/install/lqr_controller/share/lqr_controller/hook/ld_library_path_lib.dsv'
[18.805s] INFO:colcon.colcon_core.shell:Creating environment hook '/home/lzy/ros2/ros2_study/install/lqr_controller/share/lqr_controller/hook/ld_library_path_lib.sh'
[18.805s] Level 1:colcon.colcon_core.environment:checking '/home/lzy/ros2/ros2_study/install/lqr_controller/bin'
[18.805s] Level 1:colcon.colcon_core.environment:checking '/home/lzy/ros2/ros2_study/install/lqr_controller/lib/pkgconfig/lqr_controller.pc'
[18.805s] Level 1:colcon.colcon_core.environment:checking '/home/lzy/ros2/ros2_study/install/lqr_controller/lib/python3.10/site-packages'
[18.805s] Level 1:colcon.colcon_core.environment:checking '/home/lzy/ros2/ros2_study/install/lqr_controller/bin'
[18.805s] INFO:colcon.colcon_core.shell:Creating package script '/home/lzy/ros2/ros2_study/install/lqr_controller/share/lqr_controller/package.ps1'
[18.805s] INFO:colcon.colcon_core.shell:Creating package descriptor '/home/lzy/ros2/ros2_study/install/lqr_controller/share/lqr_controller/package.dsv'
[18.806s] INFO:colcon.colcon_core.shell:Creating package script '/home/lzy/ros2/ros2_study/install/lqr_controller/share/lqr_controller/package.sh'
[18.806s] INFO:colcon.colcon_core.shell:Creating package script '/home/lzy/ros2/ros2_study/install/lqr_controller/share/lqr_controller/package.bash'
[18.806s] INFO:colcon.colcon_core.shell:Creating package script '/home/lzy/ros2/ros2_study/install/lqr_controller/share/lqr_controller/package.zsh'
[18.806s] Level 1:colcon.colcon_core.environment:create_file_with_runtime_dependencies(/home/lzy/ros2/ros2_study/install/lqr_controller/share/colcon-core/packages/lqr_controller)
[18.807s] Level 1:colcon.colcon_core.environment:create_environment_scripts_only(lqr_controller)
[18.807s] Level 1:colcon.colcon_core.environment:checking '/home/lzy/ros2/ros2_study/install/lqr_controller' for CMake module files
[18.807s] Level 1:colcon.colcon_core.environment:checking '/home/lzy/ros2/ros2_study/install/lqr_controller' for CMake config files
[18.807s] Level 1:colcon.colcon_core.shell:create_environment_hook('lqr_controller', 'cmake_prefix_path')
[18.807s] INFO:colcon.colcon_core.shell:Creating environment hook '/home/lzy/ros2/ros2_study/install/lqr_controller/share/lqr_controller/hook/cmake_prefix_path.ps1'
[18.807s] INFO:colcon.colcon_core.shell:Creating environment descriptor '/home/lzy/ros2/ros2_study/install/lqr_controller/share/lqr_controller/hook/cmake_prefix_path.dsv'
[18.808s] INFO:colcon.colcon_core.shell:Creating environment hook '/home/lzy/ros2/ros2_study/install/lqr_controller/share/lqr_controller/hook/cmake_prefix_path.sh'
[18.808s] Level 1:colcon.colcon_core.environment:checking '/home/lzy/ros2/ros2_study/install/lqr_controller/lib'
[18.808s] Level 1:colcon.colcon_core.shell:create_environment_hook('lqr_controller', 'ld_library_path_lib')
[18.808s] INFO:colcon.colcon_core.shell:Creating environment hook '/home/lzy/ros2/ros2_study/install/lqr_controller/share/lqr_controller/hook/ld_library_path_lib.ps1'
[18.809s] INFO:colcon.colcon_core.shell:Creating environment descriptor '/home/lzy/ros2/ros2_study/install/lqr_controller/share/lqr_controller/hook/ld_library_path_lib.dsv'
[18.809s] INFO:colcon.colcon_core.shell:Creating environment hook '/home/lzy/ros2/ros2_study/install/lqr_controller/share/lqr_controller/hook/ld_library_path_lib.sh'
[18.809s] Level 1:colcon.colcon_core.environment:checking '/home/lzy/ros2/ros2_study/install/lqr_controller/bin'
[18.809s] Level 1:colcon.colcon_core.environment:checking '/home/lzy/ros2/ros2_study/install/lqr_controller/lib/pkgconfig/lqr_controller.pc'
[18.809s] Level 1:colcon.colcon_core.environment:checking '/home/lzy/ros2/ros2_study/install/lqr_controller/lib/python3.10/site-packages'
[18.809s] Level 1:colcon.colcon_core.environment:checking '/home/lzy/ros2/ros2_study/install/lqr_controller/bin'
[18.809s] INFO:colcon.colcon_core.shell:Creating package script '/home/lzy/ros2/ros2_study/install/lqr_controller/share/lqr_controller/package.ps1'
[18.810s] INFO:colcon.colcon_core.shell:Creating package descriptor '/home/lzy/ros2/ros2_study/install/lqr_controller/share/lqr_controller/package.dsv'
[18.810s] INFO:colcon.colcon_core.shell:Creating package script '/home/lzy/ros2/ros2_study/install/lqr_controller/share/lqr_controller/package.sh'
[18.810s] INFO:colcon.colcon_core.shell:Creating package script '/home/lzy/ros2/ros2_study/install/lqr_controller/share/lqr_controller/package.bash'
[18.811s] INFO:colcon.colcon_core.shell:Creating package script '/home/lzy/ros2/ros2_study/install/lqr_controller/share/lqr_controller/package.zsh'
[18.811s] Level 1:colcon.colcon_core.environment:create_file_with_runtime_dependencies(/home/lzy/ros2/ros2_study/install/lqr_controller/share/colcon-core/packages/lqr_controller)
[18.811s] INFO:colcon.colcon_ros.task.ament_cmake.build:Building ROS package in '/home/lzy/ros2/ros2_study/src/robot_description_pkg' with build type 'ament_cmake'
[18.811s] INFO:colcon.colcon_cmake.task.cmake.build:Building CMake package in '/home/lzy/ros2/ros2_study/src/robot_description_pkg'
[18.811s] INFO:colcon.colcon_core.shell:Skip shell extension 'powershell' for command environment: Not usable outside of PowerShell
[18.811s] DEBUG:colcon.colcon_core.shell:Skip shell extension 'dsv' for command environment
[18.827s] DEBUG:colcon.colcon_core.event_handler.log_command:Invoking command in '/home/lzy/ros2/ros2_study/build/robot_description_pkg': AMENT_PREFIX_PATH=/home/lzy/ros2/ros2_study/install/lqr_controller:/home/lzy/ros2/ros2_study/install/robot_state_pub_interface:${AMENT_PREFIX_PATH} CMAKE_PREFIX_PATH=/home/lzy/ros2/ros2_study/install/lqr_controller:/home/lzy/ros2/ros2_study/install/robot_state_pub_interface:/opt/ros/humble LD_LIBRARY_PATH=/home/lzy/ros2/ros2_study/install/lqr_controller/lib:/home/lzy/ros2/ros2_study/install/robot_state_pub_interface/lib:${LD_LIBRARY_PATH} PYTHONPATH=/home/lzy/ros2/ros2_study/install/robot_state_pub_interface/local/lib/python3.10/dist-packages:${PYTHONPATH} /usr/bin/cmake /home/lzy/ros2/ros2_study/src/robot_description_pkg -DCMAKE_INSTALL_PREFIX=/home/lzy/ros2/ros2_study/install/robot_description_pkg
[19.962s] DEBUG:colcon.colcon_core.event_handler.log_command:Invoked command in '/home/lzy/ros2/ros2_study/build/robot_description_pkg' returned '0': AMENT_PREFIX_PATH=/home/lzy/ros2/ros2_study/install/lqr_controller:/home/lzy/ros2/ros2_study/install/robot_state_pub_interface:${AMENT_PREFIX_PATH} CMAKE_PREFIX_PATH=/home/lzy/ros2/ros2_study/install/lqr_controller:/home/lzy/ros2/ros2_study/install/robot_state_pub_interface:/opt/ros/humble LD_LIBRARY_PATH=/home/lzy/ros2/ros2_study/install/lqr_controller/lib:/home/lzy/ros2/ros2_study/install/robot_state_pub_interface/lib:${LD_LIBRARY_PATH} PYTHONPATH=/home/lzy/ros2/ros2_study/install/robot_state_pub_interface/local/lib/python3.10/dist-packages:${PYTHONPATH} /usr/bin/cmake /home/lzy/ros2/ros2_study/src/robot_description_pkg -DCMAKE_INSTALL_PREFIX=/home/lzy/ros2/ros2_study/install/robot_description_pkg
[19.964s] DEBUG:colcon.colcon_core.event_handler.log_command:Invoking command in '/home/lzy/ros2/ros2_study/build/robot_description_pkg': AMENT_PREFIX_PATH=/home/lzy/ros2/ros2_study/install/lqr_controller:/home/lzy/ros2/ros2_study/install/robot_state_pub_interface:${AMENT_PREFIX_PATH} CMAKE_PREFIX_PATH=/home/lzy/ros2/ros2_study/install/lqr_controller:/home/lzy/ros2/ros2_study/install/robot_state_pub_interface:/opt/ros/humble LD_LIBRARY_PATH=/home/lzy/ros2/ros2_study/install/lqr_controller/lib:/home/lzy/ros2/ros2_study/install/robot_state_pub_interface/lib:${LD_LIBRARY_PATH} PYTHONPATH=/home/lzy/ros2/ros2_study/install/robot_state_pub_interface/local/lib/python3.10/dist-packages:${PYTHONPATH} /usr/bin/cmake --build /home/lzy/ros2/ros2_study/build/robot_description_pkg -- -j4 -l4
[19.996s] DEBUG:colcon.colcon_core.event_handler.log_command:Invoked command in '/home/lzy/ros2/ros2_study/build/robot_description_pkg' returned '0': AMENT_PREFIX_PATH=/home/lzy/ros2/ros2_study/install/lqr_controller:/home/lzy/ros2/ros2_study/install/robot_state_pub_interface:${AMENT_PREFIX_PATH} CMAKE_PREFIX_PATH=/home/lzy/ros2/ros2_study/install/lqr_controller:/home/lzy/ros2/ros2_study/install/robot_state_pub_interface:/opt/ros/humble LD_LIBRARY_PATH=/home/lzy/ros2/ros2_study/install/lqr_controller/lib:/home/lzy/ros2/ros2_study/install/robot_state_pub_interface/lib:${LD_LIBRARY_PATH} PYTHONPATH=/home/lzy/ros2/ros2_study/install/robot_state_pub_interface/local/lib/python3.10/dist-packages:${PYTHONPATH} /usr/bin/cmake --build /home/lzy/ros2/ros2_study/build/robot_description_pkg -- -j4 -l4
[19.998s] DEBUG:colcon.colcon_core.event_handler.log_command:Invoking command in '/home/lzy/ros2/ros2_study/build/robot_description_pkg': AMENT_PREFIX_PATH=/home/lzy/ros2/ros2_study/install/lqr_controller:/home/lzy/ros2/ros2_study/install/robot_state_pub_interface:${AMENT_PREFIX_PATH} CMAKE_PREFIX_PATH=/home/lzy/ros2/ros2_study/install/lqr_controller:/home/lzy/ros2/ros2_study/install/robot_state_pub_interface:/opt/ros/humble LD_LIBRARY_PATH=/home/lzy/ros2/ros2_study/install/lqr_controller/lib:/home/lzy/ros2/ros2_study/install/robot_state_pub_interface/lib:${LD_LIBRARY_PATH} PYTHONPATH=/home/lzy/ros2/ros2_study/install/robot_state_pub_interface/local/lib/python3.10/dist-packages:${PYTHONPATH} /usr/bin/cmake --install /home/lzy/ros2/ros2_study/build/robot_description_pkg
[20.008s] Level 1:colcon.colcon_core.environment:create_environment_scripts_only(robot_description_pkg)
[20.008s] Level 1:colcon.colcon_core.environment:checking '/home/lzy/ros2/ros2_study/install/robot_description_pkg' for CMake module files
[20.008s] Level 1:colcon.colcon_core.environment:checking '/home/lzy/ros2/ros2_study/install/robot_description_pkg' for CMake config files
[20.008s] Level 1:colcon.colcon_core.shell:create_environment_hook('robot_description_pkg', 'cmake_prefix_path')
[20.008s] INFO:colcon.colcon_core.shell:Creating environment hook '/home/lzy/ros2/ros2_study/install/robot_description_pkg/share/robot_description_pkg/hook/cmake_prefix_path.ps1'
[20.009s] DEBUG:colcon.colcon_core.event_handler.log_command:Invoked command in '/home/lzy/ros2/ros2_study/build/robot_description_pkg' returned '0': AMENT_PREFIX_PATH=/home/lzy/ros2/ros2_study/install/lqr_controller:/home/lzy/ros2/ros2_study/install/robot_state_pub_interface:${AMENT_PREFIX_PATH} CMAKE_PREFIX_PATH=/home/lzy/ros2/ros2_study/install/lqr_controller:/home/lzy/ros2/ros2_study/install/robot_state_pub_interface:/opt/ros/humble LD_LIBRARY_PATH=/home/lzy/ros2/ros2_study/install/lqr_controller/lib:/home/lzy/ros2/ros2_study/install/robot_state_pub_interface/lib:${LD_LIBRARY_PATH} PYTHONPATH=/home/lzy/ros2/ros2_study/install/robot_state_pub_interface/local/lib/python3.10/dist-packages:${PYTHONPATH} /usr/bin/cmake --install /home/lzy/ros2/ros2_study/build/robot_description_pkg
[20.009s] INFO:colcon.colcon_core.shell:Creating environment descriptor '/home/lzy/ros2/ros2_study/install/robot_description_pkg/share/robot_description_pkg/hook/cmake_prefix_path.dsv'
[20.009s] INFO:colcon.colcon_core.shell:Creating environment hook '/home/lzy/ros2/ros2_study/install/robot_description_pkg/share/robot_description_pkg/hook/cmake_prefix_path.sh'
[20.009s] Level 1:colcon.colcon_core.environment:checking '/home/lzy/ros2/ros2_study/install/robot_description_pkg/bin'
[20.009s] Level 1:colcon.colcon_core.environment:checking '/home/lzy/ros2/ros2_study/install/robot_description_pkg/lib/pkgconfig/robot_description_pkg.pc'
[20.009s] Level 1:colcon.colcon_core.environment:checking '/home/lzy/ros2/ros2_study/install/robot_description_pkg/lib/python3.10/site-packages'
[20.010s] Level 1:colcon.colcon_core.environment:checking '/home/lzy/ros2/ros2_study/install/robot_description_pkg/bin'
[20.010s] INFO:colcon.colcon_core.shell:Creating package script '/home/lzy/ros2/ros2_study/install/robot_description_pkg/share/robot_description_pkg/package.ps1'
[20.010s] INFO:colcon.colcon_core.shell:Creating package descriptor '/home/lzy/ros2/ros2_study/install/robot_description_pkg/share/robot_description_pkg/package.dsv'
[20.011s] INFO:colcon.colcon_core.shell:Creating package script '/home/lzy/ros2/ros2_study/install/robot_description_pkg/share/robot_description_pkg/package.sh'
[20.011s] INFO:colcon.colcon_core.shell:Creating package script '/home/lzy/ros2/ros2_study/install/robot_description_pkg/share/robot_description_pkg/package.bash'
[20.011s] INFO:colcon.colcon_core.shell:Creating package script '/home/lzy/ros2/ros2_study/install/robot_description_pkg/share/robot_description_pkg/package.zsh'
[20.011s] Level 1:colcon.colcon_core.environment:create_file_with_runtime_dependencies(/home/lzy/ros2/ros2_study/install/robot_description_pkg/share/colcon-core/packages/robot_description_pkg)
[20.011s] Level 1:colcon.colcon_core.environment:create_environment_scripts_only(robot_description_pkg)
[20.011s] Level 1:colcon.colcon_core.environment:checking '/home/lzy/ros2/ros2_study/install/robot_description_pkg' for CMake module files
[20.011s] Level 1:colcon.colcon_core.environment:checking '/home/lzy/ros2/ros2_study/install/robot_description_pkg' for CMake config files
[20.012s] Level 1:colcon.colcon_core.shell:create_environment_hook('robot_description_pkg', 'cmake_prefix_path')
[20.012s] INFO:colcon.colcon_core.shell:Creating environment hook '/home/lzy/ros2/ros2_study/install/robot_description_pkg/share/robot_description_pkg/hook/cmake_prefix_path.ps1'
[20.012s] INFO:colcon.colcon_core.shell:Creating environment descriptor '/home/lzy/ros2/ros2_study/install/robot_description_pkg/share/robot_description_pkg/hook/cmake_prefix_path.dsv'
[20.012s] INFO:colcon.colcon_core.shell:Creating environment hook '/home/lzy/ros2/ros2_study/install/robot_description_pkg/share/robot_description_pkg/hook/cmake_prefix_path.sh'
[20.013s] Level 1:colcon.colcon_core.environment:checking '/home/lzy/ros2/ros2_study/install/robot_description_pkg/bin'
[20.013s] Level 1:colcon.colcon_core.environment:checking '/home/lzy/ros2/ros2_study/install/robot_description_pkg/lib/pkgconfig/robot_description_pkg.pc'
[20.013s] Level 1:colcon.colcon_core.environment:checking '/home/lzy/ros2/ros2_study/install/robot_description_pkg/lib/python3.10/site-packages'
[20.013s] Level 1:colcon.colcon_core.environment:checking '/home/lzy/ros2/ros2_study/install/robot_description_pkg/bin'
[20.013s] INFO:colcon.colcon_core.shell:Creating package script '/home/lzy/ros2/ros2_study/install/robot_description_pkg/share/robot_description_pkg/package.ps1'
[20.014s] INFO:colcon.colcon_core.shell:Creating package descriptor '/home/lzy/ros2/ros2_study/install/robot_description_pkg/share/robot_description_pkg/package.dsv'
[20.014s] INFO:colcon.colcon_core.shell:Creating package script '/home/lzy/ros2/ros2_study/install/robot_description_pkg/share/robot_description_pkg/package.sh'
[20.014s] INFO:colcon.colcon_core.shell:Creating package script '/home/lzy/ros2/ros2_study/install/robot_description_pkg/share/robot_description_pkg/package.bash'
[20.014s] INFO:colcon.colcon_core.shell:Creating package script '/home/lzy/ros2/ros2_study/install/robot_description_pkg/share/robot_description_pkg/package.zsh'
[20.015s] Level 1:colcon.colcon_core.environment:create_file_with_runtime_dependencies(/home/lzy/ros2/ros2_study/install/robot_description_pkg/share/colcon-core/packages/robot_description_pkg)
[20.015s] DEBUG:colcon.colcon_parallel_executor.executor.parallel:closing loop
[20.016s] DEBUG:colcon.colcon_parallel_executor.executor.parallel:loop closed
[20.016s] DEBUG:colcon.colcon_parallel_executor.executor.parallel:run_until_complete finished with '0'
[20.016s] DEBUG:colcon.colcon_core.event_reactor:joining thread
[20.024s] INFO:colcon.colcon_core.plugin_system:Skipping extension 'colcon_notification.desktop_notification.terminal_notifier': Not used on non-Darwin systems
[20.024s] INFO:colcon.colcon_core.plugin_system:Skipping extension 'colcon_notification.desktop_notification.win32': Not used on non-Windows systems
[20.024s] INFO:colcon.colcon_notification.desktop_notification:Sending desktop notification using 'notify2'
[20.036s] DEBUG:colcon.colcon_core.event_reactor:joined thread
[20.037s] INFO:colcon.colcon_core.shell:Creating prefix script '/home/lzy/ros2/ros2_study/install/local_setup.ps1'
[20.038s] INFO:colcon.colcon_core.shell:Creating prefix util module '/home/lzy/ros2/ros2_study/install/_local_setup_util_ps1.py'
[20.040s] INFO:colcon.colcon_core.shell:Creating prefix chain script '/home/lzy/ros2/ros2_study/install/setup.ps1'
[20.042s] INFO:colcon.colcon_core.shell:Creating prefix script '/home/lzy/ros2/ros2_study/install/local_setup.sh'
[20.042s] INFO:colcon.colcon_core.shell:Creating prefix util module '/home/lzy/ros2/ros2_study/install/_local_setup_util_sh.py'
[20.042s] INFO:colcon.colcon_core.shell:Creating prefix chain script '/home/lzy/ros2/ros2_study/install/setup.sh'
[20.043s] INFO:colcon.colcon_core.shell:Creating prefix script '/home/lzy/ros2/ros2_study/install/local_setup.bash'
[20.044s] INFO:colcon.colcon_core.shell:Creating prefix chain script '/home/lzy/ros2/ros2_study/install/setup.bash'
[20.044s] INFO:colcon.colcon_core.shell:Creating prefix script '/home/lzy/ros2/ros2_study/install/local_setup.zsh'
[20.045s] INFO:colcon.colcon_core.shell:Creating prefix chain script '/home/lzy/ros2/ros2_study/install/setup.zsh'
