[0.015s] Invoking command in '/home/lzy/ros2/ros2_study/build/robot_description_pkg': AMENT_PREFIX_PATH=/home/lzy/ros2/ros2_study/install/lqr_controller:/home/lzy/ros2/ros2_study/install/robot_state_pub_interface:${AMENT_PREFIX_PATH} CMAKE_PREFIX_PATH=/home/lzy/ros2/ros2_study/install/lqr_controller:/home/lzy/ros2/ros2_study/install/robot_state_pub_interface:/opt/ros/humble LD_LIBRARY_PATH=/home/lzy/ros2/ros2_study/install/lqr_controller/lib:/home/lzy/ros2/ros2_study/install/robot_state_pub_interface/lib:${LD_LIBRARY_PATH} PYTHONPATH=/home/lzy/ros2/ros2_study/install/robot_state_pub_interface/local/lib/python3.10/dist-packages:${PYTHONPATH} /usr/bin/cmake /home/lzy/ros2/ros2_study/src/robot_description_pkg -DCMAKE_INSTALL_PREFIX=/home/lzy/ros2/ros2_study/install/robot_description_pkg
[0.059s] -- The C compiler identification is GNU 11.4.0
[0.105s] -- The CXX compiler identification is GNU 11.4.0
[0.110s] -- Detecting C compiler ABI info
[0.171s] -- Detecting C compiler ABI info - done
[0.175s] -- Check for working C compiler: /usr/bin/cc - skipped
[0.175s] -- Detecting C compile features
[0.175s] -- Detecting C compile features - done
[0.176s] -- Detecting CXX compiler ABI info
[0.257s] -- Detecting CXX compiler ABI info - done
[0.262s] -- Check for working CXX compiler: /usr/bin/c++ - skipped
[0.262s] -- Detecting CXX compile features
[0.263s] -- Detecting CXX compile features - done
[0.264s] -- Found ament_cmake: 1.3.11 (/opt/ros/humble/share/ament_cmake/cmake)
[0.402s] -- Found Python3: /usr/bin/python3 (found version "3.10.12") found components: Interpreter 
[0.467s] -- Found lqr_controller: 0.0.0 (/home/lzy/ros2/ros2_study/install/lqr_controller/share/lqr_controller/cmake)
[0.506s] -- Found rosidl_generator_c: 3.1.6 (/opt/ros/humble/share/rosidl_generator_c/cmake)
[0.507s] -- Found rosidl_adapter: 3.1.6 (/opt/ros/humble/share/rosidl_adapter/cmake)
[0.512s] -- Found rosidl_generator_cpp: 3.1.6 (/opt/ros/humble/share/rosidl_generator_cpp/cmake)
[0.518s] -- Using all available rosidl_typesupport_c: rosidl_typesupport_fastrtps_c;rosidl_typesupport_introspection_c
[0.526s] -- Using all available rosidl_typesupport_cpp: rosidl_typesupport_fastrtps_cpp;rosidl_typesupport_introspection_cpp
[0.560s] -- Found rmw_implementation_cmake: 6.1.2 (/opt/ros/humble/share/rmw_implementation_cmake/cmake)
[0.562s] -- Found rmw_fastrtps_cpp: 6.2.7 (/opt/ros/humble/share/rmw_fastrtps_cpp/cmake)
[0.650s] -- Found OpenSSL: /usr/lib/x86_64-linux-gnu/libcrypto.so (found version "3.0.2")  
[0.666s] -- Found FastRTPS: /opt/ros/humble/include  
[0.692s] -- Using RMW implementation 'rmw_fastrtps_cpp' as default
[0.701s] -- Looking for pthread.h
[0.761s] -- Looking for pthread.h - found
[0.761s] -- Performing Test CMAKE_HAVE_LIBC_PTHREAD
[0.827s] -- Performing Test CMAKE_HAVE_LIBC_PTHREAD - Success
[0.828s] -- Found Threads: TRUE  
[1.058s] -- Found eigen3_cmake_module: 0.1.1 (/opt/ros/humble/share/eigen3_cmake_module/cmake)
[1.060s] -- Found Eigen3: TRUE (found version "3.4.0") 
[1.060s] -- Ensuring Eigen3 include directory is part of orocos-kdl CMake target
[1.070s] -- Found ament_lint_auto: 0.12.12 (/opt/ros/humble/share/ament_lint_auto/cmake)
[1.131s] -- Added test 'flake8' to check Python code syntax and style conventions
[1.131s] -- Added test 'lint_cmake' to check CMake code style
[1.132s] -- Added test 'pep257' to check Python code against some of the docstring style conventions in PEP 257
[1.133s] -- Added test 'xmllint' to check XML markup files
[1.134s] -- Configuring done
[1.138s] -- Generating done
[1.140s] -- Build files have been written to: /home/lzy/ros2/ros2_study/build/robot_description_pkg
[1.149s] Invoked command in '/home/lzy/ros2/ros2_study/build/robot_description_pkg' returned '0': AMENT_PREFIX_PATH=/home/lzy/ros2/ros2_study/install/lqr_controller:/home/lzy/ros2/ros2_study/install/robot_state_pub_interface:${AMENT_PREFIX_PATH} CMAKE_PREFIX_PATH=/home/lzy/ros2/ros2_study/install/lqr_controller:/home/lzy/ros2/ros2_study/install/robot_state_pub_interface:/opt/ros/humble LD_LIBRARY_PATH=/home/lzy/ros2/ros2_study/install/lqr_controller/lib:/home/lzy/ros2/ros2_study/install/robot_state_pub_interface/lib:${LD_LIBRARY_PATH} PYTHONPATH=/home/lzy/ros2/ros2_study/install/robot_state_pub_interface/local/lib/python3.10/dist-packages:${PYTHONPATH} /usr/bin/cmake /home/lzy/ros2/ros2_study/src/robot_description_pkg -DCMAKE_INSTALL_PREFIX=/home/lzy/ros2/ros2_study/install/robot_description_pkg
[1.152s] Invoking command in '/home/lzy/ros2/ros2_study/build/robot_description_pkg': AMENT_PREFIX_PATH=/home/lzy/ros2/ros2_study/install/lqr_controller:/home/lzy/ros2/ros2_study/install/robot_state_pub_interface:${AMENT_PREFIX_PATH} CMAKE_PREFIX_PATH=/home/lzy/ros2/ros2_study/install/lqr_controller:/home/lzy/ros2/ros2_study/install/robot_state_pub_interface:/opt/ros/humble LD_LIBRARY_PATH=/home/lzy/ros2/ros2_study/install/lqr_controller/lib:/home/lzy/ros2/ros2_study/install/robot_state_pub_interface/lib:${LD_LIBRARY_PATH} PYTHONPATH=/home/lzy/ros2/ros2_study/install/robot_state_pub_interface/local/lib/python3.10/dist-packages:${PYTHONPATH} /usr/bin/cmake --build /home/lzy/ros2/ros2_study/build/robot_description_pkg -- -j4 -l4
[1.183s] Invoked command in '/home/lzy/ros2/ros2_study/build/robot_description_pkg' returned '0': AMENT_PREFIX_PATH=/home/lzy/ros2/ros2_study/install/lqr_controller:/home/lzy/ros2/ros2_study/install/robot_state_pub_interface:${AMENT_PREFIX_PATH} CMAKE_PREFIX_PATH=/home/lzy/ros2/ros2_study/install/lqr_controller:/home/lzy/ros2/ros2_study/install/robot_state_pub_interface:/opt/ros/humble LD_LIBRARY_PATH=/home/lzy/ros2/ros2_study/install/lqr_controller/lib:/home/lzy/ros2/ros2_study/install/robot_state_pub_interface/lib:${LD_LIBRARY_PATH} PYTHONPATH=/home/lzy/ros2/ros2_study/install/robot_state_pub_interface/local/lib/python3.10/dist-packages:${PYTHONPATH} /usr/bin/cmake --build /home/lzy/ros2/ros2_study/build/robot_description_pkg -- -j4 -l4
[1.186s] Invoking command in '/home/lzy/ros2/ros2_study/build/robot_description_pkg': AMENT_PREFIX_PATH=/home/lzy/ros2/ros2_study/install/lqr_controller:/home/lzy/ros2/ros2_study/install/robot_state_pub_interface:${AMENT_PREFIX_PATH} CMAKE_PREFIX_PATH=/home/lzy/ros2/ros2_study/install/lqr_controller:/home/lzy/ros2/ros2_study/install/robot_state_pub_interface:/opt/ros/humble LD_LIBRARY_PATH=/home/lzy/ros2/ros2_study/install/lqr_controller/lib:/home/lzy/ros2/ros2_study/install/robot_state_pub_interface/lib:${LD_LIBRARY_PATH} PYTHONPATH=/home/lzy/ros2/ros2_study/install/robot_state_pub_interface/local/lib/python3.10/dist-packages:${PYTHONPATH} /usr/bin/cmake --install /home/lzy/ros2/ros2_study/build/robot_description_pkg
[1.191s] -- Install configuration: ""
[1.191s] -- Installing: /home/lzy/ros2/ros2_study/install/robot_description_pkg/share/robot_description_pkg/config
[1.191s] -- Installing: /home/lzy/ros2/ros2_study/install/robot_description_pkg/share/robot_description_pkg/config/balance_car_ros2_controller.yaml
[1.191s] -- Installing: /home/lzy/ros2/ros2_study/install/robot_description_pkg/share/robot_description_pkg/config/rviz2_default_config.rviz
[1.191s] -- Installing: /home/lzy/ros2/ros2_study/install/robot_description_pkg/share/robot_description_pkg/launch
[1.191s] -- Installing: /home/lzy/ros2/ros2_study/install/robot_description_pkg/share/robot_description_pkg/launch/robot_display.launch.py
[1.191s] -- Installing: /home/lzy/ros2/ros2_study/install/robot_description_pkg/share/robot_description_pkg/urdf
[1.192s] -- Installing: /home/lzy/ros2/ros2_study/install/robot_description_pkg/share/robot_description_pkg/urdf/balance_car.urdf.xacro
[1.192s] -- Installing: /home/lzy/ros2/ros2_study/install/robot_description_pkg/share/robot_description_pkg/urdf/base_link.urdf.xacro
[1.192s] -- Installing: /home/lzy/ros2/ros2_study/install/robot_description_pkg/share/robot_description_pkg/urdf/sensor
[1.192s] -- Installing: /home/lzy/ros2/ros2_study/install/robot_description_pkg/share/robot_description_pkg/urdf/sensor/camera_link.urdf.xacro
[1.192s] -- Installing: /home/lzy/ros2/ros2_study/install/robot_description_pkg/share/robot_description_pkg/urdf/sensor/imu_link.urdf.xacro
[1.192s] -- Installing: /home/lzy/ros2/ros2_study/install/robot_description_pkg/share/robot_description_pkg/urdf/common_inertia.xacro
[1.192s] -- Installing: /home/lzy/ros2/ros2_study/install/robot_description_pkg/share/robot_description_pkg/urdf/actor
[1.193s] -- Installing: /home/lzy/ros2/ros2_study/install/robot_description_pkg/share/robot_description_pkg/urdf/actor/wheel_link.urdf.xacro
[1.193s] -- Installing: /home/lzy/ros2/ros2_study/install/robot_description_pkg/share/robot_description_pkg/urdf/leg_link.urdf.xacro
[1.193s] -- Installing: /home/lzy/ros2/ros2_study/install/robot_description_pkg/share/robot_description_pkg/urdf/balance_car.ros2_control.xacro
[1.193s] -- Installing: /home/lzy/ros2/ros2_study/install/robot_description_pkg/share/robot_description_pkg/plugins
[1.193s] -- Installing: /home/lzy/ros2/ros2_study/install/robot_description_pkg/share/robot_description_pkg/plugins/gazebo_sensor_camera_plugin.xacro
[1.193s] -- Installing: /home/lzy/ros2/ros2_study/install/robot_description_pkg/share/robot_description_pkg/plugins/gazebo_sensor_imu.xacro
[1.193s] -- Installing: /home/lzy/ros2/ros2_study/install/robot_description_pkg/share/ament_index/resource_index/package_run_dependencies/robot_description_pkg
[1.194s] -- Installing: /home/lzy/ros2/ros2_study/install/robot_description_pkg/share/ament_index/resource_index/parent_prefix_path/robot_description_pkg
[1.194s] -- Installing: /home/lzy/ros2/ros2_study/install/robot_description_pkg/share/robot_description_pkg/environment/ament_prefix_path.sh
[1.194s] -- Installing: /home/lzy/ros2/ros2_study/install/robot_description_pkg/share/robot_description_pkg/environment/ament_prefix_path.dsv
[1.194s] -- Installing: /home/lzy/ros2/ros2_study/install/robot_description_pkg/share/robot_description_pkg/environment/path.sh
[1.194s] -- Installing: /home/lzy/ros2/ros2_study/install/robot_description_pkg/share/robot_description_pkg/environment/path.dsv
[1.194s] -- Installing: /home/lzy/ros2/ros2_study/install/robot_description_pkg/share/robot_description_pkg/local_setup.bash
[1.194s] -- Installing: /home/lzy/ros2/ros2_study/install/robot_description_pkg/share/robot_description_pkg/local_setup.sh
[1.194s] -- Installing: /home/lzy/ros2/ros2_study/install/robot_description_pkg/share/robot_description_pkg/local_setup.zsh
[1.194s] -- Installing: /home/lzy/ros2/ros2_study/install/robot_description_pkg/share/robot_description_pkg/local_setup.dsv
[1.194s] -- Installing: /home/lzy/ros2/ros2_study/install/robot_description_pkg/share/robot_description_pkg/package.dsv
[1.194s] -- Installing: /home/lzy/ros2/ros2_study/install/robot_description_pkg/share/ament_index/resource_index/packages/robot_description_pkg
[1.194s] -- Installing: /home/lzy/ros2/ros2_study/install/robot_description_pkg/share/robot_description_pkg/cmake/robot_description_pkgConfig.cmake
[1.194s] -- Installing: /home/lzy/ros2/ros2_study/install/robot_description_pkg/share/robot_description_pkg/cmake/robot_description_pkgConfig-version.cmake
[1.194s] -- Installing: /home/lzy/ros2/ros2_study/install/robot_description_pkg/share/robot_description_pkg/package.xml
[1.196s] Invoked command in '/home/lzy/ros2/ros2_study/build/robot_description_pkg' returned '0': AMENT_PREFIX_PATH=/home/lzy/ros2/ros2_study/install/lqr_controller:/home/lzy/ros2/ros2_study/install/robot_state_pub_interface:${AMENT_PREFIX_PATH} CMAKE_PREFIX_PATH=/home/lzy/ros2/ros2_study/install/lqr_controller:/home/lzy/ros2/ros2_study/install/robot_state_pub_interface:/opt/ros/humble LD_LIBRARY_PATH=/home/lzy/ros2/ros2_study/install/lqr_controller/lib:/home/lzy/ros2/ros2_study/install/robot_state_pub_interface/lib:${LD_LIBRARY_PATH} PYTHONPATH=/home/lzy/ros2/ros2_study/install/robot_state_pub_interface/local/lib/python3.10/dist-packages:${PYTHONPATH} /usr/bin/cmake --install /home/lzy/ros2/ros2_study/build/robot_description_pkg
