[0.157s] DEBUG:colcon:Command line arguments: ['/usr/bin/colcon', 'build']
[0.158s] DEBUG:colcon:Parsed command line arguments: Namespace(log_base=None, log_level=None, verb_name='build', build_base='build', install_base='install', merge_install=False, symlink_install=False, test_result_base=None, continue_on_error=False, executor='parallel', parallel_workers=4, event_handlers=None, ignore_user_meta=False, metas=['./colcon.meta'], base_paths=['.'], packages_ignore=None, packages_ignore_regex=None, paths=None, packages_up_to=None, packages_up_to_regex=None, packages_above=None, packages_above_and_dependencies=None, packages_above_depth=None, packages_select_by_dep=None, packages_skip_by_dep=None, packages_skip_up_to=None, packages_select_build_failed=False, packages_skip_build_finished=False, packages_select_test_failures=False, packages_skip_test_passed=False, packages_select=None, packages_skip=None, packages_select_regex=None, packages_skip_regex=None, packages_start=None, packages_end=None, allow_overriding=[], cmake_args=None, cmake_target=None, cmake_target_skip_unavailable=False, cmake_clean_cache=False, cmake_clean_first=False, cmake_force_configure=False, ament_cmake_args=None, catkin_cmake_args=None, catkin_skip_building_tests=False, verb_parser=<colcon_defaults.argument_parser.defaults.DefaultArgumentsDecorator object at 0x7316a5007af0>, verb_extension=<colcon_core.verb.build.BuildVerb object at 0x7316a5170310>, main=<bound method BuildVerb.main of <colcon_core.verb.build.BuildVerb object at 0x7316a5170310>>)
[0.370s] Level 1:colcon.colcon_core.package_discovery:discover_packages(colcon_meta) check parameters
[0.371s] Level 1:colcon.colcon_core.package_discovery:discover_packages(recursive) check parameters
[0.371s] Level 1:colcon.colcon_core.package_discovery:discover_packages(ignore) check parameters
[0.371s] Level 1:colcon.colcon_core.package_discovery:discover_packages(path) check parameters
[0.371s] Level 1:colcon.colcon_core.package_discovery:discover_packages(colcon_meta) discover
[0.371s] Level 1:colcon.colcon_core.package_discovery:discover_packages(recursive) discover
[0.371s] INFO:colcon.colcon_core.package_discovery:Crawling recursively for packages in '/home/lzy/ros2/ros2_study'
[0.371s] Level 1:colcon.colcon_core.package_identification:_identify(.) by extensions ['ignore', 'ignore_ament_install']
[0.371s] Level 1:colcon.colcon_core.package_identification:_identify(.) by extension 'ignore'
[0.371s] Level 1:colcon.colcon_core.package_identification:_identify(.) by extension 'ignore_ament_install'
[0.371s] Level 1:colcon.colcon_core.package_identification:_identify(.) by extensions ['colcon_pkg']
[0.371s] Level 1:colcon.colcon_core.package_identification:_identify(.) by extension 'colcon_pkg'
[0.371s] Level 1:colcon.colcon_core.package_identification:_identify(.) by extensions ['colcon_meta']
[0.371s] Level 1:colcon.colcon_core.package_identification:_identify(.) by extension 'colcon_meta'
[0.371s] Level 1:colcon.colcon_core.package_identification:_identify(.) by extensions ['ros']
[0.371s] Level 1:colcon.colcon_core.package_identification:_identify(.) by extension 'ros'
[0.380s] Level 1:colcon.colcon_core.package_identification:_identify(.) by extensions ['cmake', 'python']
[0.380s] Level 1:colcon.colcon_core.package_identification:_identify(.) by extension 'cmake'
[0.381s] Level 1:colcon.colcon_core.package_identification:_identify(.) by extension 'python'
[0.381s] Level 1:colcon.colcon_core.package_identification:_identify(.) by extensions ['python_setup_py']
[0.381s] Level 1:colcon.colcon_core.package_identification:_identify(.) by extension 'python_setup_py'
[0.381s] Level 1:colcon.colcon_core.package_identification:_identify(build) by extensions ['ignore', 'ignore_ament_install']
[0.381s] Level 1:colcon.colcon_core.package_identification:_identify(build) by extension 'ignore'
[0.381s] Level 1:colcon.colcon_core.package_identification:_identify(build) ignored
[0.381s] Level 1:colcon.colcon_core.package_identification:_identify(install) by extensions ['ignore', 'ignore_ament_install']
[0.381s] Level 1:colcon.colcon_core.package_identification:_identify(install) by extension 'ignore'
[0.381s] Level 1:colcon.colcon_core.package_identification:_identify(install) ignored
[0.381s] Level 1:colcon.colcon_core.package_identification:_identify(log) by extensions ['ignore', 'ignore_ament_install']
[0.381s] Level 1:colcon.colcon_core.package_identification:_identify(log) by extension 'ignore'
[0.381s] Level 1:colcon.colcon_core.package_identification:_identify(log) ignored
[0.381s] Level 1:colcon.colcon_core.package_identification:_identify(src) by extensions ['ignore', 'ignore_ament_install']
[0.381s] Level 1:colcon.colcon_core.package_identification:_identify(src) by extension 'ignore'
[0.381s] Level 1:colcon.colcon_core.package_identification:_identify(src) by extension 'ignore_ament_install'
[0.381s] Level 1:colcon.colcon_core.package_identification:_identify(src) by extensions ['colcon_pkg']
[0.381s] Level 1:colcon.colcon_core.package_identification:_identify(src) by extension 'colcon_pkg'
[0.381s] Level 1:colcon.colcon_core.package_identification:_identify(src) by extensions ['colcon_meta']
[0.381s] Level 1:colcon.colcon_core.package_identification:_identify(src) by extension 'colcon_meta'
[0.381s] Level 1:colcon.colcon_core.package_identification:_identify(src) by extensions ['ros']
[0.381s] Level 1:colcon.colcon_core.package_identification:_identify(src) by extension 'ros'
[0.381s] Level 1:colcon.colcon_core.package_identification:_identify(src) by extensions ['cmake', 'python']
[0.381s] Level 1:colcon.colcon_core.package_identification:_identify(src) by extension 'cmake'
[0.381s] Level 1:colcon.colcon_core.package_identification:_identify(src) by extension 'python'
[0.381s] Level 1:colcon.colcon_core.package_identification:_identify(src) by extensions ['python_setup_py']
[0.381s] Level 1:colcon.colcon_core.package_identification:_identify(src) by extension 'python_setup_py'
[0.382s] Level 1:colcon.colcon_core.package_identification:_identify(src/lqr_controller) by extensions ['ignore', 'ignore_ament_install']
[0.382s] Level 1:colcon.colcon_core.package_identification:_identify(src/lqr_controller) by extension 'ignore'
[0.382s] Level 1:colcon.colcon_core.package_identification:_identify(src/lqr_controller) by extension 'ignore_ament_install'
[0.382s] Level 1:colcon.colcon_core.package_identification:_identify(src/lqr_controller) by extensions ['colcon_pkg']
[0.382s] Level 1:colcon.colcon_core.package_identification:_identify(src/lqr_controller) by extension 'colcon_pkg'
[0.382s] Level 1:colcon.colcon_core.package_identification:_identify(src/lqr_controller) by extensions ['colcon_meta']
[0.382s] Level 1:colcon.colcon_core.package_identification:_identify(src/lqr_controller) by extension 'colcon_meta'
[0.382s] Level 1:colcon.colcon_core.package_identification:_identify(src/lqr_controller) by extensions ['ros']
[0.382s] Level 1:colcon.colcon_core.package_identification:_identify(src/lqr_controller) by extension 'ros'
[0.384s] DEBUG:colcon.colcon_core.package_identification:Package 'src/lqr_controller' with type 'ros.ament_cmake' and name 'lqr_controller'
[0.384s] Level 1:colcon.colcon_core.package_identification:_identify(src/robot_description_pkg) by extensions ['ignore', 'ignore_ament_install']
[0.384s] Level 1:colcon.colcon_core.package_identification:_identify(src/robot_description_pkg) by extension 'ignore'
[0.385s] Level 1:colcon.colcon_core.package_identification:_identify(src/robot_description_pkg) by extension 'ignore_ament_install'
[0.385s] Level 1:colcon.colcon_core.package_identification:_identify(src/robot_description_pkg) by extensions ['colcon_pkg']
[0.385s] Level 1:colcon.colcon_core.package_identification:_identify(src/robot_description_pkg) by extension 'colcon_pkg'
[0.385s] Level 1:colcon.colcon_core.package_identification:_identify(src/robot_description_pkg) by extensions ['colcon_meta']
[0.385s] Level 1:colcon.colcon_core.package_identification:_identify(src/robot_description_pkg) by extension 'colcon_meta'
[0.385s] Level 1:colcon.colcon_core.package_identification:_identify(src/robot_description_pkg) by extensions ['ros']
[0.385s] Level 1:colcon.colcon_core.package_identification:_identify(src/robot_description_pkg) by extension 'ros'
[0.385s] DEBUG:colcon.colcon_core.package_identification:Package 'src/robot_description_pkg' with type 'ros.ament_cmake' and name 'robot_description_pkg'
[0.385s] Level 1:colcon.colcon_core.package_identification:_identify(src/robot_state_pub_interface) by extensions ['ignore', 'ignore_ament_install']
[0.385s] Level 1:colcon.colcon_core.package_identification:_identify(src/robot_state_pub_interface) by extension 'ignore'
[0.385s] Level 1:colcon.colcon_core.package_identification:_identify(src/robot_state_pub_interface) by extension 'ignore_ament_install'
[0.385s] Level 1:colcon.colcon_core.package_identification:_identify(src/robot_state_pub_interface) by extensions ['colcon_pkg']
[0.385s] Level 1:colcon.colcon_core.package_identification:_identify(src/robot_state_pub_interface) by extension 'colcon_pkg'
[0.385s] Level 1:colcon.colcon_core.package_identification:_identify(src/robot_state_pub_interface) by extensions ['colcon_meta']
[0.385s] Level 1:colcon.colcon_core.package_identification:_identify(src/robot_state_pub_interface) by extension 'colcon_meta'
[0.385s] Level 1:colcon.colcon_core.package_identification:_identify(src/robot_state_pub_interface) by extensions ['ros']
[0.385s] Level 1:colcon.colcon_core.package_identification:_identify(src/robot_state_pub_interface) by extension 'ros'
[0.386s] DEBUG:colcon.colcon_core.package_identification:Package 'src/robot_state_pub_interface' with type 'ros.ament_cmake' and name 'robot_state_pub_interface'
[0.386s] Level 1:colcon.colcon_core.package_discovery:discover_packages(recursive) using defaults
[0.386s] Level 1:colcon.colcon_core.package_discovery:discover_packages(ignore) discover
[0.386s] Level 1:colcon.colcon_core.package_discovery:discover_packages(ignore) using defaults
[0.386s] Level 1:colcon.colcon_core.package_discovery:discover_packages(path) discover
[0.386s] Level 1:colcon.colcon_core.package_discovery:discover_packages(path) using defaults
[0.424s] Level 1:colcon.colcon_core.package_discovery:discover_packages(prefix_path) check parameters
[0.424s] Level 1:colcon.colcon_core.package_discovery:discover_packages(prefix_path) discover
[0.427s] DEBUG:colcon.colcon_installed_package_information.package_discovery:Found 322 installed packages in /opt/ros/humble
[0.428s] Level 1:colcon.colcon_core.package_discovery:discover_packages(prefix_path) using defaults
[0.500s] Level 5:colcon.colcon_core.verb:set package 'robot_state_pub_interface' build argument 'cmake_args' from command line to 'None'
[0.500s] Level 5:colcon.colcon_core.verb:set package 'robot_state_pub_interface' build argument 'cmake_target' from command line to 'None'
[0.500s] Level 5:colcon.colcon_core.verb:set package 'robot_state_pub_interface' build argument 'cmake_target_skip_unavailable' from command line to 'False'
[0.500s] Level 5:colcon.colcon_core.verb:set package 'robot_state_pub_interface' build argument 'cmake_clean_cache' from command line to 'False'
[0.500s] Level 5:colcon.colcon_core.verb:set package 'robot_state_pub_interface' build argument 'cmake_clean_first' from command line to 'False'
[0.500s] Level 5:colcon.colcon_core.verb:set package 'robot_state_pub_interface' build argument 'cmake_force_configure' from command line to 'False'
[0.500s] Level 5:colcon.colcon_core.verb:set package 'robot_state_pub_interface' build argument 'ament_cmake_args' from command line to 'None'
[0.500s] Level 5:colcon.colcon_core.verb:set package 'robot_state_pub_interface' build argument 'catkin_cmake_args' from command line to 'None'
[0.500s] Level 5:colcon.colcon_core.verb:set package 'robot_state_pub_interface' build argument 'catkin_skip_building_tests' from command line to 'False'
[0.500s] DEBUG:colcon.colcon_core.verb:Building package 'robot_state_pub_interface' with the following arguments: {'ament_cmake_args': None, 'build_base': '/home/lzy/ros2/ros2_study/build/robot_state_pub_interface', 'catkin_cmake_args': None, 'catkin_skip_building_tests': False, 'cmake_args': None, 'cmake_clean_cache': False, 'cmake_clean_first': False, 'cmake_force_configure': False, 'cmake_target': None, 'cmake_target_skip_unavailable': False, 'install_base': '/home/lzy/ros2/ros2_study/install/robot_state_pub_interface', 'merge_install': False, 'path': '/home/lzy/ros2/ros2_study/src/robot_state_pub_interface', 'symlink_install': False, 'test_result_base': None}
[0.500s] Level 5:colcon.colcon_core.verb:set package 'lqr_controller' build argument 'cmake_args' from command line to 'None'
[0.500s] Level 5:colcon.colcon_core.verb:set package 'lqr_controller' build argument 'cmake_target' from command line to 'None'
[0.500s] Level 5:colcon.colcon_core.verb:set package 'lqr_controller' build argument 'cmake_target_skip_unavailable' from command line to 'False'
[0.500s] Level 5:colcon.colcon_core.verb:set package 'lqr_controller' build argument 'cmake_clean_cache' from command line to 'False'
[0.500s] Level 5:colcon.colcon_core.verb:set package 'lqr_controller' build argument 'cmake_clean_first' from command line to 'False'
[0.500s] Level 5:colcon.colcon_core.verb:set package 'lqr_controller' build argument 'cmake_force_configure' from command line to 'False'
[0.500s] Level 5:colcon.colcon_core.verb:set package 'lqr_controller' build argument 'ament_cmake_args' from command line to 'None'
[0.500s] Level 5:colcon.colcon_core.verb:set package 'lqr_controller' build argument 'catkin_cmake_args' from command line to 'None'
[0.500s] Level 5:colcon.colcon_core.verb:set package 'lqr_controller' build argument 'catkin_skip_building_tests' from command line to 'False'
[0.500s] DEBUG:colcon.colcon_core.verb:Building package 'lqr_controller' with the following arguments: {'ament_cmake_args': None, 'build_base': '/home/lzy/ros2/ros2_study/build/lqr_controller', 'catkin_cmake_args': None, 'catkin_skip_building_tests': False, 'cmake_args': None, 'cmake_clean_cache': False, 'cmake_clean_first': False, 'cmake_force_configure': False, 'cmake_target': None, 'cmake_target_skip_unavailable': False, 'install_base': '/home/lzy/ros2/ros2_study/install/lqr_controller', 'merge_install': False, 'path': '/home/lzy/ros2/ros2_study/src/lqr_controller', 'symlink_install': False, 'test_result_base': None}
[0.500s] Level 5:colcon.colcon_core.verb:set package 'robot_description_pkg' build argument 'cmake_args' from command line to 'None'
[0.500s] Level 5:colcon.colcon_core.verb:set package 'robot_description_pkg' build argument 'cmake_target' from command line to 'None'
[0.500s] Level 5:colcon.colcon_core.verb:set package 'robot_description_pkg' build argument 'cmake_target_skip_unavailable' from command line to 'False'
[0.500s] Level 5:colcon.colcon_core.verb:set package 'robot_description_pkg' build argument 'cmake_clean_cache' from command line to 'False'
[0.500s] Level 5:colcon.colcon_core.verb:set package 'robot_description_pkg' build argument 'cmake_clean_first' from command line to 'False'
[0.500s] Level 5:colcon.colcon_core.verb:set package 'robot_description_pkg' build argument 'cmake_force_configure' from command line to 'False'
[0.500s] Level 5:colcon.colcon_core.verb:set package 'robot_description_pkg' build argument 'ament_cmake_args' from command line to 'None'
[0.500s] Level 5:colcon.colcon_core.verb:set package 'robot_description_pkg' build argument 'catkin_cmake_args' from command line to 'None'
[0.500s] Level 5:colcon.colcon_core.verb:set package 'robot_description_pkg' build argument 'catkin_skip_building_tests' from command line to 'False'
[0.500s] DEBUG:colcon.colcon_core.verb:Building package 'robot_description_pkg' with the following arguments: {'ament_cmake_args': None, 'build_base': '/home/lzy/ros2/ros2_study/build/robot_description_pkg', 'catkin_cmake_args': None, 'catkin_skip_building_tests': False, 'cmake_args': None, 'cmake_clean_cache': False, 'cmake_clean_first': False, 'cmake_force_configure': False, 'cmake_target': None, 'cmake_target_skip_unavailable': False, 'install_base': '/home/lzy/ros2/ros2_study/install/robot_description_pkg', 'merge_install': False, 'path': '/home/lzy/ros2/ros2_study/src/robot_description_pkg', 'symlink_install': False, 'test_result_base': None}
[0.500s] INFO:colcon.colcon_core.executor:Executing jobs using 'parallel' executor
[0.502s] DEBUG:colcon.colcon_parallel_executor.executor.parallel:run_until_complete
[0.502s] INFO:colcon.colcon_ros.task.ament_cmake.build:Building ROS package in '/home/lzy/ros2/ros2_study/src/robot_state_pub_interface' with build type 'ament_cmake'
[0.502s] INFO:colcon.colcon_cmake.task.cmake.build:Building CMake package in '/home/lzy/ros2/ros2_study/src/robot_state_pub_interface'
[0.506s] INFO:colcon.colcon_core.plugin_system:Skipping extension 'colcon_core.shell.bat': Not used on non-Windows systems
[0.506s] INFO:colcon.colcon_core.shell:Skip shell extension 'powershell' for command environment: Not usable outside of PowerShell
[0.506s] DEBUG:colcon.colcon_core.shell:Skip shell extension 'dsv' for command environment
[0.516s] DEBUG:colcon.colcon_core.event_handler.log_command:Invoking command in '/home/lzy/ros2/ros2_study/build/robot_state_pub_interface': CMAKE_PREFIX_PATH=/opt/ros/humble /usr/bin/cmake --build /home/lzy/ros2/ros2_study/build/robot_state_pub_interface -- -j4 -l4
[0.769s] DEBUG:colcon.colcon_core.event_handler.log_command:Invoked command in '/home/lzy/ros2/ros2_study/build/robot_state_pub_interface' returned '0': CMAKE_PREFIX_PATH=/opt/ros/humble /usr/bin/cmake --build /home/lzy/ros2/ros2_study/build/robot_state_pub_interface -- -j4 -l4
[0.779s] DEBUG:colcon.colcon_core.event_handler.log_command:Invoking command in '/home/lzy/ros2/ros2_study/build/robot_state_pub_interface': CMAKE_PREFIX_PATH=/opt/ros/humble /usr/bin/cmake --install /home/lzy/ros2/ros2_study/build/robot_state_pub_interface
[0.818s] Level 1:colcon.colcon_core.environment:create_environment_scripts_only(robot_state_pub_interface)
[0.819s] DEBUG:colcon.colcon_core.event_handler.log_command:Invoked command in '/home/lzy/ros2/ros2_study/build/robot_state_pub_interface' returned '0': CMAKE_PREFIX_PATH=/opt/ros/humble /usr/bin/cmake --install /home/lzy/ros2/ros2_study/build/robot_state_pub_interface
[0.823s] Level 1:colcon.colcon_core.environment:checking '/home/lzy/ros2/ros2_study/install/robot_state_pub_interface' for CMake module files
[0.823s] Level 1:colcon.colcon_core.environment:checking '/home/lzy/ros2/ros2_study/install/robot_state_pub_interface' for CMake config files
[0.823s] Level 1:colcon.colcon_core.shell:create_environment_hook('robot_state_pub_interface', 'cmake_prefix_path')
[0.823s] INFO:colcon.colcon_core.shell:Creating environment hook '/home/lzy/ros2/ros2_study/install/robot_state_pub_interface/share/robot_state_pub_interface/hook/cmake_prefix_path.ps1'
[0.824s] INFO:colcon.colcon_core.shell:Creating environment descriptor '/home/lzy/ros2/ros2_study/install/robot_state_pub_interface/share/robot_state_pub_interface/hook/cmake_prefix_path.dsv'
[0.824s] INFO:colcon.colcon_core.shell:Creating environment hook '/home/lzy/ros2/ros2_study/install/robot_state_pub_interface/share/robot_state_pub_interface/hook/cmake_prefix_path.sh'
[0.825s] Level 1:colcon.colcon_core.environment:checking '/home/lzy/ros2/ros2_study/install/robot_state_pub_interface/lib'
[0.825s] Level 1:colcon.colcon_core.shell:create_environment_hook('robot_state_pub_interface', 'ld_library_path_lib')
[0.825s] INFO:colcon.colcon_core.shell:Creating environment hook '/home/lzy/ros2/ros2_study/install/robot_state_pub_interface/share/robot_state_pub_interface/hook/ld_library_path_lib.ps1'
[0.825s] INFO:colcon.colcon_core.shell:Creating environment descriptor '/home/lzy/ros2/ros2_study/install/robot_state_pub_interface/share/robot_state_pub_interface/hook/ld_library_path_lib.dsv'
[0.826s] INFO:colcon.colcon_core.shell:Creating environment hook '/home/lzy/ros2/ros2_study/install/robot_state_pub_interface/share/robot_state_pub_interface/hook/ld_library_path_lib.sh'
[0.826s] Level 1:colcon.colcon_core.environment:checking '/home/lzy/ros2/ros2_study/install/robot_state_pub_interface/bin'
[0.826s] Level 1:colcon.colcon_core.environment:checking '/home/lzy/ros2/ros2_study/install/robot_state_pub_interface/lib/pkgconfig/robot_state_pub_interface.pc'
[0.826s] Level 1:colcon.colcon_core.environment:checking '/home/lzy/ros2/ros2_study/install/robot_state_pub_interface/lib/python3.10/site-packages'
[0.826s] Level 1:colcon.colcon_core.environment:checking '/home/lzy/ros2/ros2_study/install/robot_state_pub_interface/bin'
[0.826s] INFO:colcon.colcon_core.shell:Creating package script '/home/lzy/ros2/ros2_study/install/robot_state_pub_interface/share/robot_state_pub_interface/package.ps1'
[0.827s] INFO:colcon.colcon_core.shell:Creating package descriptor '/home/lzy/ros2/ros2_study/install/robot_state_pub_interface/share/robot_state_pub_interface/package.dsv'
[0.827s] INFO:colcon.colcon_core.shell:Creating package script '/home/lzy/ros2/ros2_study/install/robot_state_pub_interface/share/robot_state_pub_interface/package.sh'
[0.828s] INFO:colcon.colcon_core.shell:Creating package script '/home/lzy/ros2/ros2_study/install/robot_state_pub_interface/share/robot_state_pub_interface/package.bash'
[0.828s] INFO:colcon.colcon_core.shell:Creating package script '/home/lzy/ros2/ros2_study/install/robot_state_pub_interface/share/robot_state_pub_interface/package.zsh'
[0.829s] Level 1:colcon.colcon_core.environment:create_file_with_runtime_dependencies(/home/lzy/ros2/ros2_study/install/robot_state_pub_interface/share/colcon-core/packages/robot_state_pub_interface)
[0.829s] Level 1:colcon.colcon_core.environment:create_environment_scripts_only(robot_state_pub_interface)
[0.829s] Level 1:colcon.colcon_core.environment:checking '/home/lzy/ros2/ros2_study/install/robot_state_pub_interface' for CMake module files
[0.830s] Level 1:colcon.colcon_core.environment:checking '/home/lzy/ros2/ros2_study/install/robot_state_pub_interface' for CMake config files
[0.830s] Level 1:colcon.colcon_core.shell:create_environment_hook('robot_state_pub_interface', 'cmake_prefix_path')
[0.830s] INFO:colcon.colcon_core.shell:Creating environment hook '/home/lzy/ros2/ros2_study/install/robot_state_pub_interface/share/robot_state_pub_interface/hook/cmake_prefix_path.ps1'
[0.830s] INFO:colcon.colcon_core.shell:Creating environment descriptor '/home/lzy/ros2/ros2_study/install/robot_state_pub_interface/share/robot_state_pub_interface/hook/cmake_prefix_path.dsv'
[0.830s] INFO:colcon.colcon_core.shell:Creating environment hook '/home/lzy/ros2/ros2_study/install/robot_state_pub_interface/share/robot_state_pub_interface/hook/cmake_prefix_path.sh'
[0.831s] Level 1:colcon.colcon_core.environment:checking '/home/lzy/ros2/ros2_study/install/robot_state_pub_interface/lib'
[0.831s] Level 1:colcon.colcon_core.shell:create_environment_hook('robot_state_pub_interface', 'ld_library_path_lib')
[0.831s] INFO:colcon.colcon_core.shell:Creating environment hook '/home/lzy/ros2/ros2_study/install/robot_state_pub_interface/share/robot_state_pub_interface/hook/ld_library_path_lib.ps1'
[0.831s] INFO:colcon.colcon_core.shell:Creating environment descriptor '/home/lzy/ros2/ros2_study/install/robot_state_pub_interface/share/robot_state_pub_interface/hook/ld_library_path_lib.dsv'
[0.831s] INFO:colcon.colcon_core.shell:Creating environment hook '/home/lzy/ros2/ros2_study/install/robot_state_pub_interface/share/robot_state_pub_interface/hook/ld_library_path_lib.sh'
[0.832s] Level 1:colcon.colcon_core.environment:checking '/home/lzy/ros2/ros2_study/install/robot_state_pub_interface/bin'
[0.832s] Level 1:colcon.colcon_core.environment:checking '/home/lzy/ros2/ros2_study/install/robot_state_pub_interface/lib/pkgconfig/robot_state_pub_interface.pc'
[0.832s] Level 1:colcon.colcon_core.environment:checking '/home/lzy/ros2/ros2_study/install/robot_state_pub_interface/lib/python3.10/site-packages'
[0.832s] Level 1:colcon.colcon_core.environment:checking '/home/lzy/ros2/ros2_study/install/robot_state_pub_interface/bin'
[0.832s] INFO:colcon.colcon_core.shell:Creating package script '/home/lzy/ros2/ros2_study/install/robot_state_pub_interface/share/robot_state_pub_interface/package.ps1'
[0.833s] INFO:colcon.colcon_core.shell:Creating package descriptor '/home/lzy/ros2/ros2_study/install/robot_state_pub_interface/share/robot_state_pub_interface/package.dsv'
[0.833s] INFO:colcon.colcon_core.shell:Creating package script '/home/lzy/ros2/ros2_study/install/robot_state_pub_interface/share/robot_state_pub_interface/package.sh'
[0.833s] INFO:colcon.colcon_core.shell:Creating package script '/home/lzy/ros2/ros2_study/install/robot_state_pub_interface/share/robot_state_pub_interface/package.bash'
[0.834s] INFO:colcon.colcon_core.shell:Creating package script '/home/lzy/ros2/ros2_study/install/robot_state_pub_interface/share/robot_state_pub_interface/package.zsh'
[0.834s] Level 1:colcon.colcon_core.environment:create_file_with_runtime_dependencies(/home/lzy/ros2/ros2_study/install/robot_state_pub_interface/share/colcon-core/packages/robot_state_pub_interface)
[0.834s] INFO:colcon.colcon_ros.task.ament_cmake.build:Building ROS package in '/home/lzy/ros2/ros2_study/src/lqr_controller' with build type 'ament_cmake'
[0.834s] INFO:colcon.colcon_cmake.task.cmake.build:Building CMake package in '/home/lzy/ros2/ros2_study/src/lqr_controller'
[0.834s] INFO:colcon.colcon_core.shell:Skip shell extension 'powershell' for command environment: Not usable outside of PowerShell
[0.834s] DEBUG:colcon.colcon_core.shell:Skip shell extension 'dsv' for command environment
[0.845s] DEBUG:colcon.colcon_core.event_handler.log_command:Invoking command in '/home/lzy/ros2/ros2_study/build/lqr_controller': AMENT_PREFIX_PATH=/home/lzy/ros2/ros2_study/install/robot_state_pub_interface:${AMENT_PREFIX_PATH} CMAKE_PREFIX_PATH=/home/lzy/ros2/ros2_study/install/robot_state_pub_interface:/opt/ros/humble LD_LIBRARY_PATH=/home/lzy/ros2/ros2_study/install/robot_state_pub_interface/lib:${LD_LIBRARY_PATH} PYTHONPATH=/home/lzy/ros2/ros2_study/install/robot_state_pub_interface/local/lib/python3.10/dist-packages:${PYTHONPATH} /usr/bin/cmake --build /home/lzy/ros2/ros2_study/build/lqr_controller -- -j4 -l4
[14.782s] DEBUG:colcon.colcon_core.event_handler.log_command:Invoked command in '/home/lzy/ros2/ros2_study/build/lqr_controller' returned '0': AMENT_PREFIX_PATH=/home/lzy/ros2/ros2_study/install/robot_state_pub_interface:${AMENT_PREFIX_PATH} CMAKE_PREFIX_PATH=/home/lzy/ros2/ros2_study/install/robot_state_pub_interface:/opt/ros/humble LD_LIBRARY_PATH=/home/lzy/ros2/ros2_study/install/robot_state_pub_interface/lib:${LD_LIBRARY_PATH} PYTHONPATH=/home/lzy/ros2/ros2_study/install/robot_state_pub_interface/local/lib/python3.10/dist-packages:${PYTHONPATH} /usr/bin/cmake --build /home/lzy/ros2/ros2_study/build/lqr_controller -- -j4 -l4
[14.828s] DEBUG:colcon.colcon_core.event_handler.log_command:Invoking command in '/home/lzy/ros2/ros2_study/build/lqr_controller': AMENT_PREFIX_PATH=/home/lzy/ros2/ros2_study/install/robot_state_pub_interface:${AMENT_PREFIX_PATH} CMAKE_PREFIX_PATH=/home/lzy/ros2/ros2_study/install/robot_state_pub_interface:/opt/ros/humble LD_LIBRARY_PATH=/home/lzy/ros2/ros2_study/install/robot_state_pub_interface/lib:${LD_LIBRARY_PATH} PYTHONPATH=/home/lzy/ros2/ros2_study/install/robot_state_pub_interface/local/lib/python3.10/dist-packages:${PYTHONPATH} /usr/bin/cmake --install /home/lzy/ros2/ros2_study/build/lqr_controller
[14.854s] Level 1:colcon.colcon_core.environment:create_environment_scripts_only(lqr_controller)
[14.860s] DEBUG:colcon.colcon_core.event_handler.log_command:Invoked command in '/home/lzy/ros2/ros2_study/build/lqr_controller' returned '0': AMENT_PREFIX_PATH=/home/lzy/ros2/ros2_study/install/robot_state_pub_interface:${AMENT_PREFIX_PATH} CMAKE_PREFIX_PATH=/home/lzy/ros2/ros2_study/install/robot_state_pub_interface:/opt/ros/humble LD_LIBRARY_PATH=/home/lzy/ros2/ros2_study/install/robot_state_pub_interface/lib:${LD_LIBRARY_PATH} PYTHONPATH=/home/lzy/ros2/ros2_study/install/robot_state_pub_interface/local/lib/python3.10/dist-packages:${PYTHONPATH} /usr/bin/cmake --install /home/lzy/ros2/ros2_study/build/lqr_controller
[14.867s] Level 1:colcon.colcon_core.environment:checking '/home/lzy/ros2/ros2_study/install/lqr_controller' for CMake module files
[14.868s] Level 1:colcon.colcon_core.environment:checking '/home/lzy/ros2/ros2_study/install/lqr_controller' for CMake config files
[14.872s] Level 1:colcon.colcon_core.shell:create_environment_hook('lqr_controller', 'cmake_prefix_path')
[14.874s] INFO:colcon.colcon_core.shell:Creating environment hook '/home/lzy/ros2/ros2_study/install/lqr_controller/share/lqr_controller/hook/cmake_prefix_path.ps1'
[14.887s] INFO:colcon.colcon_core.shell:Creating environment descriptor '/home/lzy/ros2/ros2_study/install/lqr_controller/share/lqr_controller/hook/cmake_prefix_path.dsv'
[14.889s] INFO:colcon.colcon_core.shell:Creating environment hook '/home/lzy/ros2/ros2_study/install/lqr_controller/share/lqr_controller/hook/cmake_prefix_path.sh'
[14.894s] Level 1:colcon.colcon_core.environment:checking '/home/lzy/ros2/ros2_study/install/lqr_controller/lib'
[14.895s] Level 1:colcon.colcon_core.shell:create_environment_hook('lqr_controller', 'ld_library_path_lib')
[14.896s] INFO:colcon.colcon_core.shell:Creating environment hook '/home/lzy/ros2/ros2_study/install/lqr_controller/share/lqr_controller/hook/ld_library_path_lib.ps1'
[14.897s] INFO:colcon.colcon_core.shell:Creating environment descriptor '/home/lzy/ros2/ros2_study/install/lqr_controller/share/lqr_controller/hook/ld_library_path_lib.dsv'
[14.897s] INFO:colcon.colcon_core.shell:Creating environment hook '/home/lzy/ros2/ros2_study/install/lqr_controller/share/lqr_controller/hook/ld_library_path_lib.sh'
[14.897s] Level 1:colcon.colcon_core.environment:checking '/home/lzy/ros2/ros2_study/install/lqr_controller/bin'
[14.898s] Level 1:colcon.colcon_core.environment:checking '/home/lzy/ros2/ros2_study/install/lqr_controller/lib/pkgconfig/lqr_controller.pc'
[14.904s] Level 1:colcon.colcon_core.environment:checking '/home/lzy/ros2/ros2_study/install/lqr_controller/lib/python3.10/site-packages'
[14.904s] Level 1:colcon.colcon_core.environment:checking '/home/lzy/ros2/ros2_study/install/lqr_controller/bin'
[14.905s] INFO:colcon.colcon_core.shell:Creating package script '/home/lzy/ros2/ros2_study/install/lqr_controller/share/lqr_controller/package.ps1'
[14.906s] INFO:colcon.colcon_core.shell:Creating package descriptor '/home/lzy/ros2/ros2_study/install/lqr_controller/share/lqr_controller/package.dsv'
[14.907s] INFO:colcon.colcon_core.shell:Creating package script '/home/lzy/ros2/ros2_study/install/lqr_controller/share/lqr_controller/package.sh'
[14.908s] INFO:colcon.colcon_core.shell:Creating package script '/home/lzy/ros2/ros2_study/install/lqr_controller/share/lqr_controller/package.bash'
[14.909s] INFO:colcon.colcon_core.shell:Creating package script '/home/lzy/ros2/ros2_study/install/lqr_controller/share/lqr_controller/package.zsh'
[14.910s] Level 1:colcon.colcon_core.environment:create_file_with_runtime_dependencies(/home/lzy/ros2/ros2_study/install/lqr_controller/share/colcon-core/packages/lqr_controller)
[14.912s] Level 1:colcon.colcon_core.environment:create_environment_scripts_only(lqr_controller)
[14.913s] Level 1:colcon.colcon_core.environment:checking '/home/lzy/ros2/ros2_study/install/lqr_controller' for CMake module files
[14.913s] Level 1:colcon.colcon_core.environment:checking '/home/lzy/ros2/ros2_study/install/lqr_controller' for CMake config files
[14.913s] Level 1:colcon.colcon_core.shell:create_environment_hook('lqr_controller', 'cmake_prefix_path')
[14.914s] INFO:colcon.colcon_core.shell:Creating environment hook '/home/lzy/ros2/ros2_study/install/lqr_controller/share/lqr_controller/hook/cmake_prefix_path.ps1'
[14.914s] INFO:colcon.colcon_core.shell:Creating environment descriptor '/home/lzy/ros2/ros2_study/install/lqr_controller/share/lqr_controller/hook/cmake_prefix_path.dsv'
[14.914s] INFO:colcon.colcon_core.shell:Creating environment hook '/home/lzy/ros2/ros2_study/install/lqr_controller/share/lqr_controller/hook/cmake_prefix_path.sh'
[14.915s] Level 1:colcon.colcon_core.environment:checking '/home/lzy/ros2/ros2_study/install/lqr_controller/lib'
[14.915s] Level 1:colcon.colcon_core.shell:create_environment_hook('lqr_controller', 'ld_library_path_lib')
[14.915s] INFO:colcon.colcon_core.shell:Creating environment hook '/home/lzy/ros2/ros2_study/install/lqr_controller/share/lqr_controller/hook/ld_library_path_lib.ps1'
[14.916s] INFO:colcon.colcon_core.shell:Creating environment descriptor '/home/lzy/ros2/ros2_study/install/lqr_controller/share/lqr_controller/hook/ld_library_path_lib.dsv'
[14.916s] INFO:colcon.colcon_core.shell:Creating environment hook '/home/lzy/ros2/ros2_study/install/lqr_controller/share/lqr_controller/hook/ld_library_path_lib.sh'
[14.917s] Level 1:colcon.colcon_core.environment:checking '/home/lzy/ros2/ros2_study/install/lqr_controller/bin'
[14.917s] Level 1:colcon.colcon_core.environment:checking '/home/lzy/ros2/ros2_study/install/lqr_controller/lib/pkgconfig/lqr_controller.pc'
[14.917s] Level 1:colcon.colcon_core.environment:checking '/home/lzy/ros2/ros2_study/install/lqr_controller/lib/python3.10/site-packages'
[14.917s] Level 1:colcon.colcon_core.environment:checking '/home/lzy/ros2/ros2_study/install/lqr_controller/bin'
[14.917s] INFO:colcon.colcon_core.shell:Creating package script '/home/lzy/ros2/ros2_study/install/lqr_controller/share/lqr_controller/package.ps1'
[14.918s] INFO:colcon.colcon_core.shell:Creating package descriptor '/home/lzy/ros2/ros2_study/install/lqr_controller/share/lqr_controller/package.dsv'
[14.919s] INFO:colcon.colcon_core.shell:Creating package script '/home/lzy/ros2/ros2_study/install/lqr_controller/share/lqr_controller/package.sh'
[14.923s] INFO:colcon.colcon_core.shell:Creating package script '/home/lzy/ros2/ros2_study/install/lqr_controller/share/lqr_controller/package.bash'
[14.924s] INFO:colcon.colcon_core.shell:Creating package script '/home/lzy/ros2/ros2_study/install/lqr_controller/share/lqr_controller/package.zsh'
[14.924s] Level 1:colcon.colcon_core.environment:create_file_with_runtime_dependencies(/home/lzy/ros2/ros2_study/install/lqr_controller/share/colcon-core/packages/lqr_controller)
[14.928s] INFO:colcon.colcon_ros.task.ament_cmake.build:Building ROS package in '/home/lzy/ros2/ros2_study/src/robot_description_pkg' with build type 'ament_cmake'
[14.931s] INFO:colcon.colcon_cmake.task.cmake.build:Building CMake package in '/home/lzy/ros2/ros2_study/src/robot_description_pkg'
[14.931s] INFO:colcon.colcon_core.shell:Skip shell extension 'powershell' for command environment: Not usable outside of PowerShell
[14.931s] DEBUG:colcon.colcon_core.shell:Skip shell extension 'dsv' for command environment
[14.964s] DEBUG:colcon.colcon_core.event_handler.log_command:Invoking command in '/home/lzy/ros2/ros2_study/build/robot_description_pkg': AMENT_PREFIX_PATH=/home/lzy/ros2/ros2_study/install/lqr_controller:/home/lzy/ros2/ros2_study/install/robot_state_pub_interface:${AMENT_PREFIX_PATH} CMAKE_PREFIX_PATH=/home/lzy/ros2/ros2_study/install/lqr_controller:/home/lzy/ros2/ros2_study/install/robot_state_pub_interface:/opt/ros/humble LD_LIBRARY_PATH=/home/lzy/ros2/ros2_study/install/lqr_controller/lib:/home/lzy/ros2/ros2_study/install/robot_state_pub_interface/lib:${LD_LIBRARY_PATH} PYTHONPATH=/home/lzy/ros2/ros2_study/install/robot_state_pub_interface/local/lib/python3.10/dist-packages:${PYTHONPATH} /usr/bin/cmake --build /home/lzy/ros2/ros2_study/build/robot_description_pkg -- -j4 -l4
[15.008s] DEBUG:colcon.colcon_core.event_handler.log_command:Invoked command in '/home/lzy/ros2/ros2_study/build/robot_description_pkg' returned '0': AMENT_PREFIX_PATH=/home/lzy/ros2/ros2_study/install/lqr_controller:/home/lzy/ros2/ros2_study/install/robot_state_pub_interface:${AMENT_PREFIX_PATH} CMAKE_PREFIX_PATH=/home/lzy/ros2/ros2_study/install/lqr_controller:/home/lzy/ros2/ros2_study/install/robot_state_pub_interface:/opt/ros/humble LD_LIBRARY_PATH=/home/lzy/ros2/ros2_study/install/lqr_controller/lib:/home/lzy/ros2/ros2_study/install/robot_state_pub_interface/lib:${LD_LIBRARY_PATH} PYTHONPATH=/home/lzy/ros2/ros2_study/install/robot_state_pub_interface/local/lib/python3.10/dist-packages:${PYTHONPATH} /usr/bin/cmake --build /home/lzy/ros2/ros2_study/build/robot_description_pkg -- -j4 -l4
[15.009s] DEBUG:colcon.colcon_core.event_handler.log_command:Invoking command in '/home/lzy/ros2/ros2_study/build/robot_description_pkg': AMENT_PREFIX_PATH=/home/lzy/ros2/ros2_study/install/lqr_controller:/home/lzy/ros2/ros2_study/install/robot_state_pub_interface:${AMENT_PREFIX_PATH} CMAKE_PREFIX_PATH=/home/lzy/ros2/ros2_study/install/lqr_controller:/home/lzy/ros2/ros2_study/install/robot_state_pub_interface:/opt/ros/humble LD_LIBRARY_PATH=/home/lzy/ros2/ros2_study/install/lqr_controller/lib:/home/lzy/ros2/ros2_study/install/robot_state_pub_interface/lib:${LD_LIBRARY_PATH} PYTHONPATH=/home/lzy/ros2/ros2_study/install/robot_state_pub_interface/local/lib/python3.10/dist-packages:${PYTHONPATH} /usr/bin/cmake --install /home/lzy/ros2/ros2_study/build/robot_description_pkg
[15.021s] Level 1:colcon.colcon_core.environment:create_environment_scripts_only(robot_description_pkg)
[15.022s] Level 1:colcon.colcon_core.environment:checking '/home/lzy/ros2/ros2_study/install/robot_description_pkg' for CMake module files
[15.022s] DEBUG:colcon.colcon_core.event_handler.log_command:Invoked command in '/home/lzy/ros2/ros2_study/build/robot_description_pkg' returned '0': AMENT_PREFIX_PATH=/home/lzy/ros2/ros2_study/install/lqr_controller:/home/lzy/ros2/ros2_study/install/robot_state_pub_interface:${AMENT_PREFIX_PATH} CMAKE_PREFIX_PATH=/home/lzy/ros2/ros2_study/install/lqr_controller:/home/lzy/ros2/ros2_study/install/robot_state_pub_interface:/opt/ros/humble LD_LIBRARY_PATH=/home/lzy/ros2/ros2_study/install/lqr_controller/lib:/home/lzy/ros2/ros2_study/install/robot_state_pub_interface/lib:${LD_LIBRARY_PATH} PYTHONPATH=/home/lzy/ros2/ros2_study/install/robot_state_pub_interface/local/lib/python3.10/dist-packages:${PYTHONPATH} /usr/bin/cmake --install /home/lzy/ros2/ros2_study/build/robot_description_pkg
[15.023s] Level 1:colcon.colcon_core.environment:checking '/home/lzy/ros2/ros2_study/install/robot_description_pkg' for CMake config files
[15.026s] Level 1:colcon.colcon_core.shell:create_environment_hook('robot_description_pkg', 'cmake_prefix_path')
[15.027s] INFO:colcon.colcon_core.shell:Creating environment hook '/home/lzy/ros2/ros2_study/install/robot_description_pkg/share/robot_description_pkg/hook/cmake_prefix_path.ps1'
[15.028s] INFO:colcon.colcon_core.shell:Creating environment descriptor '/home/lzy/ros2/ros2_study/install/robot_description_pkg/share/robot_description_pkg/hook/cmake_prefix_path.dsv'
[15.028s] INFO:colcon.colcon_core.shell:Creating environment hook '/home/lzy/ros2/ros2_study/install/robot_description_pkg/share/robot_description_pkg/hook/cmake_prefix_path.sh'
[15.028s] Level 1:colcon.colcon_core.environment:checking '/home/lzy/ros2/ros2_study/install/robot_description_pkg/bin'
[15.028s] Level 1:colcon.colcon_core.environment:checking '/home/lzy/ros2/ros2_study/install/robot_description_pkg/lib/pkgconfig/robot_description_pkg.pc'
[15.029s] Level 1:colcon.colcon_core.environment:checking '/home/lzy/ros2/ros2_study/install/robot_description_pkg/lib/python3.10/site-packages'
[15.029s] Level 1:colcon.colcon_core.environment:checking '/home/lzy/ros2/ros2_study/install/robot_description_pkg/bin'
[15.029s] INFO:colcon.colcon_core.shell:Creating package script '/home/lzy/ros2/ros2_study/install/robot_description_pkg/share/robot_description_pkg/package.ps1'
[15.030s] INFO:colcon.colcon_core.shell:Creating package descriptor '/home/lzy/ros2/ros2_study/install/robot_description_pkg/share/robot_description_pkg/package.dsv'
[15.030s] INFO:colcon.colcon_core.shell:Creating package script '/home/lzy/ros2/ros2_study/install/robot_description_pkg/share/robot_description_pkg/package.sh'
[15.030s] INFO:colcon.colcon_core.shell:Creating package script '/home/lzy/ros2/ros2_study/install/robot_description_pkg/share/robot_description_pkg/package.bash'
[15.030s] INFO:colcon.colcon_core.shell:Creating package script '/home/lzy/ros2/ros2_study/install/robot_description_pkg/share/robot_description_pkg/package.zsh'
[15.031s] Level 1:colcon.colcon_core.environment:create_file_with_runtime_dependencies(/home/lzy/ros2/ros2_study/install/robot_description_pkg/share/colcon-core/packages/robot_description_pkg)
[15.032s] Level 1:colcon.colcon_core.environment:create_environment_scripts_only(robot_description_pkg)
[15.032s] Level 1:colcon.colcon_core.environment:checking '/home/lzy/ros2/ros2_study/install/robot_description_pkg' for CMake module files
[15.032s] Level 1:colcon.colcon_core.environment:checking '/home/lzy/ros2/ros2_study/install/robot_description_pkg' for CMake config files
[15.032s] Level 1:colcon.colcon_core.shell:create_environment_hook('robot_description_pkg', 'cmake_prefix_path')
[15.033s] INFO:colcon.colcon_core.shell:Creating environment hook '/home/lzy/ros2/ros2_study/install/robot_description_pkg/share/robot_description_pkg/hook/cmake_prefix_path.ps1'
[15.033s] INFO:colcon.colcon_core.shell:Creating environment descriptor '/home/lzy/ros2/ros2_study/install/robot_description_pkg/share/robot_description_pkg/hook/cmake_prefix_path.dsv'
[15.033s] INFO:colcon.colcon_core.shell:Creating environment hook '/home/lzy/ros2/ros2_study/install/robot_description_pkg/share/robot_description_pkg/hook/cmake_prefix_path.sh'
[15.034s] Level 1:colcon.colcon_core.environment:checking '/home/lzy/ros2/ros2_study/install/robot_description_pkg/bin'
[15.034s] Level 1:colcon.colcon_core.environment:checking '/home/lzy/ros2/ros2_study/install/robot_description_pkg/lib/pkgconfig/robot_description_pkg.pc'
[15.034s] Level 1:colcon.colcon_core.environment:checking '/home/lzy/ros2/ros2_study/install/robot_description_pkg/lib/python3.10/site-packages'
[15.034s] Level 1:colcon.colcon_core.environment:checking '/home/lzy/ros2/ros2_study/install/robot_description_pkg/bin'
[15.034s] INFO:colcon.colcon_core.shell:Creating package script '/home/lzy/ros2/ros2_study/install/robot_description_pkg/share/robot_description_pkg/package.ps1'
[15.035s] INFO:colcon.colcon_core.shell:Creating package descriptor '/home/lzy/ros2/ros2_study/install/robot_description_pkg/share/robot_description_pkg/package.dsv'
[15.035s] INFO:colcon.colcon_core.shell:Creating package script '/home/lzy/ros2/ros2_study/install/robot_description_pkg/share/robot_description_pkg/package.sh'
[15.035s] INFO:colcon.colcon_core.shell:Creating package script '/home/lzy/ros2/ros2_study/install/robot_description_pkg/share/robot_description_pkg/package.bash'
[15.036s] INFO:colcon.colcon_core.shell:Creating package script '/home/lzy/ros2/ros2_study/install/robot_description_pkg/share/robot_description_pkg/package.zsh'
[15.036s] Level 1:colcon.colcon_core.environment:create_file_with_runtime_dependencies(/home/lzy/ros2/ros2_study/install/robot_description_pkg/share/colcon-core/packages/robot_description_pkg)
[15.038s] DEBUG:colcon.colcon_parallel_executor.executor.parallel:closing loop
[15.040s] DEBUG:colcon.colcon_parallel_executor.executor.parallel:loop closed
[15.041s] DEBUG:colcon.colcon_parallel_executor.executor.parallel:run_until_complete finished with '0'
[15.042s] DEBUG:colcon.colcon_core.event_reactor:joining thread
[15.083s] INFO:colcon.colcon_core.plugin_system:Skipping extension 'colcon_notification.desktop_notification.terminal_notifier': Not used on non-Darwin systems
[15.083s] INFO:colcon.colcon_core.plugin_system:Skipping extension 'colcon_notification.desktop_notification.win32': Not used on non-Windows systems
[15.084s] INFO:colcon.colcon_notification.desktop_notification:Sending desktop notification using 'notify2'
[15.320s] DEBUG:colcon.colcon_core.event_reactor:joined thread
[15.322s] INFO:colcon.colcon_core.shell:Creating prefix script '/home/lzy/ros2/ros2_study/install/local_setup.ps1'
[15.325s] INFO:colcon.colcon_core.shell:Creating prefix util module '/home/lzy/ros2/ros2_study/install/_local_setup_util_ps1.py'
[15.327s] INFO:colcon.colcon_core.shell:Creating prefix chain script '/home/lzy/ros2/ros2_study/install/setup.ps1'
[15.328s] INFO:colcon.colcon_core.shell:Creating prefix script '/home/lzy/ros2/ros2_study/install/local_setup.sh'
[15.330s] INFO:colcon.colcon_core.shell:Creating prefix util module '/home/lzy/ros2/ros2_study/install/_local_setup_util_sh.py'
[15.331s] INFO:colcon.colcon_core.shell:Creating prefix chain script '/home/lzy/ros2/ros2_study/install/setup.sh'
[15.333s] INFO:colcon.colcon_core.shell:Creating prefix script '/home/lzy/ros2/ros2_study/install/local_setup.bash'
[15.334s] INFO:colcon.colcon_core.shell:Creating prefix chain script '/home/lzy/ros2/ros2_study/install/setup.bash'
[15.335s] INFO:colcon.colcon_core.shell:Creating prefix script '/home/lzy/ros2/ros2_study/install/local_setup.zsh'
[15.336s] INFO:colcon.colcon_core.shell:Creating prefix chain script '/home/lzy/ros2/ros2_study/install/setup.zsh'
